<?xml version="1.0" encoding="UTF-8"?>
<testsuites name="jest tests" tests="225" failures="33" errors="0" time="43.068">
  <testsuite name="PropOllamaUnified E2E" errors="0" failures="10" skipped="0" timestamp="2025-08-09T20:42:37" time="2.022" tests="10">
    <testcase classname="PropOllamaUnified E2E renders the component" name="PropOllamaUnified E2E renders the component" time="0.406">
      <failure>Jest encountered an unexpected token

Jest failed to parse a file. This happens e.g. when your code or its dependencies use non-standard JavaScript syntax, or when Jest is not configured to support such syntax.

Out of the box Jest supports Babel, which will be used to transform your files into valid JS based on your Babel configuration.

By default &quot;node_modules&quot; folder is ignored by transformers.

Here&apos;s what you can do:
 • If you are trying to use ECMAScript Modules, see https://jestjs.io/docs/ecmascript-modules for how to enable it.
 • If you are trying to use TypeScript, see https://jestjs.io/docs/getting-started#using-typescript
 • To have some of your &quot;node_modules&quot; files transformed, you can specify a custom &quot;transformIgnorePatterns&quot; in your config.
 • If you need a custom transformation, specify a &quot;transform&quot; option in your config.
 • If you simply want to mock your non-JS modules (e.g. binary assets) you can stub them out with the &quot;moduleNameMapper&quot; config option.

You&apos;ll find more details and examples of these config options in the docs:
https://jestjs.io/docs/configuration
For information about custom transformations, see:
https://jestjs.io/docs/code-transformation

Details:

C:\Users\bcmad\Downloads\A1Betting7-13.2\frontend\src\contexts\WebSocketContext.tsx:83
    var wsEnabled = import.meta.env.VITE_WEBSOCKET_ENABLED === &apos;true&apos;;
                           ^^^^

SyntaxError: Cannot use &apos;import.meta&apos; outside a module
    at internalCompileFunction (node:internal/vm:137:18)
    at compileFunction (node:vm:365:10)
    at Runtime.createScriptFromCode (C:\Users\bcmad\Downloads\A1Betting7-13.2\frontend\node_modules\jest-runtime\build\index.js:1316:40)
    at Runtime._execModule (C:\Users\bcmad\Downloads\A1Betting7-13.2\frontend\node_modules\jest-runtime\build\index.js:1242:35)
    at Runtime._loadModule (C:\Users\bcmad\Downloads\A1Betting7-13.2\frontend\node_modules\jest-runtime\build\index.js:942:12)
    at Runtime.requireModule (C:\Users\bcmad\Downloads\A1Betting7-13.2\frontend\node_modules\jest-runtime\build\index.js:830:12)
    at Runtime.requireModuleOrMock (C:\Users\bcmad\Downloads\A1Betting7-13.2\frontend\node_modules\jest-runtime\build\index.js:962:21)
    at require (C:\Users\bcmad\Downloads\A1Betting7-13.2\frontend\src\__tests__\components\PropOllamaUnified.e2e.test.tsx:137:34)
    at Object.Component [as react_stack_bottom_frame] (C:\Users\bcmad\Downloads\A1Betting7-13.2\frontend\node_modules\react-dom\cjs\react-dom-client.development.js:23863:20)
    at callComponentInDEV (C:\Users\bcmad\Downloads\A1Betting7-13.2\frontend\node_modules\react-dom\cjs\react-dom-client.development.js:5529:22)
    at renderWithHooks (C:\Users\bcmad\Downloads\A1Betting7-13.2\frontend\node_modules\react-dom\cjs\react-dom-client.development.js:8897:19)
    at updateFunctionComponent (C:\Users\bcmad\Downloads\A1Betting7-13.2\frontend\node_modules\react-dom\cjs\react-dom-client.development.js:10522:18)
    at callback (C:\Users\bcmad\Downloads\A1Betting7-13.2\frontend\node_modules\react-dom\cjs\react-dom-client.development.js:1522:13)
    at runWithFiberInDEV (C:\Users\bcmad\Downloads\A1Betting7-13.2\frontend\node_modules\react-dom\cjs\react-dom-client.development.js:15140:22)
    at performUnitOfWork (C:\Users\bcmad\Downloads\A1Betting7-13.2\frontend\node_modules\react-dom\cjs\react-dom-client.development.js:14956:41)
    at workLoopSync (C:\Users\bcmad\Downloads\A1Betting7-13.2\frontend\node_modules\react-dom\cjs\react-dom-client.development.js:14936:11)
    at renderRootSync (C:\Users\bcmad\Downloads\A1Betting7-13.2\frontend\node_modules\react-dom\cjs\react-dom-client.development.js:14462:44)
    at performWorkOnRoot (C:\Users\bcmad\Downloads\A1Betting7-13.2\frontend\node_modules\react-dom\cjs\react-dom-client.development.js:16216:7)
    at callback (C:\Users\bcmad\Downloads\A1Betting7-13.2\frontend\node_modules\react\cjs\react.development.js:566:34)
    at flushActQueue (C:\Users\bcmad\Downloads\A1Betting7-13.2\frontend\node_modules\react\cjs\react.development.js:860:10)
    at actImplementation (C:\Users\bcmad\Downloads\A1Betting7-13.2\frontend\node_modules\@testing-library\react\dist\act-compat.js:47:25)
    at renderRoot (C:\Users\bcmad\Downloads\A1Betting7-13.2\frontend\node_modules\@testing-library\react\dist\pure.js:190:25)
    at renderRoot (C:\Users\bcmad\Downloads\A1Betting7-13.2\frontend\node_modules\@testing-library\react\dist\pure.js:292:10)
    at C:\Users\bcmad\Downloads\A1Betting7-13.2\frontend\src\__tests__\components\PropOllamaUnified.e2e.test.tsx:254:11
    at Generator.call (C:\Users\bcmad\Downloads\A1Betting7-13.2\frontend\src\__tests__\components\PropOllamaUnified.e2e.test.tsx:2:1)
    at Generator._invoke [as next] (C:\Users\bcmad\Downloads\A1Betting7-13.2\frontend\src\__tests__\components\PropOllamaUnified.e2e.test.tsx:2:1)
    at asyncGeneratorStep (C:\Users\bcmad\Downloads\A1Betting7-13.2\frontend\src\__tests__\components\PropOllamaUnified.e2e.test.tsx:2:1)
    at asyncGeneratorStep (C:\Users\bcmad\Downloads\A1Betting7-13.2\frontend\src\__tests__\components\PropOllamaUnified.e2e.test.tsx:2:1)
    at _next (C:\Users\bcmad\Downloads\A1Betting7-13.2\frontend\src\__tests__\components\PropOllamaUnified.e2e.test.tsx:2:1)
    at new Promise (&lt;anonymous&gt;)
    at Object.&lt;anonymous&gt; (C:\Users\bcmad\Downloads\A1Betting7-13.2\frontend\src\__tests__\components\PropOllamaUnified.e2e.test.tsx:2:1)
    at Promise.finally.completed (C:\Users\bcmad\Downloads\A1Betting7-13.2\frontend\node_modules\jest-circus\build\jestAdapterInit.js:1559:28)
    at new Promise (&lt;anonymous&gt;)
    at callAsyncCircusFn (C:\Users\bcmad\Downloads\A1Betting7-13.2\frontend\node_modules\jest-circus\build\jestAdapterInit.js:1499:10)
    at _callCircusTest (C:\Users\bcmad\Downloads\A1Betting7-13.2\frontend\node_modules\jest-circus\build\jestAdapterInit.js:1009:40)
    at _runTest (C:\Users\bcmad\Downloads\A1Betting7-13.2\frontend\node_modules\jest-circus\build\jestAdapterInit.js:949:3)
    at _runTestsForDescribeBlock (C:\Users\bcmad\Downloads\A1Betting7-13.2\frontend\node_modules\jest-circus\build\jestAdapterInit.js:839:13)
    at _runTestsForDescribeBlock (C:\Users\bcmad\Downloads\A1Betting7-13.2\frontend\node_modules\jest-circus\build\jestAdapterInit.js:829:11)
    at run (C:\Users\bcmad\Downloads\A1Betting7-13.2\frontend\node_modules\jest-circus\build\jestAdapterInit.js:757:3)
    at runAndTransformResultsToJestFormat (C:\Users\bcmad\Downloads\A1Betting7-13.2\frontend\node_modules\jest-circus\build\jestAdapterInit.js:1920:21)
    at jestAdapter (C:\Users\bcmad\Downloads\A1Betting7-13.2\frontend\node_modules\jest-circus\build\runner.js:101:19)
    at runTestInternal (C:\Users\bcmad\Downloads\A1Betting7-13.2\frontend\node_modules\jest-runner\build\index.js:275:16)
    at runTest (C:\Users\bcmad\Downloads\A1Betting7-13.2\frontend\node_modules\jest-runner\build\index.js:343:7)</failure>
    </testcase>
    <testcase classname="PropOllamaUnified E2E simple prop card render test" name="PropOllamaUnified E2E simple prop card render test" time="0.013">
      <failure>Jest encountered an unexpected token

Jest failed to parse a file. This happens e.g. when your code or its dependencies use non-standard JavaScript syntax, or when Jest is not configured to support such syntax.

Out of the box Jest supports Babel, which will be used to transform your files into valid JS based on your Babel configuration.

By default &quot;node_modules&quot; folder is ignored by transformers.

Here&apos;s what you can do:
 • If you are trying to use ECMAScript Modules, see https://jestjs.io/docs/ecmascript-modules for how to enable it.
 • If you are trying to use TypeScript, see https://jestjs.io/docs/getting-started#using-typescript
 • To have some of your &quot;node_modules&quot; files transformed, you can specify a custom &quot;transformIgnorePatterns&quot; in your config.
 • If you need a custom transformation, specify a &quot;transform&quot; option in your config.
 • If you simply want to mock your non-JS modules (e.g. binary assets) you can stub them out with the &quot;moduleNameMapper&quot; config option.

You&apos;ll find more details and examples of these config options in the docs:
https://jestjs.io/docs/configuration
For information about custom transformations, see:
https://jestjs.io/docs/code-transformation

Details:

C:\Users\bcmad\Downloads\A1Betting7-13.2\frontend\src\contexts\WebSocketContext.tsx:83
    var wsEnabled = import.meta.env.VITE_WEBSOCKET_ENABLED === &apos;true&apos;;
                           ^^^^

SyntaxError: Cannot use &apos;import.meta&apos; outside a module
    at internalCompileFunction (node:internal/vm:137:18)
    at compileFunction (node:vm:365:10)
    at Runtime.createScriptFromCode (C:\Users\bcmad\Downloads\A1Betting7-13.2\frontend\node_modules\jest-runtime\build\index.js:1316:40)
    at Runtime._execModule (C:\Users\bcmad\Downloads\A1Betting7-13.2\frontend\node_modules\jest-runtime\build\index.js:1242:35)
    at Runtime._loadModule (C:\Users\bcmad\Downloads\A1Betting7-13.2\frontend\node_modules\jest-runtime\build\index.js:942:12)
    at Runtime.requireModule (C:\Users\bcmad\Downloads\A1Betting7-13.2\frontend\node_modules\jest-runtime\build\index.js:830:12)
    at Runtime.requireModuleOrMock (C:\Users\bcmad\Downloads\A1Betting7-13.2\frontend\node_modules\jest-runtime\build\index.js:962:21)
    at require (C:\Users\bcmad\Downloads\A1Betting7-13.2\frontend\src\__tests__\components\PropOllamaUnified.e2e.test.tsx:137:34)
    at Object.Component [as react_stack_bottom_frame] (C:\Users\bcmad\Downloads\A1Betting7-13.2\frontend\node_modules\react-dom\cjs\react-dom-client.development.js:23863:20)
    at callComponentInDEV (C:\Users\bcmad\Downloads\A1Betting7-13.2\frontend\node_modules\react-dom\cjs\react-dom-client.development.js:5529:22)
    at renderWithHooks (C:\Users\bcmad\Downloads\A1Betting7-13.2\frontend\node_modules\react-dom\cjs\react-dom-client.development.js:8897:19)
    at updateFunctionComponent (C:\Users\bcmad\Downloads\A1Betting7-13.2\frontend\node_modules\react-dom\cjs\react-dom-client.development.js:10522:18)
    at callback (C:\Users\bcmad\Downloads\A1Betting7-13.2\frontend\node_modules\react-dom\cjs\react-dom-client.development.js:1522:13)
    at runWithFiberInDEV (C:\Users\bcmad\Downloads\A1Betting7-13.2\frontend\node_modules\react-dom\cjs\react-dom-client.development.js:15140:22)
    at performUnitOfWork (C:\Users\bcmad\Downloads\A1Betting7-13.2\frontend\node_modules\react-dom\cjs\react-dom-client.development.js:14956:41)
    at workLoopSync (C:\Users\bcmad\Downloads\A1Betting7-13.2\frontend\node_modules\react-dom\cjs\react-dom-client.development.js:14936:11)
    at renderRootSync (C:\Users\bcmad\Downloads\A1Betting7-13.2\frontend\node_modules\react-dom\cjs\react-dom-client.development.js:14462:44)
    at performWorkOnRoot (C:\Users\bcmad\Downloads\A1Betting7-13.2\frontend\node_modules\react-dom\cjs\react-dom-client.development.js:16216:7)
    at callback (C:\Users\bcmad\Downloads\A1Betting7-13.2\frontend\node_modules\react\cjs\react.development.js:566:34)
    at flushActQueue (C:\Users\bcmad\Downloads\A1Betting7-13.2\frontend\node_modules\react\cjs\react.development.js:860:10)
    at actImplementation (C:\Users\bcmad\Downloads\A1Betting7-13.2\frontend\node_modules\@testing-library\react\dist\act-compat.js:47:25)
    at renderRoot (C:\Users\bcmad\Downloads\A1Betting7-13.2\frontend\node_modules\@testing-library\react\dist\pure.js:190:25)
    at renderRoot (C:\Users\bcmad\Downloads\A1Betting7-13.2\frontend\node_modules\@testing-library\react\dist\pure.js:292:10)
    at C:\Users\bcmad\Downloads\A1Betting7-13.2\frontend\src\__tests__\components\PropOllamaUnified.e2e.test.tsx:271:33
    at Generator.call (C:\Users\bcmad\Downloads\A1Betting7-13.2\frontend\src\__tests__\components\PropOllamaUnified.e2e.test.tsx:2:1)
    at Generator._invoke [as next] (C:\Users\bcmad\Downloads\A1Betting7-13.2\frontend\src\__tests__\components\PropOllamaUnified.e2e.test.tsx:2:1)
    at asyncGeneratorStep (C:\Users\bcmad\Downloads\A1Betting7-13.2\frontend\src\__tests__\components\PropOllamaUnified.e2e.test.tsx:2:1)
    at asyncGeneratorStep (C:\Users\bcmad\Downloads\A1Betting7-13.2\frontend\src\__tests__\components\PropOllamaUnified.e2e.test.tsx:2:1)
    at _next (C:\Users\bcmad\Downloads\A1Betting7-13.2\frontend\src\__tests__\components\PropOllamaUnified.e2e.test.tsx:2:1)
    at new Promise (&lt;anonymous&gt;)
    at Object.&lt;anonymous&gt; (C:\Users\bcmad\Downloads\A1Betting7-13.2\frontend\src\__tests__\components\PropOllamaUnified.e2e.test.tsx:2:1)
    at Promise.finally.completed (C:\Users\bcmad\Downloads\A1Betting7-13.2\frontend\node_modules\jest-circus\build\jestAdapterInit.js:1559:28)
    at new Promise (&lt;anonymous&gt;)
    at callAsyncCircusFn (C:\Users\bcmad\Downloads\A1Betting7-13.2\frontend\node_modules\jest-circus\build\jestAdapterInit.js:1499:10)
    at _callCircusTest (C:\Users\bcmad\Downloads\A1Betting7-13.2\frontend\node_modules\jest-circus\build\jestAdapterInit.js:1009:40)
    at _runTest (C:\Users\bcmad\Downloads\A1Betting7-13.2\frontend\node_modules\jest-circus\build\jestAdapterInit.js:949:3)
    at _runTestsForDescribeBlock (C:\Users\bcmad\Downloads\A1Betting7-13.2\frontend\node_modules\jest-circus\build\jestAdapterInit.js:839:13)
    at _runTestsForDescribeBlock (C:\Users\bcmad\Downloads\A1Betting7-13.2\frontend\node_modules\jest-circus\build\jestAdapterInit.js:829:11)
    at run (C:\Users\bcmad\Downloads\A1Betting7-13.2\frontend\node_modules\jest-circus\build\jestAdapterInit.js:757:3)
    at runAndTransformResultsToJestFormat (C:\Users\bcmad\Downloads\A1Betting7-13.2\frontend\node_modules\jest-circus\build\jestAdapterInit.js:1920:21)
    at jestAdapter (C:\Users\bcmad\Downloads\A1Betting7-13.2\frontend\node_modules\jest-circus\build\runner.js:101:19)
    at runTestInternal (C:\Users\bcmad\Downloads\A1Betting7-13.2\frontend\node_modules\jest-runner\build\index.js:275:16)
    at runTest (C:\Users\bcmad\Downloads\A1Betting7-13.2\frontend\node_modules\jest-runner\build\index.js:343:7)</failure>
    </testcase>
    <testcase classname="PropOllamaUnified E2E shows loading overlay while fetching analysis" name="PropOllamaUnified E2E shows loading overlay while fetching analysis" time="0.003">
      <failure>Jest encountered an unexpected token

Jest failed to parse a file. This happens e.g. when your code or its dependencies use non-standard JavaScript syntax, or when Jest is not configured to support such syntax.

Out of the box Jest supports Babel, which will be used to transform your files into valid JS based on your Babel configuration.

By default &quot;node_modules&quot; folder is ignored by transformers.

Here&apos;s what you can do:
 • If you are trying to use ECMAScript Modules, see https://jestjs.io/docs/ecmascript-modules for how to enable it.
 • If you are trying to use TypeScript, see https://jestjs.io/docs/getting-started#using-typescript
 • To have some of your &quot;node_modules&quot; files transformed, you can specify a custom &quot;transformIgnorePatterns&quot; in your config.
 • If you need a custom transformation, specify a &quot;transform&quot; option in your config.
 • If you simply want to mock your non-JS modules (e.g. binary assets) you can stub them out with the &quot;moduleNameMapper&quot; config option.

You&apos;ll find more details and examples of these config options in the docs:
https://jestjs.io/docs/configuration
For information about custom transformations, see:
https://jestjs.io/docs/code-transformation

Details:

C:\Users\bcmad\Downloads\A1Betting7-13.2\frontend\src\contexts\WebSocketContext.tsx:83
    var wsEnabled = import.meta.env.VITE_WEBSOCKET_ENABLED === &apos;true&apos;;
                           ^^^^

SyntaxError: Cannot use &apos;import.meta&apos; outside a module
    at internalCompileFunction (node:internal/vm:137:18)
    at compileFunction (node:vm:365:10)
    at Runtime.createScriptFromCode (C:\Users\bcmad\Downloads\A1Betting7-13.2\frontend\node_modules\jest-runtime\build\index.js:1316:40)
    at Runtime._execModule (C:\Users\bcmad\Downloads\A1Betting7-13.2\frontend\node_modules\jest-runtime\build\index.js:1242:35)
    at Runtime._loadModule (C:\Users\bcmad\Downloads\A1Betting7-13.2\frontend\node_modules\jest-runtime\build\index.js:942:12)
    at Runtime.requireModule (C:\Users\bcmad\Downloads\A1Betting7-13.2\frontend\node_modules\jest-runtime\build\index.js:830:12)
    at Runtime.requireModuleOrMock (C:\Users\bcmad\Downloads\A1Betting7-13.2\frontend\node_modules\jest-runtime\build\index.js:962:21)
    at require (C:\Users\bcmad\Downloads\A1Betting7-13.2\frontend\src\__tests__\components\PropOllamaUnified.e2e.test.tsx:137:34)
    at Object.Component [as react_stack_bottom_frame] (C:\Users\bcmad\Downloads\A1Betting7-13.2\frontend\node_modules\react-dom\cjs\react-dom-client.development.js:23863:20)
    at callComponentInDEV (C:\Users\bcmad\Downloads\A1Betting7-13.2\frontend\node_modules\react-dom\cjs\react-dom-client.development.js:5529:22)
    at renderWithHooks (C:\Users\bcmad\Downloads\A1Betting7-13.2\frontend\node_modules\react-dom\cjs\react-dom-client.development.js:8897:19)
    at updateFunctionComponent (C:\Users\bcmad\Downloads\A1Betting7-13.2\frontend\node_modules\react-dom\cjs\react-dom-client.development.js:10522:18)
    at callback (C:\Users\bcmad\Downloads\A1Betting7-13.2\frontend\node_modules\react-dom\cjs\react-dom-client.development.js:1522:13)
    at runWithFiberInDEV (C:\Users\bcmad\Downloads\A1Betting7-13.2\frontend\node_modules\react-dom\cjs\react-dom-client.development.js:15140:22)
    at performUnitOfWork (C:\Users\bcmad\Downloads\A1Betting7-13.2\frontend\node_modules\react-dom\cjs\react-dom-client.development.js:14956:41)
    at workLoopSync (C:\Users\bcmad\Downloads\A1Betting7-13.2\frontend\node_modules\react-dom\cjs\react-dom-client.development.js:14936:11)
    at renderRootSync (C:\Users\bcmad\Downloads\A1Betting7-13.2\frontend\node_modules\react-dom\cjs\react-dom-client.development.js:14462:44)
    at performWorkOnRoot (C:\Users\bcmad\Downloads\A1Betting7-13.2\frontend\node_modules\react-dom\cjs\react-dom-client.development.js:16216:7)
    at callback (C:\Users\bcmad\Downloads\A1Betting7-13.2\frontend\node_modules\react\cjs\react.development.js:566:34)
    at flushActQueue (C:\Users\bcmad\Downloads\A1Betting7-13.2\frontend\node_modules\react\cjs\react.development.js:860:10)
    at actImplementation (C:\Users\bcmad\Downloads\A1Betting7-13.2\frontend\node_modules\@testing-library\react\dist\act-compat.js:47:25)
    at renderRoot (C:\Users\bcmad\Downloads\A1Betting7-13.2\frontend\node_modules\@testing-library\react\dist\pure.js:190:25)
    at renderRoot (C:\Users\bcmad\Downloads\A1Betting7-13.2\frontend\node_modules\@testing-library\react\dist\pure.js:292:10)
    at C:\Users\bcmad\Downloads\A1Betting7-13.2\frontend\src\__tests__\components\PropOllamaUnified.e2e.test.tsx:351:11
    at Generator.call (C:\Users\bcmad\Downloads\A1Betting7-13.2\frontend\src\__tests__\components\PropOllamaUnified.e2e.test.tsx:2:1)
    at Generator._invoke [as next] (C:\Users\bcmad\Downloads\A1Betting7-13.2\frontend\src\__tests__\components\PropOllamaUnified.e2e.test.tsx:2:1)
    at asyncGeneratorStep (C:\Users\bcmad\Downloads\A1Betting7-13.2\frontend\src\__tests__\components\PropOllamaUnified.e2e.test.tsx:2:1)
    at asyncGeneratorStep (C:\Users\bcmad\Downloads\A1Betting7-13.2\frontend\src\__tests__\components\PropOllamaUnified.e2e.test.tsx:2:1)
    at _next (C:\Users\bcmad\Downloads\A1Betting7-13.2\frontend\src\__tests__\components\PropOllamaUnified.e2e.test.tsx:2:1)
    at new Promise (&lt;anonymous&gt;)
    at Object.&lt;anonymous&gt; (C:\Users\bcmad\Downloads\A1Betting7-13.2\frontend\src\__tests__\components\PropOllamaUnified.e2e.test.tsx:2:1)
    at Promise.finally.completed (C:\Users\bcmad\Downloads\A1Betting7-13.2\frontend\node_modules\jest-circus\build\jestAdapterInit.js:1559:28)
    at new Promise (&lt;anonymous&gt;)
    at callAsyncCircusFn (C:\Users\bcmad\Downloads\A1Betting7-13.2\frontend\node_modules\jest-circus\build\jestAdapterInit.js:1499:10)
    at _callCircusTest (C:\Users\bcmad\Downloads\A1Betting7-13.2\frontend\node_modules\jest-circus\build\jestAdapterInit.js:1009:40)
    at _runTest (C:\Users\bcmad\Downloads\A1Betting7-13.2\frontend\node_modules\jest-circus\build\jestAdapterInit.js:949:3)
    at _runTestsForDescribeBlock (C:\Users\bcmad\Downloads\A1Betting7-13.2\frontend\node_modules\jest-circus\build\jestAdapterInit.js:839:13)
    at _runTestsForDescribeBlock (C:\Users\bcmad\Downloads\A1Betting7-13.2\frontend\node_modules\jest-circus\build\jestAdapterInit.js:829:11)
    at run (C:\Users\bcmad\Downloads\A1Betting7-13.2\frontend\node_modules\jest-circus\build\jestAdapterInit.js:757:3)
    at runAndTransformResultsToJestFormat (C:\Users\bcmad\Downloads\A1Betting7-13.2\frontend\node_modules\jest-circus\build\jestAdapterInit.js:1920:21)
    at jestAdapter (C:\Users\bcmad\Downloads\A1Betting7-13.2\frontend\node_modules\jest-circus\build\runner.js:101:19)
    at runTestInternal (C:\Users\bcmad\Downloads\A1Betting7-13.2\frontend\node_modules\jest-runner\build\index.js:275:16)
    at runTest (C:\Users\bcmad\Downloads\A1Betting7-13.2\frontend\node_modules\jest-runner\build\index.js:343:7)</failure>
    </testcase>
    <testcase classname="PropOllamaUnified E2E handles error when fetching analysis" name="PropOllamaUnified E2E handles error when fetching analysis" time="0.003">
      <failure>Jest encountered an unexpected token

Jest failed to parse a file. This happens e.g. when your code or its dependencies use non-standard JavaScript syntax, or when Jest is not configured to support such syntax.

Out of the box Jest supports Babel, which will be used to transform your files into valid JS based on your Babel configuration.

By default &quot;node_modules&quot; folder is ignored by transformers.

Here&apos;s what you can do:
 • If you are trying to use ECMAScript Modules, see https://jestjs.io/docs/ecmascript-modules for how to enable it.
 • If you are trying to use TypeScript, see https://jestjs.io/docs/getting-started#using-typescript
 • To have some of your &quot;node_modules&quot; files transformed, you can specify a custom &quot;transformIgnorePatterns&quot; in your config.
 • If you need a custom transformation, specify a &quot;transform&quot; option in your config.
 • If you simply want to mock your non-JS modules (e.g. binary assets) you can stub them out with the &quot;moduleNameMapper&quot; config option.

You&apos;ll find more details and examples of these config options in the docs:
https://jestjs.io/docs/configuration
For information about custom transformations, see:
https://jestjs.io/docs/code-transformation

Details:

C:\Users\bcmad\Downloads\A1Betting7-13.2\frontend\src\contexts\WebSocketContext.tsx:83
    var wsEnabled = import.meta.env.VITE_WEBSOCKET_ENABLED === &apos;true&apos;;
                           ^^^^

SyntaxError: Cannot use &apos;import.meta&apos; outside a module
    at internalCompileFunction (node:internal/vm:137:18)
    at compileFunction (node:vm:365:10)
    at Runtime.createScriptFromCode (C:\Users\bcmad\Downloads\A1Betting7-13.2\frontend\node_modules\jest-runtime\build\index.js:1316:40)
    at Runtime._execModule (C:\Users\bcmad\Downloads\A1Betting7-13.2\frontend\node_modules\jest-runtime\build\index.js:1242:35)
    at Runtime._loadModule (C:\Users\bcmad\Downloads\A1Betting7-13.2\frontend\node_modules\jest-runtime\build\index.js:942:12)
    at Runtime.requireModule (C:\Users\bcmad\Downloads\A1Betting7-13.2\frontend\node_modules\jest-runtime\build\index.js:830:12)
    at Runtime.requireModuleOrMock (C:\Users\bcmad\Downloads\A1Betting7-13.2\frontend\node_modules\jest-runtime\build\index.js:962:21)
    at require (C:\Users\bcmad\Downloads\A1Betting7-13.2\frontend\src\__tests__\components\PropOllamaUnified.e2e.test.tsx:137:34)
    at Object.Component [as react_stack_bottom_frame] (C:\Users\bcmad\Downloads\A1Betting7-13.2\frontend\node_modules\react-dom\cjs\react-dom-client.development.js:23863:20)
    at callComponentInDEV (C:\Users\bcmad\Downloads\A1Betting7-13.2\frontend\node_modules\react-dom\cjs\react-dom-client.development.js:5529:22)
    at renderWithHooks (C:\Users\bcmad\Downloads\A1Betting7-13.2\frontend\node_modules\react-dom\cjs\react-dom-client.development.js:8897:19)
    at updateFunctionComponent (C:\Users\bcmad\Downloads\A1Betting7-13.2\frontend\node_modules\react-dom\cjs\react-dom-client.development.js:10522:18)
    at callback (C:\Users\bcmad\Downloads\A1Betting7-13.2\frontend\node_modules\react-dom\cjs\react-dom-client.development.js:1522:13)
    at runWithFiberInDEV (C:\Users\bcmad\Downloads\A1Betting7-13.2\frontend\node_modules\react-dom\cjs\react-dom-client.development.js:15140:22)
    at performUnitOfWork (C:\Users\bcmad\Downloads\A1Betting7-13.2\frontend\node_modules\react-dom\cjs\react-dom-client.development.js:14956:41)
    at workLoopSync (C:\Users\bcmad\Downloads\A1Betting7-13.2\frontend\node_modules\react-dom\cjs\react-dom-client.development.js:14936:11)
    at renderRootSync (C:\Users\bcmad\Downloads\A1Betting7-13.2\frontend\node_modules\react-dom\cjs\react-dom-client.development.js:14462:44)
    at performWorkOnRoot (C:\Users\bcmad\Downloads\A1Betting7-13.2\frontend\node_modules\react-dom\cjs\react-dom-client.development.js:16216:7)
    at callback (C:\Users\bcmad\Downloads\A1Betting7-13.2\frontend\node_modules\react\cjs\react.development.js:566:34)
    at flushActQueue (C:\Users\bcmad\Downloads\A1Betting7-13.2\frontend\node_modules\react\cjs\react.development.js:860:10)
    at actImplementation (C:\Users\bcmad\Downloads\A1Betting7-13.2\frontend\node_modules\@testing-library\react\dist\act-compat.js:47:25)
    at renderRoot (C:\Users\bcmad\Downloads\A1Betting7-13.2\frontend\node_modules\@testing-library\react\dist\pure.js:190:25)
    at renderRoot (C:\Users\bcmad\Downloads\A1Betting7-13.2\frontend\node_modules\@testing-library\react\dist\pure.js:292:10)
    at C:\Users\bcmad\Downloads\A1Betting7-13.2\frontend\src\__tests__\components\PropOllamaUnified.e2e.test.tsx:379:11
    at Generator.call (C:\Users\bcmad\Downloads\A1Betting7-13.2\frontend\src\__tests__\components\PropOllamaUnified.e2e.test.tsx:2:1)
    at Generator._invoke [as next] (C:\Users\bcmad\Downloads\A1Betting7-13.2\frontend\src\__tests__\components\PropOllamaUnified.e2e.test.tsx:2:1)
    at asyncGeneratorStep (C:\Users\bcmad\Downloads\A1Betting7-13.2\frontend\src\__tests__\components\PropOllamaUnified.e2e.test.tsx:2:1)
    at asyncGeneratorStep (C:\Users\bcmad\Downloads\A1Betting7-13.2\frontend\src\__tests__\components\PropOllamaUnified.e2e.test.tsx:2:1)
    at _next (C:\Users\bcmad\Downloads\A1Betting7-13.2\frontend\src\__tests__\components\PropOllamaUnified.e2e.test.tsx:2:1)
    at new Promise (&lt;anonymous&gt;)
    at Object.&lt;anonymous&gt; (C:\Users\bcmad\Downloads\A1Betting7-13.2\frontend\src\__tests__\components\PropOllamaUnified.e2e.test.tsx:2:1)
    at Promise.finally.completed (C:\Users\bcmad\Downloads\A1Betting7-13.2\frontend\node_modules\jest-circus\build\jestAdapterInit.js:1559:28)
    at new Promise (&lt;anonymous&gt;)
    at callAsyncCircusFn (C:\Users\bcmad\Downloads\A1Betting7-13.2\frontend\node_modules\jest-circus\build\jestAdapterInit.js:1499:10)
    at _callCircusTest (C:\Users\bcmad\Downloads\A1Betting7-13.2\frontend\node_modules\jest-circus\build\jestAdapterInit.js:1009:40)
    at _runTest (C:\Users\bcmad\Downloads\A1Betting7-13.2\frontend\node_modules\jest-circus\build\jestAdapterInit.js:949:3)
    at _runTestsForDescribeBlock (C:\Users\bcmad\Downloads\A1Betting7-13.2\frontend\node_modules\jest-circus\build\jestAdapterInit.js:839:13)
    at _runTestsForDescribeBlock (C:\Users\bcmad\Downloads\A1Betting7-13.2\frontend\node_modules\jest-circus\build\jestAdapterInit.js:829:11)
    at run (C:\Users\bcmad\Downloads\A1Betting7-13.2\frontend\node_modules\jest-circus\build\jestAdapterInit.js:757:3)
    at runAndTransformResultsToJestFormat (C:\Users\bcmad\Downloads\A1Betting7-13.2\frontend\node_modules\jest-circus\build\jestAdapterInit.js:1920:21)
    at jestAdapter (C:\Users\bcmad\Downloads\A1Betting7-13.2\frontend\node_modules\jest-circus\build\runner.js:101:19)
    at runTestInternal (C:\Users\bcmad\Downloads\A1Betting7-13.2\frontend\node_modules\jest-runner\build\index.js:275:16)
    at runTest (C:\Users\bcmad\Downloads\A1Betting7-13.2\frontend\node_modules\jest-runner\build\index.js:343:7)</failure>
    </testcase>
    <testcase classname="PropOllamaUnified E2E shows fallback content when LLM is unavailable" name="PropOllamaUnified E2E shows fallback content when LLM is unavailable" time="0.003">
      <failure>Jest encountered an unexpected token

Jest failed to parse a file. This happens e.g. when your code or its dependencies use non-standard JavaScript syntax, or when Jest is not configured to support such syntax.

Out of the box Jest supports Babel, which will be used to transform your files into valid JS based on your Babel configuration.

By default &quot;node_modules&quot; folder is ignored by transformers.

Here&apos;s what you can do:
 • If you are trying to use ECMAScript Modules, see https://jestjs.io/docs/ecmascript-modules for how to enable it.
 • If you are trying to use TypeScript, see https://jestjs.io/docs/getting-started#using-typescript
 • To have some of your &quot;node_modules&quot; files transformed, you can specify a custom &quot;transformIgnorePatterns&quot; in your config.
 • If you need a custom transformation, specify a &quot;transform&quot; option in your config.
 • If you simply want to mock your non-JS modules (e.g. binary assets) you can stub them out with the &quot;moduleNameMapper&quot; config option.

You&apos;ll find more details and examples of these config options in the docs:
https://jestjs.io/docs/configuration
For information about custom transformations, see:
https://jestjs.io/docs/code-transformation

Details:

C:\Users\bcmad\Downloads\A1Betting7-13.2\frontend\src\contexts\WebSocketContext.tsx:83
    var wsEnabled = import.meta.env.VITE_WEBSOCKET_ENABLED === &apos;true&apos;;
                           ^^^^

SyntaxError: Cannot use &apos;import.meta&apos; outside a module
    at internalCompileFunction (node:internal/vm:137:18)
    at compileFunction (node:vm:365:10)
    at Runtime.createScriptFromCode (C:\Users\bcmad\Downloads\A1Betting7-13.2\frontend\node_modules\jest-runtime\build\index.js:1316:40)
    at Runtime._execModule (C:\Users\bcmad\Downloads\A1Betting7-13.2\frontend\node_modules\jest-runtime\build\index.js:1242:35)
    at Runtime._loadModule (C:\Users\bcmad\Downloads\A1Betting7-13.2\frontend\node_modules\jest-runtime\build\index.js:942:12)
    at Runtime.requireModule (C:\Users\bcmad\Downloads\A1Betting7-13.2\frontend\node_modules\jest-runtime\build\index.js:830:12)
    at Runtime.requireModuleOrMock (C:\Users\bcmad\Downloads\A1Betting7-13.2\frontend\node_modules\jest-runtime\build\index.js:962:21)
    at require (C:\Users\bcmad\Downloads\A1Betting7-13.2\frontend\src\__tests__\components\PropOllamaUnified.e2e.test.tsx:137:34)
    at Object.Component [as react_stack_bottom_frame] (C:\Users\bcmad\Downloads\A1Betting7-13.2\frontend\node_modules\react-dom\cjs\react-dom-client.development.js:23863:20)
    at callComponentInDEV (C:\Users\bcmad\Downloads\A1Betting7-13.2\frontend\node_modules\react-dom\cjs\react-dom-client.development.js:5529:22)
    at renderWithHooks (C:\Users\bcmad\Downloads\A1Betting7-13.2\frontend\node_modules\react-dom\cjs\react-dom-client.development.js:8897:19)
    at updateFunctionComponent (C:\Users\bcmad\Downloads\A1Betting7-13.2\frontend\node_modules\react-dom\cjs\react-dom-client.development.js:10522:18)
    at callback (C:\Users\bcmad\Downloads\A1Betting7-13.2\frontend\node_modules\react-dom\cjs\react-dom-client.development.js:1522:13)
    at runWithFiberInDEV (C:\Users\bcmad\Downloads\A1Betting7-13.2\frontend\node_modules\react-dom\cjs\react-dom-client.development.js:15140:22)
    at performUnitOfWork (C:\Users\bcmad\Downloads\A1Betting7-13.2\frontend\node_modules\react-dom\cjs\react-dom-client.development.js:14956:41)
    at workLoopSync (C:\Users\bcmad\Downloads\A1Betting7-13.2\frontend\node_modules\react-dom\cjs\react-dom-client.development.js:14936:11)
    at renderRootSync (C:\Users\bcmad\Downloads\A1Betting7-13.2\frontend\node_modules\react-dom\cjs\react-dom-client.development.js:14462:44)
    at performWorkOnRoot (C:\Users\bcmad\Downloads\A1Betting7-13.2\frontend\node_modules\react-dom\cjs\react-dom-client.development.js:16216:7)
    at callback (C:\Users\bcmad\Downloads\A1Betting7-13.2\frontend\node_modules\react\cjs\react.development.js:566:34)
    at flushActQueue (C:\Users\bcmad\Downloads\A1Betting7-13.2\frontend\node_modules\react\cjs\react.development.js:860:10)
    at actImplementation (C:\Users\bcmad\Downloads\A1Betting7-13.2\frontend\node_modules\@testing-library\react\dist\act-compat.js:47:25)
    at renderRoot (C:\Users\bcmad\Downloads\A1Betting7-13.2\frontend\node_modules\@testing-library\react\dist\pure.js:190:25)
    at renderRoot (C:\Users\bcmad\Downloads\A1Betting7-13.2\frontend\node_modules\@testing-library\react\dist\pure.js:292:10)
    at C:\Users\bcmad\Downloads\A1Betting7-13.2\frontend\src\__tests__\components\PropOllamaUnified.e2e.test.tsx:422:11
    at Generator.call (C:\Users\bcmad\Downloads\A1Betting7-13.2\frontend\src\__tests__\components\PropOllamaUnified.e2e.test.tsx:2:1)
    at Generator._invoke [as next] (C:\Users\bcmad\Downloads\A1Betting7-13.2\frontend\src\__tests__\components\PropOllamaUnified.e2e.test.tsx:2:1)
    at asyncGeneratorStep (C:\Users\bcmad\Downloads\A1Betting7-13.2\frontend\src\__tests__\components\PropOllamaUnified.e2e.test.tsx:2:1)
    at asyncGeneratorStep (C:\Users\bcmad\Downloads\A1Betting7-13.2\frontend\src\__tests__\components\PropOllamaUnified.e2e.test.tsx:2:1)
    at _next (C:\Users\bcmad\Downloads\A1Betting7-13.2\frontend\src\__tests__\components\PropOllamaUnified.e2e.test.tsx:2:1)
    at new Promise (&lt;anonymous&gt;)
    at Object.&lt;anonymous&gt; (C:\Users\bcmad\Downloads\A1Betting7-13.2\frontend\src\__tests__\components\PropOllamaUnified.e2e.test.tsx:2:1)
    at Promise.finally.completed (C:\Users\bcmad\Downloads\A1Betting7-13.2\frontend\node_modules\jest-circus\build\jestAdapterInit.js:1559:28)
    at new Promise (&lt;anonymous&gt;)
    at callAsyncCircusFn (C:\Users\bcmad\Downloads\A1Betting7-13.2\frontend\node_modules\jest-circus\build\jestAdapterInit.js:1499:10)
    at _callCircusTest (C:\Users\bcmad\Downloads\A1Betting7-13.2\frontend\node_modules\jest-circus\build\jestAdapterInit.js:1009:40)
    at _runTest (C:\Users\bcmad\Downloads\A1Betting7-13.2\frontend\node_modules\jest-circus\build\jestAdapterInit.js:949:3)
    at _runTestsForDescribeBlock (C:\Users\bcmad\Downloads\A1Betting7-13.2\frontend\node_modules\jest-circus\build\jestAdapterInit.js:839:13)
    at _runTestsForDescribeBlock (C:\Users\bcmad\Downloads\A1Betting7-13.2\frontend\node_modules\jest-circus\build\jestAdapterInit.js:829:11)
    at run (C:\Users\bcmad\Downloads\A1Betting7-13.2\frontend\node_modules\jest-circus\build\jestAdapterInit.js:757:3)
    at runAndTransformResultsToJestFormat (C:\Users\bcmad\Downloads\A1Betting7-13.2\frontend\node_modules\jest-circus\build\jestAdapterInit.js:1920:21)
    at jestAdapter (C:\Users\bcmad\Downloads\A1Betting7-13.2\frontend\node_modules\jest-circus\build\runner.js:101:19)
    at runTestInternal (C:\Users\bcmad\Downloads\A1Betting7-13.2\frontend\node_modules\jest-runner\build\index.js:275:16)
    at runTest (C:\Users\bcmad\Downloads\A1Betting7-13.2\frontend\node_modules\jest-runner\build\index.js:343:7)</failure>
    </testcase>
    <testcase classname="PropOllamaUnified E2E shows stale content when refreshing in background" name="PropOllamaUnified E2E shows stale content when refreshing in background" time="0.002">
      <failure>Jest encountered an unexpected token

Jest failed to parse a file. This happens e.g. when your code or its dependencies use non-standard JavaScript syntax, or when Jest is not configured to support such syntax.

Out of the box Jest supports Babel, which will be used to transform your files into valid JS based on your Babel configuration.

By default &quot;node_modules&quot; folder is ignored by transformers.

Here&apos;s what you can do:
 • If you are trying to use ECMAScript Modules, see https://jestjs.io/docs/ecmascript-modules for how to enable it.
 • If you are trying to use TypeScript, see https://jestjs.io/docs/getting-started#using-typescript
 • To have some of your &quot;node_modules&quot; files transformed, you can specify a custom &quot;transformIgnorePatterns&quot; in your config.
 • If you need a custom transformation, specify a &quot;transform&quot; option in your config.
 • If you simply want to mock your non-JS modules (e.g. binary assets) you can stub them out with the &quot;moduleNameMapper&quot; config option.

You&apos;ll find more details and examples of these config options in the docs:
https://jestjs.io/docs/configuration
For information about custom transformations, see:
https://jestjs.io/docs/code-transformation

Details:

C:\Users\bcmad\Downloads\A1Betting7-13.2\frontend\src\contexts\WebSocketContext.tsx:83
    var wsEnabled = import.meta.env.VITE_WEBSOCKET_ENABLED === &apos;true&apos;;
                           ^^^^

SyntaxError: Cannot use &apos;import.meta&apos; outside a module
    at internalCompileFunction (node:internal/vm:137:18)
    at compileFunction (node:vm:365:10)
    at Runtime.createScriptFromCode (C:\Users\bcmad\Downloads\A1Betting7-13.2\frontend\node_modules\jest-runtime\build\index.js:1316:40)
    at Runtime._execModule (C:\Users\bcmad\Downloads\A1Betting7-13.2\frontend\node_modules\jest-runtime\build\index.js:1242:35)
    at Runtime._loadModule (C:\Users\bcmad\Downloads\A1Betting7-13.2\frontend\node_modules\jest-runtime\build\index.js:942:12)
    at Runtime.requireModule (C:\Users\bcmad\Downloads\A1Betting7-13.2\frontend\node_modules\jest-runtime\build\index.js:830:12)
    at Runtime.requireModuleOrMock (C:\Users\bcmad\Downloads\A1Betting7-13.2\frontend\node_modules\jest-runtime\build\index.js:962:21)
    at require (C:\Users\bcmad\Downloads\A1Betting7-13.2\frontend\src\__tests__\components\PropOllamaUnified.e2e.test.tsx:137:34)
    at Object.Component [as react_stack_bottom_frame] (C:\Users\bcmad\Downloads\A1Betting7-13.2\frontend\node_modules\react-dom\cjs\react-dom-client.development.js:23863:20)
    at callComponentInDEV (C:\Users\bcmad\Downloads\A1Betting7-13.2\frontend\node_modules\react-dom\cjs\react-dom-client.development.js:5529:22)
    at renderWithHooks (C:\Users\bcmad\Downloads\A1Betting7-13.2\frontend\node_modules\react-dom\cjs\react-dom-client.development.js:8897:19)
    at updateFunctionComponent (C:\Users\bcmad\Downloads\A1Betting7-13.2\frontend\node_modules\react-dom\cjs\react-dom-client.development.js:10522:18)
    at callback (C:\Users\bcmad\Downloads\A1Betting7-13.2\frontend\node_modules\react-dom\cjs\react-dom-client.development.js:1522:13)
    at runWithFiberInDEV (C:\Users\bcmad\Downloads\A1Betting7-13.2\frontend\node_modules\react-dom\cjs\react-dom-client.development.js:15140:22)
    at performUnitOfWork (C:\Users\bcmad\Downloads\A1Betting7-13.2\frontend\node_modules\react-dom\cjs\react-dom-client.development.js:14956:41)
    at workLoopSync (C:\Users\bcmad\Downloads\A1Betting7-13.2\frontend\node_modules\react-dom\cjs\react-dom-client.development.js:14936:11)
    at renderRootSync (C:\Users\bcmad\Downloads\A1Betting7-13.2\frontend\node_modules\react-dom\cjs\react-dom-client.development.js:14462:44)
    at performWorkOnRoot (C:\Users\bcmad\Downloads\A1Betting7-13.2\frontend\node_modules\react-dom\cjs\react-dom-client.development.js:16216:7)
    at callback (C:\Users\bcmad\Downloads\A1Betting7-13.2\frontend\node_modules\react\cjs\react.development.js:566:34)
    at flushActQueue (C:\Users\bcmad\Downloads\A1Betting7-13.2\frontend\node_modules\react\cjs\react.development.js:860:10)
    at actImplementation (C:\Users\bcmad\Downloads\A1Betting7-13.2\frontend\node_modules\@testing-library\react\dist\act-compat.js:47:25)
    at renderRoot (C:\Users\bcmad\Downloads\A1Betting7-13.2\frontend\node_modules\@testing-library\react\dist\pure.js:190:25)
    at renderRoot (C:\Users\bcmad\Downloads\A1Betting7-13.2\frontend\node_modules\@testing-library\react\dist\pure.js:292:10)
    at C:\Users\bcmad\Downloads\A1Betting7-13.2\frontend\src\__tests__\components\PropOllamaUnified.e2e.test.tsx:463:11
    at Generator.call (C:\Users\bcmad\Downloads\A1Betting7-13.2\frontend\src\__tests__\components\PropOllamaUnified.e2e.test.tsx:2:1)
    at Generator._invoke [as next] (C:\Users\bcmad\Downloads\A1Betting7-13.2\frontend\src\__tests__\components\PropOllamaUnified.e2e.test.tsx:2:1)
    at asyncGeneratorStep (C:\Users\bcmad\Downloads\A1Betting7-13.2\frontend\src\__tests__\components\PropOllamaUnified.e2e.test.tsx:2:1)
    at asyncGeneratorStep (C:\Users\bcmad\Downloads\A1Betting7-13.2\frontend\src\__tests__\components\PropOllamaUnified.e2e.test.tsx:2:1)
    at _next (C:\Users\bcmad\Downloads\A1Betting7-13.2\frontend\src\__tests__\components\PropOllamaUnified.e2e.test.tsx:2:1)
    at new Promise (&lt;anonymous&gt;)
    at Object.&lt;anonymous&gt; (C:\Users\bcmad\Downloads\A1Betting7-13.2\frontend\src\__tests__\components\PropOllamaUnified.e2e.test.tsx:2:1)
    at Promise.finally.completed (C:\Users\bcmad\Downloads\A1Betting7-13.2\frontend\node_modules\jest-circus\build\jestAdapterInit.js:1559:28)
    at new Promise (&lt;anonymous&gt;)
    at callAsyncCircusFn (C:\Users\bcmad\Downloads\A1Betting7-13.2\frontend\node_modules\jest-circus\build\jestAdapterInit.js:1499:10)
    at _callCircusTest (C:\Users\bcmad\Downloads\A1Betting7-13.2\frontend\node_modules\jest-circus\build\jestAdapterInit.js:1009:40)
    at _runTest (C:\Users\bcmad\Downloads\A1Betting7-13.2\frontend\node_modules\jest-circus\build\jestAdapterInit.js:949:3)
    at _runTestsForDescribeBlock (C:\Users\bcmad\Downloads\A1Betting7-13.2\frontend\node_modules\jest-circus\build\jestAdapterInit.js:839:13)
    at _runTestsForDescribeBlock (C:\Users\bcmad\Downloads\A1Betting7-13.2\frontend\node_modules\jest-circus\build\jestAdapterInit.js:829:11)
    at run (C:\Users\bcmad\Downloads\A1Betting7-13.2\frontend\node_modules\jest-circus\build\jestAdapterInit.js:757:3)
    at runAndTransformResultsToJestFormat (C:\Users\bcmad\Downloads\A1Betting7-13.2\frontend\node_modules\jest-circus\build\jestAdapterInit.js:1920:21)
    at jestAdapter (C:\Users\bcmad\Downloads\A1Betting7-13.2\frontend\node_modules\jest-circus\build\runner.js:101:19)
    at runTestInternal (C:\Users\bcmad\Downloads\A1Betting7-13.2\frontend\node_modules\jest-runner\build\index.js:275:16)
    at runTest (C:\Users\bcmad\Downloads\A1Betting7-13.2\frontend\node_modules\jest-runner\build\index.js:343:7)</failure>
    </testcase>
    <testcase classname="PropOllamaUnified E2E collapses expanded row when clicked again" name="PropOllamaUnified E2E collapses expanded row when clicked again" time="0.002">
      <failure>Jest encountered an unexpected token

Jest failed to parse a file. This happens e.g. when your code or its dependencies use non-standard JavaScript syntax, or when Jest is not configured to support such syntax.

Out of the box Jest supports Babel, which will be used to transform your files into valid JS based on your Babel configuration.

By default &quot;node_modules&quot; folder is ignored by transformers.

Here&apos;s what you can do:
 • If you are trying to use ECMAScript Modules, see https://jestjs.io/docs/ecmascript-modules for how to enable it.
 • If you are trying to use TypeScript, see https://jestjs.io/docs/getting-started#using-typescript
 • To have some of your &quot;node_modules&quot; files transformed, you can specify a custom &quot;transformIgnorePatterns&quot; in your config.
 • If you need a custom transformation, specify a &quot;transform&quot; option in your config.
 • If you simply want to mock your non-JS modules (e.g. binary assets) you can stub them out with the &quot;moduleNameMapper&quot; config option.

You&apos;ll find more details and examples of these config options in the docs:
https://jestjs.io/docs/configuration
For information about custom transformations, see:
https://jestjs.io/docs/code-transformation

Details:

C:\Users\bcmad\Downloads\A1Betting7-13.2\frontend\src\contexts\WebSocketContext.tsx:83
    var wsEnabled = import.meta.env.VITE_WEBSOCKET_ENABLED === &apos;true&apos;;
                           ^^^^

SyntaxError: Cannot use &apos;import.meta&apos; outside a module
    at internalCompileFunction (node:internal/vm:137:18)
    at compileFunction (node:vm:365:10)
    at Runtime.createScriptFromCode (C:\Users\bcmad\Downloads\A1Betting7-13.2\frontend\node_modules\jest-runtime\build\index.js:1316:40)
    at Runtime._execModule (C:\Users\bcmad\Downloads\A1Betting7-13.2\frontend\node_modules\jest-runtime\build\index.js:1242:35)
    at Runtime._loadModule (C:\Users\bcmad\Downloads\A1Betting7-13.2\frontend\node_modules\jest-runtime\build\index.js:942:12)
    at Runtime.requireModule (C:\Users\bcmad\Downloads\A1Betting7-13.2\frontend\node_modules\jest-runtime\build\index.js:830:12)
    at Runtime.requireModuleOrMock (C:\Users\bcmad\Downloads\A1Betting7-13.2\frontend\node_modules\jest-runtime\build\index.js:962:21)
    at require (C:\Users\bcmad\Downloads\A1Betting7-13.2\frontend\src\__tests__\components\PropOllamaUnified.e2e.test.tsx:137:34)
    at Object.Component [as react_stack_bottom_frame] (C:\Users\bcmad\Downloads\A1Betting7-13.2\frontend\node_modules\react-dom\cjs\react-dom-client.development.js:23863:20)
    at callComponentInDEV (C:\Users\bcmad\Downloads\A1Betting7-13.2\frontend\node_modules\react-dom\cjs\react-dom-client.development.js:5529:22)
    at renderWithHooks (C:\Users\bcmad\Downloads\A1Betting7-13.2\frontend\node_modules\react-dom\cjs\react-dom-client.development.js:8897:19)
    at updateFunctionComponent (C:\Users\bcmad\Downloads\A1Betting7-13.2\frontend\node_modules\react-dom\cjs\react-dom-client.development.js:10522:18)
    at callback (C:\Users\bcmad\Downloads\A1Betting7-13.2\frontend\node_modules\react-dom\cjs\react-dom-client.development.js:1522:13)
    at runWithFiberInDEV (C:\Users\bcmad\Downloads\A1Betting7-13.2\frontend\node_modules\react-dom\cjs\react-dom-client.development.js:15140:22)
    at performUnitOfWork (C:\Users\bcmad\Downloads\A1Betting7-13.2\frontend\node_modules\react-dom\cjs\react-dom-client.development.js:14956:41)
    at workLoopSync (C:\Users\bcmad\Downloads\A1Betting7-13.2\frontend\node_modules\react-dom\cjs\react-dom-client.development.js:14936:11)
    at renderRootSync (C:\Users\bcmad\Downloads\A1Betting7-13.2\frontend\node_modules\react-dom\cjs\react-dom-client.development.js:14462:44)
    at performWorkOnRoot (C:\Users\bcmad\Downloads\A1Betting7-13.2\frontend\node_modules\react-dom\cjs\react-dom-client.development.js:16216:7)
    at callback (C:\Users\bcmad\Downloads\A1Betting7-13.2\frontend\node_modules\react\cjs\react.development.js:566:34)
    at flushActQueue (C:\Users\bcmad\Downloads\A1Betting7-13.2\frontend\node_modules\react\cjs\react.development.js:860:10)
    at actImplementation (C:\Users\bcmad\Downloads\A1Betting7-13.2\frontend\node_modules\@testing-library\react\dist\act-compat.js:47:25)
    at renderRoot (C:\Users\bcmad\Downloads\A1Betting7-13.2\frontend\node_modules\@testing-library\react\dist\pure.js:190:25)
    at renderRoot (C:\Users\bcmad\Downloads\A1Betting7-13.2\frontend\node_modules\@testing-library\react\dist\pure.js:292:10)
    at C:\Users\bcmad\Downloads\A1Betting7-13.2\frontend\src\__tests__\components\PropOllamaUnified.e2e.test.tsx:490:11
    at Generator.call (C:\Users\bcmad\Downloads\A1Betting7-13.2\frontend\src\__tests__\components\PropOllamaUnified.e2e.test.tsx:2:1)
    at Generator._invoke [as next] (C:\Users\bcmad\Downloads\A1Betting7-13.2\frontend\src\__tests__\components\PropOllamaUnified.e2e.test.tsx:2:1)
    at asyncGeneratorStep (C:\Users\bcmad\Downloads\A1Betting7-13.2\frontend\src\__tests__\components\PropOllamaUnified.e2e.test.tsx:2:1)
    at asyncGeneratorStep (C:\Users\bcmad\Downloads\A1Betting7-13.2\frontend\src\__tests__\components\PropOllamaUnified.e2e.test.tsx:2:1)
    at _next (C:\Users\bcmad\Downloads\A1Betting7-13.2\frontend\src\__tests__\components\PropOllamaUnified.e2e.test.tsx:2:1)
    at new Promise (&lt;anonymous&gt;)
    at Object.&lt;anonymous&gt; (C:\Users\bcmad\Downloads\A1Betting7-13.2\frontend\src\__tests__\components\PropOllamaUnified.e2e.test.tsx:2:1)
    at Promise.finally.completed (C:\Users\bcmad\Downloads\A1Betting7-13.2\frontend\node_modules\jest-circus\build\jestAdapterInit.js:1559:28)
    at new Promise (&lt;anonymous&gt;)
    at callAsyncCircusFn (C:\Users\bcmad\Downloads\A1Betting7-13.2\frontend\node_modules\jest-circus\build\jestAdapterInit.js:1499:10)
    at _callCircusTest (C:\Users\bcmad\Downloads\A1Betting7-13.2\frontend\node_modules\jest-circus\build\jestAdapterInit.js:1009:40)
    at _runTest (C:\Users\bcmad\Downloads\A1Betting7-13.2\frontend\node_modules\jest-circus\build\jestAdapterInit.js:949:3)
    at _runTestsForDescribeBlock (C:\Users\bcmad\Downloads\A1Betting7-13.2\frontend\node_modules\jest-circus\build\jestAdapterInit.js:839:13)
    at _runTestsForDescribeBlock (C:\Users\bcmad\Downloads\A1Betting7-13.2\frontend\node_modules\jest-circus\build\jestAdapterInit.js:829:11)
    at run (C:\Users\bcmad\Downloads\A1Betting7-13.2\frontend\node_modules\jest-circus\build\jestAdapterInit.js:757:3)
    at runAndTransformResultsToJestFormat (C:\Users\bcmad\Downloads\A1Betting7-13.2\frontend\node_modules\jest-circus\build\jestAdapterInit.js:1920:21)
    at jestAdapter (C:\Users\bcmad\Downloads\A1Betting7-13.2\frontend\node_modules\jest-circus\build\runner.js:101:19)
    at runTestInternal (C:\Users\bcmad\Downloads\A1Betting7-13.2\frontend\node_modules\jest-runner\build\index.js:275:16)
    at runTest (C:\Users\bcmad\Downloads\A1Betting7-13.2\frontend\node_modules\jest-runner\build\index.js:343:7)</failure>
    </testcase>
    <testcase classname="PropOllamaUnified E2E shows empty state when no props are available" name="PropOllamaUnified E2E shows empty state when no props are available" time="0.002">
      <failure>Jest encountered an unexpected token

Jest failed to parse a file. This happens e.g. when your code or its dependencies use non-standard JavaScript syntax, or when Jest is not configured to support such syntax.

Out of the box Jest supports Babel, which will be used to transform your files into valid JS based on your Babel configuration.

By default &quot;node_modules&quot; folder is ignored by transformers.

Here&apos;s what you can do:
 • If you are trying to use ECMAScript Modules, see https://jestjs.io/docs/ecmascript-modules for how to enable it.
 • If you are trying to use TypeScript, see https://jestjs.io/docs/getting-started#using-typescript
 • To have some of your &quot;node_modules&quot; files transformed, you can specify a custom &quot;transformIgnorePatterns&quot; in your config.
 • If you need a custom transformation, specify a &quot;transform&quot; option in your config.
 • If you simply want to mock your non-JS modules (e.g. binary assets) you can stub them out with the &quot;moduleNameMapper&quot; config option.

You&apos;ll find more details and examples of these config options in the docs:
https://jestjs.io/docs/configuration
For information about custom transformations, see:
https://jestjs.io/docs/code-transformation

Details:

C:\Users\bcmad\Downloads\A1Betting7-13.2\frontend\src\contexts\WebSocketContext.tsx:83
    var wsEnabled = import.meta.env.VITE_WEBSOCKET_ENABLED === &apos;true&apos;;
                           ^^^^

SyntaxError: Cannot use &apos;import.meta&apos; outside a module
    at internalCompileFunction (node:internal/vm:137:18)
    at compileFunction (node:vm:365:10)
    at Runtime.createScriptFromCode (C:\Users\bcmad\Downloads\A1Betting7-13.2\frontend\node_modules\jest-runtime\build\index.js:1316:40)
    at Runtime._execModule (C:\Users\bcmad\Downloads\A1Betting7-13.2\frontend\node_modules\jest-runtime\build\index.js:1242:35)
    at Runtime._loadModule (C:\Users\bcmad\Downloads\A1Betting7-13.2\frontend\node_modules\jest-runtime\build\index.js:942:12)
    at Runtime.requireModule (C:\Users\bcmad\Downloads\A1Betting7-13.2\frontend\node_modules\jest-runtime\build\index.js:830:12)
    at Runtime.requireModuleOrMock (C:\Users\bcmad\Downloads\A1Betting7-13.2\frontend\node_modules\jest-runtime\build\index.js:962:21)
    at require (C:\Users\bcmad\Downloads\A1Betting7-13.2\frontend\src\__tests__\components\PropOllamaUnified.e2e.test.tsx:137:34)
    at Object.Component [as react_stack_bottom_frame] (C:\Users\bcmad\Downloads\A1Betting7-13.2\frontend\node_modules\react-dom\cjs\react-dom-client.development.js:23863:20)
    at callComponentInDEV (C:\Users\bcmad\Downloads\A1Betting7-13.2\frontend\node_modules\react-dom\cjs\react-dom-client.development.js:5529:22)
    at renderWithHooks (C:\Users\bcmad\Downloads\A1Betting7-13.2\frontend\node_modules\react-dom\cjs\react-dom-client.development.js:8897:19)
    at updateFunctionComponent (C:\Users\bcmad\Downloads\A1Betting7-13.2\frontend\node_modules\react-dom\cjs\react-dom-client.development.js:10522:18)
    at callback (C:\Users\bcmad\Downloads\A1Betting7-13.2\frontend\node_modules\react-dom\cjs\react-dom-client.development.js:1522:13)
    at runWithFiberInDEV (C:\Users\bcmad\Downloads\A1Betting7-13.2\frontend\node_modules\react-dom\cjs\react-dom-client.development.js:15140:22)
    at performUnitOfWork (C:\Users\bcmad\Downloads\A1Betting7-13.2\frontend\node_modules\react-dom\cjs\react-dom-client.development.js:14956:41)
    at workLoopSync (C:\Users\bcmad\Downloads\A1Betting7-13.2\frontend\node_modules\react-dom\cjs\react-dom-client.development.js:14936:11)
    at renderRootSync (C:\Users\bcmad\Downloads\A1Betting7-13.2\frontend\node_modules\react-dom\cjs\react-dom-client.development.js:14462:44)
    at performWorkOnRoot (C:\Users\bcmad\Downloads\A1Betting7-13.2\frontend\node_modules\react-dom\cjs\react-dom-client.development.js:16216:7)
    at callback (C:\Users\bcmad\Downloads\A1Betting7-13.2\frontend\node_modules\react\cjs\react.development.js:566:34)
    at flushActQueue (C:\Users\bcmad\Downloads\A1Betting7-13.2\frontend\node_modules\react\cjs\react.development.js:860:10)
    at actImplementation (C:\Users\bcmad\Downloads\A1Betting7-13.2\frontend\node_modules\@testing-library\react\dist\act-compat.js:47:25)
    at renderRoot (C:\Users\bcmad\Downloads\A1Betting7-13.2\frontend\node_modules\@testing-library\react\dist\pure.js:190:25)
    at renderRoot (C:\Users\bcmad\Downloads\A1Betting7-13.2\frontend\node_modules\@testing-library\react\dist\pure.js:292:10)
    at C:\Users\bcmad\Downloads\A1Betting7-13.2\frontend\src\__tests__\components\PropOllamaUnified.e2e.test.tsx:531:11
    at Generator.call (C:\Users\bcmad\Downloads\A1Betting7-13.2\frontend\src\__tests__\components\PropOllamaUnified.e2e.test.tsx:2:1)
    at Generator._invoke [as next] (C:\Users\bcmad\Downloads\A1Betting7-13.2\frontend\src\__tests__\components\PropOllamaUnified.e2e.test.tsx:2:1)
    at asyncGeneratorStep (C:\Users\bcmad\Downloads\A1Betting7-13.2\frontend\src\__tests__\components\PropOllamaUnified.e2e.test.tsx:2:1)
    at asyncGeneratorStep (C:\Users\bcmad\Downloads\A1Betting7-13.2\frontend\src\__tests__\components\PropOllamaUnified.e2e.test.tsx:2:1)
    at _next (C:\Users\bcmad\Downloads\A1Betting7-13.2\frontend\src\__tests__\components\PropOllamaUnified.e2e.test.tsx:2:1)
    at new Promise (&lt;anonymous&gt;)
    at Object.&lt;anonymous&gt; (C:\Users\bcmad\Downloads\A1Betting7-13.2\frontend\src\__tests__\components\PropOllamaUnified.e2e.test.tsx:2:1)
    at Promise.finally.completed (C:\Users\bcmad\Downloads\A1Betting7-13.2\frontend\node_modules\jest-circus\build\jestAdapterInit.js:1559:28)
    at new Promise (&lt;anonymous&gt;)
    at callAsyncCircusFn (C:\Users\bcmad\Downloads\A1Betting7-13.2\frontend\node_modules\jest-circus\build\jestAdapterInit.js:1499:10)
    at _callCircusTest (C:\Users\bcmad\Downloads\A1Betting7-13.2\frontend\node_modules\jest-circus\build\jestAdapterInit.js:1009:40)
    at _runTest (C:\Users\bcmad\Downloads\A1Betting7-13.2\frontend\node_modules\jest-circus\build\jestAdapterInit.js:949:3)
    at _runTestsForDescribeBlock (C:\Users\bcmad\Downloads\A1Betting7-13.2\frontend\node_modules\jest-circus\build\jestAdapterInit.js:839:13)
    at _runTestsForDescribeBlock (C:\Users\bcmad\Downloads\A1Betting7-13.2\frontend\node_modules\jest-circus\build\jestAdapterInit.js:829:11)
    at run (C:\Users\bcmad\Downloads\A1Betting7-13.2\frontend\node_modules\jest-circus\build\jestAdapterInit.js:757:3)
    at runAndTransformResultsToJestFormat (C:\Users\bcmad\Downloads\A1Betting7-13.2\frontend\node_modules\jest-circus\build\jestAdapterInit.js:1920:21)
    at jestAdapter (C:\Users\bcmad\Downloads\A1Betting7-13.2\frontend\node_modules\jest-circus\build\runner.js:101:19)
    at runTestInternal (C:\Users\bcmad\Downloads\A1Betting7-13.2\frontend\node_modules\jest-runner\build\index.js:275:16)
    at runTest (C:\Users\bcmad\Downloads\A1Betting7-13.2\frontend\node_modules\jest-runner\build\index.js:343:7)</failure>
    </testcase>
    <testcase classname="PropOllamaUnified E2E shows top-level error banner when error occurs" name="PropOllamaUnified E2E shows top-level error banner when error occurs" time="0.003">
      <failure>Jest encountered an unexpected token

Jest failed to parse a file. This happens e.g. when your code or its dependencies use non-standard JavaScript syntax, or when Jest is not configured to support such syntax.

Out of the box Jest supports Babel, which will be used to transform your files into valid JS based on your Babel configuration.

By default &quot;node_modules&quot; folder is ignored by transformers.

Here&apos;s what you can do:
 • If you are trying to use ECMAScript Modules, see https://jestjs.io/docs/ecmascript-modules for how to enable it.
 • If you are trying to use TypeScript, see https://jestjs.io/docs/getting-started#using-typescript
 • To have some of your &quot;node_modules&quot; files transformed, you can specify a custom &quot;transformIgnorePatterns&quot; in your config.
 • If you need a custom transformation, specify a &quot;transform&quot; option in your config.
 • If you simply want to mock your non-JS modules (e.g. binary assets) you can stub them out with the &quot;moduleNameMapper&quot; config option.

You&apos;ll find more details and examples of these config options in the docs:
https://jestjs.io/docs/configuration
For information about custom transformations, see:
https://jestjs.io/docs/code-transformation

Details:

C:\Users\bcmad\Downloads\A1Betting7-13.2\frontend\src\contexts\WebSocketContext.tsx:83
    var wsEnabled = import.meta.env.VITE_WEBSOCKET_ENABLED === &apos;true&apos;;
                           ^^^^

SyntaxError: Cannot use &apos;import.meta&apos; outside a module
    at internalCompileFunction (node:internal/vm:137:18)
    at compileFunction (node:vm:365:10)
    at Runtime.createScriptFromCode (C:\Users\bcmad\Downloads\A1Betting7-13.2\frontend\node_modules\jest-runtime\build\index.js:1316:40)
    at Runtime._execModule (C:\Users\bcmad\Downloads\A1Betting7-13.2\frontend\node_modules\jest-runtime\build\index.js:1242:35)
    at Runtime._loadModule (C:\Users\bcmad\Downloads\A1Betting7-13.2\frontend\node_modules\jest-runtime\build\index.js:942:12)
    at Runtime.requireModule (C:\Users\bcmad\Downloads\A1Betting7-13.2\frontend\node_modules\jest-runtime\build\index.js:830:12)
    at Runtime.requireModuleOrMock (C:\Users\bcmad\Downloads\A1Betting7-13.2\frontend\node_modules\jest-runtime\build\index.js:962:21)
    at require (C:\Users\bcmad\Downloads\A1Betting7-13.2\frontend\src\__tests__\components\PropOllamaUnified.e2e.test.tsx:137:34)
    at Object.Component [as react_stack_bottom_frame] (C:\Users\bcmad\Downloads\A1Betting7-13.2\frontend\node_modules\react-dom\cjs\react-dom-client.development.js:23863:20)
    at callComponentInDEV (C:\Users\bcmad\Downloads\A1Betting7-13.2\frontend\node_modules\react-dom\cjs\react-dom-client.development.js:5529:22)
    at renderWithHooks (C:\Users\bcmad\Downloads\A1Betting7-13.2\frontend\node_modules\react-dom\cjs\react-dom-client.development.js:8897:19)
    at updateFunctionComponent (C:\Users\bcmad\Downloads\A1Betting7-13.2\frontend\node_modules\react-dom\cjs\react-dom-client.development.js:10522:18)
    at callback (C:\Users\bcmad\Downloads\A1Betting7-13.2\frontend\node_modules\react-dom\cjs\react-dom-client.development.js:1522:13)
    at runWithFiberInDEV (C:\Users\bcmad\Downloads\A1Betting7-13.2\frontend\node_modules\react-dom\cjs\react-dom-client.development.js:15140:22)
    at performUnitOfWork (C:\Users\bcmad\Downloads\A1Betting7-13.2\frontend\node_modules\react-dom\cjs\react-dom-client.development.js:14956:41)
    at workLoopSync (C:\Users\bcmad\Downloads\A1Betting7-13.2\frontend\node_modules\react-dom\cjs\react-dom-client.development.js:14936:11)
    at renderRootSync (C:\Users\bcmad\Downloads\A1Betting7-13.2\frontend\node_modules\react-dom\cjs\react-dom-client.development.js:14462:44)
    at performWorkOnRoot (C:\Users\bcmad\Downloads\A1Betting7-13.2\frontend\node_modules\react-dom\cjs\react-dom-client.development.js:16216:7)
    at callback (C:\Users\bcmad\Downloads\A1Betting7-13.2\frontend\node_modules\react\cjs\react.development.js:566:34)
    at flushActQueue (C:\Users\bcmad\Downloads\A1Betting7-13.2\frontend\node_modules\react\cjs\react.development.js:860:10)
    at actImplementation (C:\Users\bcmad\Downloads\A1Betting7-13.2\frontend\node_modules\@testing-library\react\dist\act-compat.js:47:25)
    at renderRoot (C:\Users\bcmad\Downloads\A1Betting7-13.2\frontend\node_modules\@testing-library\react\dist\pure.js:190:25)
    at renderRoot (C:\Users\bcmad\Downloads\A1Betting7-13.2\frontend\node_modules\@testing-library\react\dist\pure.js:292:10)
    at C:\Users\bcmad\Downloads\A1Betting7-13.2\frontend\src\__tests__\components\PropOllamaUnified.e2e.test.tsx:558:11
    at Generator.call (C:\Users\bcmad\Downloads\A1Betting7-13.2\frontend\src\__tests__\components\PropOllamaUnified.e2e.test.tsx:2:1)
    at Generator._invoke [as next] (C:\Users\bcmad\Downloads\A1Betting7-13.2\frontend\src\__tests__\components\PropOllamaUnified.e2e.test.tsx:2:1)
    at asyncGeneratorStep (C:\Users\bcmad\Downloads\A1Betting7-13.2\frontend\src\__tests__\components\PropOllamaUnified.e2e.test.tsx:2:1)
    at asyncGeneratorStep (C:\Users\bcmad\Downloads\A1Betting7-13.2\frontend\src\__tests__\components\PropOllamaUnified.e2e.test.tsx:2:1)
    at _next (C:\Users\bcmad\Downloads\A1Betting7-13.2\frontend\src\__tests__\components\PropOllamaUnified.e2e.test.tsx:2:1)
    at new Promise (&lt;anonymous&gt;)
    at Object.&lt;anonymous&gt; (C:\Users\bcmad\Downloads\A1Betting7-13.2\frontend\src\__tests__\components\PropOllamaUnified.e2e.test.tsx:2:1)
    at Promise.finally.completed (C:\Users\bcmad\Downloads\A1Betting7-13.2\frontend\node_modules\jest-circus\build\jestAdapterInit.js:1559:28)
    at new Promise (&lt;anonymous&gt;)
    at callAsyncCircusFn (C:\Users\bcmad\Downloads\A1Betting7-13.2\frontend\node_modules\jest-circus\build\jestAdapterInit.js:1499:10)
    at _callCircusTest (C:\Users\bcmad\Downloads\A1Betting7-13.2\frontend\node_modules\jest-circus\build\jestAdapterInit.js:1009:40)
    at _runTest (C:\Users\bcmad\Downloads\A1Betting7-13.2\frontend\node_modules\jest-circus\build\jestAdapterInit.js:949:3)
    at _runTestsForDescribeBlock (C:\Users\bcmad\Downloads\A1Betting7-13.2\frontend\node_modules\jest-circus\build\jestAdapterInit.js:839:13)
    at _runTestsForDescribeBlock (C:\Users\bcmad\Downloads\A1Betting7-13.2\frontend\node_modules\jest-circus\build\jestAdapterInit.js:829:11)
    at run (C:\Users\bcmad\Downloads\A1Betting7-13.2\frontend\node_modules\jest-circus\build\jestAdapterInit.js:757:3)
    at runAndTransformResultsToJestFormat (C:\Users\bcmad\Downloads\A1Betting7-13.2\frontend\node_modules\jest-circus\build\jestAdapterInit.js:1920:21)
    at jestAdapter (C:\Users\bcmad\Downloads\A1Betting7-13.2\frontend\node_modules\jest-circus\build\runner.js:101:19)
    at runTestInternal (C:\Users\bcmad\Downloads\A1Betting7-13.2\frontend\node_modules\jest-runner\build\index.js:275:16)
    at runTest (C:\Users\bcmad\Downloads\A1Betting7-13.2\frontend\node_modules\jest-runner\build\index.js:343:7)</failure>
    </testcase>
    <testcase classname="PropOllamaUnified E2E shows and increments visible props with View More button" name="PropOllamaUnified E2E shows and increments visible props with View More button" time="0.002">
      <failure>Jest encountered an unexpected token

Jest failed to parse a file. This happens e.g. when your code or its dependencies use non-standard JavaScript syntax, or when Jest is not configured to support such syntax.

Out of the box Jest supports Babel, which will be used to transform your files into valid JS based on your Babel configuration.

By default &quot;node_modules&quot; folder is ignored by transformers.

Here&apos;s what you can do:
 • If you are trying to use ECMAScript Modules, see https://jestjs.io/docs/ecmascript-modules for how to enable it.
 • If you are trying to use TypeScript, see https://jestjs.io/docs/getting-started#using-typescript
 • To have some of your &quot;node_modules&quot; files transformed, you can specify a custom &quot;transformIgnorePatterns&quot; in your config.
 • If you need a custom transformation, specify a &quot;transform&quot; option in your config.
 • If you simply want to mock your non-JS modules (e.g. binary assets) you can stub them out with the &quot;moduleNameMapper&quot; config option.

You&apos;ll find more details and examples of these config options in the docs:
https://jestjs.io/docs/configuration
For information about custom transformations, see:
https://jestjs.io/docs/code-transformation

Details:

C:\Users\bcmad\Downloads\A1Betting7-13.2\frontend\src\contexts\WebSocketContext.tsx:83
    var wsEnabled = import.meta.env.VITE_WEBSOCKET_ENABLED === &apos;true&apos;;
                           ^^^^

SyntaxError: Cannot use &apos;import.meta&apos; outside a module
    at internalCompileFunction (node:internal/vm:137:18)
    at compileFunction (node:vm:365:10)
    at Runtime.createScriptFromCode (C:\Users\bcmad\Downloads\A1Betting7-13.2\frontend\node_modules\jest-runtime\build\index.js:1316:40)
    at Runtime._execModule (C:\Users\bcmad\Downloads\A1Betting7-13.2\frontend\node_modules\jest-runtime\build\index.js:1242:35)
    at Runtime._loadModule (C:\Users\bcmad\Downloads\A1Betting7-13.2\frontend\node_modules\jest-runtime\build\index.js:942:12)
    at Runtime.requireModule (C:\Users\bcmad\Downloads\A1Betting7-13.2\frontend\node_modules\jest-runtime\build\index.js:830:12)
    at Runtime.requireModuleOrMock (C:\Users\bcmad\Downloads\A1Betting7-13.2\frontend\node_modules\jest-runtime\build\index.js:962:21)
    at require (C:\Users\bcmad\Downloads\A1Betting7-13.2\frontend\src\__tests__\components\PropOllamaUnified.e2e.test.tsx:137:34)
    at Object.Component [as react_stack_bottom_frame] (C:\Users\bcmad\Downloads\A1Betting7-13.2\frontend\node_modules\react-dom\cjs\react-dom-client.development.js:23863:20)
    at callComponentInDEV (C:\Users\bcmad\Downloads\A1Betting7-13.2\frontend\node_modules\react-dom\cjs\react-dom-client.development.js:5529:22)
    at renderWithHooks (C:\Users\bcmad\Downloads\A1Betting7-13.2\frontend\node_modules\react-dom\cjs\react-dom-client.development.js:8897:19)
    at updateFunctionComponent (C:\Users\bcmad\Downloads\A1Betting7-13.2\frontend\node_modules\react-dom\cjs\react-dom-client.development.js:10522:18)
    at callback (C:\Users\bcmad\Downloads\A1Betting7-13.2\frontend\node_modules\react-dom\cjs\react-dom-client.development.js:1522:13)
    at runWithFiberInDEV (C:\Users\bcmad\Downloads\A1Betting7-13.2\frontend\node_modules\react-dom\cjs\react-dom-client.development.js:15140:22)
    at performUnitOfWork (C:\Users\bcmad\Downloads\A1Betting7-13.2\frontend\node_modules\react-dom\cjs\react-dom-client.development.js:14956:41)
    at workLoopSync (C:\Users\bcmad\Downloads\A1Betting7-13.2\frontend\node_modules\react-dom\cjs\react-dom-client.development.js:14936:11)
    at renderRootSync (C:\Users\bcmad\Downloads\A1Betting7-13.2\frontend\node_modules\react-dom\cjs\react-dom-client.development.js:14462:44)
    at performWorkOnRoot (C:\Users\bcmad\Downloads\A1Betting7-13.2\frontend\node_modules\react-dom\cjs\react-dom-client.development.js:16216:7)
    at callback (C:\Users\bcmad\Downloads\A1Betting7-13.2\frontend\node_modules\react\cjs\react.development.js:566:34)
    at flushActQueue (C:\Users\bcmad\Downloads\A1Betting7-13.2\frontend\node_modules\react\cjs\react.development.js:860:10)
    at actImplementation (C:\Users\bcmad\Downloads\A1Betting7-13.2\frontend\node_modules\@testing-library\react\dist\act-compat.js:47:25)
    at renderRoot (C:\Users\bcmad\Downloads\A1Betting7-13.2\frontend\node_modules\@testing-library\react\dist\pure.js:190:25)
    at renderRoot (C:\Users\bcmad\Downloads\A1Betting7-13.2\frontend\node_modules\@testing-library\react\dist\pure.js:292:10)
    at C:\Users\bcmad\Downloads\A1Betting7-13.2\frontend\src\__tests__\components\PropOllamaUnified.e2e.test.tsx:588:11
    at Generator.call (C:\Users\bcmad\Downloads\A1Betting7-13.2\frontend\src\__tests__\components\PropOllamaUnified.e2e.test.tsx:2:1)
    at Generator._invoke [as next] (C:\Users\bcmad\Downloads\A1Betting7-13.2\frontend\src\__tests__\components\PropOllamaUnified.e2e.test.tsx:2:1)
    at asyncGeneratorStep (C:\Users\bcmad\Downloads\A1Betting7-13.2\frontend\src\__tests__\components\PropOllamaUnified.e2e.test.tsx:2:1)
    at asyncGeneratorStep (C:\Users\bcmad\Downloads\A1Betting7-13.2\frontend\src\__tests__\components\PropOllamaUnified.e2e.test.tsx:2:1)
    at _next (C:\Users\bcmad\Downloads\A1Betting7-13.2\frontend\src\__tests__\components\PropOllamaUnified.e2e.test.tsx:2:1)
    at new Promise (&lt;anonymous&gt;)
    at Object.&lt;anonymous&gt; (C:\Users\bcmad\Downloads\A1Betting7-13.2\frontend\src\__tests__\components\PropOllamaUnified.e2e.test.tsx:2:1)
    at Promise.finally.completed (C:\Users\bcmad\Downloads\A1Betting7-13.2\frontend\node_modules\jest-circus\build\jestAdapterInit.js:1559:28)
    at new Promise (&lt;anonymous&gt;)
    at callAsyncCircusFn (C:\Users\bcmad\Downloads\A1Betting7-13.2\frontend\node_modules\jest-circus\build\jestAdapterInit.js:1499:10)
    at _callCircusTest (C:\Users\bcmad\Downloads\A1Betting7-13.2\frontend\node_modules\jest-circus\build\jestAdapterInit.js:1009:40)
    at _runTest (C:\Users\bcmad\Downloads\A1Betting7-13.2\frontend\node_modules\jest-circus\build\jestAdapterInit.js:949:3)
    at _runTestsForDescribeBlock (C:\Users\bcmad\Downloads\A1Betting7-13.2\frontend\node_modules\jest-circus\build\jestAdapterInit.js:839:13)
    at _runTestsForDescribeBlock (C:\Users\bcmad\Downloads\A1Betting7-13.2\frontend\node_modules\jest-circus\build\jestAdapterInit.js:829:11)
    at run (C:\Users\bcmad\Downloads\A1Betting7-13.2\frontend\node_modules\jest-circus\build\jestAdapterInit.js:757:3)
    at runAndTransformResultsToJestFormat (C:\Users\bcmad\Downloads\A1Betting7-13.2\frontend\node_modules\jest-circus\build\jestAdapterInit.js:1920:21)
    at jestAdapter (C:\Users\bcmad\Downloads\A1Betting7-13.2\frontend\node_modules\jest-circus\build\runner.js:101:19)
    at runTestInternal (C:\Users\bcmad\Downloads\A1Betting7-13.2\frontend\node_modules\jest-runner\build\index.js:275:16)
    at runTest (C:\Users\bcmad\Downloads\A1Betting7-13.2\frontend\node_modules\jest-runner\build\index.js:343:7)</failure>
    </testcase>
  </testsuite>
  <testsuite name="App E2E - Empty State" errors="0" failures="1" skipped="0" timestamp="2025-08-09T20:42:39" time="30.118" tests="1">
    <testcase classname="App E2E - Empty State shows empty state if no enhanced bets are returned" name="App E2E - Empty State shows empty state if no enhanced bets are returned" time="29.792">
      <failure>Jest encountered an unexpected token

Jest failed to parse a file. This happens e.g. when your code or its dependencies use non-standard JavaScript syntax, or when Jest is not configured to support such syntax.

Out of the box Jest supports Babel, which will be used to transform your files into valid JS based on your Babel configuration.

By default &quot;node_modules&quot; folder is ignored by transformers.

Here&apos;s what you can do:
 • If you are trying to use ECMAScript Modules, see https://jestjs.io/docs/ecmascript-modules for how to enable it.
 • If you are trying to use TypeScript, see https://jestjs.io/docs/getting-started#using-typescript
 • To have some of your &quot;node_modules&quot; files transformed, you can specify a custom &quot;transformIgnorePatterns&quot; in your config.
 • If you need a custom transformation, specify a &quot;transform&quot; option in your config.
 • If you simply want to mock your non-JS modules (e.g. binary assets) you can stub them out with the &quot;moduleNameMapper&quot; config option.

You&apos;ll find more details and examples of these config options in the docs:
https://jestjs.io/docs/configuration
For information about custom transformations, see:
https://jestjs.io/docs/code-transformation

Details:

C:\Users\bcmad\Downloads\A1Betting7-13.2\frontend\src\contexts\WebSocketContext.tsx:83
    var wsEnabled = import.meta.env.VITE_WEBSOCKET_ENABLED === &apos;true&apos;;
                           ^^^^

SyntaxError: Cannot use &apos;import.meta&apos; outside a module
    at internalCompileFunction (node:internal/vm:137:18)
    at compileFunction (node:vm:365:10)
    at Runtime.createScriptFromCode (C:\Users\bcmad\Downloads\A1Betting7-13.2\frontend\node_modules\jest-runtime\build\index.js:1316:40)
    at Runtime._execModule (C:\Users\bcmad\Downloads\A1Betting7-13.2\frontend\node_modules\jest-runtime\build\index.js:1242:35)
    at Runtime._loadModule (C:\Users\bcmad\Downloads\A1Betting7-13.2\frontend\node_modules\jest-runtime\build\index.js:942:12)
    at Runtime.requireModule (C:\Users\bcmad\Downloads\A1Betting7-13.2\frontend\node_modules\jest-runtime\build\index.js:830:12)
    at Runtime.requireModuleOrMock (C:\Users\bcmad\Downloads\A1Betting7-13.2\frontend\node_modules\jest-runtime\build\index.js:962:21)
    at Object.require (C:\Users\bcmad\Downloads\A1Betting7-13.2\frontend\src\App.tsx:14:1)
    at Runtime._execModule (C:\Users\bcmad\Downloads\A1Betting7-13.2\frontend\node_modules\jest-runtime\build\index.js:1266:24)
    at Runtime._loadModule (C:\Users\bcmad\Downloads\A1Betting7-13.2\frontend\node_modules\jest-runtime\build\index.js:942:12)
    at Runtime.requireModule (C:\Users\bcmad\Downloads\A1Betting7-13.2\frontend\node_modules\jest-runtime\build\index.js:830:12)
    at Runtime.requireModuleOrMock (C:\Users\bcmad\Downloads\A1Betting7-13.2\frontend\node_modules\jest-runtime\build\index.js:962:21)
    at require (C:\Users\bcmad\Downloads\A1Betting7-13.2\frontend\src\__tests__\App.empty-state.e2e.test.tsx:93:26)</failure>
    </testcase>
  </testsuite>
  <testsuite name="App E2E Error State" errors="0" failures="1" skipped="0" timestamp="2025-08-09T20:43:09" time="0.12" tests="1">
    <testcase classname="App E2E Error State shows error state if API returns error" name="App E2E Error State shows error state if API returns error" time="0.037">
      <failure>Jest encountered an unexpected token

Jest failed to parse a file. This happens e.g. when your code or its dependencies use non-standard JavaScript syntax, or when Jest is not configured to support such syntax.

Out of the box Jest supports Babel, which will be used to transform your files into valid JS based on your Babel configuration.

By default &quot;node_modules&quot; folder is ignored by transformers.

Here&apos;s what you can do:
 • If you are trying to use ECMAScript Modules, see https://jestjs.io/docs/ecmascript-modules for how to enable it.
 • If you are trying to use TypeScript, see https://jestjs.io/docs/getting-started#using-typescript
 • To have some of your &quot;node_modules&quot; files transformed, you can specify a custom &quot;transformIgnorePatterns&quot; in your config.
 • If you need a custom transformation, specify a &quot;transform&quot; option in your config.
 • If you simply want to mock your non-JS modules (e.g. binary assets) you can stub them out with the &quot;moduleNameMapper&quot; config option.

You&apos;ll find more details and examples of these config options in the docs:
https://jestjs.io/docs/configuration
For information about custom transformations, see:
https://jestjs.io/docs/code-transformation

Details:

C:\Users\bcmad\Downloads\A1Betting7-13.2\frontend\src\contexts\WebSocketContext.tsx:83
    var wsEnabled = import.meta.env.VITE_WEBSOCKET_ENABLED === &apos;true&apos;;
                           ^^^^

SyntaxError: Cannot use &apos;import.meta&apos; outside a module
    at internalCompileFunction (node:internal/vm:137:18)
    at compileFunction (node:vm:365:10)
    at Runtime.createScriptFromCode (C:\Users\bcmad\Downloads\A1Betting7-13.2\frontend\node_modules\jest-runtime\build\index.js:1316:40)
    at Runtime._execModule (C:\Users\bcmad\Downloads\A1Betting7-13.2\frontend\node_modules\jest-runtime\build\index.js:1242:35)
    at Runtime._loadModule (C:\Users\bcmad\Downloads\A1Betting7-13.2\frontend\node_modules\jest-runtime\build\index.js:942:12)
    at Runtime.requireModule (C:\Users\bcmad\Downloads\A1Betting7-13.2\frontend\node_modules\jest-runtime\build\index.js:830:12)
    at Runtime.requireModuleOrMock (C:\Users\bcmad\Downloads\A1Betting7-13.2\frontend\node_modules\jest-runtime\build\index.js:962:21)
    at Object.require (C:\Users\bcmad\Downloads\A1Betting7-13.2\frontend\src\App.tsx:14:1)
    at Runtime._execModule (C:\Users\bcmad\Downloads\A1Betting7-13.2\frontend\node_modules\jest-runtime\build\index.js:1266:24)
    at Runtime._loadModule (C:\Users\bcmad\Downloads\A1Betting7-13.2\frontend\node_modules\jest-runtime\build\index.js:942:12)
    at Runtime.requireModule (C:\Users\bcmad\Downloads\A1Betting7-13.2\frontend\node_modules\jest-runtime\build\index.js:830:12)
    at Runtime.requireModuleOrMock (C:\Users\bcmad\Downloads\A1Betting7-13.2\frontend\node_modules\jest-runtime\build\index.js:962:21)
    at require (C:\Users\bcmad\Downloads\A1Betting7-13.2\frontend\src\__tests__\App.e2e.error.test.tsx:19:48)</failure>
    </testcase>
  </testsuite>
  <testsuite name="API Version Compatibility" errors="0" failures="1" skipped="0" timestamp="2025-08-09T20:43:09" time="0.157" tests="4">
    <testcase classname="API Version Compatibility should detect available API version" name="API Version Compatibility should detect available API version" time="0.037">
    </testcase>
    <testcase classname="API Version Compatibility should not throw if a compatible version is available" name="API Version Compatibility should not throw if a compatible version is available" time="0.02">
    </testcase>
    <testcase classname="API Version Compatibility should activate sport and return version_used" name="API Version Compatibility should activate sport and return version_used" time="0.015">
    </testcase>
    <testcase classname="API Version Compatibility should throw a user-friendly error if no version is available" name="API Version Compatibility should throw a user-friendly error if no version is available" time="0.006">
[...]
    </testcase>
    <testcase classname="UnifiedStateService should merge state values" name="UnifiedStateService should merge state values" time="0">
    </testcase>
    <testcase classname="UnifiedStateService should delete state values" name="UnifiedStateService should delete state values" time="0">
    </testcase>
    <testcase classname="UnifiedStateService should subscribe and unsubscribe to state changes" name="UnifiedStateService should subscribe and unsubscribe to state changes" time="0.001">
    </testcase>
    <testcase classname="UnifiedStateService should reset state to defaults" name="UnifiedStateService should reset state to defaults" time="0.001">
    </testcase>
    <testcase classname="UnifiedStateService should replace full state" name="UnifiedStateService should replace full state" time="0.002">
    </testcase>
    <testcase classname="UnifiedStateService should persist and restore state" name="UnifiedStateService should persist and restore state" time="0.001">
    </testcase>
  </testsuite>
  <testsuite name="UnifiedErrorService" errors="0" failures="0" skipped="0" timestamp="2025-08-09T20:43:16" time="0.095" tests="4">
    <testcase classname="UnifiedErrorService should return a singleton instance" name="UnifiedErrorService should return a singleton instance" time="0.001">
    </testcase>
    <testcase classname="UnifiedErrorService should report errors and generate errorId" name="UnifiedErrorService should report errors and generate errorId" time="0.004">
    </testcase>
    <testcase classname="UnifiedErrorService should resolve errors" name="UnifiedErrorService should resolve errors" time="0.003">
    </testcase>
    <testcase classname="UnifiedErrorService should provide error stats and clear errors" name="UnifiedErrorService should provide error stats and clear errors" time="0.005">
    </testcase>
  </testsuite>
  <testsuite name="UnifiedDataService" errors="0" failures="9" skipped="0" timestamp="2025-08-09T20:43:16" time="0.255" tests="18">
    <testcase classname="UnifiedDataService Constructor Fix Validation should properly instantiate with correct parameters" name="UnifiedDataService Constructor Fix Validation should properly instantiate with correct parameters" time="0.001">
    </testcase>
    <testcase classname="UnifiedDataService Constructor Fix Validation should be a singleton" name="UnifiedDataService Constructor Fix Validation should be a singleton" time="0">
    </testcase>
    <testcase classname="UnifiedDataService Data Fetching Methods fetchSportsData should use cache when data is available" name="UnifiedDataService Data Fetching Methods fetchSportsData should use cache when data is available" time="0.001">
      <failure>Error: expect(jest.fn()).toHaveBeenCalledWith(...expected)

Expected: &quot;sports_data_mlb_2024-01-01&quot;

Number of calls: 0
    at toHaveBeenCalledWith (C:\Users\bcmad\Downloads\A1Betting7-13.2\frontend\src\services\unified\__tests__\UnifiedDataService.test.ts:83:31)
    at Generator.call (C:\Users\bcmad\Downloads\A1Betting7-13.2\frontend\src\services\unified\__tests__\UnifiedDataService.test.ts:2:1)
    at Generator._invoke [as next] (C:\Users\bcmad\Downloads\A1Betting7-13.2\frontend\src\services\unified\__tests__\UnifiedDataService.test.ts:2:1)
    at asyncGeneratorStep (C:\Users\bcmad\Downloads\A1Betting7-13.2\frontend\src\services\unified\__tests__\UnifiedDataService.test.ts:2:1)
    at asyncGeneratorStep (C:\Users\bcmad\Downloads\A1Betting7-13.2\frontend\src\services\unified\__tests__\UnifiedDataService.test.ts:2:1)</failure>
    </testcase>
    <testcase classname="UnifiedDataService Data Fetching Methods fetchSportsData should fetch and cache data when not in cache" name="UnifiedDataService Data Fetching Methods fetchSportsData should fetch and cache data when not in cache" time="0">
      <failure>Error: expect(jest.fn()).toHaveBeenCalledWith(...expected)

Expected: &quot;sports_data_mlb_today&quot;

Number of calls: 0
    at toHaveBeenCalledWith (C:\Users\bcmad\Downloads\A1Betting7-13.2\frontend\src\services\unified\__tests__\UnifiedDataService.test.ts:95:31)
    at Generator.call (C:\Users\bcmad\Downloads\A1Betting7-13.2\frontend\src\services\unified\__tests__\UnifiedDataService.test.ts:2:1)
    at Generator._invoke [as next] (C:\Users\bcmad\Downloads\A1Betting7-13.2\frontend\src\services\unified\__tests__\UnifiedDataService.test.ts:2:1)
    at asyncGeneratorStep (C:\Users\bcmad\Downloads\A1Betting7-13.2\frontend\src\services\unified\__tests__\UnifiedDataService.test.ts:2:1)
    at asyncGeneratorStep (C:\Users\bcmad\Downloads\A1Betting7-13.2\frontend\src\services\unified\__tests__\UnifiedDataService.test.ts:2:1)</failure>
    </testcase>
    <testcase classname="UnifiedDataService Data Fetching Methods fetchSportsData should handle errors properly" name="UnifiedDataService Data Fetching Methods fetchSportsData should handle errors properly" time="0.002">
    </testcase>
    <testcase classname="UnifiedDataService Data Fetching Methods fetchPlayerStats should properly construct cache keys and handle responses" name="UnifiedDataService Data Fetching Methods fetchPlayerStats should properly construct cache keys and handle responses" time="0">
      <failure>Error: expect(jest.fn()).toHaveBeenCalledWith(...expected)

Expected: &quot;player_stats_player123_mlb&quot;

Number of calls: 0
    at toHaveBeenCalledWith (C:\Users\bcmad\Downloads\A1Betting7-13.2\frontend\src\services\unified\__tests__\UnifiedDataService.test.ts:119:31)
    at Generator.call (C:\Users\bcmad\Downloads\A1Betting7-13.2\frontend\src\services\unified\__tests__\UnifiedDataService.test.ts:2:1)
    at Generator._invoke [as next] (C:\Users\bcmad\Downloads\A1Betting7-13.2\frontend\src\services\unified\__tests__\UnifiedDataService.test.ts:2:1)
    at asyncGeneratorStep (C:\Users\bcmad\Downloads\A1Betting7-13.2\frontend\src\services\unified\__tests__\UnifiedDataService.test.ts:2:1)
    at asyncGeneratorStep (C:\Users\bcmad\Downloads\A1Betting7-13.2\frontend\src\services\unified\__tests__\UnifiedDataService.test.ts:2:1)</failure>
    </testcase>
    <testcase classname="UnifiedDataService Data Fetching Methods fetchTeamData should use correct variable names (fix validation)" name="UnifiedDataService Data Fetching Methods fetchTeamData should use correct variable names (fix validation)" time="0">
      <failure>Error: expect(jest.fn()).toHaveBeenCalledWith(...expected)

Expected: &quot;team_data_team456_nfl&quot;

Number of calls: 0
    at toHaveBeenCalledWith (C:\Users\bcmad\Downloads\A1Betting7-13.2\frontend\src\services\unified\__tests__\UnifiedDataService.test.ts:134:31)
    at Generator.call (C:\Users\bcmad\Downloads\A1Betting7-13.2\frontend\src\services\unified\__tests__\UnifiedDataService.test.ts:2:1)
    at Generator._invoke [as next] (C:\Users\bcmad\Downloads\A1Betting7-13.2\frontend\src\services\unified\__tests__\UnifiedDataService.test.ts:2:1)
    at asyncGeneratorStep (C:\Users\bcmad\Downloads\A1Betting7-13.2\frontend\src\services\unified\__tests__\UnifiedDataService.test.ts:2:1)
    at asyncGeneratorStep (C:\Users\bcmad\Downloads\A1Betting7-13.2\frontend\src\services\unified\__tests__\UnifiedDataService.test.ts:2:1)</failure>
    </testcase>
    <testcase classname="UnifiedDataService Data Fetching Methods fetchLiveData should not use cache for live data" name="UnifiedDataService Data Fetching Methods fetchLiveData should not use cache for live data" time="0">
    </testcase>
    <testcase classname="UnifiedDataService Data Fetching Methods searchData should handle complex filters and variable naming correctly" name="UnifiedDataService Data Fetching Methods searchData should handle complex filters and variable naming correctly" time="0.001">
      <failure>Error: expect(jest.fn()).toHaveBeenCalledWith(...expected)

Expected: &quot;search_test query_{\&quot;sport\&quot;:\&quot;mlb\&quot;,\&quot;position\&quot;:\&quot;QB\&quot;}&quot;

Number of calls: 0
    at toHaveBeenCalledWith (C:\Users\bcmad\Downloads\A1Betting7-13.2\frontend\src\services\unified\__tests__\UnifiedDataService.test.ts:165:31)
    at Generator.call (C:\Users\bcmad\Downloads\A1Betting7-13.2\frontend\src\services\unified\__tests__\UnifiedDataService.test.ts:2:1)
    at Generator._invoke [as next] (C:\Users\bcmad\Downloads\A1Betting7-13.2\frontend\src\services\unified\__tests__\UnifiedDataService.test.ts:2:1)
    at asyncGeneratorStep (C:\Users\bcmad\Downloads\A1Betting7-13.2\frontend\src\services\unified\__tests__\UnifiedDataService.test.ts:2:1)
    at asyncGeneratorStep (C:\Users\bcmad\Downloads\A1Betting7-13.2\frontend\src\services\unified\__tests__\UnifiedDataService.test.ts:2:1)</failure>
    </testcase>
    <testcase classname="UnifiedDataService Cache Management should clear all cache when no pattern provided" name="UnifiedDataService Cache Management should clear all cache when no pattern provided" time="0">
      <failure>Error: expect(jest.fn()).toHaveBeenCalled()

Expected number of calls: &gt;= 1
Received number of calls:    0
    at Object.toHaveBeenCalled (C:\Users\bcmad\Downloads\A1Betting7-13.2\frontend\src\services\unified\__tests__\UnifiedDataService.test.ts:179:31)
    at Promise.finally.completed (C:\Users\bcmad\Downloads\A1Betting7-13.2\frontend\node_modules\jest-circus\build\jestAdapterInit.js:1559:28)
    at new Promise (&lt;anonymous&gt;)
    at callAsyncCircusFn (C:\Users\bcmad\Downloads\A1Betting7-13.2\frontend\node_modules\jest-circus\build\jestAdapterInit.js:1499:10)
    at _callCircusTest (C:\Users\bcmad\Downloads\A1Betting7-13.2\frontend\node_modules\jest-circus\build\jestAdapterInit.js:1009:40)
    at _runTest (C:\Users\bcmad\Downloads\A1Betting7-13.2\frontend\node_modules\jest-circus\build\jestAdapterInit.js:949:3)
    at _runTestsForDescribeBlock (C:\Users\bcmad\Downloads\A1Betting7-13.2\frontend\node_modules\jest-circus\build\jestAdapterInit.js:839:13)
    at _runTestsForDescribeBlock (C:\Users\bcmad\Downloads\A1Betting7-13.2\frontend\node_modules\jest-circus\build\jestAdapterInit.js:829:11)
    at _runTestsForDescribeBlock (C:\Users\bcmad\Downloads\A1Betting7-13.2\frontend\node_modules\jest-circus\build\jestAdapterInit.js:829:11)
    at run (C:\Users\bcmad\Downloads\A1Betting7-13.2\frontend\node_modules\jest-circus\build\jestAdapterInit.js:757:3)
    at runAndTransformResultsToJestFormat (C:\Users\bcmad\Downloads\A1Betting7-13.2\frontend\node_modules\jest-circus\build\jestAdapterInit.js:1920:21)
    at jestAdapter (C:\Users\bcmad\Downloads\A1Betting7-13.2\frontend\node_modules\jest-circus\build\runner.js:101:19)
    at runTestInternal (C:\Users\bcmad\Downloads\A1Betting7-13.2\frontend\node_modules\jest-runner\build\index.js:275:16)
    at runTest (C:\Users\bcmad\Downloads\A1Betting7-13.2\frontend\node_modules\jest-runner\build\index.js:343:7)</failure>
    </testcase>
    <testcase classname="UnifiedDataService Cache Management should clear specific cache entries by pattern" name="UnifiedDataService Cache Management should clear specific cache entries by pattern" time="0">
      <failure>TypeError: Cannot read properties of undefined (reading &apos;filter&apos;)
    at UnifiedDataService.clearCache (C:\Users\bcmad\Downloads\A1Betting7-13.2\frontend\src\services\unified\UnifiedDataService.ts:94:40)
    at Object.clearCache (C:\Users\bcmad\Downloads\A1Betting7-13.2\frontend\src\services\unified\__tests__\UnifiedDataService.test.ts:186:19)
    at Promise.finally.completed (C:\Users\bcmad\Downloads\A1Betting7-13.2\frontend\node_modules\jest-circus\build\jestAdapterInit.js:1559:28)
    at new Promise (&lt;anonymous&gt;)
    at callAsyncCircusFn (C:\Users\bcmad\Downloads\A1Betting7-13.2\frontend\node_modules\jest-circus\build\jestAdapterInit.js:1499:10)
    at _callCircusTest (C:\Users\bcmad\Downloads\A1Betting7-13.2\frontend\node_modules\jest-circus\build\jestAdapterInit.js:1009:40)
    at _runTest (C:\Users\bcmad\Downloads\A1Betting7-13.2\frontend\node_modules\jest-circus\build\jestAdapterInit.js:949:3)
    at _runTestsForDescribeBlock (C:\Users\bcmad\Downloads\A1Betting7-13.2\frontend\node_modules\jest-circus\build\jestAdapterInit.js:839:13)
    at _runTestsForDescribeBlock (C:\Users\bcmad\Downloads\A1Betting7-13.2\frontend\node_modules\jest-circus\build\jestAdapterInit.js:829:11)
    at _runTestsForDescribeBlock (C:\Users\bcmad\Downloads\A1Betting7-13.2\frontend\node_modules\jest-circus\build\jestAdapterInit.js:829:11)
    at run (C:\Users\bcmad\Downloads\A1Betting7-13.2\frontend\node_modules\jest-circus\build\jestAdapterInit.js:757:3)
    at runAndTransformResultsToJestFormat (C:\Users\bcmad\Downloads\A1Betting7-13.2\frontend\node_modules\jest-circus\build\jestAdapterInit.js:1920:21)
    at jestAdapter (C:\Users\bcmad\Downloads\A1Betting7-13.2\frontend\node_modules\jest-circus\build\runner.js:101:19)
    at runTestInternal (C:\Users\bcmad\Downloads\A1Betting7-13.2\frontend\node_modules\jest-runner\build\index.js:275:16)
    at runTest (C:\Users\bcmad\Downloads\A1Betting7-13.2\frontend\node_modules\jest-runner\build\index.js:343:7)</failure>
    </testcase>
    <testcase classname="UnifiedDataService Data Pipeline Stability Monitoring should handle network timeouts gracefully" name="UnifiedDataService Data Pipeline Stability Monitoring should handle network timeouts gracefully" time="0.001">
    </testcase>
    <testcase classname="UnifiedDataService Data Pipeline Stability Monitoring should handle API rate limits appropriately" name="UnifiedDataService Data Pipeline Stability Monitoring should handle API rate limits appropriately" time="0">
    </testcase>
    <testcase classname="UnifiedDataService Data Pipeline Stability Monitoring should validate data integrity after fetching" name="UnifiedDataService Data Pipeline Stability Monitoring should validate data integrity after fetching" time="0.001">
      <failure>Error: expect(jest.fn()).toHaveBeenCalled()

Expected number of calls: &gt;= 1
Received number of calls:    0
    at toHaveBeenCalled (C:\Users\bcmad\Downloads\A1Betting7-13.2\frontend\src\services\unified\__tests__\UnifiedDataService.test.ts:225:29)
    at Generator.call (C:\Users\bcmad\Downloads\A1Betting7-13.2\frontend\src\services\unified\__tests__\UnifiedDataService.test.ts:2:1)
    at Generator._invoke [as next] (C:\Users\bcmad\Downloads\A1Betting7-13.2\frontend\src\services\unified\__tests__\UnifiedDataService.test.ts:2:1)
    at asyncGeneratorStep (C:\Users\bcmad\Downloads\A1Betting7-13.2\frontend\src\services\unified\__tests__\UnifiedDataService.test.ts:2:1)
    at asyncGeneratorStep (C:\Users\bcmad\Downloads\A1Betting7-13.2\frontend\src\services\unified\__tests__\UnifiedDataService.test.ts:2:1)</failure>
    </testcase>
    <testcase classname="UnifiedDataService Performance and Reliability should complete operations within reasonable time limits" name="UnifiedDataService Performance and Reliability should complete operations within reasonable time limits" time="0.115">
    </testcase>
    <testcase classname="UnifiedDataService Performance and Reliability should handle concurrent requests properly" name="UnifiedDataService Performance and Reliability should handle concurrent requests properly" time="0.001">
    </testcase>
    <testcase classname="UnifiedDataService Integration should maintain singleton pattern across multiple imports" name="UnifiedDataService Integration should maintain singleton pattern across multiple imports" time="0">
    </testcase>
    <testcase classname="UnifiedDataService Integration should properly handle service lifecycle" name="UnifiedDataService Integration should properly handle service lifecycle" time="0.001">
      <failure>Error: expect(received).not.toThrow()

Error name:    &quot;TypeError&quot;
Error message: &quot;Cannot read properties of undefined (reading &apos;filter&apos;)&quot;

      92 |   clearCache(pattern?: string): void {
      93 |     if (pattern) {
    &gt; 94 |       const keys = this.cache.getKeys().filter(key =&gt; key.includes(pattern));
         |                                        ^
      95 |       keys.forEach(key =&gt; this.cache.delete(key));
      96 |     } else {
      97 |       this.cache.clear();

      at UnifiedDataService.clearCache (src/services/unified/UnifiedDataService.ts:94:40)
      at clearCache (src/services/unified/__tests__/UnifiedDataService.test.ts:281:19)
      at Object.&lt;anonymous&gt; (node_modules/expect/build/index.js:1824:9)
      at Object.throwingMatcher [as toThrow] (node_modules/expect/build/index.js:2235:93)
      at Object.toThrow (src/services/unified/__tests__/UnifiedDataService.test.ts:282:12)
    at Object.toThrow (C:\Users\bcmad\Downloads\A1Betting7-13.2\frontend\src\services\unified\__tests__\UnifiedDataService.test.ts:282:12)
    at Promise.finally.completed (C:\Users\bcmad\Downloads\A1Betting7-13.2\frontend\node_modules\jest-circus\build\jestAdapterInit.js:1559:28)
    at new Promise (&lt;anonymous&gt;)
    at callAsyncCircusFn (C:\Users\bcmad\Downloads\A1Betting7-13.2\frontend\node_modules\jest-circus\build\jestAdapterInit.js:1499:10)
    at _callCircusTest (C:\Users\bcmad\Downloads\A1Betting7-13.2\frontend\node_modules\jest-circus\build\jestAdapterInit.js:1009:40)
    at _runTest (C:\Users\bcmad\Downloads\A1Betting7-13.2\frontend\node_modules\jest-circus\build\jestAdapterInit.js:949:3)
    at _runTestsForDescribeBlock (C:\Users\bcmad\Downloads\A1Betting7-13.2\frontend\node_modules\jest-circus\build\jestAdapterInit.js:839:13)
    at _runTestsForDescribeBlock (C:\Users\bcmad\Downloads\A1Betting7-13.2\frontend\node_modules\jest-circus\build\jestAdapterInit.js:829:11)
    at run (C:\Users\bcmad\Downloads\A1Betting7-13.2\frontend\node_modules\jest-circus\build\jestAdapterInit.js:757:3)
    at runAndTransformResultsToJestFormat (C:\Users\bcmad\Downloads\A1Betting7-13.2\frontend\node_modules\jest-circus\build\jestAdapterInit.js:1920:21)
    at jestAdapter (C:\Users\bcmad\Downloads\A1Betting7-13.2\frontend\node_modules\jest-circus\build\runner.js:101:19)
    at runTestInternal (C:\Users\bcmad\Downloads\A1Betting7-13.2\frontend\node_modules\jest-runner\build\index.js:275:16)
    at runTest (C:\Users\bcmad\Downloads\A1Betting7-13.2\frontend\node_modules\jest-runner\build\index.js:343:7)</failure>
    </testcase>
  </testsuite>
  <testsuite name="UnifiedAnalyticsService" errors="0" failures="0" skipped="0" timestamp="2025-08-09T20:43:16" time="0.785" tests="3">
    <testcase classname="UnifiedAnalyticsService UnifiedAnalyticsService should return a singleton instance" name="UnifiedAnalyticsService UnifiedAnalyticsService should return a singleton instance" time="0.006">
    </testcase>
    <testcase classname="UnifiedAnalyticsService should return recent activity as an array sorted by timestamp" name="UnifiedAnalyticsService should return recent activity as an array sorted by timestamp" time="0.001">
    </testcase>
    <testcase classname="UnifiedAnalyticsService should fetch performance metrics (mocked)" name="UnifiedAnalyticsService should fetch performance metrics (mocked)" time="0.001">
    </testcase>
  </testsuite>
  <testsuite name="MasterServiceRegistry" errors="0" failures="0" skipped="0" timestamp="2025-08-09T20:43:17" time="0.102" tests="4">
    <testcase classname="MasterServiceRegistry should return a singleton instance" name="MasterServiceRegistry should return a singleton instance" time="0.001">
    </testcase>
    <testcase classname="MasterServiceRegistry should register and retrieve services" name="MasterServiceRegistry should register and retrieve services" time="0">
    </testcase>
    <testcase classname="MasterServiceRegistry should update and retrieve service health" name="MasterServiceRegistry should update and retrieve service health" time="0">
    </testcase>
    <testcase classname="MasterServiceRegistry should initialize and retrieve service metrics" name="MasterServiceRegistry should initialize and retrieve service metrics" time="0.001">
    </testcase>
  </testsuite>
</testsuites>