<?xml version="1.0" encoding="UTF-8"?>
<testsuites name="jest tests" tests="185" failures="0" errors="0" time="5.392">
  <testsuite name="propOllamaService" errors="0" failures="0" skipped="0" timestamp="2025-08-01T05:32:23" time="1.753" tests="11">
    <testcase classname="propOllamaService" name="sendChatMessage sends request to correct endpoint" time="0.054">
    </testcase>
    <testcase classname="propOllamaService" name="getPropOllamaHealth sends request to correct endpoint" time="0.006">
    </testcase>
    <testcase classname="propOllamaService" name="getAvailableModels sends request to correct endpoint" time="0.005">
    </testcase>
    <testcase classname="propOllamaService" name="getModelHealth sends request to correct endpoint" time="0.005">
    </testcase>
    <testcase classname="propOllamaService" name="handles network errors gracefully" time="0.012">
    </testcase>
    <testcase classname="propOllamaService" name="handles HTTP errors with details" time="0.005">
    </testcase>
    <testcase classname="propOllamaService" name="getConversationStarters returns array of suggestions" time="0.002">
    </testcase>
    <testcase classname="propOllamaService" name="getChatHistory returns chat history array" time="0.001">
    </testcase>
    <testcase classname="propOllamaService" name="clearChatHistory clears the chat history" time="0.002">
    </testcase>
    <testcase classname="propOllamaService" name="getSystemStatus returns system status" time="0.004">
    </testcase>
    <testcase classname="propOllamaService" name="formatShapExplanation formats SHAP values correctly" time="0.001">
    </testcase>
  </testsuite>
  <testsuite name="MetricsContext" errors="0" failures="0" skipped="0" timestamp="2025-08-01T05:32:23" time="1.888" tests="1">
    <testcase classname="MetricsContext" name="provides default values and track function" time="0.031">
    </testcase>
  </testsuite>
  <testsuite name="ThemeContext" errors="0" failures="0" skipped="0" timestamp="2025-08-01T05:32:23" time="1.892" tests="1">
    <testcase classname="ThemeContext" name="provides default values and allows theme change" time="0.032">
    </testcase>
  </testsuite>
  <testsuite name="AuthContext Admin Functionality" errors="0" failures="0" skipped="0" timestamp="2025-08-01T05:32:23" time="1.999" tests="5">
    <testcase classname="AuthContext Admin Functionality" name="should detect admin user with admin email" time="0.036">
    </testcase>
    <testcase classname="AuthContext Admin Functionality" name="should detect admin user with cole email" time="0.005">
    </testcase>
    <testcase classname="AuthContext Admin Functionality" name="should not detect admin for regular user" time="0.003">
    </testcase>
    <testcase classname="AuthContext Admin Functionality" name="should return false for isAdmin when no user" time="0.003">
    </testcase>
    <testcase classname="AuthContext Admin Functionality" name="should clear admin status on logout" time="0.048">
    </testcase>
  </testsuite>
  <testsuite name="WebSocketContext" errors="0" failures="0" skipped="0" timestamp="2025-08-01T05:32:23" time="2.012" tests="1">
    <testcase classname="WebSocketContext" name="provides default values" time="0.111">
    </testcase>
  </testsuite>
  <testsuite name="SocialSentimentAdapter" errors="0" failures="0" skipped="0" timestamp="2025-08-01T05:32:25" time="0.266" tests="3">
    <testcase classname="SocialSentimentAdapter" name="should be available" time="0.001">
    </testcase>
    <testcase classname="SocialSentimentAdapter" name="should fetch sentiment data and cache it" time="0.001">
    </testcase>
    <testcase classname="SocialSentimentAdapter" name="should clear cache" time="0">
    </testcase>
  </testsuite>
  <testsuite name="location utils" errors="0" failures="0" skipped="0" timestamp="2025-08-01T05:32:25" time="0.276" tests="4">
    <testcase classname="location utils" name="getLocation should return window.location" time="0.001">
    </testcase>
    <testcase classname="location utils" name="getQueryParams should parse query parameters correctly" time="0.003">
    </testcase>
    <testcase classname="location utils" name="navigateTo should be callable" time="0.009">
    </testcase>
    <testcase classname="location utils" name="reloadPage should be callable" time="0.001">
    </testcase>
  </testsuite>
  <testsuite name="AffiliateService" errors="0" failures="0" skipped="0" timestamp="2025-08-01T05:32:25" time="0.364" tests="6">
    <testcase classname="AffiliateService" name="fetches affiliate links" time="0.004">
    </testcase>
    <testcase classname="AffiliateService" name="throws on affiliate links fetch failure" time="0.003">
    </testcase>
    <testcase classname="AffiliateService" name="tracks affiliate click" time="0.001">
    </testcase>
    <testcase classname="AffiliateService" name="throws on affiliate click track failure" time="0">
    </testcase>
    <testcase classname="AffiliateService" name="fetches affiliate offers" time="0.002">
    </testcase>
    <testcase classname="AffiliateService" name="throws on affiliate offers fetch failure" time="0.001">
    </testcase>
  </testsuite>
  <testsuite name="encryption utils" errors="0" failures="0" skipped="0" timestamp="2025-08-01T05:32:25" time="0.331" tests="3">
    <testcase classname="encryption utils" name="should encrypt and decrypt data correctly" time="0.006">
    </testcase>
    <testcase classname="encryption utils" name="should throw on invalid decryption" time="0.008">
    </testcase>
    <testcase classname="encryption utils" name="should throw on invalid encryption input" time="0.007">
    </testcase>
  </testsuite>
  <testsuite name="RefereeService" errors="0" failures="0" skipped="0" timestamp="2025-08-01T05:32:25" time="0.497" tests="8">
    <testcase classname="RefereeService" name="fetches referee stats" time="0.002">
    </testcase>
    <testcase classname="RefereeService" name="throws on referee stats fetch failure" time="0.004">
    </testcase>
    <testcase classname="RefereeService" name="fetches batch referee stats" time="0.001">
    </testcase>
    <testcase classname="RefereeService" name="throws on batch referee stats fetch failure" time="0.001">
    </testcase>
    <testcase classname="RefereeService" name="searches referees" time="0.001">
    </testcase>
    <testcase classname="RefereeService" name="throws on search referees failure" time="0.001">
    </testcase>
    <testcase classname="RefereeService" name="fetches referee modeling" time="0.001">
    </testcase>
    <testcase classname="RefereeService" name="throws on referee modeling fetch failure" time="0">
    </testcase>
  </testsuite>
  <testsuite name="userSettings utils" errors="0" failures="0" skipped="0" timestamp="2025-08-01T05:32:26" time="0.319" tests="15">
    <testcase classname="userSettings utils" name="getUserSettings should return default settings if nothing in localStorage" time="0.001">
    </testcase>
    <testcase classname="userSettings utils" name="getUserSettings should return parsed settings from localStorage" time="0.001">
    </testcase>
    <testcase classname="userSettings utils" name="getUserSettings should merge saved settings with defaults" time="0.001">
    </testcase>
    <testcase classname="userSettings utils" name="applySettings should apply dark mode class and background color" time="0.004">
    </testcase>
    <testcase classname="userSettings utils" name="applySettings should set font size" time="0.026">
    </testcase>
    <testcase classname="userSettings utils" name="saveUserSettings should save settings to localStorage and apply them" time="0.014">
    </testcase>
    <testcase classname="userSettings utils" name="getUserDisplayName should return name from localStorage if available" time="0.001">
    </testcase>
    <testcase classname="userSettings utils" name="getUserDisplayName should return name from settings if not in localStorage" time="0">
    </testcase>
    <testcase classname="userSettings utils" name="getUserDisplayName should return default if no name found" time="0">
    </testcase>
    <testcase classname="userSettings utils" name="getUserEmail should return email from localStorage if available" time="0.001">
    </testcase>
    <testcase classname="userSettings utils" name="getUserEmail should return email from settings if not in localStorage" time="0.011">
    </testcase>
    <testcase classname="userSettings utils" name="getUserEmail should return default if no email found" time="0">
    </testcase>
    <testcase classname="userSettings utils" name="isDarkMode should return dark mode setting" time="0.002">
    </testcase>
    <testcase classname="userSettings utils" name="isDarkMode should return default if settings not found" time="0">
    </testcase>
    <testcase classname="userSettings utils" name="initializeSettings should get and apply settings" time="0.001">
    </testcase>
  </testsuite>
  <testsuite name="UnifiedOllama" errors="0" failures="0" skipped="0" timestamp="2025-08-01T05:32:23" time="2.622" tests="3">
    <testcase classname="UnifiedOllama" name="renders onboarding banner and chat input" time="0.085">
    </testcase>
    <testcase classname="UnifiedOllama" name="shows best bets sidebar" time="0.017">
    </testcase>
    <testcase classname="UnifiedOllama" name="allows user to type and send a message" time="0.191">
    </testcase>
  </testsuite>
  <testsuite name="ComprehensiveAdminDashboard" errors="0" failures="0" skipped="0" timestamp="2025-08-01T05:32:23" time="2.627" tests="6">
    <testcase classname="ComprehensiveAdminDashboard" name="renders dashboard data and panels when loaded" time="0.039">
    </testcase>
    <testcase classname="ComprehensiveAdminDashboard" name="shows loading state" time="0">
    </testcase>
    <testcase classname="ComprehensiveAdminDashboard" name="shows error state" time="0.001">
    </testcase>
    <testcase classname="ComprehensiveAdminDashboard" name="renders dashboard data and panels when loaded" time="0.226">
    </testcase>
    <testcase classname="ComprehensiveAdminDashboard" name="shows loading state" time="0.021">
    </testcase>
    <testcase classname="ComprehensiveAdminDashboard" name="shows error state" time="0.003">
    </testcase>
  </testsuite>
  <testsuite name="undefined" errors="0" failures="0" skipped="0" timestamp="2025-08-01T05:32:23" time="2.657" tests="2">
    <testcase classname="" name="displays health check status" time="0.665">
    </testcase>
    <testcase classname="" name="displays AI response for valid message" time="0.134">
    </testcase>
  </testsuite>
  <testsuite name="confidenceSlice" errors="0" failures="0" skipped="0" timestamp="2025-08-01T05:32:26" time="0.381" tests="1">
    <testcase classname="confidenceSlice" name="should run a placeholder test" time="0.001">
    </testcase>
  </testsuite>
  <testsuite name="DailyFantasyIntegration" errors="0" failures="0" skipped="0" timestamp="2025-08-01T05:32:26" time="0.398" tests="1">
    <testcase classname="DailyFantasyIntegration" name="should run a placeholder test" time="0.001">
    </testcase>
  </testsuite>
  <testsuite name="A1Betting App Flows" errors="0" failures="0" skipped="0" timestamp="2025-08-01T05:32:23" time="2.741" tests="3">
    <testcase classname="A1Betting App Flows" name="Registration form validation and submission" time="0.186">
    </testcase>
    <testcase classname="A1Betting App Flows" name="Login form validation and submission" time="0.052">
    </testcase>
    <testcase classname="A1Betting App Flows" name="BetSlip validation and submission" time="0.131">
    </testcase>
  </testsuite>
  <testsuite name="bettingOpportunityService" errors="0" failures="0" skipped="0" timestamp="2025-08-01T05:32:26" time="0.296" tests="1">
    <testcase classname="bettingOpportunityService" name="should run a placeholder test" time="0.001">
    </testcase>
  </testsuite>
  <testsuite name="undefined" errors="0" failures="0" skipped="0" timestamp="2025-08-01T05:32:23" time="2.798" tests="3">
    <testcase classname="" name="displays health check status" time="0.177">
    </testcase>
    <testcase classname="" name="displays backend error message" time="0.105">
    </testcase>
    <testcase classname="" name="displays AI response for valid message" time="0.2">
    </testcase>
  </testsuite>
  <testsuite name="ConfidenceBandChart" errors="0" failures="0" skipped="0" timestamp="2025-08-01T05:32:26" time="0.341" tests="1">
    <testcase classname="ConfidenceBandChart" name="should run a placeholder test" time="0.001">
    </testcase>
  </testsuite>
  <testsuite name="App E2E - Empty State" errors="0" failures="0" skipped="0" timestamp="2025-08-01T05:32:23" time="2.885" tests="1">
    <testcase classname="App E2E - Empty State" name="shows empty state if no enhanced bets are returned" time="0.989">
    </testcase>
  </testsuite>
  <testsuite name="App E2E" errors="0" failures="0" skipped="0" timestamp="2025-08-01T05:32:23" time="2.847" tests="2">
    <testcase classname="App E2E" name="renders the main headings and prop cards" time="0.308">
    </testcase>
    <testcase classname="App E2E" name="shows error state if API returns error" time="0.057">
    </testcase>
  </testsuite>
  <testsuite name="Minimal useState E2E" errors="0" failures="0" skipped="0" timestamp="2025-08-01T05:32:26" time="0.449" tests="1">
    <testcase classname="Minimal useState E2E" name="renders and updates state" time="0.007">
    </testcase>
  </testsuite>
  <testsuite name="App E2E Error State" errors="0" failures="0" skipped="0" timestamp="2025-08-01T05:32:23" time="2.888" tests="1">
    <testcase classname="App E2E Error State" name="shows error state if API returns error" time="0.847">
    </testcase>
  </testsuite>
  <testsuite name="PropOllamaUnified E2E" errors="0" failures="0" skipped="0" timestamp="2025-08-01T05:32:23" time="2.898" tests="7">
    <testcase classname="PropOllamaUnified E2E" name="renders the component" time="0.275">
    </testcase>
    <testcase classname="PropOllamaUnified E2E" name="expands prop card and loads analysis" time="0.14">
    </testcase>
    <testcase classname="PropOllamaUnified E2E" name="shows loading state while fetching analysis" time="0.034">
    </testcase>
    <testcase classname="PropOllamaUnified E2E" name="handles error when fetching analysis" time="0.059">
    </testcase>
    <testcase classname="PropOllamaUnified E2E" name="shows fallback content when LLM is unavailable" time="0.03">
    </testcase>
    <testcase classname="PropOllamaUnified E2E" name="shows stale content when refreshing in background" time="0.032">
    </testcase>
    <testcase classname="PropOllamaUnified E2E" name="collapses expanded row when clicked again" time="0.041">
    </testcase>
  </testsuite>
  <testsuite name="BetRecommendationCard" errors="0" failures="0" skipped="0" timestamp="2025-08-01T05:32:26" time="0.314" tests="1">
    <testcase classname="BetRecommendationCard" name="should run a placeholder test" time="0.001">
    </testcase>
  </testsuite>
  <testsuite name="ShapExplanation" errors="0" failures="0" skipped="0" timestamp="2025-08-01T05:32:26" time="0.294" tests="1">
    <testcase classname="ShapExplanation" name="should run a placeholder test" time="0.001">
    </testcase>
  </testsuite>
  <testsuite name="UserPersonalizationService" errors="0" failures="0" skipped="0" timestamp="2025-08-01T05:32:26" time="0.363" tests="2">
    <testcase classname="UserPersonalizationService" name="should return a singleton instance" time="0.001">
    </testcase>
    <testcase classname="UserPersonalizationService" name="should initialize with empty userProfiles and clusters" time="0">
    </testcase>
  </testsuite>
  <testsuite name="RefereeImpactModel" errors="0" failures="0" skipped="0" timestamp="2025-08-01T05:32:26" time="0.278" tests="1">
    <testcase classname="RefereeImpactModel" name="should run a basic test" time="0.001">
    </testcase>
  </testsuite>
  <testsuite name="PropOllamaUnified" errors="0" failures="0" skipped="0" timestamp="2025-08-01T05:32:23" time="3.04" tests="6">
    <testcase classname="PropOllamaUnified" name="loads and sorts best bets by confidence" time="0.197">
    </testcase>
    <testcase classname="PropOllamaUnified" name="shows confidence badge and bar" time="0.13">
    </testcase>
    <testcase classname="PropOllamaUnified" name="expand/collapse explanation" time="0.337">
    </testcase>
    <testcase classname="PropOllamaUnified" name="handles empty state" time="0.009">
    </testcase>
    <testcase classname="PropOllamaUnified" name="is accessible (banner, headings)" time="0.011">
    </testcase>
    <testcase classname="" name="renders MLB odds and props as cards when backend returns MLB data" time="0.096">
    </testcase>
  </testsuite>
  <testsuite name="DataPipeline" errors="0" failures="0" skipped="0" timestamp="2025-08-01T05:32:26" time="0.265" tests="1">
    <testcase classname="DataPipeline" name="should run a dummy test" time="0.001">
    </testcase>
  </testsuite>
  <testsuite name="VenueEffectModel" errors="0" failures="0" skipped="0" timestamp="2025-08-01T05:32:26" time="0.384" tests="1">
    <testcase classname="VenueEffectModel" name="should run a basic test" time="0">
    </testcase>
  </testsuite>
  <testsuite name="AppContext" errors="0" failures="0" skipped="0" timestamp="2025-08-01T05:32:26" time="0.364" tests="1">
    <testcase classname="AppContext" name="provides default values and allows updating user" time="0.009">
    </testcase>
  </testsuite>
  <testsuite name="PredictionGenerator" errors="0" failures="0" skipped="0" timestamp="2025-08-01T05:32:26" time="0.307" tests="1">
    <testcase classname="PredictionGenerator" name="should have at least one test" time="0.001">
    </testcase>
  </testsuite>
  <testsuite name="PvPMatchupModel" errors="0" failures="0" skipped="0" timestamp="2025-08-01T05:32:26" time="0.274" tests="1">
    <testcase classname="PvPMatchupModel" name="should run a basic test" time="0.001">
    </testcase>
  </testsuite>
  <testsuite name="FantasyPredictionEnhancer" errors="0" failures="0" skipped="0" timestamp="2025-08-01T05:32:26" time="0.324" tests="1">
    <testcase classname="FantasyPredictionEnhancer" name="should run a placeholder test" time="0">
    </testcase>
  </testsuite>
  <testsuite name="PropAnalysisAggregator" errors="0" failures="0" skipped="0" timestamp="2025-08-01T05:32:26" time="0.305" tests="11">
    <testcase classname="PropAnalysisAggregator" name="getAnalysis returns cached analysis if available" time="0.003">
    </testcase>
    <testcase classname="PropAnalysisAggregator" name="getAnalysis returns stale analysis and refreshes in background" time="0.002">
    </testcase>
    <testcase classname="PropAnalysisAggregator" name="getAnalysis generates new analysis when cache is empty" time="0.002">
    </testcase>
    <testcase classname="PropAnalysisAggregator" name="getAnalysis handles errors and generates fallback content" time="0.005">
    </testcase>
    <testcase classname="PropAnalysisAggregator" name="getAnalysis rethrows error if fallback is not available" time="0.005">
    </testcase>
    <testcase classname="PropAnalysisAggregator" name="parseResponse extracts analysis sections correctly" time="0">
    </testcase>
    <testcase classname="PropAnalysisAggregator" name="parseResponse handles missing sections gracefully" time="0.001">
    </testcase>
    <testcase classname="PropAnalysisAggregator" name="buildPrompt creates appropriate prompt" time="0.001">
    </testcase>
    <testcase classname="PropAnalysisAggregator" name="parseResponse extracts analysis sections correctly" time="0.001">
    </testcase>
    <testcase classname="PropAnalysisAggregator" name="parseResponse handles missing sections gracefully" time="0.001">
    </testcase>
    <testcase classname="PropAnalysisAggregator" name="buildPrompt creates appropriate prompt" time="0.001">
    </testcase>
  </testsuite>
  <testsuite name="safeNumber utils" errors="0" failures="0" skipped="0" timestamp="2025-08-01T05:32:26" time="0.323" tests="13">
    <testcase classname="safeNumber utils" name="safeNumber should format a number correctly" time="0.002">
    </testcase>
    <testcase classname="safeNumber utils" name="safeNumber should handle string input" time="0">
    </testcase>
    <testcase classname="safeNumber utils" name="safeNumber should handle invalid input with fallback" time="0.001">
    </testcase>
    <testcase classname="safeNumber utils" name="safePercentage should format a percentage correctly" time="0">
    </testcase>
    <testcase classname="safeNumber utils" name="safePercentage should handle invalid input with default fallback" time="0.001">
    </testcase>
    <testcase classname="safeNumber utils" name="safeCurrency should format currency correctly" time="0.001">
    </testcase>
    <testcase classname="safeNumber utils" name="safeCurrency should handle invalid input with default fallback" time="0.001">
    </testcase>
    <testcase classname="safeNumber utils" name="safeCompactNumber should format large numbers with suffixes" time="0.001">
    </testcase>
    <testcase classname="safeNumber utils" name="safeCompactNumber should handle invalid input with default fallback" time="0">
    </testcase>
    <testcase classname="safeNumber utils" name="safeDivision should perform division correctly" time="0.001">
    </testcase>
    <testcase classname="safeNumber utils" name="safeDivision should handle invalid input with fallback" time="0.001">
    </testcase>
    <testcase classname="safeNumber utils" name="safePercentageChange should calculate percentage change correctly" time="0.001">
    </testcase>
    <testcase classname="safeNumber utils" name="safePercentageChange should handle invalid input with default fallback" time="0">
    </testcase>
  </testsuite>
  <testsuite name="PropOllamaError" errors="0" failures="0" skipped="0" timestamp="2025-08-01T05:32:26" time="0.305" tests="13">
    <testcase classname="PropOllamaError" name="creates network error" time="0.001">
    </testcase>
    <testcase classname="PropOllamaError" name="creates timeout error" time="0">
    </testcase>
    <testcase classname="PropOllamaError" name="creates LLM unavailable error" time="0">
    </testcase>
    <testcase classname="PropOllamaError" name="creates data fetch error" time="0">
    </testcase>
    <testcase classname="PropOllamaError" name="creates insufficient data error" time="0.001">
    </testcase>
    <testcase classname="PropOllamaError" name="creates parsing error" time="0.001">
    </testcase>
    <testcase classname="PropOllamaError" name="creates unknown error" time="0">
    </testcase>
    <testcase classname="PropOllamaError" name="converts generic error to PropOllamaError" time="0">
    </testcase>
    <testcase classname="PropOllamaError" name="converts Axios error to PropOllamaError" time="0.001">
    </testcase>
    <testcase classname="PropOllamaError" name="converts Axios network error to PropOllamaError" time="0">
    </testcase>
    <testcase classname="PropOllamaError" name="converts Axios timeout error to PropOllamaError" time="0.001">
    </testcase>
    <testcase classname="PropOllamaError" name="handles error with details" time="0.001">
    </testcase>
    <testcase classname="PropOllamaError" name="preserves PropOllamaError when converting from error" time="0.001">
    </testcase>
  </testsuite>
  <testsuite name="cacheUtils" errors="0" failures="0" skipped="0" timestamp="2025-08-01T05:32:26" time="0.266" tests="1">
    <testcase classname="cacheUtils" name="should run a placeholder test" time="0.001">
    </testcase>
  </testsuite>
  <testsuite name="UnifiedPredictionService" errors="0" failures="0" skipped="0" timestamp="2025-08-01T05:32:26" time="0.257" tests="1">
    <testcase classname="UnifiedPredictionService" name="should run a placeholder test" time="0.001">
    </testcase>
  </testsuite>
  <testsuite name="LineupSynergyModel" errors="0" failures="0" skipped="0" timestamp="2025-08-01T05:32:27" time="0.286" tests="1">
    <testcase classname="LineupSynergyModel" name="should run a basic test" time="0.001">
    </testcase>
  </testsuite>
  <testsuite name="PredictionExplanationModal" errors="0" failures="0" skipped="0" timestamp="2025-08-01T05:32:27" time="0.283" tests="1">
    <testcase classname="PredictionExplanationModal" name="should run a placeholder test" time="0.001">
    </testcase>
  </testsuite>
  <testsuite name="AnalysisCacheService" errors="0" failures="0" skipped="0" timestamp="2025-08-01T05:32:26" time="0.318" tests="12">
    <testcase classname="AnalysisCacheService" name="getInstance returns singleton instance" time="0.002">
    </testcase>
    <testcase classname="AnalysisCacheService" name="generateCacheKey creates consistent keys" time="0.001">
    </testcase>
    <testcase classname="AnalysisCacheService" name="set and get work correctly" time="0.002">
    </testcase>
    <testcase classname="AnalysisCacheService" name="has returns true for existing item" time="0">
    </testcase>
    <testcase classname="AnalysisCacheService" name="has returns false for non-existent item" time="0.001">
    </testcase>
    <testcase classname="AnalysisCacheService" name="delete removes item from cache" time="0.001">
    </testcase>
    <testcase classname="AnalysisCacheService" name="clear removes all items from cache" time="0.001">
    </testcase>
    <testcase classname="AnalysisCacheService" name="get returns null for expired item and isStale for stale item" time="0.001">
    </testcase>
    <testcase classname="AnalysisCacheService" name="get returns stale item with isStale flag" time="0.001">
    </testcase>
    <testcase classname="AnalysisCacheService" name="getStats returns cache statistics" time="0.009">
    </testcase>
    <testcase classname="AnalysisCacheService" name="set with custom TTL" time="0.002">
    </testcase>
    <testcase classname="AnalysisCacheService" name="localStorage integration" time="0.001">
    </testcase>
  </testsuite>
  <testsuite name="BetRecommendationList" errors="0" failures="0" skipped="0" timestamp="2025-08-01T05:32:27" time="0.267" tests="1">
    <testcase classname="BetRecommendationList" name="should run a placeholder test" time="0.001">
    </testcase>
  </testsuite>
  <testsuite name="UnifiedBettingAnalytics" errors="0" failures="0" skipped="0" timestamp="2025-08-01T05:32:27" time="0.288" tests="1">
    <testcase classname="UnifiedBettingAnalytics" name="should have at least one test" time="0.001">
    </testcase>
  </testsuite>
  <testsuite name="UserFriendlyApp" errors="0" failures="0" skipped="0" timestamp="2025-08-01T05:32:27" time="0.292" tests="1">
    <testcase classname="UserFriendlyApp" name="should run a placeholder test" time="0.001">
    </testcase>
  </testsuite>
  <testsuite name="Analytics Logging" errors="0" failures="0" skipped="0" timestamp="2025-08-01T05:32:27" time="0.308" tests="1">
    <testcase classname="Analytics Logging" name="logs data without throwing" time="0.009">
    </testcase>
  </testsuite>
  <testsuite name="RiskAssessmentService" errors="0" failures="0" skipped="0" timestamp="2025-08-01T05:32:27" time="0.299" tests="1">
    <testcase classname="RiskAssessmentService" name="classifies risk correctly" time="0.001">
    </testcase>
  </testsuite>
  <testsuite name="advancedPredictionService" errors="0" failures="0" skipped="0" timestamp="2025-08-01T05:32:27" time="0.331" tests="1">
    <testcase classname="advancedPredictionService" name="should run a placeholder test" time="0.001">
    </testcase>
  </testsuite>
  <testsuite name="ModelPerformanceTracker" errors="0" failures="0" skipped="0" timestamp="2025-08-01T05:32:27" time="0.308" tests="1">
    <testcase classname="ModelPerformanceTracker" name="should run a placeholder test" time="0.001">
    </testcase>
  </testsuite>
  <testsuite name="ShapExplanation" errors="0" failures="0" skipped="0" timestamp="2025-08-01T05:32:27" time="0.334" tests="1">
    <testcase classname="ShapExplanation" name="should run a placeholder test" time="0.001">
    </testcase>
  </testsuite>
  <testsuite name="PatternRecognitionService" errors="0" failures="0" skipped="0" timestamp="2025-08-01T05:32:27" time="0.309" tests="1">
    <testcase classname="PatternRecognitionService" name="detects pattern structure" time="0.004">
    </testcase>
  </testsuite>
  <testsuite name="Dashboard" errors="0" failures="0" skipped="0" timestamp="2025-08-01T05:32:27" time="0.376" tests="1">
    <testcase classname="Dashboard" name="should run a placeholder test" time="0.001">
    </testcase>
  </testsuite>
  <testsuite name="marketAnalysisService" errors="0" failures="0" skipped="0" timestamp="2025-08-01T05:32:27" time="0.326" tests="1">
    <testcase classname="marketAnalysisService" name="should run a placeholder test" time="0.001">
    </testcase>
  </testsuite>
  <testsuite name="PlayerFormModel" errors="0" failures="0" skipped="0" timestamp="2025-08-01T05:32:27" time="0.326" tests="1">
    <testcase classname="PlayerFormModel" name="should run a basic test" time="0.001">
    </testcase>
  </testsuite>
  <testsuite name="RiskAssessmentMatrix" errors="0" failures="0" skipped="0" timestamp="2025-08-01T05:32:27" time="0.289" tests="1">
    <testcase classname="RiskAssessmentMatrix" name="should run a placeholder test" time="0.001">
    </testcase>
  </testsuite>
  <testsuite name="BestBetSelector" errors="0" failures="0" skipped="0" timestamp="2025-08-01T05:32:27" time="0.311" tests="1">
    <testcase classname="BestBetSelector" name="should run a placeholder test" time="0.001">
    </testcase>
  </testsuite>
  <testsuite name="SocialSentimentService" errors="0" failures="0" skipped="0" timestamp="2025-08-01T05:32:27" time="0.306" tests="3">
    <testcase classname="SocialSentimentService" name="is a singleton" time="0.001">
    </testcase>
    <testcase classname="SocialSentimentService" name="throws if feature is disabled" time="0.003">
    </testcase>
    <testcase classname="SocialSentimentService" name="throws not implemented if enabled" time="0.001">
    </testcase>
  </testsuite>
  <testsuite name="predictionService" errors="0" failures="0" skipped="0" timestamp="2025-08-01T05:32:27" time="0.276" tests="1">
    <testcase classname="predictionService" name="should run a placeholder test" time="0.001">
    </testcase>
  </testsuite>
  <testsuite name="prizePicksService" errors="0" failures="0" skipped="0" timestamp="2025-08-01T05:32:27" time="0.27" tests="1">
    <testcase classname="prizePicksService" name="should run a placeholder test" time="0.001">
    </testcase>
  </testsuite>
  <testsuite name="BankrollTracker" errors="0" failures="0" skipped="0" timestamp="2025-08-01T05:32:27" time="0.223" tests="1">
    <testcase classname="BankrollTracker" name="should run a placeholder test" time="0">
    </testcase>
  </testsuite>
  <testsuite name="FinalPredictionEngine" errors="0" failures="0" skipped="0" timestamp="2025-08-01T05:32:27" time="0.273" tests="1">
    <testcase classname="FinalPredictionEngine" name="should run a placeholder test" time="0.001">
    </testcase>
  </testsuite>
  <testsuite name="LiveStream component" errors="0" failures="0" skipped="0" timestamp="2025-08-01T05:32:27" time="0.332" tests="3">
    <testcase classname="LiveStream component" name="renders the onboarding banner and safety tips" time="0.008">
    </testcase>
    <testcase classname="LiveStream component" name="renders the header with the correct title and external link" time="0.011">
    </testcase>
    <testcase classname="LiveStream component" name="renders the button to open the live stream site" time="0.004">
    </testcase>
  </testsuite>
</testsuites>