============================= test session starts =============================
platform win32 -- Python 3.12.0, pytest-8.4.1, pluggy-1.6.0 -- C:\Users\bcmad\AppData\Local\Programs\Python\Python312\python.exe
cachedir: .pytest_cache
rootdir: C:\Users\bcmad\Downloads\A1Betting7-13.2
configfile: pytest.ini
plugins: anyio-4.9.0, asyncio-1.1.0
asyncio: mode=Mode.AUTO, asyncio_default_fixture_loop_scope=None, asyncio_default_test_loop_scope=function
collecting ... collected 1 item

tests/backend/test_clv_metrics_failure_path.py::test_clv_metrics_failure_path FAILED [100%]

================================== FAILURES ===================================
________________________ test_clv_metrics_failure_path ________________________
tests\backend\test_clv_metrics_failure_path.py:62: in test_clv_metrics_failure_path
    mock_clv_instance.record_failure.assert_called()
..\..\AppData\Local\Programs\Python\Python312\Lib\unittest\mock.py:913: in assert_called
    raise AssertionError(msg)
E   AssertionError: Expected 'record_failure' to have been called.
---------------------------- Captured stdout call -----------------------------
2025-10-21 16:34:39,419 - a1betting.enhanced_data_pipeline - INFO - DATASOURCE: Registered data source: theodds_api
2025-10-21 16:34:39,419 - a1betting.enhanced_data_pipeline - INFO - DATASOURCE: Registered data source: mlb_stats_api
2025-10-21 16:34:39,422 - a1betting.enhanced_data_pipeline - INFO - DATASOURCE: Registered data source: theodds_api
2025-10-21 16:34:39,422 - a1betting.enhanced_data_pipeline - INFO - DATASOURCE: Registered data source: mlb_stats_api
2025-10-21 16:34:39,897 - a1betting.lazy_sport_manager - INFO - LazySportManager initialized with 4 sports
{"asctime": "2025-10-21 16:34:39,977", "name": "app", "levelname": "WARNING", "message": "\u26a0\ufe0f Using DEPRECATED backend/main.py entry point", "correlation_id": "no-correlation-id", "timestamp": "2025-10-21T21:34:39.977014Z", "app_name": "A1Betting Backend API", "app_version": "2.0.0", "environment": "development", "logger": "app", "level": "WARNING", "file": "structured_logging.py", "line": 121, "function": "_log"}
{"asctime": "2025-10-21 16:34:39,980", "name": "app", "levelname": "INFO", "message": "\ud83d\udd04 Please migrate to backend.core.app.create_app()", "correlation_id": "no-correlation-id", "timestamp": "2025-10-21T21:34:39.980013Z", "app_name": "A1Betting Backend API", "app_version": "2.0.0", "environment": "development", "logger": "app", "level": "INFO", "file": "structured_logging.py", "line": 121, "function": "_log"}
{"asctime": "2025-10-21 16:34:40,107", "name": "app", "levelname": "INFO", "message": "Loaded .env from: C:\\Users\\bcmad\\Downloads\\A1Betting7-13.2\\.env", "correlation_id": "no-correlation-id", "timestamp": "2025-10-21T21:34:40.107122Z", "app_name": "A1Betting Backend API", "app_version": "2.0.0", "environment": "development", "logger": "app", "level": "INFO", "file": "structured_logging.py", "line": 121, "function": "_log"}
{"asctime": "2025-10-21 16:34:40,107", "name": "app", "levelname": "INFO", "message": "Creating A1Betting canonical app...", "correlation_id": "no-correlation-id", "timestamp": "2025-10-21T21:34:40.107122Z", "app_name": "A1Betting Backend API", "app_version": "2.0.0", "environment": "development", "logger": "app", "level": "INFO", "file": "structured_logging.py", "line": 121, "function": "_log"}
{"asctime": "2025-10-21 16:34:40,109", "name": "app", "levelname": "INFO", "message": "Ingestion admin routes included (/api/ingestion)", "correlation_id": "no-correlation-id", "timestamp": "2025-10-21T21:34:40.109124Z", "app_name": "A1Betting Backend API", "app_version": "2.0.0", "environment": "development", "logger": "app", "level": "INFO", "file": "structured_logging.py", "line": 121, "function": "_log"}
{"asctime": "2025-10-21 16:34:40,115", "name": "backend.services.intelligent_ensemble_system", "levelname": "WARNING", "message": "Main prediction engine not available", "correlation_id": "no-correlation-id", "timestamp": "2025-10-21T21:34:40.115112Z", "app_name": "A1Betting Backend API", "app_version": "2.0.0", "environment": "development", "logger": "backend.services.intelligent_ensemble_system", "level": "WARNING", "file": "intelligent_ensemble_system.py", "line": 30, "function": "<module>"}
{"asctime": "2025-10-21 16:34:40,116", "name": "backend.services.intelligent_ensemble_system", "levelname": "WARNING", "message": "Enhanced prediction engine not available", "correlation_id": "no-correlation-id", "timestamp": "2025-10-21T21:34:40.116131Z", "app_name": "A1Betting Backend API", "app_version": "2.0.0", "environment": "development", "logger": "backend.services.intelligent_ensemble_system", "level": "WARNING", "file": "intelligent_ensemble_system.py", "line": 38, "function": "<module>"}
{"asctime": "2025-10-21 16:34:40,116", "name": "backend.services.intelligent_ensemble_system", "levelname": "WARNING", "message": "Ensemble engine not available", "correlation_id": "no-correlation-id", "timestamp": "2025-10-21T21:34:40.116131Z", "app_name": "A1Betting Backend API", "app_version": "2.0.0", "environment": "development", "logger": "backend.services.intelligent_ensemble_system", "level": "WARNING", "file": "intelligent_ensemble_system.py", "line": 46, "function": "<module>"}
{"asctime": "2025-10-21 16:34:40,117", "name": "backend.services.intelligent_ensemble_system", "levelname": "WARNING", "message": "Ultra accuracy engine not available", "correlation_id": "no-correlation-id", "timestamp": "2025-10-21T21:34:40.117128Z", "app_name": "A1Betting Backend API", "app_version": "2.0.0", "environment": "development", "logger": "backend.services.intelligent_ensemble_system", "level": "WARNING", "file": "intelligent_ensemble_system.py", "line": 54, "function": "<module>"}
{"asctime": "2025-10-21 16:34:40,118", "name": "backend.services.intelligent_ensemble_system", "levelname": "WARNING", "message": "Real ML service not available", "correlation_id": "no-correlation-id", "timestamp": "2025-10-21T21:34:40.118112Z", "app_name": "A1Betting Backend API", "app_version": "2.0.0", "environment": "development", "logger": "backend.services.intelligent_ensemble_system", "level": "WARNING", "file": "intelligent_ensemble_system.py", "line": 62, "function": "<module>"}
{"asctime": "2025-10-21 16:34:40,118", "name": "backend.services.intelligent_ensemble_system", "levelname": "WARNING", "message": "Recursive AI not available", "correlation_id": "no-correlation-id", "timestamp": "2025-10-21T21:34:40.118112Z", "app_name": "A1Betting Backend API", "app_version": "2.0.0", "environment": "development", "logger": "backend.services.intelligent_ensemble_system", "level": "WARNING", "file": "intelligent_ensemble_system.py", "line": 70, "function": "<module>"}
{"asctime": "2025-10-21 16:34:40,119", "name": "backend.services.intelligent_ensemble_system", "levelname": "INFO", "message": "\ud83c\udfc6 In-season sports: ['MLB', 'NFL', 'NBA', 'NHL', 'College Football', 'MLS', 'Tennis', 'Golf']", "correlation_id": "no-correlation-id", "timestamp": "2025-10-21T21:34:40.119126Z", "app_name": "A1Betting Backend API", "app_version": "2.0.0", "environment": "development", "logger": "backend.services.intelligent_ensemble_system", "level": "INFO", "file": "intelligent_ensemble_system.py", "line": 166, "function": "_get_in_season_sports"}
{"asctime": "2025-10-21 16:34:40,119", "name": "backend.services.intelligent_ensemble_system", "levelname": "INFO", "message": "\ud83d\ude80 Total engines initialized: 0", "correlation_id": "no-correlation-id", "timestamp": "2025-10-21T21:34:40.120113Z", "app_name": "A1Betting Backend API", "app_version": "2.0.0", "environment": "development", "logger": "backend.services.intelligent_ensemble_system", "level": "INFO", "file": "intelligent_ensemble_system.py", "line": 227, "function": "_initialize_engines"}
{"asctime": "2025-10-21 16:34:40,120", "name": "backend.services.intelligent_ensemble_system", "levelname": "INFO", "message": "\ud83c\udfaf Engine weights: {}", "correlation_id": "no-correlation-id", "timestamp": "2025-10-21T21:34:40.120113Z", "app_name": "A1Betting Backend API", "app_version": "2.0.0", "environment": "development", "logger": "backend.services.intelligent_ensemble_system", "level": "INFO", "file": "intelligent_ensemble_system.py", "line": 253, "function": "_initialize_engine_weights"}
{"asctime": "2025-10-21 16:34:40,120", "name": "backend.services.intelligent_ensemble_system", "levelname": "INFO", "message": "\u2705 Intelligent Ensemble System initialized with 0 engines", "correlation_id": "no-correlation-id", "timestamp": "2025-10-21T21:34:40.120113Z", "app_name": "A1Betting Backend API", "app_version": "2.0.0", "environment": "development", "logger": "backend.services.intelligent_ensemble_system", "level": "INFO", "file": "intelligent_ensemble_system.py", "line": 123, "function": "__init__"}
{"asctime": "2025-10-21 16:34:40,120", "name": "backend.services.unified_data_fetcher", "levelname": "INFO", "message": "\u2705 Intelligent ensemble system loaded successfully", "correlation_id": "no-correlation-id", "timestamp": "2025-10-21T21:34:40.120113Z", "app_name": "A1Betting Backend API", "app_version": "2.0.0", "environment": "development", "logger": "backend.services.unified_data_fetcher", "level": "INFO", "file": "unified_data_fetcher.py", "line": 470, "function": "_initialize_ensemble_system"}
{"asctime": "2025-10-21 16:34:40,124", "name": "sqlalchemy.orm.mapper.Mapper", "levelname": "INFO", "message": "(Player|players) _configure_property(props, _RelationshipDeclared)", "correlation_id": "no-correlation-id", "timestamp": "2025-10-21T21:34:40.124361Z", "app_name": "A1Betting Backend API", "app_version": "2.0.0", "environment": "development", "logger": "sqlalchemy.orm.mapper.Mapper", "level": "INFO", "file": "mapper.py", "line": 2471, "function": "_log"}
{"asctime": "2025-10-21 16:34:40,124", "name": "sqlalchemy.orm.mapper.Mapper", "levelname": "INFO", "message": "(Player|players) _configure_property(id, Column)", "correlation_id": "no-correlation-id", "timestamp": "2025-10-21T21:34:40.124361Z", "app_name": "A1Betting Backend API", "app_version": "2.0.0", "environment": "development", "logger": "sqlalchemy.orm.mapper.Mapper", "level": "INFO", "file": "mapper.py", "line": 2471, "function": "_log"}
{"asctime": "2025-10-21 16:34:40,124", "name": "sqlalchemy.orm.mapper.Mapper", "levelname": "INFO", "message": "(Player|players) _configure_property(external_refs, Column)", "correlation_id": "no-correlation-id", "timestamp": "2025-10-21T21:34:40.124361Z", "app_name": "A1Betting Backend API", "app_version": "2.0.0", "environment": "development", "logger": "sqlalchemy.orm.mapper.Mapper", "level": "INFO", "file": "mapper.py", "line": 2471, "function": "_log"}
{"asctime": "2025-10-21 16:34:40,124", "name": "sqlalchemy.orm.mapper.Mapper", "levelname": "INFO", "message": "(Player|players) _configure_property(name, Column)", "correlation_id": "no-correlation-id", "timestamp": "2025-10-21T21:34:40.124361Z", "app_name": "A1Betting Backend API", "app_version": "2.0.0", "environment": "development", "logger": "sqlalchemy.orm.mapper.Mapper", "level": "INFO", "file": "mapper.py", "line": 2471, "function": "_log"}
{"asctime": "2025-10-21 16:34:40,124", "name": "sqlalchemy.orm.mapper.Mapper", "levelname": "INFO", "message": "(Player|players) _configure_property(team, Column)", "correlation_id": "no-correlation-id", "timestamp": "2025-10-21T21:34:40.124361Z", "app_name": "A1Betting Backend API", "app_version": "2.0.0", "environment": "development", "logger": "sqlalchemy.orm.mapper.Mapper", "level": "INFO", "file": "mapper.py", "line": 2471, "function": "_log"}
{"asctime": "2025-10-21 16:34:40,125", "name": "sqlalchemy.orm.mapper.Mapper", "levelname": "INFO", "message": "(Player|players) _configure_property(position, Column)", "correlation_id": "no-correlation-id", "timestamp": "2025-10-21T21:34:40.125370Z", "app_name": "A1Betting Backend API", "app_version": "2.0.0", "environment": "development", "logger": "sqlalchemy.orm.mapper.Mapper", "level": "INFO", "file": "mapper.py", "line": 2471, "function": "_log"}
{"asctime": "2025-10-21 16:34:40,125", "name": "sqlalchemy.orm.mapper.Mapper", "levelname": "INFO", "message": "(Player|players) _configure_property(sport, Column)", "correlation_id": "no-correlation-id", "timestamp": "2025-10-21T21:34:40.125370Z", "app_name": "A1Betting Backend API", "app_version": "2.0.0", "environment": "development", "logger": "sqlalchemy.orm.mapper.Mapper", "level": "INFO", "file": "mapper.py", "line": 2471, "function": "_log"}
{"asctime": "2025-10-21 16:34:40,125", "name": "sqlalchemy.orm.mapper.Mapper", "levelname": "INFO", "message": "(Player|players) _configure_property(created_at, Column)", "correlation_id": "no-correlation-id", "timestamp": "2025-10-21T21:34:40.125370Z", "app_name": "A1Betting Backend API", "app_version": "2.0.0", "environment": "development", "logger": "sqlalchemy.orm.mapper.Mapper", "level": "INFO", "file": "mapper.py", "line": 2471, "function": "_log"}
{"asctime": "2025-10-21 16:34:40,125", "name": "sqlalchemy.orm.mapper.Mapper", "levelname": "INFO", "message": "(Player|players) _configure_property(updated_at, Column)", "correlation_id": "no-correlation-id", "timestamp": "2025-10-21T21:34:40.125370Z", "app_name": "A1Betting Backend API", "app_version": "2.0.0", "environment": "development", "logger": "sqlalchemy.orm.mapper.Mapper", "level": "INFO", "file": "mapper.py", "line": 2471, "function": "_log"}
{"asctime": "2025-10-21 16:34:40,125", "name": "sqlalchemy.orm.mapper.Mapper", "levelname": "INFO", "message": "(Player|players) Identified primary key columns: OrderedSet([Column('id', Integer(), table=<players>, primary_key=True, nullable=False)])", "correlation_id": "no-correlation-id", "timestamp": "2025-10-21T21:34:40.125370Z", "app_name": "A1Betting Backend API", "app_version": "2.0.0", "environment": "development", "logger": "sqlalchemy.orm.mapper.Mapper", "level": "INFO", "file": "mapper.py", "line": 2471, "function": "_log"}
{"asctime": "2025-10-21 16:34:40,125", "name": "sqlalchemy.orm.mapper.Mapper", "levelname": "INFO", "message": "(Player|players) constructed", "correlation_id": "no-correlation-id", "timestamp": "2025-10-21T21:34:40.125370Z", "app_name": "A1Betting Backend API", "app_version": "2.0.0", "environment": "development", "logger": "sqlalchemy.orm.mapper.Mapper", "level": "INFO", "file": "mapper.py", "line": 2471, "function": "_log"}
{"asctime": "2025-10-21 16:34:40,126", "name": "sqlalchemy.orm.mapper.Mapper", "levelname": "INFO", "message": "(Prop|props) _configure_property(player, _RelationshipDeclared)", "correlation_id": "no-correlation-id", "timestamp": "2025-10-21T21:34:40.127358Z", "app_name": "A1Betting Backend API", "app_version": "2.0.0", "environment": "development", "logger": "sqlalchemy.orm.mapper.Mapper", "level": "INFO", "file": "mapper.py", "line": 2471, "function": "_log"}
{"asctime": "2025-10-21 16:34:40,127", "name": "sqlalchemy.orm.mapper.Mapper", "levelname": "INFO", "message": "(Prop|props) _configure_property(market_quotes, _RelationshipDeclared)", "correlation_id": "no-correlation-id", "timestamp": "2025-10-21T21:34:40.127358Z", "app_name": "A1Betting Backend API", "app_version": "2.0.0", "environment": "development", "logger": "sqlalchemy.orm.mapper.Mapper", "level": "INFO", "file": "mapper.py", "line": 2471, "function": "_log"}
{"asctime": "2025-10-21 16:34:40,127", "name": "sqlalchemy.orm.mapper.Mapper", "levelname": "INFO", "message": "(Prop|props) _configure_property(id, Column)", "correlation_id": "no-correlation-id", "timestamp": "2025-10-21T21:34:40.127358Z", "app_name": "A1Betting Backend API", "app_version": "2.0.0", "environment": "development", "logger": "sqlalchemy.orm.mapper.Mapper", "level": "INFO", "file": "mapper.py", "line": 2471, "function": "_log"}
{"asctime": "2025-10-21 16:34:40,127", "name": "sqlalchemy.orm.mapper.Mapper", "levelname": "INFO", "message": "(Prop|props) _configure_property(player_id, Column)", "correlation_id": "no-correlation-id", "timestamp": "2025-10-21T21:34:40.127358Z", "app_name": "A1Betting Backend API", "app_version": "2.0.0", "environment": "development", "logger": "sqlalchemy.orm.mapper.Mapper", "level": "INFO", "file": "mapper.py", "line": 2471, "function": "_log"}
{"asctime": "2025-10-21 16:34:40,127", "name": "sqlalchemy.orm.mapper.Mapper", "levelname": "INFO", "message": "(Prop|props) _configure_property(prop_type, Column)", "correlation_id": "no-correlation-id", "timestamp": "2025-10-21T21:34:40.127358Z", "app_name": "A1Betting Backend API", "app_version": "2.0.0", "environment": "development", "logger": "sqlalchemy.orm.mapper.Mapper", "level": "INFO", "file": "mapper.py", "line": 2471, "function": "_log"}
{"asctime": "2025-10-21 16:34:40,127", "name": "sqlalchemy.orm.mapper.Mapper", "levelname": "INFO", "message": "(Prop|props) _configure_property(base_unit, Column)", "correlation_id": "no-correlation-id", "timestamp": "2025-10-21T21:34:40.127358Z", "app_name": "A1Betting Backend API", "app_version": "2.0.0", "environment": "development", "logger": "sqlalchemy.orm.mapper.Mapper", "level": "INFO", "file": "mapper.py", "line": 2471, "function": "_log"}
{"asctime": "2025-10-21 16:34:40,127", "name": "sqlalchemy.orm.mapper.Mapper", "levelname": "INFO", "message": "(Prop|props) _configure_property(sport, Column)", "correlation_id": "no-correlation-id", "timestamp": "2025-10-21T21:34:40.127358Z", "app_name": "A1Betting Backend API", "app_version": "2.0.0", "environment": "development", "logger": "sqlalchemy.orm.mapper.Mapper", "level": "INFO", "file": "mapper.py", "line": 2471, "function": "_log"}
{"asctime": "2025-10-21 16:34:40,127", "name": "sqlalchemy.orm.mapper.Mapper", "levelname": "INFO", "message": "(Prop|props) _configure_property(active, Column)", "correlation_id": "no-correlation-id", "timestamp": "2025-10-21T21:34:40.127358Z", "app_name": "A1Betting Backend API", "app_version": "2.0.0", "environment": "development", "logger": "sqlalchemy.orm.mapper.Mapper", "level": "INFO", "file": "mapper.py", "line": 2471, "function": "_log"}
{"asctime": "2025-10-21 16:34:40,127", "name": "sqlalchemy.orm.mapper.Mapper", "levelname": "INFO", "message": "(Prop|props) _configure_property(created_at, Column)", "correlation_id": "no-correlation-id", "timestamp": "2025-10-21T21:34:40.127358Z", "app_name": "A1Betting Backend API", "app_version": "2.0.0", "environment": "development", "logger": "sqlalchemy.orm.mapper.Mapper", "level": "INFO", "file": "mapper.py", "line": 2471, "function": "_log"}
{"asctime": "2025-10-21 16:34:40,127", "name": "sqlalchemy.orm.mapper.Mapper", "levelname": "INFO", "message": "(Prop|props) _configure_property(updated_at, Column)", "correlation_id": "no-correlation-id", "timestamp": "2025-10-21T21:34:40.127358Z", "app_name": "A1Betting Backend API", "app_version": "2.0.0", "environment": "development", "logger": "sqlalchemy.orm.mapper.Mapper", "level": "INFO", "file": "mapper.py", "line": 2471, "function": "_log"}
{"asctime": "2025-10-21 16:34:40,128", "name": "sqlalchemy.orm.mapper.Mapper", "levelname": "INFO", "message": "(Prop|props) Identified primary key columns: OrderedSet([Column('id', Integer(), table=<props>, primary_key=True, nullable=False)])", "correlation_id": "no-correlation-id", "timestamp": "2025-10-21T21:34:40.128360Z", "app_name": "A1Betting Backend API", "app_version": "2.0.0", "environment": "development", "logger": "sqlalchemy.orm.mapper.Mapper", "level": "INFO", "file": "mapper.py", "line": 2471, "function": "_log"}
{"asctime": "2025-10-21 16:34:40,128", "name": "sqlalchemy.orm.mapper.Mapper", "levelname": "INFO", "message": "(Prop|props) constructed", "correlation_id": "no-correlation-id", "timestamp": "2025-10-21T21:34:40.128360Z", "app_name": "A1Betting Backend API", "app_version": "2.0.0", "environment": "development", "logger": "sqlalchemy.orm.mapper.Mapper", "level": "INFO", "file": "mapper.py", "line": 2471, "function": "_log"}
{"asctime": "2025-10-21 16:34:40,129", "name": "sqlalchemy.orm.mapper.Mapper", "levelname": "INFO", "message": "(MarketQuote|market_quotes) _configure_property(prop, _RelationshipDeclared)", "correlation_id": "no-correlation-id", "timestamp": "2025-10-21T21:34:40.129372Z", "app_name": "A1Betting Backend API", "app_version": "2.0.0", "environment": "development", "logger": "sqlalchemy.orm.mapper.Mapper", "level": "INFO", "file": "mapper.py", "line": 2471, "function": "_log"}
{"asctime": "2025-10-21 16:34:40,129", "name": "sqlalchemy.orm.mapper.Mapper", "levelname": "INFO", "message": "(MarketQuote|market_quotes) _configure_property(id, Column)", "correlation_id": "no-correlation-id", "timestamp": "2025-10-21T21:34:40.129372Z", "app_name": "A1Betting Backend API", "app_version": "2.0.0", "environment": "development", "logger": "sqlalchemy.orm.mapper.Mapper", "level": "INFO", "file": "mapper.py", "line": 2471, "function": "_log"}
{"asctime": "2025-10-21 16:34:40,129", "name": "sqlalchemy.orm.mapper.Mapper", "levelname": "INFO", "message": "(MarketQuote|market_quotes) _configure_property(prop_id, Column)", "correlation_id": "no-correlation-id", "timestamp": "2025-10-21T21:34:40.129372Z", "app_name": "A1Betting Backend API", "app_version": "2.0.0", "environment": "development", "logger": "sqlalchemy.orm.mapper.Mapper", "level": "INFO", "file": "mapper.py", "line": 2471, "function": "_log"}
{"asctime": "2025-10-21 16:34:40,129", "name": "sqlalchemy.orm.mapper.Mapper", "levelname": "INFO", "message": "(MarketQuote|market_quotes) _configure_property(source, Column)", "correlation_id": "no-correlation-id", "timestamp": "2025-10-21T21:34:40.129372Z", "app_name": "A1Betting Backend API", "app_version": "2.0.0", "environment": "development", "logger": "sqlalchemy.orm.mapper.Mapper", "level": "INFO", "file": "mapper.py", "line": 2471, "function": "_log"}
{"asctime": "2025-10-21 16:34:40,129", "name": "sqlalchemy.orm.mapper.Mapper", "levelname": "INFO", "message": "(MarketQuote|market_quotes) _configure_property(offered_line, Column)", "correlation_id": "no-correlation-id", "timestamp": "2025-10-21T21:34:40.129372Z", "app_name": "A1Betting Backend API", "app_version": "2.0.0", "environment": "development", "logger": "sqlalchemy.orm.mapper.Mapper", "level": "INFO", "file": "mapper.py", "line": 2471, "function": "_log"}
{"asctime": "2025-10-21 16:34:40,129", "name": "sqlalchemy.orm.mapper.Mapper", "levelname": "INFO", "message": "(MarketQuote|market_quotes) _configure_property(payout_schema, Column)", "correlation_id": "no-correlation-id", "timestamp": "2025-10-21T21:34:40.129372Z", "app_name": "A1Betting Backend API", "app_version": "2.0.0", "environment": "development", "logger": "sqlalchemy.orm.mapper.Mapper", "level": "INFO", "file": "mapper.py", "line": 2471, "function": "_log"}
{"asctime": "2025-10-21 16:34:40,129", "name": "sqlalchemy.orm.mapper.Mapper", "levelname": "INFO", "message": "(MarketQuote|market_quotes) _configure_property(odds_format, Column)", "correlation_id": "no-correlation-id", "timestamp": "2025-10-21T21:34:40.129372Z", "app_name": "A1Betting Backend API", "app_version": "2.0.0", "environment": "development", "logger": "sqlalchemy.orm.mapper.Mapper", "level": "INFO", "file": "mapper.py", "line": 2471, "function": "_log"}
{"asctime": "2025-10-21 16:34:40,129", "name": "sqlalchemy.orm.mapper.Mapper", "levelname": "INFO", "message": "(MarketQuote|market_quotes) _configure_property(line_hash, Column)", "correlation_id": "no-correlation-id", "timestamp": "2025-10-21T21:34:40.129372Z", "app_name": "A1Betting Backend API", "app_version": "2.0.0", "environment": "development", "logger": "sqlalchemy.orm.mapper.Mapper", "level": "INFO", "file": "mapper.py", "line": 2471, "function": "_log"}
{"asctime": "2025-10-21 16:34:40,129", "name": "sqlalchemy.orm.mapper.Mapper", "levelname": "INFO", "message": "(MarketQuote|market_quotes) _configure_property(first_seen_at, Column)", "correlation_id": "no-correlation-id", "timestamp": "2025-10-21T21:34:40.129372Z", "app_name": "A1Betting Backend API", "app_version": "2.0.0", "environment": "development", "logger": "sqlalchemy.orm.mapper.Mapper", "level": "INFO", "file": "mapper.py", "line": 2471, "function": "_log"}
{"asctime": "2025-10-21 16:34:40,129", "name": "sqlalchemy.orm.mapper.Mapper", "levelname": "INFO", "message": "(MarketQuote|market_quotes) _configure_property(last_seen_at, Column)", "correlation_id": "no-correlation-id", "timestamp": "2025-10-21T21:34:40.129372Z", "app_name": "A1Betting Backend API", "app_version": "2.0.0", "environment": "development", "logger": "sqlalchemy.orm.mapper.Mapper", "level": "INFO", "file": "mapper.py", "line": 2471, "function": "_log"}
{"asctime": "2025-10-21 16:34:40,130", "name": "sqlalchemy.orm.mapper.Mapper", "levelname": "INFO", "message": "(MarketQuote|market_quotes) _configure_property(last_change_at, Column)", "correlation_id": "no-correlation-id", "timestamp": "2025-10-21T21:34:40.130358Z", "app_name": "A1Betting Backend API", "app_version": "2.0.0", "environment": "development", "logger": "sqlalchemy.orm.mapper.Mapper", "level": "INFO", "file": "mapper.py", "line": 2471, "function": "_log"}
{"asctime": "2025-10-21 16:34:40,130", "name": "sqlalchemy.orm.mapper.Mapper", "levelname": "INFO", "message": "(MarketQuote|market_quotes) Identified primary key columns: OrderedSet([Column('id', Integer(), table=<market_quotes>, primary_key=True, nullable=False)])", "correlation_id": "no-correlation-id", "timestamp": "2025-10-21T21:34:40.130358Z", "app_name": "A1Betting Backend API", "app_version": "2.0.0", "environment": "development", "logger": "sqlalchemy.orm.mapper.Mapper", "level": "INFO", "file": "mapper.py", "line": 2471, "function": "_log"}
{"asctime": "2025-10-21 16:34:40,130", "name": "sqlalchemy.orm.mapper.Mapper", "levelname": "INFO", "message": "(MarketQuote|market_quotes) constructed", "correlation_id": "no-correlation-id", "timestamp": "2025-10-21T21:34:40.130358Z", "app_name": "A1Betting Backend API", "app_version": "2.0.0", "environment": "development", "logger": "sqlalchemy.orm.mapper.Mapper", "level": "INFO", "file": "mapper.py", "line": 2471, "function": "_log"}
{"asctime": "2025-10-21 16:34:40,131", "name": "sqlalchemy.orm.mapper.Mapper", "levelname": "INFO", "message": "(IngestRun|ingest_runs) _configure_property(id, Column)", "correlation_id": "no-correlation-id", "timestamp": "2025-10-21T21:34:40.131363Z", "app_name": "A1Betting Backend API", "app_version": "2.0.0", "environment": "development", "logger": "sqlalchemy.orm.mapper.Mapper", "level": "INFO", "file": "mapper.py", "line": 2471, "function": "_log"}
{"asctime": "2025-10-21 16:34:40,131", "name": "sqlalchemy.orm.mapper.Mapper", "levelname": "INFO", "message": "(IngestRun|ingest_runs) _configure_property(sport, Column)", "correlation_id": "no-correlation-id", "timestamp": "2025-10-21T21:34:40.131363Z", "app_name": "A1Betting Backend API", "app_version": "2.0.0", "environment": "development", "logger": "sqlalchemy.orm.mapper.Mapper", "level": "INFO", "file": "mapper.py", "line": 2471, "function": "_log"}
{"asctime": "2025-10-21 16:34:40,131", "name": "sqlalchemy.orm.mapper.Mapper", "levelname": "INFO", "message": "(IngestRun|ingest_runs) _configure_property(source, Column)", "correlation_id": "no-correlation-id", "timestamp": "2025-10-21T21:34:40.131363Z", "app_name": "A1Betting Backend API", "app_version": "2.0.0", "environment": "development", "logger": "sqlalchemy.orm.mapper.Mapper", "level": "INFO", "file": "mapper.py", "line": 2471, "function": "_log"}
{"asctime": "2025-10-21 16:34:40,131", "name": "sqlalchemy.orm.mapper.Mapper", "levelname": "INFO", "message": "(IngestRun|ingest_runs) _configure_property(started_at, Column)", "correlation_id": "no-correlation-id", "timestamp": "2025-10-21T21:34:40.131363Z", "app_name": "A1Betting Backend API", "app_version": "2.0.0", "environment": "development", "logger": "sqlalchemy.orm.mapper.Mapper", "level": "INFO", "file": "mapper.py", "line": 2471, "function": "_log"}
{"asctime": "2025-10-21 16:34:40,131", "name": "sqlalchemy.orm.mapper.Mapper", "levelname": "INFO", "message": "(IngestRun|ingest_runs) _configure_property(finished_at, Column)", "correlation_id": "no-correlation-id", "timestamp": "2025-10-21T21:34:40.131363Z", "app_name": "A1Betting Backend API", "app_version": "2.0.0", "environment": "development", "logger": "sqlalchemy.orm.mapper.Mapper", "level": "INFO", "file": "mapper.py", "line": 2471, "function": "_log"}
{"asctime": "2025-10-21 16:34:40,131", "name": "sqlalchemy.orm.mapper.Mapper", "levelname": "INFO", "message": "(IngestRun|ingest_runs) _configure_property(status, Column)", "correlation_id": "no-correlation-id", "timestamp": "2025-10-21T21:34:40.131363Z", "app_name": "A1Betting Backend API", "app_version": "2.0.0", "environment": "development", "logger": "sqlalchemy.orm.mapper.Mapper", "level": "INFO", "file": "mapper.py", "line": 2471, "function": "_log"}
{"asctime": "2025-10-21 16:34:40,131", "name": "sqlalchemy.orm.mapper.Mapper", "levelname": "INFO", "message": "(IngestRun|ingest_runs) _configure_property(total_raw, Column)", "correlation_id": "no-correlation-id", "timestamp": "2025-10-21T21:34:40.131363Z", "app_name": "A1Betting Backend API", "app_version": "2.0.0", "environment": "development", "logger": "sqlalchemy.orm.mapper.Mapper", "level": "INFO", "file": "mapper.py", "line": 2471, "function": "_log"}
{"asctime": "2025-10-21 16:34:40,131", "name": "sqlalchemy.orm.mapper.Mapper", "levelname": "INFO", "message": "(IngestRun|ingest_runs) _configure_property(total_new_quotes, Column)", "correlation_id": "no-correlation-id", "timestamp": "2025-10-21T21:34:40.131363Z", "app_name": "A1Betting Backend API", "app_version": "2.0.0", "environment": "development", "logger": "sqlalchemy.orm.mapper.Mapper", "level": "INFO", "file": "mapper.py", "line": 2471, "function": "_log"}
{"asctime": "2025-10-21 16:34:40,131", "name": "sqlalchemy.orm.mapper.Mapper", "levelname": "INFO", "message": "(IngestRun|ingest_runs) _configure_property(total_line_changes, Column)", "correlation_id": "no-correlation-id", "timestamp": "2025-10-21T21:34:40.131363Z", "app_name": "A1Betting Backend API", "app_version": "2.0.0", "environment": "development", "logger": "sqlalchemy.orm.mapper.Mapper", "level": "INFO", "file": "mapper.py", "line": 2471, "function": "_log"}
{"asctime": "2025-10-21 16:34:40,131", "name": "sqlalchemy.orm.mapper.Mapper", "levelname": "INFO", "message": "(IngestRun|ingest_runs) _configure_property(total_new_players, Column)", "correlation_id": "no-correlation-id", "timestamp": "2025-10-21T21:34:40.131363Z", "app_name": "A1Betting Backend API", "app_version": "2.0.0", "environment": "development", "logger": "sqlalchemy.orm.mapper.Mapper", "level": "INFO", "file": "mapper.py", "line": 2471, "function": "_log"}
{"asctime": "2025-10-21 16:34:40,132", "name": "sqlalchemy.orm.mapper.Mapper", "levelname": "INFO", "message": "(IngestRun|ingest_runs) _configure_property(total_new_props, Column)", "correlation_id": "no-correlation-id", "timestamp": "2025-10-21T21:34:40.132369Z", "app_name": "A1Betting Backend API", "app_version": "2.0.0", "environment": "development", "logger": "sqlalchemy.orm.mapper.Mapper", "level": "INFO", "file": "mapper.py", "line": 2471, "function": "_log"}
{"asctime": "2025-10-21 16:34:40,132", "name": "sqlalchemy.orm.mapper.Mapper", "levelname": "INFO", "message": "(IngestRun|ingest_runs) _configure_property(errors, Column)", "correlation_id": "no-correlation-id", "timestamp": "2025-10-21T21:34:40.132369Z", "app_name": "A1Betting Backend API", "app_version": "2.0.0", "environment": "development", "logger": "sqlalchemy.orm.mapper.Mapper", "level": "INFO", "file": "mapper.py", "line": 2471, "function": "_log"}
{"asctime": "2025-10-21 16:34:40,132", "name": "sqlalchemy.orm.mapper.Mapper", "levelname": "INFO", "message": "(IngestRun|ingest_runs) _configure_property(duration_ms, Column)", "correlation_id": "no-correlation-id", "timestamp": "2025-10-21T21:34:40.132369Z", "app_name": "A1Betting Backend API", "app_version": "2.0.0", "environment": "development", "logger": "sqlalchemy.orm.mapper.Mapper", "level": "INFO", "file": "mapper.py", "line": 2471, "function": "_log"}
{"asctime": "2025-10-21 16:34:40,132", "name": "sqlalchemy.orm.mapper.Mapper", "levelname": "INFO", "message": "(IngestRun|ingest_runs) Identified primary key columns: OrderedSet([Column('id', Integer(), table=<ingest_runs>, primary_key=True, nullable=False)])", "correlation_id": "no-correlation-id", "timestamp": "2025-10-21T21:34:40.132369Z", "app_name": "A1Betting Backend API", "app_version": "2.0.0", "environment": "development", "logger": "sqlalchemy.orm.mapper.Mapper", "level": "INFO", "file": "mapper.py", "line": 2471, "function": "_log"}
{"asctime": "2025-10-21 16:34:40,132", "name": "sqlalchemy.orm.mapper.Mapper", "levelname": "INFO", "message": "(IngestRun|ingest_runs) constructed", "correlation_id": "no-correlation-id", "timestamp": "2025-10-21T21:34:40.132369Z", "app_name": "A1Betting Backend API", "app_version": "2.0.0", "environment": "development", "logger": "sqlalchemy.orm.mapper.Mapper", "level": "INFO", "file": "mapper.py", "line": 2471, "function": "_log"}
{"asctime": "2025-10-21 16:34:40,146", "name": "app", "levelname": "INFO", "message": "Ingestion admin routes included (/api/ingestion/admin)", "correlation_id": "no-correlation-id", "timestamp": "2025-10-21T21:34:40.146361Z", "app_name": "A1Betting Backend API", "app_version": "2.0.0", "environment": "development", "logger": "app", "level": "INFO", "file": "structured_logging.py", "line": 121, "function": "_log"}
{"asctime": "2025-10-21 16:34:40,155", "name": "app", "levelname": "INFO", "message": "Testing compat shims included", "correlation_id": "no-correlation-id", "timestamp": "2025-10-21T21:34:40.155360Z", "app_name": "A1Betting Backend API", "app_version": "2.0.0", "environment": "development", "logger": "app", "level": "INFO", "file": "structured_logging.py", "line": 121, "function": "_log"}
{"asctime": "2025-10-21 16:34:40,163", "name": "app", "levelname": "INFO", "message": "Request ID correlation middleware added", "correlation_id": "no-correlation-id", "timestamp": "2025-10-21T21:34:40.163737Z", "app_name": "A1Betting Backend API", "app_version": "2.0.0", "environment": "development", "logger": "app", "level": "INFO", "file": "structured_logging.py", "line": 121, "function": "_log"}
{"asctime": "2025-10-21 16:34:40,163", "name": "app", "levelname": "INFO", "message": "Distributed trace correlation middleware added", "correlation_id": "no-correlation-id", "timestamp": "2025-10-21T21:34:40.164747Z", "app_name": "A1Betting Backend API", "app_version": "2.0.0", "environment": "development", "logger": "app", "level": "INFO", "file": "structured_logging.py", "line": 121, "function": "_log"}
{"asctime": "2025-10-21 16:34:40,164", "name": "app", "levelname": "INFO", "message": "Structured logging middleware added", "correlation_id": "no-correlation-id", "timestamp": "2025-10-21T21:34:40.164747Z", "app_name": "A1Betting Backend API", "app_version": "2.0.0", "environment": "development", "logger": "app", "level": "INFO", "file": "structured_logging.py", "line": 121, "function": "_log"}
{"asctime": "2025-10-21 16:34:40,164", "name": "app", "levelname": "INFO", "message": "Prometheus metrics middleware added", "correlation_id": "no-correlation-id", "timestamp": "2025-10-21T21:34:40.164747Z", "app_name": "A1Betting Backend API", "app_version": "2.0.0", "environment": "development", "logger": "app", "level": "INFO", "file": "structured_logging.py", "line": 121, "function": "_log"}
{"asctime": "2025-10-21 16:34:40,164", "name": "app", "levelname": "INFO", "message": "Payload guard middleware added: max_size=262144 bytes, enforce_json=True, enabled=True", "correlation_id": "no-correlation-id", "timestamp": "2025-10-21T21:34:40.164747Z", "app_name": "A1Betting Backend API", "app_version": "2.0.0", "environment": "development", "logger": "app", "level": "INFO", "file": "structured_logging.py", "line": 121, "function": "_log"}
{"asctime": "2025-10-21 16:34:40,164", "name": "backend.middleware.rate_limit", "levelname": "INFO", "message": "Rate limiting disabled (no enforcement); headers will still be emitted", "correlation_id": "no-correlation-id", "timestamp": "2025-10-21T21:34:40.164747Z", "app_name": "A1Betting Backend API", "app_version": "2.0.0", "environment": "development", "logger": "backend.middleware.rate_limit", "level": "INFO", "file": "rate_limit.py", "line": 116, "function": "__init__"}
{"asctime": "2025-10-21 16:34:40,164", "name": "app", "levelname": "INFO", "message": "Rate limiting middleware added: 100/min, burst=200, enabled=False", "correlation_id": "no-correlation-id", "timestamp": "2025-10-21T21:34:40.164747Z", "app_name": "A1Betting Backend API", "app_version": "2.0.0", "environment": "development", "logger": "app", "level": "INFO", "file": "structured_logging.py", "line": 121, "function": "_log"}
{"asctime": "2025-10-21 16:34:40,164", "name": "app", "levelname": "INFO", "message": "Security headers middleware added: [HSTS, CSP(report-only), COOP, COEP], x_frame_options=DENY", "correlation_id": "no-correlation-id", "timestamp": "2025-10-21T21:34:40.164747Z", "app_name": "A1Betting Backend API", "app_version": "2.0.0", "environment": "development", "logger": "app", "level": "INFO", "file": "structured_logging.py", "line": 121, "function": "_log"}
{"asctime": "2025-10-21 16:34:40,166", "name": "backend.services.legacy_registry", "levelname": "INFO", "message": "Legacy registry connected to Prometheus metrics", "correlation_id": "no-correlation-id", "timestamp": "2025-10-21T21:34:40.166894Z", "app_name": "A1Betting Backend API", "app_version": "2.0.0", "environment": "development", "logger": "backend.services.legacy_registry", "level": "INFO", "file": "legacy_registry.py", "line": 71, "function": "_setup_prometheus"}
{"asctime": "2025-10-21 16:34:40,166", "name": "backend.services.legacy_registry", "levelname": "INFO", "message": "Legacy registry initialized: enabled=True, sunset_date=None", "correlation_id": "no-correlation-id", "timestamp": "2025-10-21T21:34:40.166894Z", "app_name": "A1Betting Backend API", "app_version": "2.0.0", "environment": "development", "logger": "backend.services.legacy_registry", "level": "INFO", "file": "legacy_registry.py", "line": 50, "function": "__init__"}
{"asctime": "2025-10-21 16:34:40,166", "name": "app", "levelname": "INFO", "message": "Legacy endpoint middleware added for usage telemetry and deprecation controls", "correlation_id": "no-correlation-id", "timestamp": "2025-10-21T21:34:40.166894Z", "app_name": "A1Betting Backend API", "app_version": "2.0.0", "environment": "development", "logger": "app", "level": "INFO", "file": "structured_logging.py", "line": 121, "function": "_log"}
{"asctime": "2025-10-21 16:34:40,168", "name": "app", "levelname": "INFO", "message": "\u2705 PayloadRejectionError handler registered", "correlation_id": "no-correlation-id", "timestamp": "2025-10-21T21:34:40.168044Z", "app_name": "A1Betting Backend API", "app_version": "2.0.0", "environment": "development", "logger": "app", "level": "INFO", "file": "structured_logging.py", "line": 121, "function": "_log"}
{"asctime": "2025-10-21 16:34:40,168", "name": "app", "levelname": "INFO", "message": "\u2705 All exception handlers registered with structured error taxonomy", "correlation_id": "no-correlation-id", "timestamp": "2025-10-21T21:34:40.168044Z", "app_name": "A1Betting Backend API", "app_version": "2.0.0", "environment": "development", "logger": "app", "level": "INFO", "file": "structured_logging.py", "line": 121, "function": "_log"}
{"asctime": "2025-10-21 16:34:40,168", "name": "app", "levelname": "INFO", "message": "Centralized exception handlers registered", "correlation_id": "no-correlation-id", "timestamp": "2025-10-21T21:34:40.168044Z", "app_name": "A1Betting Backend API", "app_version": "2.0.0", "environment": "development", "logger": "app", "level": "INFO", "file": "structured_logging.py", "line": 121, "function": "_log"}
{"asctime": "2025-10-21 16:34:40,169", "name": "backend.simple_enhanced_setup", "levelname": "INFO", "message": "simple_enhanced_setup: routes included", "correlation_id": "no-correlation-id", "timestamp": "2025-10-21T21:34:40.169052Z", "app_name": "A1Betting Backend API", "app_version": "2.0.0", "environment": "development", "logger": "backend.simple_enhanced_setup", "level": "INFO", "file": "simple_enhanced_setup.py", "line": 38, "function": "setup_simple_enhanced_api"}
{"asctime": "2025-10-21 16:34:40,169", "name": "app", "levelname": "INFO", "message": "Simple enhanced API fallback registered (v1 routes)", "correlation_id": "no-correlation-id", "timestamp": "2025-10-21T21:34:40.169052Z", "app_name": "A1Betting Backend API", "app_version": "2.0.0", "environment": "development", "logger": "app", "level": "INFO", "file": "structured_logging.py", "line": 121, "function": "_log"}
{"asctime": "2025-10-21 16:34:40,173", "name": "app", "levelname": "INFO", "message": "PR11 Enhanced WebSocket client route included (/ws/client)", "correlation_id": "no-correlation-id", "timestamp": "2025-10-21T21:34:40.173055Z", "app_name": "A1Betting Backend API", "app_version": "2.0.0", "environment": "development", "logger": "app", "level": "INFO", "file": "structured_logging.py", "line": 121, "function": "_log"}
{"asctime": "2025-10-21 16:34:40,175", "name": "app", "levelname": "INFO", "message": "SUCCESS: Core compatibility router mounted for legacy endpoints", "correlation_id": "no-correlation-id", "timestamp": "2025-10-21T21:34:40.175054Z", "app_name": "A1Betting Backend API", "app_version": "2.0.0", "environment": "development", "logger": "app", "level": "INFO", "file": "structured_logging.py", "line": 121, "function": "_log"}
{"asctime": "2025-10-21 16:34:40,176", "name": "app", "levelname": "INFO", "message": "SUCCESS: Dev mode compatibility router included (/dev/mode)", "correlation_id": "no-correlation-id", "timestamp": "2025-10-21T21:34:40.176055Z", "app_name": "A1Betting Backend API", "app_version": "2.0.0", "environment": "development", "logger": "app", "level": "INFO", "file": "structured_logging.py", "line": 121, "function": "_log"}
{"asctime": "2025-10-21 16:34:40,178", "name": "app", "levelname": "INFO", "message": "MLB extras routes included in canonical app", "correlation_id": "no-correlation-id", "timestamp": "2025-10-21T21:34:40.178081Z", "app_name": "A1Betting Backend API", "app_version": "2.0.0", "environment": "development", "logger": "app", "level": "INFO", "file": "structured_logging.py", "line": 121, "function": "_log"}
{"asctime": "2025-10-21 16:34:40,180", "name": "app", "levelname": "INFO", "message": "SUCCESS: Odds refresh stub included at /api/odds", "correlation_id": "no-correlation-id", "timestamp": "2025-10-21T21:34:40.180054Z", "app_name": "A1Betting Backend API", "app_version": "2.0.0", "environment": "development", "logger": "app", "level": "INFO", "file": "structured_logging.py", "line": 121, "function": "_log"}
{"asctime": "2025-10-21 16:34:40,181", "name": "app", "levelname": "INFO", "message": "SUCCESS: Extended health/performance routes included (/api/health/extended, /performance/stats)", "correlation_id": "no-correlation-id", "timestamp": "2025-10-21T21:34:40.181055Z", "app_name": "A1Betting Backend API", "app_version": "2.0.0", "environment": "development", "logger": "app", "level": "INFO", "file": "structured_logging.py", "line": 121, "function": "_log"}
{"asctime": "2025-10-21 16:34:40,184", "name": "sqlalchemy.engine.Engine", "levelname": "INFO", "message": "BEGIN (implicit)", "correlation_id": "no-correlation-id", "timestamp": "2025-10-21T21:34:40.184056Z", "app_name": "A1Betting Backend API", "app_version": "2.0.0", "environment": "development", "logger": "sqlalchemy.engine.Engine", "level": "INFO", "file": "base.py", "line": 2698, "function": "_connection_begin_impl"}
{"asctime": "2025-10-21 16:34:40,184", "name": "sqlalchemy.engine.Engine", "levelname": "INFO", "message": "COMMIT", "correlation_id": "no-correlation-id", "timestamp": "2025-10-21T21:34:40.184056Z", "app_name": "A1Betting Backend API", "app_version": "2.0.0", "environment": "development", "logger": "sqlalchemy.engine.Engine", "level": "INFO", "file": "base.py", "line": 2704, "function": "_connection_commit_impl"}
{"asctime": "2025-10-21 16:34:40,184", "name": "backend.services.comprehensive_prizepicks_service", "levelname": "INFO", "message": "PrizePicks database initialized successfully", "correlation_id": "no-correlation-id", "timestamp": "2025-10-21T21:34:40.184056Z", "app_name": "A1Betting Backend API", "app_version": "2.0.0", "environment": "development", "logger": "backend.services.comprehensive_prizepicks_service", "level": "INFO", "file": "comprehensive_prizepicks_service.py", "line": 391, "function": "initialize_database"}
{"asctime": "2025-10-21 16:34:40,184", "name": "backend.services.comprehensive_prizepicks_service", "levelname": "INFO", "message": "Initialized MLBStatsAPIClient for PrizePicks integration", "correlation_id": "no-correlation-id", "timestamp": "2025-10-21T21:34:40.184056Z", "app_name": "A1Betting Backend API", "app_version": "2.0.0", "environment": "development", "logger": "backend.services.comprehensive_prizepicks_service", "level": "INFO", "file": "comprehensive_prizepicks_service.py", "line": 138, "function": "__init__"}
{"asctime": "2025-10-21 16:34:40,191", "name": "app", "levelname": "INFO", "message": "SUCCESS: Health routes included (/api/health/status)", "correlation_id": "no-correlation-id", "timestamp": "2025-10-21T21:34:40.191260Z", "app_name": "A1Betting Backend API", "app_version": "2.0.0", "environment": "development", "logger": "app", "level": "INFO", "file": "structured_logging.py", "line": 121, "function": "_log"}
{"asctime": "2025-10-21 16:34:40,192", "name": "app", "levelname": "INFO", "message": "SUCCESS: Sports activation extras included (OPTIONS/HEAD for /api/sports/activate/{sport})", "correlation_id": "no-correlation-id", "timestamp": "2025-10-21T21:34:40.192929Z", "app_name": "A1Betting Backend API", "app_version": "2.0.0", "environment": "development", "logger": "app", "level": "INFO", "file": "structured_logging.py", "line": 121, "function": "_log"}
{"asctime": "2025-10-21 16:34:40,196", "name": "app", "levelname": "INFO", "message": "Admin Feature Flags routes included (/api/admin/feature-flags)", "correlation_id": "no-correlation-id", "timestamp": "2025-10-21T21:34:40.196640Z", "app_name": "A1Betting Backend API", "app_version": "2.0.0", "environment": "development", "logger": "app", "level": "INFO", "file": "structured_logging.py", "line": 121, "function": "_log"}
{"asctime": "2025-10-21 16:34:40,199", "name": "app", "levelname": "INFO", "message": "Tools routes included in canonical app (/api/tools)", "correlation_id": "no-correlation-id", "timestamp": "2025-10-21T21:34:40.199737Z", "app_name": "A1Betting Backend API", "app_version": "2.0.0", "environment": "development", "logger": "app", "level": "INFO", "file": "structured_logging.py", "line": 121, "function": "_log"}
{"asctime": "2025-10-21 16:34:40,205", "name": "sqlalchemy.orm.mapper.Mapper", "levelname": "INFO", "message": "(Bookmaker|bookmakers) _configure_property(odds_snapshots, _RelationshipDeclared)", "correlation_id": "no-correlation-id", "timestamp": "2025-10-21T21:34:40.205265Z", "app_name": "A1Betting Backend API", "app_version": "2.0.0", "environment": "development", "logger": "sqlalchemy.orm.mapper.Mapper", "level": "INFO", "file": "mapper.py", "line": 2471, "function": "_log"}
{"asctime": "2025-10-21 16:34:40,205", "name": "sqlalchemy.orm.mapper.Mapper", "levelname": "INFO", "message": "(Bookmaker|bookmakers) _configure_property(odds_history, _RelationshipDeclared)", "correlation_id": "no-correlation-id", "timestamp": "2025-10-21T21:34:40.205265Z", "app_name": "A1Betting Backend API", "app_version": "2.0.0", "environment": "development", "logger": "sqlalchemy.orm.mapper.Mapper", "level": "INFO", "file": "mapper.py", "line": 2471, "function": "_log"}
{"asctime": "2025-10-21 16:34:40,205", "name": "sqlalchemy.orm.mapper.Mapper", "levelname": "INFO", "message": "(Bookmaker|bookmakers) _configure_property(id, Column)", "correlation_id": "no-correlation-id", "timestamp": "2025-10-21T21:34:40.205265Z", "app_name": "A1Betting Backend API", "app_version": "2.0.0", "environment": "development", "logger": "sqlalchemy.orm.mapper.Mapper", "level": "INFO", "file": "mapper.py", "line": 2471, "function": "_log"}
{"asctime": "2025-10-21 16:34:40,205", "name": "sqlalchemy.orm.mapper.Mapper", "levelname": "INFO", "message": "(Bookmaker|bookmakers) _configure_property(name, Column)", "correlation_id": "no-correlation-id", "timestamp": "2025-10-21T21:34:40.205265Z", "app_name": "A1Betting Backend API", "app_version": "2.0.0", "environment": "development", "logger": "sqlalchemy.orm.mapper.Mapper", "level": "INFO", "file": "mapper.py", "line": 2471, "function": "_log"}
{"asctime": "2025-10-21 16:34:40,205", "name": "sqlalchemy.orm.mapper.Mapper", "levelname": "INFO", "message": "(Bookmaker|bookmakers) _configure_property(display_name, Column)", "correlation_id": "no-correlation-id", "timestamp": "2025-10-21T21:34:40.205265Z", "app_name": "A1Betting Backend API", "app_version": "2.0.0", "environment": "development", "logger": "sqlalchemy.orm.mapper.Mapper", "level": "INFO", "file": "mapper.py", "line": 2471, "function": "_log"}
{"asctime": "2025-10-21 16:34:40,205", "name": "sqlalchemy.orm.mapper.Mapper", "levelname": "INFO", "message": "(Bookmaker|bookmakers) _configure_property(short_name, Column)", "correlation_id": "no-correlation-id", "timestamp": "2025-10-21T21:34:40.205265Z", "app_name": "A1Betting Backend API", "app_version": "2.0.0", "environment": "development", "logger": "sqlalchemy.orm.mapper.Mapper", "level": "INFO", "file": "mapper.py", "line": 2471, "function": "_log"}
{"asctime": "2025-10-21 16:34:40,205", "name": "sqlalchemy.orm.mapper.Mapper", "levelname": "INFO", "message": "(Bookmaker|bookmakers) _configure_property(website_url, Column)", "correlation_id": "no-correlation-id", "timestamp": "2025-10-21T21:34:40.205265Z", "app_name": "A1Betting Backend API", "app_version": "2.0.0", "environment": "development", "logger": "sqlalchemy.orm.mapper.Mapper", "level": "INFO", "file": "mapper.py", "line": 2471, "function": "_log"}
{"asctime": "2025-10-21 16:34:40,206", "name": "sqlalchemy.orm.mapper.Mapper", "levelname": "INFO", "message": "(Bookmaker|bookmakers) _configure_property(api_endpoint, Column)", "correlation_id": "no-correlation-id", "timestamp": "2025-10-21T21:34:40.206249Z", "app_name": "A1Betting Backend API", "app_version": "2.0.0", "environment": "development", "logger": "sqlalchemy.orm.mapper.Mapper", "level": "INFO", "file": "mapper.py", "line": 2471, "function": "_log"}
{"asctime": "2025-10-21 16:34:40,206", "name": "sqlalchemy.orm.mapper.Mapper", "levelname": "INFO", "message": "(Bookmaker|bookmakers) _configure_property(country_code, Column)", "correlation_id": "no-correlation-id", "timestamp": "2025-10-21T21:34:40.206249Z", "app_name": "A1Betting Backend API", "app_version": "2.0.0", "environment": "development", "logger": "sqlalchemy.orm.mapper.Mapper", "level": "INFO", "file": "mapper.py", "line": 2471, "function": "_log"}
{"asctime": "2025-10-21 16:34:40,206", "name": "sqlalchemy.orm.mapper.Mapper", "levelname": "INFO", "message": "(Bookmaker|bookmakers) _configure_property(status, Column)", "correlation_id": "no-correlation-id", "timestamp": "2025-10-21T21:34:40.206249Z", "app_name": "A1Betting Backend API", "app_version": "2.0.0", "environment": "development", "logger": "sqlalchemy.orm.mapper.Mapper", "level": "INFO", "file": "mapper.py", "line": 2471, "function": "_log"}
{"asctime": "2025-10-21 16:34:40,206", "name": "sqlalchemy.orm.mapper.Mapper", "levelname": "INFO", "message": "(Bookmaker|bookmakers) _configure_property(is_trusted, Column)", "correlation_id": "no-correlation-id", "timestamp": "2025-10-21T21:34:40.206249Z", "app_name": "A1Betting Backend API", "app_version": "2.0.0", "environment": "development", "logger": "sqlalchemy.orm.mapper.Mapper", "level": "INFO", "file": "mapper.py", "line": 2471, "function": "_log"}
{"asctime": "2025-10-21 16:34:40,206", "name": "sqlalchemy.orm.mapper.Mapper", "levelname": "INFO", "message": "(Bookmaker|bookmakers) _configure_property(reliability_score, Column)", "correlation_id": "no-correlation-id", "timestamp": "2025-10-21T21:34:40.206249Z", "app_name": "A1Betting Backend API", "app_version": "2.0.0", "environment": "development", "logger": "sqlalchemy.orm.mapper.Mapper", "level": "INFO", "file": "mapper.py", "line": 2471, "function": "_log"}
{"asctime": "2025-10-21 16:34:40,206", "name": "sqlalchemy.orm.mapper.Mapper", "levelname": "INFO", "message": "(Bookmaker|bookmakers) _configure_property(api_key_required, Column)", "correlation_id": "no-correlation-id", "timestamp": "2025-10-21T21:34:40.206249Z", "app_name": "A1Betting Backend API", "app_version": "2.0.0", "environment": "development", "logger": "sqlalchemy.orm.mapper.Mapper", "level": "INFO", "file": "mapper.py", "line": 2471, "function": "_log"}
{"asctime": "2025-10-21 16:34:40,206", "name": "sqlalchemy.orm.mapper.Mapper", "levelname": "INFO", "message": "(Bookmaker|bookmakers) _configure_property(rate_limit_per_minute, Column)", "correlation_id": "no-correlation-id", "timestamp": "2025-10-21T21:34:40.206249Z", "app_name": "A1Betting Backend API", "app_version": "2.0.0", "environment": "development", "logger": "sqlalchemy.orm.mapper.Mapper", "level": "INFO", "file": "mapper.py", "line": 2471, "function": "_log"}
{"asctime": "2025-10-21 16:34:40,206", "name": "sqlalchemy.orm.mapper.Mapper", "levelname": "INFO", "message": "(Bookmaker|bookmakers) _configure_property(last_successful_fetch, Column)", "correlation_id": "no-correlation-id", "timestamp": "2025-10-21T21:34:40.206249Z", "app_name": "A1Betting Backend API", "app_version": "2.0.0", "environment": "development", "logger": "sqlalchemy.orm.mapper.Mapper", "level": "INFO", "file": "mapper.py", "line": 2471, "function": "_log"}
{"asctime": "2025-10-21 16:34:40,206", "name": "sqlalchemy.orm.mapper.Mapper", "levelname": "INFO", "message": "(Bookmaker|bookmakers) _configure_property(consecutive_failures, Column)", "correlation_id": "no-correlation-id", "timestamp": "2025-10-21T21:34:40.206249Z", "app_name": "A1Betting Backend API", "app_version": "2.0.0", "environment": "development", "logger": "sqlalchemy.orm.mapper.Mapper", "level": "INFO", "file": "mapper.py", "line": 2471, "function": "_log"}
{"asctime": "2025-10-21 16:34:40,207", "name": "sqlalchemy.orm.mapper.Mapper", "levelname": "INFO", "message": "(Bookmaker|bookmakers) _configure_property(priority_weight, Column)", "correlation_id": "no-correlation-id", "timestamp": "2025-10-21T21:34:40.207263Z", "app_name": "A1Betting Backend API", "app_version": "2.0.0", "environment": "development", "logger": "sqlalchemy.orm.mapper.Mapper", "level": "INFO", "file": "mapper.py", "line": 2471, "function": "_log"}
{"asctime": "2025-10-21 16:34:40,207", "name": "sqlalchemy.orm.mapper.Mapper", "levelname": "INFO", "message": "(Bookmaker|bookmakers) _configure_property(include_in_consensus, Column)", "correlation_id": "no-correlation-id", "timestamp": "2025-10-21T21:34:40.207263Z", "app_name": "A1Betting Backend API", "app_version": "2.0.0", "environment": "development", "logger": "sqlalchemy.orm.mapper.Mapper", "level": "INFO", "file": "mapper.py", "line": 2471, "function": "_log"}
{"asctime": "2025-10-21 16:34:40,207", "name": "sqlalchemy.orm.mapper.Mapper", "levelname": "INFO", "message": "(Bookmaker|bookmakers) _configure_property(created_at, Column)", "correlation_id": "no-correlation-id", "timestamp": "2025-10-21T21:34:40.207263Z", "app_name": "A1Betting Backend API", "app_version": "2.0.0", "environment": "development", "logger": "sqlalchemy.orm.mapper.Mapper", "level": "INFO", "file": "mapper.py", "line": 2471, "function": "_log"}
{"asctime": "2025-10-21 16:34:40,207", "name": "sqlalchemy.orm.mapper.Mapper", "levelname": "INFO", "message": "(Bookmaker|bookmakers) _configure_property(updated_at, Column)", "correlation_id": "no-correlation-id", "timestamp": "2025-10-21T21:34:40.207263Z", "app_name": "A1Betting Backend API", "app_version": "2.0.0", "environment": "development", "logger": "sqlalchemy.orm.mapper.Mapper", "level": "INFO", "file": "mapper.py", "line": 2471, "function": "_log"}
{"asctime": "2025-10-21 16:34:40,207", "name": "sqlalchemy.orm.mapper.Mapper", "levelname": "INFO", "message": "(Bookmaker|bookmakers) Identified primary key columns: OrderedSet([Column('id', Integer(), table=<bookmakers>, primary_key=True, nullable=False)])", "correlation_id": "no-correlation-id", "timestamp": "2025-10-21T21:34:40.207263Z", "app_name": "A1Betting Backend API", "app_version": "2.0.0", "environment": "development", "logger": "sqlalchemy.orm.mapper.Mapper", "level": "INFO", "file": "mapper.py", "line": 2471, "function": "_log"}
{"asctime": "2025-10-21 16:34:40,207", "name": "sqlalchemy.orm.mapper.Mapper", "levelname": "INFO", "message": "(Bookmaker|bookmakers) constructed", "correlation_id": "no-correlation-id", "timestamp": "2025-10-21T21:34:40.207263Z", "app_name": "A1Betting Backend API", "app_version": "2.0.0", "environment": "development", "logger": "sqlalchemy.orm.mapper.Mapper", "level": "INFO", "file": "mapper.py", "line": 2471, "function": "_log"}
{"asctime": "2025-10-21 16:34:40,209", "name": "sqlalchemy.orm.mapper.Mapper", "levelname": "INFO", "message": "(OddsSnapshot|odds_snapshots) _configure_property(bookmaker, _RelationshipDeclared)", "correlation_id": "no-correlation-id", "timestamp": "2025-10-21T21:34:40.209263Z", "app_name": "A1Betting Backend API", "app_version": "2.0.0", "environment": "development", "logger": "sqlalchemy.orm.mapper.Mapper", "level": "INFO", "file": "mapper.py", "line": 2471, "function": "_log"}
{"asctime": "2025-10-21 16:34:40,209", "name": "sqlalchemy.orm.mapper.Mapper", "levelname": "INFO", "message": "(OddsSnapshot|odds_snapshots) _configure_property(id, Column)", "correlation_id": "no-correlation-id", "timestamp": "2025-10-21T21:34:40.209263Z", "app_name": "A1Betting Backend API", "app_version": "2.0.0", "environment": "development", "logger": "sqlalchemy.orm.mapper.Mapper", "level": "INFO", "file": "mapper.py", "line": 2471, "function": "_log"}
{"asctime": "2025-10-21 16:34:40,209", "name": "sqlalchemy.orm.mapper.Mapper", "levelname": "INFO", "message": "(OddsSnapshot|odds_snapshots) _configure_property(prop_id, Column)", "correlation_id": "no-correlation-id", "timestamp": "2025-10-21T21:34:40.209263Z", "app_name": "A1Betting Backend API", "app_version": "2.0.0", "environment": "development", "logger": "sqlalchemy.orm.mapper.Mapper", "level": "INFO", "file": "mapper.py", "line": 2471, "function": "_log"}
{"asctime": "2025-10-21 16:34:40,209", "name": "sqlalchemy.orm.mapper.Mapper", "levelname": "INFO", "message": "(OddsSnapshot|odds_snapshots) _configure_property(game_id, Column)", "correlation_id": "no-correlation-id", "timestamp": "2025-10-21T21:34:40.209263Z", "app_name": "A1Betting Backend API", "app_version": "2.0.0", "environment": "development", "logger": "sqlalchemy.orm.mapper.Mapper", "level": "INFO", "file": "mapper.py", "line": 2471, "function": "_log"}
{"asctime": "2025-10-21 16:34:40,209", "name": "sqlalchemy.orm.mapper.Mapper", "levelname": "INFO", "message": "(OddsSnapshot|odds_snapshots) _configure_property(player_name, Column)", "correlation_id": "no-correlation-id", "timestamp": "2025-10-21T21:34:40.209263Z", "app_name": "A1Betting Backend API", "app_version": "2.0.0", "environment": "development", "logger": "sqlalchemy.orm.mapper.Mapper", "level": "INFO", "file": "mapper.py", "line": 2471, "function": "_log"}
{"asctime": "2025-10-21 16:34:40,209", "name": "sqlalchemy.orm.mapper.Mapper", "levelname": "INFO", "message": "(OddsSnapshot|odds_snapshots) _configure_property(sport, Column)", "correlation_id": "no-correlation-id", "timestamp": "2025-10-21T21:34:40.209263Z", "app_name": "A1Betting Backend API", "app_version": "2.0.0", "environment": "development", "logger": "sqlalchemy.orm.mapper.Mapper", "level": "INFO", "file": "mapper.py", "line": 2471, "function": "_log"}
{"asctime": "2025-10-21 16:34:40,209", "name": "sqlalchemy.orm.mapper.Mapper", "levelname": "INFO", "message": "(OddsSnapshot|odds_snapshots) _configure_property(market_type, Column)", "correlation_id": "no-correlation-id", "timestamp": "2025-10-21T21:34:40.209263Z", "app_name": "A1Betting Backend API", "app_version": "2.0.0", "environment": "development", "logger": "sqlalchemy.orm.mapper.Mapper", "level": "INFO", "file": "mapper.py", "line": 2471, "function": "_log"}
{"asctime": "2025-10-21 16:34:40,210", "name": "sqlalchemy.orm.mapper.Mapper", "levelname": "INFO", "message": "(OddsSnapshot|odds_snapshots) _configure_property(bookmaker_id, Column)", "correlation_id": "no-correlation-id", "timestamp": "2025-10-21T21:34:40.210249Z", "app_name": "A1Betting Backend API", "app_version": "2.0.0", "environment": "development", "logger": "sqlalchemy.orm.mapper.Mapper", "level": "INFO", "file": "mapper.py", "line": 2471, "function": "_log"}
{"asctime": "2025-10-21 16:34:40,210", "name": "sqlalchemy.orm.mapper.Mapper", "levelname": "INFO", "message": "(OddsSnapshot|odds_snapshots) _configure_property(line, Column)", "correlation_id": "no-correlation-id", "timestamp": "2025-10-21T21:34:40.210249Z", "app_name": "A1Betting Backend API", "app_version": "2.0.0", "environment": "development", "logger": "sqlalchemy.orm.mapper.Mapper", "level": "INFO", "file": "mapper.py", "line": 2471, "function": "_log"}
{"asctime": "2025-10-21 16:34:40,210", "name": "sqlalchemy.orm.mapper.Mapper", "levelname": "INFO", "message": "(OddsSnapshot|odds_snapshots) _configure_property(over_odds, Column)", "correlation_id": "no-correlation-id", "timestamp": "2025-10-21T21:34:40.210249Z", "app_name": "A1Betting Backend API", "app_version": "2.0.0", "environment": "development", "logger": "sqlalchemy.orm.mapper.Mapper", "level": "INFO", "file": "mapper.py", "line": 2471, "function": "_log"}
{"asctime": "2025-10-21 16:34:40,210", "name": "sqlalchemy.orm.mapper.Mapper", "levelname": "INFO", "message": "(OddsSnapshot|odds_snapshots) _configure_property(under_odds, Column)", "correlation_id": "no-correlation-id", "timestamp": "2025-10-21T21:34:40.210249Z", "app_name": "A1Betting Backend API", "app_version": "2.0.0", "environment": "development", "logger": "sqlalchemy.orm.mapper.Mapper", "level": "INFO", "file": "mapper.py", "line": 2471, "function": "_log"}
{"asctime": "2025-10-21 16:34:40,210", "name": "sqlalchemy.orm.mapper.Mapper", "levelname": "INFO", "message": "(OddsSnapshot|odds_snapshots) _configure_property(over_decimal, Column)", "correlation_id": "no-correlation-id", "timestamp": "2025-10-21T21:34:40.210249Z", "app_name": "A1Betting Backend API", "app_version": "2.0.0", "environment": "development", "logger": "sqlalchemy.orm.mapper.Mapper", "level": "INFO", "file": "mapper.py", "line": 2471, "function": "_log"}
{"asctime": "2025-10-21 16:34:40,210", "name": "sqlalchemy.orm.mapper.Mapper", "levelname": "INFO", "message": "(OddsSnapshot|odds_snapshots) _configure_property(under_decimal, Column)", "correlation_id": "no-correlation-id", "timestamp": "2025-10-21T21:34:40.210249Z", "app_name": "A1Betting Backend API", "app_version": "2.0.0", "environment": "development", "logger": "sqlalchemy.orm.mapper.Mapper", "level": "INFO", "file": "mapper.py", "line": 2471, "function": "_log"}
{"asctime": "2025-10-21 16:34:40,210", "name": "sqlalchemy.orm.mapper.Mapper", "levelname": "INFO", "message": "(OddsSnapshot|odds_snapshots) _configure_property(over_implied_prob, Column)", "correlation_id": "no-correlation-id", "timestamp": "2025-10-21T21:34:40.210249Z", "app_name": "A1Betting Backend API", "app_version": "2.0.0", "environment": "development", "logger": "sqlalchemy.orm.mapper.Mapper", "level": "INFO", "file": "mapper.py", "line": 2471, "function": "_log"}
{"asctime": "2025-10-21 16:34:40,210", "name": "sqlalchemy.orm.mapper.Mapper", "levelname": "INFO", "message": "(OddsSnapshot|odds_snapshots) _configure_property(under_implied_prob, Column)", "correlation_id": "no-correlation-id", "timestamp": "2025-10-21T21:34:40.210249Z", "app_name": "A1Betting Backend API", "app_version": "2.0.0", "environment": "development", "logger": "sqlalchemy.orm.mapper.Mapper", "level": "INFO", "file": "mapper.py", "line": 2471, "function": "_log"}
{"asctime": "2025-10-21 16:34:40,210", "name": "sqlalchemy.orm.mapper.Mapper", "levelname": "INFO", "message": "(OddsSnapshot|odds_snapshots) _configure_property(volume_indicator, Column)", "correlation_id": "no-correlation-id", "timestamp": "2025-10-21T21:34:40.210249Z", "app_name": "A1Betting Backend API", "app_version": "2.0.0", "environment": "development", "logger": "sqlalchemy.orm.mapper.Mapper", "level": "INFO", "file": "mapper.py", "line": 2471, "function": "_log"}
{"asctime": "2025-10-21 16:34:40,210", "name": "sqlalchemy.orm.mapper.Mapper", "levelname": "INFO", "message": "(OddsSnapshot|odds_snapshots) _configure_property(is_available, Column)", "correlation_id": "no-correlation-id", "timestamp": "2025-10-21T21:34:40.210249Z", "app_name": "A1Betting Backend API", "app_version": "2.0.0", "environment": "development", "logger": "sqlalchemy.orm.mapper.Mapper", "level": "INFO", "file": "mapper.py", "line": 2471, "function": "_log"}
{"asctime": "2025-10-21 16:34:40,210", "name": "sqlalchemy.orm.mapper.Mapper", "levelname": "INFO", "message": "(OddsSnapshot|odds_snapshots) _configure_property(limits_info, Column)", "correlation_id": "no-correlation-id", "timestamp": "2025-10-21T21:34:40.210249Z", "app_name": "A1Betting Backend API", "app_version": "2.0.0", "environment": "development", "logger": "sqlalchemy.orm.mapper.Mapper", "level": "INFO", "file": "mapper.py", "line": 2471, "function": "_log"}
{"asctime": "2025-10-21 16:34:40,211", "name": "sqlalchemy.orm.mapper.Mapper", "levelname": "INFO", "message": "(OddsSnapshot|odds_snapshots) _configure_property(captured_at, Column)", "correlation_id": "no-correlation-id", "timestamp": "2025-10-21T21:34:40.211249Z", "app_name": "A1Betting Backend API", "app_version": "2.0.0", "environment": "development", "logger": "sqlalchemy.orm.mapper.Mapper", "level": "INFO", "file": "mapper.py", "line": 2471, "function": "_log"}
{"asctime": "2025-10-21 16:34:40,211", "name": "sqlalchemy.orm.mapper.Mapper", "levelname": "INFO", "message": "(OddsSnapshot|odds_snapshots) _configure_property(source_timestamp, Column)", "correlation_id": "no-correlation-id", "timestamp": "2025-10-21T21:34:40.211249Z", "app_name": "A1Betting Backend API", "app_version": "2.0.0", "environment": "development", "logger": "sqlalchemy.orm.mapper.Mapper", "level": "INFO", "file": "mapper.py", "line": 2471, "function": "_log"}
{"asctime": "2025-10-21 16:34:40,211", "name": "sqlalchemy.orm.mapper.Mapper", "levelname": "INFO", "message": "(OddsSnapshot|odds_snapshots) Identified primary key columns: OrderedSet([Column('id', Integer(), table=<odds_snapshots>, primary_key=True, nullable=False)])", "correlation_id": "no-correlation-id", "timestamp": "2025-10-21T21:34:40.211249Z", "app_name": "A1Betting Backend API", "app_version": "2.0.0", "environment": "development", "logger": "sqlalchemy.orm.mapper.Mapper", "level": "INFO", "file": "mapper.py", "line": 2471, "function": "_log"}
{"asctime": "2025-10-21 16:34:40,211", "name": "sqlalchemy.orm.mapper.Mapper", "levelname": "INFO", "message": "(OddsSnapshot|odds_snapshots) constructed", "correlation_id": "no-correlation-id", "timestamp": "2025-10-21T21:34:40.211249Z", "app_name": "A1Betting Backend API", "app_version": "2.0.0", "environment": "development", "logger": "sqlalchemy.orm.mapper.Mapper", "level": "INFO", "file": "mapper.py", "line": 2471, "function": "_log"}
{"asctime": "2025-10-21 16:34:40,213", "name": "sqlalchemy.orm.mapper.Mapper", "levelname": "INFO", "message": "(OddsHistory|odds_history) _configure_property(snapshot, _RelationshipDeclared)", "correlation_id": "no-correlation-id", "timestamp": "2025-10-21T21:34:40.213264Z", "app_name": "A1Betting Backend API", "app_version": "2.0.0", "environment": "development", "logger": "sqlalchemy.orm.mapper.Mapper", "level": "INFO", "file": "mapper.py", "line": 2471, "function": "_log"}
{"asctime": "2025-10-21 16:34:40,213", "name": "sqlalchemy.orm.mapper.Mapper", "levelname": "INFO", "message": "(OddsHistory|odds_history) _configure_property(bookmaker, _RelationshipDeclared)", "correlation_id": "no-correlation-id", "timestamp": "2025-10-21T21:34:40.213264Z", "app_name": "A1Betting Backend API", "app_version": "2.0.0", "environment": "development", "logger": "sqlalchemy.orm.mapper.Mapper", "level": "INFO", "file": "mapper.py", "line": 2471, "function": "_log"}
{"asctime": "2025-10-21 16:34:40,213", "name": "sqlalchemy.orm.mapper.Mapper", "levelname": "INFO", "message": "(OddsHistory|odds_history) _configure_property(id, Column)", "correlation_id": "no-correlation-id", "timestamp": "2025-10-21T21:34:40.213264Z", "app_name": "A1Betting Backend API", "app_version": "2.0.0", "environment": "development", "logger": "sqlalchemy.orm.mapper.Mapper", "level": "INFO", "file": "mapper.py", "line": 2471, "function": "_log"}
{"asctime": "2025-10-21 16:34:40,213", "name": "sqlalchemy.orm.mapper.Mapper", "levelname": "INFO", "message": "(OddsHistory|odds_history) _configure_property(snapshot_id, Column)", "correlation_id": "no-correlation-id", "timestamp": "2025-10-21T21:34:40.213264Z", "app_name": "A1Betting Backend API", "app_version": "2.0.0", "environment": "development", "logger": "sqlalchemy.orm.mapper.Mapper", "level": "INFO", "file": "mapper.py", "line": 2471, "function": "_log"}
{"asctime": "2025-10-21 16:34:40,214", "name": "sqlalchemy.orm.mapper.Mapper", "levelname": "INFO", "message": "(OddsHistory|odds_history) _configure_property(prop_id, Column)", "correlation_id": "no-correlation-id", "timestamp": "2025-10-21T21:34:40.214264Z", "app_name": "A1Betting Backend API", "app_version": "2.0.0", "environment": "development", "logger": "sqlalchemy.orm.mapper.Mapper", "level": "INFO", "file": "mapper.py", "line": 2471, "function": "_log"}
{"asctime": "2025-10-21 16:34:40,214", "name": "sqlalchemy.orm.mapper.Mapper", "levelname": "INFO", "message": "(OddsHistory|odds_history) _configure_property(bookmaker_id, Column)", "correlation_id": "no-correlation-id", "timestamp": "2025-10-21T21:34:40.214264Z", "app_name": "A1Betting Backend API", "app_version": "2.0.0", "environment": "development", "logger": "sqlalchemy.orm.mapper.Mapper", "level": "INFO", "file": "mapper.py", "line": 2471, "function": "_log"}
{"asctime": "2025-10-21 16:34:40,214", "name": "sqlalchemy.orm.mapper.Mapper", "levelname": "INFO", "message": "(OddsHistory|odds_history) _configure_property(line_movement, Column)", "correlation_id": "no-correlation-id", "timestamp": "2025-10-21T21:34:40.214264Z", "app_name": "A1Betting Backend API", "app_version": "2.0.0", "environment": "development", "logger": "sqlalchemy.orm.mapper.Mapper", "level": "INFO", "file": "mapper.py", "line": 2471, "function": "_log"}
{"asctime": "2025-10-21 16:34:40,214", "name": "sqlalchemy.orm.mapper.Mapper", "levelname": "INFO", "message": "(OddsHistory|odds_history) _configure_property(odds_movement_over, Column)", "correlation_id": "no-correlation-id", "timestamp": "2025-10-21T21:34:40.214264Z", "app_name": "A1Betting Backend API", "app_version": "2.0.0", "environment": "development", "logger": "sqlalchemy.orm.mapper.Mapper", "level": "INFO", "file": "mapper.py", "line": 2471, "function": "_log"}
{"asctime": "2025-10-21 16:34:40,214", "name": "sqlalchemy.orm.mapper.Mapper", "levelname": "INFO", "message": "(OddsHistory|odds_history) _configure_property(odds_movement_under, Column)", "correlation_id": "no-correlation-id", "timestamp": "2025-10-21T21:34:40.214264Z", "app_name": "A1Betting Backend API", "app_version": "2.0.0", "environment": "development", "logger": "sqlalchemy.orm.mapper.Mapper", "level": "INFO", "file": "mapper.py", "line": 2471, "function": "_log"}
{"asctime": "2025-10-21 16:34:40,214", "name": "sqlalchemy.orm.mapper.Mapper", "levelname": "INFO", "message": "(OddsHistory|odds_history) _configure_property(movement_magnitude, Column)", "correlation_id": "no-correlation-id", "timestamp": "2025-10-21T21:34:40.214264Z", "app_name": "A1Betting Backend API", "app_version": "2.0.0", "environment": "development", "logger": "sqlalchemy.orm.mapper.Mapper", "level": "INFO", "file": "mapper.py", "line": 2471, "function": "_log"}
{"asctime": "2025-10-21 16:34:40,214", "name": "sqlalchemy.orm.mapper.Mapper", "levelname": "INFO", "message": "(OddsHistory|odds_history) _configure_property(movement_direction, Column)", "correlation_id": "no-correlation-id", "timestamp": "2025-10-21T21:34:40.214264Z", "app_name": "A1Betting Backend API", "app_version": "2.0.0", "environment": "development", "logger": "sqlalchemy.orm.mapper.Mapper", "level": "INFO", "file": "mapper.py", "line": 2471, "function": "_log"}
{"asctime": "2025-10-21 16:34:40,214", "name": "sqlalchemy.orm.mapper.Mapper", "levelname": "INFO", "message": "(OddsHistory|odds_history) _configure_property(is_significant_movement, Column)", "correlation_id": "no-correlation-id", "timestamp": "2025-10-21T21:34:40.214264Z", "app_name": "A1Betting Backend API", "app_version": "2.0.0", "environment": "development", "logger": "sqlalchemy.orm.mapper.Mapper", "level": "INFO", "file": "mapper.py", "line": 2471, "function": "_log"}
{"asctime": "2025-10-21 16:34:40,214", "name": "sqlalchemy.orm.mapper.Mapper", "levelname": "INFO", "message": "(OddsHistory|odds_history) _configure_property(is_steam_move, Column)", "correlation_id": "no-correlation-id", "timestamp": "2025-10-21T21:34:40.214264Z", "app_name": "A1Betting Backend API", "app_version": "2.0.0", "environment": "development", "logger": "sqlalchemy.orm.mapper.Mapper", "level": "INFO", "file": "mapper.py", "line": 2471, "function": "_log"}
{"asctime": "2025-10-21 16:34:40,214", "name": "sqlalchemy.orm.mapper.Mapper", "levelname": "INFO", "message": "(OddsHistory|odds_history) _configure_property(steam_confidence, Column)", "correlation_id": "no-correlation-id", "timestamp": "2025-10-21T21:34:40.214264Z", "app_name": "A1Betting Backend API", "app_version": "2.0.0", "environment": "development", "logger": "sqlalchemy.orm.mapper.Mapper", "level": "INFO", "file": "mapper.py", "line": 2471, "function": "_log"}
{"asctime": "2025-10-21 16:34:40,214", "name": "sqlalchemy.orm.mapper.Mapper", "levelname": "INFO", "message": "(OddsHistory|odds_history) _configure_property(concurrent_book_moves, Column)", "correlation_id": "no-correlation-id", "timestamp": "2025-10-21T21:34:40.214264Z", "app_name": "A1Betting Backend API", "app_version": "2.0.0", "environment": "development", "logger": "sqlalchemy.orm.mapper.Mapper", "level": "INFO", "file": "mapper.py", "line": 2471, "function": "_log"}
{"asctime": "2025-10-21 16:34:40,214", "name": "sqlalchemy.orm.mapper.Mapper", "levelname": "INFO", "message": "(OddsHistory|odds_history) _configure_property(recorded_at, Column)", "correlation_id": "no-correlation-id", "timestamp": "2025-10-21T21:34:40.214264Z", "app_name": "A1Betting Backend API", "app_version": "2.0.0", "environment": "development", "logger": "sqlalchemy.orm.mapper.Mapper", "level": "INFO", "file": "mapper.py", "line": 2471, "function": "_log"}
{"asctime": "2025-10-21 16:34:40,215", "name": "sqlalchemy.orm.mapper.Mapper", "levelname": "INFO", "message": "(OddsHistory|odds_history) Identified primary key columns: OrderedSet([Column('id', Integer(), table=<odds_history>, primary_key=True, nullable=False)])", "correlation_id": "no-correlation-id", "timestamp": "2025-10-21T21:34:40.215263Z", "app_name": "A1Betting Backend API", "app_version": "2.0.0", "environment": "development", "logger": "sqlalchemy.orm.mapper.Mapper", "level": "INFO", "file": "mapper.py", "line": 2471, "function": "_log"}
{"asctime": "2025-10-21 16:34:40,215", "name": "sqlalchemy.orm.mapper.Mapper", "levelname": "INFO", "message": "(OddsHistory|odds_history) constructed", "correlation_id": "no-correlation-id", "timestamp": "2025-10-21T21:34:40.215263Z", "app_name": "A1Betting Backend API", "app_version": "2.0.0", "environment": "development", "logger": "sqlalchemy.orm.mapper.Mapper", "level": "INFO", "file": "mapper.py", "line": 2471, "function": "_log"}
{"asctime": "2025-10-21 16:34:40,216", "name": "sqlalchemy.orm.mapper.Mapper", "levelname": "INFO", "message": "(BestLineAggregate|best_line_aggregates) _configure_property(best_over_bookmaker, _RelationshipDeclared)", "correlation_id": "no-correlation-id", "timestamp": "2025-10-21T21:34:40.216263Z", "app_name": "A1Betting Backend API", "app_version": "2.0.0", "environment": "development", "logger": "sqlalchemy.orm.mapper.Mapper", "level": "INFO", "file": "mapper.py", "line": 2471, "function": "_log"}
{"asctime": "2025-10-21 16:34:40,217", "name": "sqlalchemy.orm.mapper.Mapper", "levelname": "INFO", "message": "(BestLineAggregate|best_line_aggregates) _configure_property(best_under_bookmaker, _RelationshipDeclared)", "correlation_id": "no-correlation-id", "timestamp": "2025-10-21T21:34:40.217250Z", "app_name": "A1Betting Backend API", "app_version": "2.0.0", "environment": "development", "logger": "sqlalchemy.orm.mapper.Mapper", "level": "INFO", "file": "mapper.py", "line": 2471, "function": "_log"}
{"asctime": "2025-10-21 16:34:40,217", "name": "sqlalchemy.orm.mapper.Mapper", "levelname": "INFO", "message": "(BestLineAggregate|best_line_aggregates) _configure_property(id, Column)", "correlation_id": "no-correlation-id", "timestamp": "2025-10-21T21:34:40.217250Z", "app_name": "A1Betting Backend API", "app_version": "2.0.0", "environment": "development", "logger": "sqlalchemy.orm.mapper.Mapper", "level": "INFO", "file": "mapper.py", "line": 2471, "function": "_log"}
{"asctime": "2025-10-21 16:34:40,217", "name": "sqlalchemy.orm.mapper.Mapper", "levelname": "INFO", "message": "(BestLineAggregate|best_line_aggregates) _configure_property(prop_id, Column)", "correlation_id": "no-correlation-id", "timestamp": "2025-10-21T21:34:40.217250Z", "app_name": "A1Betting Backend API", "app_version": "2.0.0", "environment": "development", "logger": "sqlalchemy.orm.mapper.Mapper", "level": "INFO", "file": "mapper.py", "line": 2471, "function": "_log"}
{"asctime": "2025-10-21 16:34:40,217", "name": "sqlalchemy.orm.mapper.Mapper", "levelname": "INFO", "message": "(BestLineAggregate|best_line_aggregates) _configure_property(sport, Column)", "correlation_id": "no-correlation-id", "timestamp": "2025-10-21T21:34:40.217250Z", "app_name": "A1Betting Backend API", "app_version": "2.0.0", "environment": "development", "logger": "sqlalchemy.orm.mapper.Mapper", "level": "INFO", "file": "mapper.py", "line": 2471, "function": "_log"}
{"asctime": "2025-10-21 16:34:40,217", "name": "sqlalchemy.orm.mapper.Mapper", "levelname": "INFO", "message": "(BestLineAggregate|best_line_aggregates) _configure_property(best_over_odds, Column)", "correlation_id": "no-correlation-id", "timestamp": "2025-10-21T21:34:40.217250Z", "app_name": "A1Betting Backend API", "app_version": "2.0.0", "environment": "development", "logger": "sqlalchemy.orm.mapper.Mapper", "level": "INFO", "file": "mapper.py", "line": 2471, "function": "_log"}
[...]
{"asctime": "2025-10-21 16:34:40,622", "name": "app", "levelname": "INFO", "message": "\ud83d\udd04 Migrate to: from backend.core.app import app", "correlation_id": "no-correlation-id", "timestamp": "2025-10-21T21:34:40.622187Z", "app_name": "A1Betting Backend API", "app_version": "2.0.0", "environment": "development", "logger": "app", "level": "INFO", "file": "structured_logging.py", "line": 121, "function": "_log"}
{"asctime": "2025-10-21 16:34:40,631", "name": "backend.middleware.rate_limit", "levelname": "INFO", "message": "Rate limiting disabled (no enforcement); headers will still be emitted", "correlation_id": "no-correlation-id", "timestamp": "2025-10-21T21:34:40.631409Z", "app_name": "A1Betting Backend API", "app_version": "2.0.0", "environment": "development", "logger": "backend.middleware.rate_limit", "level": "INFO", "file": "rate_limit.py", "line": 116, "function": "__init__"}
{"asctime": "2025-10-21 16:34:40,631", "name": "backend.middleware.security_headers", "levelname": "INFO", "message": "SUCCESS: Security headers middleware enabled: CSP=report-only, HSTS=True, strict_mode=False", "correlation_id": "no-correlation-id", "timestamp": "2025-10-21T21:34:40.631409Z", "app_name": "A1Betting Backend API", "app_version": "2.0.0", "environment": "development", "logger": "backend.middleware.security_headers", "level": "INFO", "file": "security_headers.py", "line": 70, "function": "__init__"}
{"asctime": "2025-10-21 16:34:40,631", "name": "backend.services.legacy_registry", "levelname": "INFO", "message": "Registered legacy endpoint: /api/health -> /api/v2/diagnostics/health", "correlation_id": "no-correlation-id", "timestamp": "2025-10-21T21:34:40.631409Z", "app_name": "A1Betting Backend API", "app_version": "2.0.0", "environment": "development", "logger": "backend.services.legacy_registry", "level": "INFO", "file": "legacy_registry.py", "line": 102, "function": "register_legacy"}
{"asctime": "2025-10-21 16:34:40,631", "name": "backend.services.legacy_registry", "levelname": "INFO", "message": "Registered legacy endpoint: /health -> /api/v2/diagnostics/health", "correlation_id": "no-correlation-id", "timestamp": "2025-10-21T21:34:40.631409Z", "app_name": "A1Betting Backend API", "app_version": "2.0.0", "environment": "development", "logger": "backend.services.legacy_registry", "level": "INFO", "file": "legacy_registry.py", "line": 102, "function": "register_legacy"}
{"asctime": "2025-10-21 16:34:40,631", "name": "backend.services.legacy_registry", "levelname": "INFO", "message": "Registered legacy endpoint: /api/metrics/summary -> /api/v2/meta/cache-stats", "correlation_id": "no-correlation-id", "timestamp": "2025-10-21T21:34:40.631409Z", "app_name": "A1Betting Backend API", "app_version": "2.0.0", "environment": "development", "logger": "backend.services.legacy_registry", "level": "INFO", "file": "legacy_registry.py", "line": 102, "function": "register_legacy"}
{"asctime": "2025-10-21 16:34:40,631", "name": "backend.services.legacy_registry", "levelname": "INFO", "message": "Registered legacy endpoint: /metrics -> /api/v2/meta/cache-stats", "correlation_id": "no-correlation-id", "timestamp": "2025-10-21T21:34:40.631409Z", "app_name": "A1Betting Backend API", "app_version": "2.0.0", "environment": "development", "logger": "backend.services.legacy_registry", "level": "INFO", "file": "legacy_registry.py", "line": 102, "function": "register_legacy"}
{"asctime": "2025-10-21 16:34:40,631", "name": "backend.services.legacy_registry", "levelname": "INFO", "message": "Registered legacy endpoint: /performance/stats -> /api/v2/diagnostics/system", "correlation_id": "no-correlation-id", "timestamp": "2025-10-21T21:34:40.631409Z", "app_name": "A1Betting Backend API", "app_version": "2.0.0", "environment": "development", "logger": "backend.services.legacy_registry", "level": "INFO", "file": "legacy_registry.py", "line": 102, "function": "register_legacy"}
{"asctime": "2025-10-21 16:34:40,631", "name": "backend.services.legacy_registry", "levelname": "INFO", "message": "Registered legacy endpoint: /api/props -> /api/v2/ml/predictions", "correlation_id": "no-correlation-id", "timestamp": "2025-10-21T21:34:40.631409Z", "app_name": "A1Betting Backend API", "app_version": "2.0.0", "environment": "development", "logger": "backend.services.legacy_registry", "level": "INFO", "file": "legacy_registry.py", "line": 102, "function": "register_legacy"}
{"asctime": "2025-10-21 16:34:40,631", "name": "backend.services.legacy_registry", "levelname": "INFO", "message": "Registered legacy endpoint: /api/predictions -> /api/v2/ml/predictions", "correlation_id": "no-correlation-id", "timestamp": "2025-10-21T21:34:40.631409Z", "app_name": "A1Betting Backend API", "app_version": "2.0.0", "environment": "development", "logger": "backend.services.legacy_registry", "level": "INFO", "file": "legacy_registry.py", "line": 102, "function": "register_legacy"}
{"asctime": "2025-10-21 16:34:40,631", "name": "backend.services.legacy_registry", "levelname": "INFO", "message": "Registered legacy endpoint: /api/analytics -> /api/v2/ml/analytics", "correlation_id": "no-correlation-id", "timestamp": "2025-10-21T21:34:40.631409Z", "app_name": "A1Betting Backend API", "app_version": "2.0.0", "environment": "development", "logger": "backend.services.legacy_registry", "level": "INFO", "file": "legacy_registry.py", "line": 102, "function": "register_legacy"}
{"asctime": "2025-10-21 16:34:40,631", "name": "backend.services.legacy_registry", "levelname": "INFO", "message": "Registered legacy endpoint: /api/enhanced-ml -> /api/v2/ml", "correlation_id": "no-correlation-id", "timestamp": "2025-10-21T21:34:40.631409Z", "app_name": "A1Betting Backend API", "app_version": "2.0.0", "environment": "development", "logger": "backend.services.legacy_registry", "level": "INFO", "file": "legacy_registry.py", "line": 102, "function": "register_legacy"}
{"asctime": "2025-10-21 16:34:40,631", "name": "backend.services.legacy_registry", "levelname": "INFO", "message": "Registered legacy endpoint: /api/enhanced-ml/performance/metrics -> /api/enhanced-ml/performance/metrics", "correlation_id": "no-correlation-id", "timestamp": "2025-10-21T21:34:40.632388Z", "app_name": "A1Betting Backend API", "app_version": "2.0.0", "environment": "development", "logger": "backend.services.legacy_registry", "level": "INFO", "file": "legacy_registry.py", "line": 102, "function": "register_legacy"}
{"asctime": "2025-10-21 16:34:40,632", "name": "backend.services.legacy_registry", "levelname": "INFO", "message": "Registered legacy endpoint: /api/enhanced-ml/performance/update-outcome -> /api/enhanced-ml/performance/update-outcome", "correlation_id": "no-correlation-id", "timestamp": "2025-10-21T21:34:40.632388Z", "app_name": "A1Betting Backend API", "app_version": "2.0.0", "environment": "development", "logger": "backend.services.legacy_registry", "level": "INFO", "file": "legacy_registry.py", "line": 102, "function": "register_legacy"}
{"asctime": "2025-10-21 16:34:40,632", "name": "backend.services.legacy_registry", "levelname": "INFO", "message": "Registered legacy endpoint: /api/enhanced-ml/models/compare -> /api/enhanced-ml/models/compare", "correlation_id": "no-correlation-id", "timestamp": "2025-10-21T21:34:40.632388Z", "app_name": "A1Betting Backend API", "app_version": "2.0.0", "environment": "development", "logger": "backend.services.legacy_registry", "level": "INFO", "file": "legacy_registry.py", "line": 102, "function": "register_legacy"}
{"asctime": "2025-10-21 16:34:40,632", "name": "backend.services.legacy_registry", "levelname": "INFO", "message": "Registered legacy endpoint: /api/enhanced-ml/models/list -> /api/enhanced-ml/models/list", "correlation_id": "no-correlation-id", "timestamp": "2025-10-21T21:34:40.632388Z", "app_name": "A1Betting Backend API", "app_version": "2.0.0", "environment": "development", "logger": "backend.services.legacy_registry", "level": "INFO", "file": "legacy_registry.py", "line": 102, "function": "register_legacy"}
{"asctime": "2025-10-21 16:34:40,632", "name": "backend.services.legacy_registry", "levelname": "INFO", "message": "Registered legacy endpoint: /api/enhanced-ml/models/ -> /api/enhanced-ml/models/", "correlation_id": "no-correlation-id", "timestamp": "2025-10-21T21:34:40.632388Z", "app_name": "A1Betting Backend API", "app_version": "2.0.0", "environment": "development", "logger": "backend.services.legacy_registry", "level": "INFO", "file": "legacy_registry.py", "line": 102, "function": "register_legacy"}
{"asctime": "2025-10-21 16:34:40,632", "name": "backend.services.legacy_registry", "levelname": "INFO", "message": "Registered legacy endpoint: /api/enhanced-ml/status -> /api/enhanced-ml/status", "correlation_id": "no-correlation-id", "timestamp": "2025-10-21T21:34:40.632388Z", "app_name": "A1Betting Backend API", "app_version": "2.0.0", "environment": "development", "logger": "backend.services.legacy_registry", "level": "INFO", "file": "legacy_registry.py", "line": 102, "function": "register_legacy"}
{"asctime": "2025-10-21 16:34:40,632", "name": "backend.services.legacy_registry", "levelname": "INFO", "message": "Registered legacy endpoint: /dev/mode -> /api/v2/diagnostics/system", "correlation_id": "no-correlation-id", "timestamp": "2025-10-21T21:34:40.632388Z", "app_name": "A1Betting Backend API", "app_version": "2.0.0", "environment": "development", "logger": "backend.services.legacy_registry", "level": "INFO", "file": "legacy_registry.py", "line": 102, "function": "register_legacy"}
{"asctime": "2025-10-21 16:34:40,632", "name": "backend.middleware.legacy_middleware", "levelname": "INFO", "message": "Registered known legacy endpoints with forwarding paths", "correlation_id": "no-correlation-id", "timestamp": "2025-10-21T21:34:40.632388Z", "app_name": "A1Betting Backend API", "app_version": "2.0.0", "environment": "development", "logger": "backend.middleware.legacy_middleware", "level": "INFO", "file": "legacy_middleware.py", "line": 96, "function": "_register_known_legacy_endpoints"}
{"asctime": "2025-10-21 16:34:40,632", "name": "backend.middleware.legacy_middleware", "levelname": "INFO", "message": "Legacy middleware initialized", "correlation_id": "no-correlation-id", "timestamp": "2025-10-21T21:34:40.632388Z", "app_name": "A1Betting Backend API", "app_version": "2.0.0", "environment": "development", "logger": "backend.middleware.legacy_middleware", "level": "INFO", "file": "legacy_middleware.py", "line": 45, "function": "__init__"}
{"asctime": "2025-10-21 16:34:40,632", "name": "backend.middleware.legacy_middleware", "levelname": "INFO", "message": "[LegacyMiddleware] dispatch start method=GET path=/api/propfinder/opportunities", "correlation_id": "no-correlation-id", "timestamp": "2025-10-21T21:34:40.632388Z", "app_name": "A1Betting Backend API", "app_version": "2.0.0", "environment": "development", "logger": "backend.middleware.legacy_middleware", "level": "INFO", "file": "legacy_middleware.py", "line": 196, "function": "dispatch"}
{"asctime": "2025-10-21 16:34:40,632", "name": "backend.services.legacy_registry", "levelname": "INFO", "message": "Registered legacy endpoint: /api/propfinder/opportunities -> None", "correlation_id": "no-correlation-id", "timestamp": "2025-10-21T21:34:40.632388Z", "app_name": "A1Betting Backend API", "app_version": "2.0.0", "environment": "development", "logger": "backend.services.legacy_registry", "level": "INFO", "file": "legacy_registry.py", "line": 102, "function": "register_legacy"}
{"asctime": "2025-10-21 16:34:40,632", "name": "backend.services.legacy_registry", "levelname": "DEBUG", "message": "Would record Prometheus metric for legacy endpoint: /api/propfinder/opportunities", "correlation_id": "no-correlation-id", "timestamp": "2025-10-21T21:34:40.632388Z", "app_name": "A1Betting Backend API", "app_version": "2.0.0", "environment": "development", "logger": "backend.services.legacy_registry", "level": "DEBUG", "file": "legacy_registry.py", "line": 141, "function": "increment_usage"}
{"asctime": "2025-10-21 16:34:40,632", "name": "backend.services.legacy_registry", "levelname": "DEBUG", "message": "Legacy endpoint usage incremented: /api/propfinder/opportunities (count: 1)", "correlation_id": "no-correlation-id", "timestamp": "2025-10-21T21:34:40.632388Z", "app_name": "A1Betting Backend API", "app_version": "2.0.0", "environment": "development", "logger": "backend.services.legacy_registry", "level": "DEBUG", "file": "legacy_registry.py", "line": 145, "function": "increment_usage"}
{"asctime": "2025-10-21 16:34:40,632", "name": "backend.middleware.legacy_middleware", "levelname": "INFO", "message": "Legacy endpoint accessed: GET /api/propfinder/opportunities (count: 1)", "correlation_id": "no-correlation-id", "timestamp": "2025-10-21T21:34:40.632388Z", "app_name": "A1Betting Backend API", "app_version": "2.0.0", "environment": "development", "logger": "backend.middleware.legacy_middleware", "level": "INFO", "file": "legacy_middleware.py", "line": 268, "function": "dispatch"}
{"asctime": "2025-10-21 16:34:40,632", "name": "backend.middleware.legacy_middleware", "levelname": "INFO", "message": "Legacy registry entry: path=/api/propfinder/opportunities, forward=None, entry=LegacyEndpointData(path='/api/propfinder/opportunities', count=1, forward=None, last_access_ts=1761082480.6323884, first_recorded_ts=1761082480.6323884)", "correlation_id": "no-correlation-id", "timestamp": "2025-10-21T21:34:40.633388Z", "app_name": "A1Betting Backend API", "app_version": "2.0.0", "environment": "development", "logger": "backend.middleware.legacy_middleware", "level": "INFO", "file": "legacy_middleware.py", "line": 272, "function": "dispatch"}
{"asctime": "2025-10-21 16:34:40,633", "name": "backend.middleware.request_id_middleware", "levelname": "INFO", "message": "Request started: GET /api/propfinder/opportunities", "event_type": "request_start", "method": "GET", "path": "/api/propfinder/opportunities", "query_params": {"include_clv": "1"}, "user_agent": "testclient", "client_ip": "testclient", "request_size": "0", "request_id": "b9935922-fd84-47fb-916d-43c7ecf575b4", "correlation_id": "no-correlation-id", "timestamp": "2025-10-21T21:34:40.633388Z", "app_name": "A1Betting Backend API", "app_version": "2.0.0", "environment": "development", "logger": "backend.middleware.request_id_middleware", "level": "INFO", "file": "request_id_middleware.py", "line": 67, "function": "dispatch"}
{"asctime": "2025-10-21 16:34:40,636", "name": "backend.middleware.request_id_middleware", "levelname": "INFO", "message": "Request completed: GET /api/propfinder/opportunities - 200", "event_type": "request_complete", "method": "GET", "path": "/api/propfinder/opportunities", "status_code": 200, "duration_ms": 3.0, "response_size": "299", "request_id": "b9935922-fd84-47fb-916d-43c7ecf575b4", "correlation_id": "no-correlation-id", "timestamp": "2025-10-21T21:34:40.636389Z", "app_name": "A1Betting Backend API", "app_version": "2.0.0", "environment": "development", "logger": "backend.middleware.request_id_middleware", "level": "INFO", "file": "request_id_middleware.py", "line": 92, "function": "dispatch"}
{"asctime": "2025-10-21 16:34:40,636", "name": "backend.middleware.distributed_trace_middleware", "levelname": "INFO", "message": "Trace completed: 2356cc9f-0341-45d4-bf14-9306f0a58aaf", "event_type": "trace_complete", "trace_id": "2356cc9f-0341-45d4-bf14-9306f0a58aaf", "span_id": "ed0c6c27", "operation": "GET /api/propfinder/opportunities", "duration_ms": 3.0, "status_code": 200, "span_count": 1, "correlation_id": "no-correlation-id", "timestamp": "2025-10-21T21:34:40.636389Z", "app_name": "A1Betting Backend API", "app_version": "2.0.0", "environment": "development", "logger": "backend.middleware.distributed_trace_middleware", "level": "INFO", "file": "distributed_trace_middleware.py", "line": 224, "function": "dispatch"}
{"asctime": "2025-10-21 16:34:40,637", "name": "backend.middleware.legacy_middleware", "levelname": "INFO", "message": "Legacy response produced by handler=backend.routes.testing_compat_shims.shim_propfinder_opportunities for path=/api/propfinder/opportunities status_code=200", "correlation_id": "no-correlation-id", "timestamp": "2025-10-21T21:34:40.637418Z", "app_name": "A1Betting Backend API", "app_version": "2.0.0", "environment": "development", "logger": "backend.middleware.legacy_middleware", "level": "INFO", "file": "legacy_middleware.py", "line": 392, "function": "dispatch"}
---------------------------- Captured stderr call -----------------------------
2025-10-21 16:34:35,578 - unified_config - INFO - Configuration loaded successfully
2025-10-21 16:34:35,582 - backend.utils.log_context - INFO - Request context logging configured
2025-10-21 16:34:36,647 - root - WARNING - Phase 2 services not available: No module named 'backend.services.advanced_caching'
2025/10/21 16:34:36 INFO mlflow.store.db.utils: Creating initial MLflow database tables...
2025/10/21 16:34:36 INFO mlflow.store.db.utils: Updating database tables
INFO  [alembic.runtime.migration] Context impl SQLiteImpl.
INFO  [alembic.runtime.migration] Will assume non-transactional DDL.
INFO  [alembic.runtime.migration] Context impl SQLiteImpl.
INFO  [alembic.runtime.migration] Will assume non-transactional DDL.
WARNI [tsfresh.feature_extraction.settings] Dependency not available for matrix_profile, this feature will be disabled!
WARNI [root] ONNX not available. Model export functionality disabled.
INFO  [a1betting.enhanced_data_pipeline] DATASOURCE: Registered data source: theodds_api
INFO  [a1betting.enhanced_data_pipeline] DATASOURCE: Registered data source: mlb_stats_api
WARNI [tsfresh.feature_extraction.settings] Dependency not available for matrix_profile, this feature will be disabled!
WARNI [tsfresh.feature_extraction.settings] Dependency not available for matrix_profile, this feature will be disabled!
INFO  [a1betting.enhanced_data_pipeline] DATASOURCE: Registered data source: theodds_api
INFO  [a1betting.enhanced_data_pipeline] DATASOURCE: Registered data source: mlb_stats_api
INFO  [a1betting.lazy_sport_manager] LazySportManager initialized with 4 sports
WARNI [A1BettingAPI] Real authentication services not available
{"timestamp": "2025-10-21T21:34:40.633388+00:00", "level": "INFO", "logger": "a1betting", "message": "Request started", "module": "structured_logging_middleware", "function": "log_request_start", "line": 115, "request_id": "2fffea15-07e1-4d5d-8ddb-f0919d8a28b4", "taskName": "starlette.middleware.base.BaseHTTPMiddleware.__call__.<locals>.call_next.<locals>.coro", "event_type": "request_start", "method": "GET", "url": "http://testserver/api/propfinder/opportunities?include_clv=1", "path": "/api/propfinder/opportunities", "query_params": {"include_clv": "1"}, "client_ip": "testclient", "user_agent": "testclient", "content_type": null}
{"timestamp": "2025-10-21T21:34:40.636389+00:00", "level": "INFO", "logger": "a1betting", "message": "Request completed", "module": "structured_logging_middleware", "function": "log_request_success", "line": 130, "request_id": "2fffea15-07e1-4d5d-8ddb-f0919d8a28b4", "taskName": "starlette.middleware.base.BaseHTTPMiddleware.__call__.<locals>.call_next.<locals>.coro", "event_type": "request_success", "method": "GET", "url": "http://testserver/api/propfinder/opportunities?include_clv=1", "path": "/api/propfinder/opportunities", "status_code": 200, "duration_ms": 3.0, "response_size": "299", "performance_category": "fast"}
=========================== short test summary info ===========================
FAILED tests/backend/test_clv_metrics_failure_path.py::test_clv_metrics_failure_path - AssertionError: Expected 'record_failure' to have been called.
======================== 1 failed, 6 warnings in 8.31s ========================
