============================= test session starts =============================
platform win32 -- Python 3.13.5, pytest-8.4.1, pluggy-1.6.0 -- C:\Python313\python.exe
cachedir: .pytest_cache
rootdir: C:\Users\bcmad\Downloads\A1Betting7-13.2
configfile: pytest.ini
plugins: anyio-4.9.0, asyncio-1.2.0, cov-6.2.1, typeguard-4.4.4
asyncio: mode=Mode.AUTO, debug=False, asyncio_default_fixture_loop_scope=None, asyncio_default_test_loop_scope=function
collecting ... collected 1 item

tests/backend/test_clv_metrics_failure_path.py::test_clv_metrics_failure_path FAILED [100%]

================================== FAILURES ===================================
________________________ test_clv_metrics_failure_path ________________________
tests\backend\test_clv_metrics_failure_path.py:62: in test_clv_metrics_failure_path
    mock_clv_instance.record_failure.assert_called()
C:\Python313\Lib\unittest\mock.py:948: in assert_called
    raise AssertionError(msg)
E   AssertionError: Expected 'record_failure' to have been called.
---------------------------- Captured stdout call -----------------------------
2025-10-21 16:38:52,931 - a1betting.enhanced_data_pipeline - INFO - DATASOURCE: Registered data source: theodds_api
2025-10-21 16:38:52,931 - a1betting.enhanced_data_pipeline - INFO - DATASOURCE: Registered data source: mlb_stats_api
2025-10-21 16:38:52,932 - a1betting.enhanced_data_pipeline - INFO - DATASOURCE: Registered data source: theodds_api
2025-10-21 16:38:52,932 - a1betting.enhanced_data_pipeline - INFO - DATASOURCE: Registered data source: mlb_stats_api
2025-10-21 16:38:53,659 - a1betting.lazy_sport_manager - INFO - LazySportManager initialized with 4 sports
2025-10-21 16:38:53,894 - odds_store - INFO - OddsNormalizer initialized for odds storage
2025-10-21 16:38:53,898 - odds_store - INFO - Cache service initialized for odds storage
2025-10-21 16:38:54,148 - enhanced_ev_engine - INFO - Enhanced EV Engine initialized with hardening features
---------------------------- Captured stderr call -----------------------------
2025-10-21 16:38:52,193 - unified_config - INFO - Configuration loaded successfully\n2025-10-21 16:38:52,199 - backend.utils.log_context - INFO - Request context logging configured\n2025-10-21 16:38:52,302 - root - WARNING - MLflow not available. Experiment tracking disabled.\n2025-10-21 16:38:52,384 - root - WARNING - Featuretools not available. Automated feature engineering disabled.\n2025-10-21 16:38:52,433 - root - WARNING - Phase 2 services not available: No module named 'backend.services.advanced_caching'\n2025-10-21 16:38:52,435 - backend.services.modern_ml_service - INFO - Modern ML Service initialized\n2025-10-21 16:38:52,435 - backend.services.modern_ml_service - INFO - Available models: ['transformer', 'gnn', 'hybrid_transformer_gnn', 'multi_modal']\n2025-10-21 16:38:52,467 - root - WARNING - Featuretools not available. Advanced automated feature engineering disabled.\n2025-10-21 16:38:52,468 - root - WARNING - TSFresh not available. Time series feature extraction disabled.\n2025-10-21 16:38:52,474 - backend.services.automated_feature_engineering - INFO - Advanced Feature Engineering initialized\n2025-10-21 16:38:52,812 - backend.services.real_shap_service - INFO - STARTUP: Real SHAP Service initialized - ZERO mock explanations\n2025-10-21 16:38:52,812 - backend.services.real_shap_service - INFO - STARTUP: Real SHAP Service initialized - ZERO mock explanations\n2025-10-21 16:38:52,813 - root - WARNING - ONNX not available. Model export functionality disabled.\n2025-10-21 16:38:52,814 - root - WARNING - TensorRT not available. GPU acceleration limited.\n2025-10-21 16:38:52,814 - backend.services.performance_optimization - INFO - Performance optimization service initialized\n2025-10-21 16:38:52,814 - backend.services.performance_optimization - INFO - Device: cpu\n2025-10-21 16:38:52,814 - backend.services.performance_optimization - INFO - ONNX available: False\n2025-10-21 16:38:52,814 - backend.services.performance_optimization - INFO - TensorRT available: False\n2025-10-21 16:38:52,918 - data_validation - INFO - \U0001f50d DataValidationOrchestrator initialized with enterprise patterns\n2025-10-21 16:38:52,927 - optimized_validation - INFO - Prometheus metrics server started on port 8001\n2025-10-21 16:38:52,930 - enhanced_validation_integration - INFO - Enhanced Data Validation Integration Service initialized\n2025-10-21 16:38:52,930 - propollama - INFO - \u2705 Enhanced data validation integration available\n2025-10-21 16:38:52,931 - a1betting.enhanced_data_pipeline - INFO - DATASOURCE: Registered data source: theodds_api\n2025-10-21 16:38:52,931 - a1betting.enhanced_data_pipeline - INFO - DATASOURCE: Registered data source: mlb_stats_api\n2025-10-21 16:38:52,932 - backend.services.automated_feature_engineering - INFO - Advanced Feature Engineering initialized\n2025-10-21 16:38:52,932 - backend.services.automated_feature_engineering - INFO - Advanced Feature Engineering initialized\n2025-10-21 16:38:52,932 - a1betting.enhanced_data_pipeline - INFO - DATASOURCE: Registered data source: theodds_api\n2025-10-21 16:38:52,932 - a1betting.enhanced_data_pipeline - INFO - DATASOURCE: Registered data source: mlb_stats_api\n2025-10-21 16:38:52,932 - propollama - INFO - \u2705 Enhanced data validation integration enabled\n2025-10-21 16:38:52,932 - propollama - INFO - \U0001f680 Enterprise ComprehensivePropGenerator initialized with modern async patterns\n2025-10-21 16:38:53,659 - a1betting.lazy_sport_manager - INFO - LazySportManager initialized with 4 sports\n2025-10-21 16:38:53,706 - A1BettingAPI - WARNING - Real authentication services not available\n2025-10-21 16:38:53,740 - backend.main - WARNING - \u26a0\ufe0f Using DEPRECATED backend/main.py entry point\n2025-10-21 16:38:53,748 - backend.core.app - INFO - Loaded .env from: C:\\Users\\bcmad\\Downloads\\A1Betting7-13.2\\.env\n2025-10-21 16:38:53,748 - backend.core.app - INFO - Creating A1Betting canonical app...\n2025-10-21 16:38:53,750 - backend.core.app - INFO - Ingestion admin routes included (/api/ingestion)\n2025-10-21 16:38:53,757 - backend.services.intelligent_ensemble_system - WARNING - Main prediction engine not available\n2025-10-21 16:38:53,758 - backend.services.intelligent_ensemble_system - WARNING - Enhanced prediction engine not available\n2025-10-21 16:38:53,758 - backend.services.intelligent_ensemble_system - WARNING - Ensemble engine not available\n2025-10-21 16:38:53,758 - backend.services.intelligent_ensemble_system - WARNING - Ultra accuracy engine not available\n2025-10-21 16:38:53,759 - backend.services.intelligent_ensemble_system - WARNING - Real ML service not available\n2025-10-21 16:38:53,760 - backend.services.intelligent_ensemble_system - WARNING - Recursive AI not available\n2025-10-21 16:38:53,760 - backend.services.intelligent_ensemble_system - INFO - \U0001f3c6 In-season sports: ['MLB', 'NFL', 'NBA', 'NHL', 'College Football', 'MLS', 'Tennis', 'Golf']\n2025-10-21 16:38:53,760 - backend.services.intelligent_ensemble_system - INFO - \U0001f680 Total engines initialized: 0\n2025-10-21 16:38:53,760 - backend.services.intelligent_ensemble_system - INFO - \U0001f3af Engine weights: {}\n2025-10-21 16:38:53,760 - backend.services.intelligent_ensemble_system - INFO - \u2705 Intelligent Ensemble System initialized with 0 engines\n2025-10-21 16:38:53,761 - backend.services.unified_data_fetcher - INFO - \u2705 Intelligent ensemble system loaded successfully\n2025-10-21 16:38:53,781 - backend.core.app - INFO - Ingestion admin routes included (/api/ingestion/admin)\n2025-10-21 16:38:53,790 - backend.core.app - INFO - Testing compat shims included\n2025-10-21 16:38:53,798 - backend.core.app - INFO - Request ID correlation middleware added\n2025-10-21 16:38:53,798 - backend.core.app - INFO - Distributed trace correlation middleware added\n2025-10-21 16:38:53,799 - backend.core.app - INFO - Structured logging middleware added\n2025-10-21 16:38:53,799 - backend.core.app - INFO - Prometheus metrics middleware added\n2025-10-21 16:38:53,799 - backend.core.app - INFO - Payload guard middleware added: max_size=262144 bytes, enforce_json=True, enabled=True\n2025-10-21 16:38:53,799 - backend.middleware.rate_limit - INFO - Rate limiting disabled (no enforcement); headers will still be emitted\n2025-10-21 16:38:53,799 - backend.core.app - INFO - Rate limiting middleware added: 100/min, burst=200, enabled=False\n2025-10-21 16:38:53,799 - backend.core.app - INFO - Security headers middleware added: [HSTS, CSP(report-only), COOP, COEP], x_frame_options=DENY\n2025-10-21 16:38:53,800 - backend.services.legacy_registry - INFO - Legacy registry connected to Prometheus metrics\n2025-10-21 16:38:53,800 - backend.services.legacy_registry - INFO - Legacy registry initialized: enabled=True, sunset_date=None\n2025-10-21 16:38:53,800 - backend.core.app - INFO - Legacy endpoint middleware added for usage telemetry and deprecation controls\n2025-10-21 16:38:53,802 - backend.exceptions.handlers - INFO - \u2705 PayloadRejectionError handler registered\n2025-10-21 16:38:53,802 - backend.exceptions.handlers - INFO - \u2705 All exception handlers registered with structured error taxonomy\n2025-10-21 16:38:53,802 - backend.core.app - INFO - Centralized exception handlers registered\n2025-10-21 16:38:53,803 - backend.simple_enhanced_setup - INFO - simple_enhanced_setup: routes included\n2025-10-21 16:38:53,803 - backend.core.app - INFO - Simple enhanced API fallback registered (v1 routes)\n2025-10-21 16:38:53,807 - backend.core.app - INFO - PR11 Enhanced WebSocket client route included (/ws/client)\n2025-10-21 16:38:53,811 - backend.core.app - INFO - SUCCESS: Core compatibility router mounted for legacy endpoints\n2025-10-21 16:38:53,813 - backend.core.app - INFO - SUCCESS: Dev mode compatibility router included (/dev/mode)\n2025-10-21 16:38:53,815 - backend.core.app - INFO - MLB extras routes included in canonical app\n2025-10-21 16:38:53,817 - backend.core.app - INFO - SUCCESS: Odds refresh stub included at /api/odds\n2025-10-21 16:38:53,818 - backend.core.app - INFO - SUCCESS: Extended health/performance routes included (/api/health/extended, /performance/stats)\n2025-10-21 16:38:53,822 - backend.services.comprehensive_prizepicks_service - INFO - PrizePicks database initialized successfully\n2025-10-21 16:38:53,822 - backend.services.comprehensive_prizepicks_service - INFO - Initialized MLBStatsAPIClient for PrizePicks integration\n2025-10-21 16:38:53,829 - backend.core.app - INFO - SUCCESS: Health routes included (/api/health/status)\n2025-10-21 16:38:53,832 - backend.core.app - INFO - SUCCESS: Sports activation extras included (OPTIONS/HEAD for /api/sports/activate/{sport})\n2025-10-21 16:38:53,836 - backend.core.app - INFO - Admin Feature Flags routes included (/api/admin/feature-flags)\n2025-10-21 16:38:53,840 - backend.core.app - INFO - Tools routes included in canonical app (/api/tools)\n2025-10-21 16:38:53,894 - odds_store - INFO - OddsNormalizer initialized for odds storage\n2025-10-21 16:38:53,898 - odds_store - INFO - Cache service initialized for odds storage\n2025-10-21 16:38:53,900 - backend.services.cache - WARNING - aioredis not available or connection failed: module 'aioredis' has no attribute 'from_url'\n2025-10-21 16:38:53,912 - backend.core.app - INFO - SUCCESS: Auth routes also exposed at root (/auth/*) for compatibility\n2025-10-21 16:38:53,912 - backend.core.app - INFO - SUCCESS: Auth and users routes included (auth with /api prefix)\n2025-10-21 16:38:53,923 - propollama.alerts - INFO - AlertService initialized with in-memory storage\n2025-10-21 16:38:53,928 - backend.core.app - INFO - SUCCESS: Alert routes included (/api/alerts/*)\n2025-10-21 16:38:53,956 - backend.core.app - INFO - SUCCESS: Bankroll management routes included (/api/bankroll/*)\n2025-10-21 16:38:53,958 - propollama.smart_signals - INFO - SmartSignalsService initialized - enabled: False\n2025-10-21 16:38:53,964 - backend.core.app - INFO - SUCCESS: Smart Signals routes included (/api/signals/*)\n2025-10-21 16:38:53,968 - backend.core.app - INFO - SUCCESS: Data validation routes included (/api/data/validation/summary)\n2025-10-21 16:38:53,969 - backend.core.app - INFO - SUCCESS: Diagnostics routes included (/api/v2/diagnostics/health, /api/v2/diagnostics/system)\n2025-10-21 16:38:53,971 - backend.core.app - INFO - SUCCESS: Meta cache routes included (/api/v2/meta/cache-stats, /api/v2/meta/cache-health)\n2025-10-21 16:38:53,972 - backend.core.app - INFO - SUCCESS: Legacy meta routes included (/api/v2/meta/legacy-usage, /api/v2/meta/migration-readiness)\n2025-10-21 16:38:53,973 - backend.core.app - INFO - SUCCESS: CSP report routes included (/csp/report + /api/security/csp-report alias)\n2025-10-21 16:38:53,974 - backend.core.app - INFO - SUCCESS: Trace test routes included (/api/trace/* endpoints)\n2025-10-21 16:38:53,975 - backend.core.app - INFO - SUCCESS: Model inference routes included (/api/v2/models/* endpoints)\n2025-10-21 16:38:53,977 - backend.core.app - INFO - SUCCESS: Observability events routes included (/api/v2/observability/* endpoints)\n2025-10-21 16:38:53,979 - backend.services.model_registry - INFO - Model registry initialized\n2025-10-21 16:38:53,991 - backend.routes.admin_control - INFO - Model registry patched to use runtime shadow controller\n2025-10-21 16:38:53,991 - backend.routes.admin_control - INFO - Admin control endpoints initialized with runtime shadow mode support\n2025-10-21 16:38:53,992 - backend.core.app - INFO - SUCCESS: Admin control routes included (/api/v2/models/shadow/* and /api/v2/models/admin/* endpoints)\n2025-10-21 16:38:53,994 - backend.core.app - INFO - SUCCESS: Analytics routes included (/api/analytics/* endpoints)\n2025-10-21 16:38:53,994 - backend.core.app - INFO - SUCCESS: Unified API router included for legacy /api endpoints\n2025-10-21 16:38:54,003 - backend.core.app - INFO - SUCCESS: Enhanced WebSocket routes included (/ws/v2/* endpoints)\n2025-10-21 16:38:54,005 - backend.core.app - INFO - SUCCESS: WebSocket logging routes included (/api/websocket/* endpoints)\n2025-10-21 16:38:54,007 - backend.core.app - INFO - SUCCESS: Version routes included (/api/version/* endpoints)\n2025-10-21 16:38:54,010 - backend.core.app - INFO - SUCCESS: WebVitals pipeline routes included (/api/metrics/v1/* endpoints)\n2025-10-21 16:38:54,021 - backend.core.app - INFO - SUCCESS: Trends routes included (/api/trends/* endpoints)\n2025-10-21 16:38:54,029 - ev_feed_service - INFO - EVFeedService initialized MLBStatsAPIClient integration\n2025-10-21 16:38:54,033 - backend.core.app - INFO - SUCCESS: +EV Feed routes included (/api/ev/* endpoints)\n2025-10-21 16:38:54,034 - backend.core.app - INFO - SUCCESS: EV Feed debug routes included (/api/ev/feed/debug/* endpoints)\n2025-10-21 16:38:54,037 - backend.core.app - INFO - SUCCESS: Opportunities routes included (/api/opportunities/* endpoints)\n2025-10-21 16:38:54,038 - backend.core.app - INFO - SUCCESS: Enhanced ML routes included (/api/enhanced-ml/* endpoints)\n2025-10-21 16:38:54,040 - backend.core.app - INFO - SUCCESS: Fallback enhanced-ml compatibility router mounted at /api/enhanced-ml\n2025-10-21 16:38:54,043 - backend.core.app - INFO - SUCCESS: Supplementary Enhanced-ML compatibility endpoints mounted where missing\n2025-10-21 16:38:54,048 - backend.core.app - INFO - SUCCESS: Consolidated PrizePicks routes included (/api/v2/prizepicks/* endpoints)\n2025-10-21 16:38:54,051 - backend.core.app - INFO - SUCCESS: Consolidated ML routes included (/api/v2/ml/* endpoints)\n2025-10-21 16:38:54,053 - backend.core.app - INFO - SUCCESS: Consolidated Admin routes included (/api/v2/admin/* endpoints)\n2025-10-21 16:38:54,061 - backend.core.app - INFO - SUCCESS: Odds & Line Movement routes included (/v1/odds/* endpoints)\n2025-10-21 16:38:54,062 - backend.core.app - INFO - SUCCESS: Odds alias routes included (/api/odds/* endpoints)\n2025-10-21 16:38:54,109 - backend.core.app - INFO - SUCCESS: Odds History routes included (/api/odds/* endpoints)\n2025-10-21 16:38:54,109 - backend.core.app - INFO - ENABLE_ODDS_SNAPSHOTS=false: snapshot persistence disabled\n2025-10-21 16:38:54,111 - backend.core.app - INFO - SUCCESS: Advanced-Kelly compatibility router mounted at /api/advanced-kelly\n2025-10-21 16:38:54,113 - backend.core.app - INFO - SUCCESS: Risk Management & Personalization routes included (/api/risk-personalization/* endpoints)\n2025-10-21 16:38:54,115 - backend.core.app - INFO - SUCCESS: Dependencies Health routes included (/api/dependencies/* endpoints)\n2025-10-21 16:38:54,115 - backend.core.app - INFO - SUCCESS: Provider Resilience routes included (/api/provider-resilience/* endpoints)\n2025-10-21 16:38:54,117 - backend.core.app - INFO - SUCCESS: System capabilities routes included (/api/system/* endpoints)\n2025-10-21 16:38:54,119 - backend.core.app - INFO - SUCCESS: Real-time market streaming routes included (/streaming/* endpoints)\n2025-10-21 16:38:54,121 - backend.core.app - INFO - SUCCESS: Unified sports routes included (/sports/* endpoints)\n2025-10-21 16:38:54,121 - backend.core.app - INFO - SUCCESS: Lazy sports routes included (/api/sports/* endpoints)\n2025-10-21 16:38:54,122 - backend.core.app - INFO - SUCCESS: Sports activation routes included (/api/v2/sports/* endpoints)\n2025-10-21 16:38:54,123 - backend.core.app - INFO - SUCCESS: Security HEAD endpoints included (/api/* HEAD endpoints)\n2025-10-21 16:38:54,125 - backend.core.app - INFO - SUCCESS: ML Model Registry routes included (/api/models/* endpoints)\n2025-10-21 16:38:54,128 - backend.ingestion.normalization.taxonomy_service - INFO - Loaded 48 prop mappings and 100 team mappings\n2025-10-21 16:38:54,128 - backend.ingestion.normalization.taxonomy_service - INFO - Loaded provider-specific mappings for 6 providers\n2025-10-21 16:38:54,133 - backend.core.app - INFO - SUCCESS: Data ingestion routes included (/api/v1/ingestion/* endpoints)\n2025-10-21 16:38:54,135 - odds_aggregation_metrics - INFO - Prometheus client available - metrics collection enabled\n2025-10-21 16:38:54,137 - backend.core.app - INFO - SUCCESS: Metrics routes included (/metrics)\n2025-10-21 16:38:54,137 - backend.core.app - INFO - SUCCESS: Metrics summary routes included (/api/metrics/* endpoints)\n2025-10-21 16:38:54,138 - backend.core.app - WARNING - Could not import enterprise model registry routes: cannot import name 'enterprise_router' from 'backend.routes.enterprise_model_registry_routes' (C:\\Users\\bcmad\\Downloads\\A1Betting7-13.2\\backend\\routes\\enterprise_model_registry_routes.py)\n2025-10-21 16:38:54,139 - backend.core.app - INFO - SUCCESS: Alert engine routes included (/api/alert-engine/* endpoints)\n2025-10-21 16:38:54,140 - backend.core.app - INFO - SUCCESS: Player Performance routes included (/api/players/* endpoints)\n2025-10-21 16:38:54,144 - backend.core.app - INFO - SUCCESS: EV Calculation routes included (/api/ev/* endpoints)\n2025-10-21 16:38:54,148 - enhanced_ev_engine - INFO - Enhanced EV Engine initialized with hardening features\n2025-10-21 16:38:54,155 - backend.core.app - INFO - SUCCESS: Enhanced EV Engine routes included (/api/ev/enhanced/* endpoints)\n2025-10-21 16:38:54,158 - backend.core.app - INFO - SUCCESS: CLV Trends routes included (/api/clv/* endpoints)\n2025-10-21 16:38:54,160 - backend.core.app - INFO - SUCCESS: Parlay Analytics routes included (/api/parlay/* endpoints)\n2025-10-21 16:38:54,173 - backend.core.app - INFO - SUCCESS: Line Movement routes included (/api/line-movement/* endpoints)\n2025-10-21 16:38:54,176 - backend.core.app - INFO - SUCCESS: Legacy Line Movement routes included (/api/lines/* endpoints)\n2025-10-21 16:38:54,181 - backend.core.app - INFO - SUCCESS: Hardened Arbitrage routes included (/api/arbitrage/* endpoints)\n2025-10-21 16:38:54,182 - backend.core.app - INFO - SUCCESS: Multiple Sportsbook routes included (/api/sportsbook/* endpoints)\n2025-10-21 16:38:54,185 - backend.core.app - INFO - Bootstrap validation scheduled on startup\n2025-10-21 16:38:54,185 - backend.core.app - INFO - Health endpoints normalized: /api/health, /health, /api/v2/health -> identical envelope format\n2025-10-21 16:38:54,193 - backend.core.app - INFO - FeatureRouters: PropFinder routers registered (primary=/api/propfinder/*, legacy=/api/props)\n2025-10-21 16:38:54,194 - backend.core.app - INFO - FeatureRouters: Betting routes registered (/api/betting-opportunities, /api/arbitrage-opportunities)\n2025-10-21 16:38:54,202 - backend.core.app - INFO - Compatibility shims router included (root-level aliases)\n2025-10-21 16:38:54,212 - backend.core.app - INFO - PrizePicks compatibility router included at /api/prizepicks/*\n2025-10-21 16:38:54,214 - backend.core.app - INFO - Health compatibility router included (legacy aliases)\n2025-10-21 16:38:54,214 - backend.core.app - INFO - A1Betting canonical app created successfully\n2025-10-21 16:38:54,214 - backend.core.app - INFO - Creating A1Betting canonical app...\n2025-10-21 16:38:54,214 - backend.core.app - INFO - Ingestion admin routes included (/api/ingestion)\n2025-10-21 16:38:54,215 - backend.core.app - INFO - Ingestion admin routes included (/api/ingestion/admin)\n2025-10-21 16:38:54,216 - backend.core.app - INFO - Testing compat shims included\n2025-10-21 16:38:54,216 - backend.core.app - INFO - Request ID correlation middleware added\n2025-10-21 16:38:54,216 - backend.core.app - INFO - Distributed trace correlation middleware added\n2025-10-21 16:38:54,216 - backend.core.app - INFO - Structured logging middleware added\n2025-10-21 16:38:54,216 - backend.core.app - INFO - Prometheus metrics middleware added\n2025-10-21 16:38:54,216 - backend.core.app - INFO - Payload guard middleware added: max_size=262144 bytes, enforce_json=True, enabled=True\n2025-10-21 16:38:54,216 - backend.middleware.rate_limit - INFO - Rate limiting disabled (no enforcement); headers will still be emitted\n2025-10-21 16:38:54,216 - backend.core.app - INFO - Rate limiting middleware added: 100/min, burst=200, enabled=False\n2025-10-21 16:38:54,216 - backend.core.app - INFO - Security headers middleware added: [HSTS, CSP(report-only), COOP, COEP], x_frame_options=DENY\n2025-10-21 16:38:54,216 - backend.core.app - INFO - Legacy endpoint middleware added for usage telemetry and deprecation controls\n2025-10-21 16:38:54,216 - backend.exceptions.handlers - INFO - \u2705 PayloadRejectionError handler registered\n2025-10-21 16:38:54,216 - backend.exceptions.handlers - INFO - \u2705 All exception handlers registered with structured error taxonomy\n2025-10-21 16:38:54,216 - backend.core.app - INFO - Centralized exception handlers registered\n2025-10-21 16:38:54,216 - backend.simple_enhanced_setup - INFO - simple_enhanced_setup: routes included\n2025-10-21 16:38:54,216 - backend.core.app - INFO - Simple enhanced API fallback registered (v1 routes)\n2025-10-21 16:38:54,219 - backend.core.app - INFO - PR11 Enhanced WebSocket client route included (/ws/client)\n2025-10-21 16:38:54,220 - backend.core.app - INFO - SUCCESS: Core compatibility router mounted for legacy endpoints\n2025-10-21 16:38:54,221 - backend.core.app - INFO - SUCCESS: Dev mode compatibility router included (/dev/mode)\n2025-10-21 16:38:54,223 - backend.core.app - INFO - MLB extras routes included in canonical app\n2025-10-21 16:38:54,223 - backend.core.app - INFO - SUCCESS: Odds refresh stub included at /api/odds\n2025-10-21 16:38:54,224 - backend.core.app - INFO - SUCCESS: Extended health/performance routes included (/api/health/extended, /performance/stats)\n2025-10-21 16:38:54,225 - backend.core.app - INFO - SUCCESS: Health routes included (/api/health/status)\n2025-10-21 16:38:54,225 - backend.core.app - INFO - SUCCESS: Sports activation extras included (OPTIONS/HEAD for /api/sports/activate/{sport})\n2025-10-21 16:38:54,226 - backend.core.app - INFO - Admin Feature Flags routes included (/api/admin/feature-flags)\n2025-10-21 16:38:54,227 - backend.core.app - INFO - Tools routes included in canonical app (/api/tools)\n2025-10-21 16:38:54,232 - backend.core.app - INFO - SUCCESS: Auth routes also exposed at root (/auth/*) for compatibility\n2025-10-21 16:38:54,232 - backend.core.app - INFO - SUCCESS: Auth and users routes included (auth with /api prefix)\n2025-10-21 16:38:54,234 - backend.core.app - INFO - SUCCESS: Alert routes included (/api/alerts/*)\n2025-10-21 16:38:54,238 - backend.core.app - INFO - SUCCESS: Bankroll management routes included (/api/bankroll/*)\n2025-10-21 16:38:54,239 - backend.core.app - INFO - SUCCESS: Smart Signals routes included (/api/signals/*)\n2025-10-21 16:38:54,240 - backend.core.app - INFO - SUCCESS: Data validation routes included (/api/data/validation/summary)\n2025-10-21 16:38:54,241 - backend.core.app - INFO - SUCCESS: Diagnostics routes included (/api/v2/diagnostics/health, /api/v2/diagnostics/system)\n2025-10-21 16:38:54,242 - backend.core.app - INFO - SUCCESS: Meta cache routes included (/api/v2/meta/cache-stats, /api/v2/meta/cache-health)\n2025-10-21 16:38:54,242 - backend.core.app - INFO - SUCCESS: Legacy meta routes included (/api/v2/meta/legacy-usage, /api/v2/meta/migration-readiness)\n2025-10-21 16:38:54,242 - backend.core.app - INFO - SUCCESS: CSP report routes included (/csp/report + /api/security/csp-report alias)\n2025-10-21 16:38:54,242 - backend.core.app - INFO - SUCCESS: Trace test routes included (/api/trace/* endpoints)\n2025-10-21 16:38:54,243 - backend.core.app - INFO - SUCCESS: Model inference routes included (/api/v2/models/* endpoints)\n2025-10-21 16:38:54,244 - backend.core.app - INFO - SUCCESS: Observability events routes included (/api/v2/observability/* endpoints)\n2025-10-21 16:38:54,245 - backend.core.app - INFO - SUCCESS: Admin control routes included (/api/v2/models/shadow/* and /api/v2/models/admin/* endpoints)\n2025-10-21 16:38:54,247 - backend.core.app - INFO - SUCCESS: Analytics routes included (/api/analytics/* endpoints)\n2025-10-21 16:38:54,248 - backend.core.app - INFO - SUCCESS: Unified API router included for legacy /api endpoints\n2025-10-21 16:38:54,251 - backend.core.app - INFO - SUCCESS: Enhanced WebSocket routes included (/ws/v2/* endpoints)\n2025-10-21 16:38:54,251 - backend.core.app - INFO - SUCCESS: WebSocket logging routes included (/api/websocket/* endpoints)\n2025-10-21 16:38:54,252 - backend.core.app - INFO - SUCCESS: Version routes included (/api/version/* endpoints)\n2025-10-21 16:38:54,252 - backend.core.app - INFO - SUCCESS: WebVitals pipeline routes included (/api/metrics/v1/* endpoints)\n2025-10-21 16:38:54,254 - backend.core.app - INFO - SUCCESS: Trends routes included (/api/trends/* endpoints)\n2025-10-21 16:38:54,256 - backend.core.app - INFO - SUCCESS: +EV Feed routes included (/api/ev/* endpoints)\n2025-10-21 16:38:54,256 - backend.core.app - INFO - SUCCESS: EV Feed debug routes included (/api/ev/feed/debug/* endpoints)\n2025-10-21 16:38:54,257 - backend.core.app - INFO - SUCCESS: Opportunities routes included (/api/opportunities/* endpoints)\n2025-10-21 16:38:54,257 - backend.core.app - INFO - SUCCESS: Enhanced ML routes included (/api/enhanced-ml/* endpoints)\n2025-10-21 16:38:54,258 - backend.core.app - INFO - SUCCESS: Fallback enhanced-ml compatibility router mounted at /api/enhanced-ml\n2025-10-21 16:38:54,262 - backend.core.app - INFO - SUCCESS: Supplementary Enhanced-ML compatibility endpoints mounted where missing\n2025-10-21 16:38:54,263 - backend.core.app - INFO - SUCCESS: Consolidated PrizePicks routes included (/api/v2/prizepicks/* endpoints)\n2025-10-21 16:38:54,264 - backend.core.app - INFO - SUCCESS: Consolidated ML routes included (/api/v2/ml/* endpoints)\n2025-10-21 16:38:54,265 - backend.core.app - INFO - SUCCESS: Consolidated Admin routes included (/api/v2/admin/* endpoints)\n2025-10-21 16:38:54,268 - backend.core.app - INFO - SUCCESS: Odds & Line Movement routes included (/v1/odds/* endpoints)\n2025-10-21 16:38:54,270 - backend.core.app - INFO - SUCCESS: Odds alias routes included (/api/odds/* endpoints)\n2025-10-21 16:38:54,271 - backend.core.app - INFO - SUCCESS: Odds History routes included (/api/odds/* endpoints)\n2025-10-21 16:38:54,271 - backend.core.app - INFO - ENABLE_ODDS_SNAPSHOTS=false: snapshot persistence disabled\n2025-10-21 16:38:54,273 - backend.core.app - INFO - SUCCESS: Advanced-Kelly compatibility router mounted at /api/advanced-kelly\n2025-10-21 16:38:54,273 - backend.core.app - INFO - SUCCESS: Risk Management & Personalization routes included (/api/risk-personalization/* endpoints)\n2025-10-21 16:38:54,274 - backend.core.app - INFO - SUCCESS: Dependencies Health routes included (/api/dependencies/* endpoints)\n2025-10-21 16:38:54,274 - backend.core.app - INFO - SUCCESS: Provider Resilience routes included (/api/provider-resilience/* endpoints)\n2025-10-21 16:38:54,275 - backend.core.app - INFO - SUCCESS: System capabilities routes included (/api/system/* endpoints)\n2025-10-21 16:38:54,275 - backend.core.app - INFO - SUCCESS: Real-time market streaming routes included (/streaming/* endpoints)\n2025-10-21 16:38:54,277 - backend.core.app - INFO - SUCCESS: Unified sports routes included (/sports/* endpoints)\n2025-10-21 16:38:54,277 - backend.core.app - INFO - SUCCESS: Lazy sports routes included (/api/sports/* endpoints)\n2025-10-21 16:38:54,278 - backend.core.app - INFO - SUCCESS: Sports activation routes included (/api/v2/sports/* endpoints)\n2025-10-21 16:38:54,278 - backend.core.app - INFO - SUCCESS: Security HEAD endpoints included (/api/* HEAD endpoints)\n2025-10-21 16:38:54,278 - backend.core.app - INFO - SUCCESS: ML Model Registry routes included (/api/models/* endpoints)\n2025-10-21 16:38:54,280 - backend.core.app - INFO - SUCCESS: Data ingestion routes included (/api/v1/ingestion/* endpoints)\n2025-10-21 16:38:54,281 - backend.core.app - INFO - SUCCESS: Metrics routes included (/metrics)\n2025-10-21 16:38:54,282 - backend.core.app - INFO - SUCCESS: Metrics summary routes included (/api/metrics/* endpoints)\n2025-10-21 16:38:54,282 - backend.core.app - WARNING - Could not import enterprise model registry routes: cannot import name 'enterprise_router' from 'backend.routes.enterprise_model_registry_routes' (C:\\Users\\bcmad\\Downloads\\A1Betting7-13.2\\backend\\routes\\enterprise_model_registry_routes.py)\n2025-10-21 16:38:54,282 - backend.core.app - INFO - SUCCESS: Alert engine routes included (/api/alert-engine/* endpoints)\n2025-10-21 16:38:54,282 - backend.core.app - INFO - SUCCESS: Player Performance routes included (/api/players/* endpoints)\n2025-10-21 16:38:54,284 - backend.core.app - INFO - SUCCESS: EV Calculation routes included (/api/ev/* endpoints)\n2025-10-21 16:38:54,286 - backend.core.app - INFO - SUCCESS: Enhanced EV Engine routes included (/api/ev/enhanced/* endpoints)\n2025-10-21 16:38:54,287 - backend.core.app - INFO - SUCCESS: CLV Trends routes included (/api/clv/* endpoints)\n2025-10-21 16:38:54,288 - backend.core.app - INFO - SUCCESS: Parlay Analytics routes included (/api/parlay/* endpoints)\n2025-10-21 16:38:54,291 - backend.core.app - INFO - SUCCESS: Line Movement routes included (/api/line-movement/* endpoints)\n2025-10-21 16:38:54,294 - backend.core.app - INFO - SUCCESS: Legacy Line Movement routes included (/api/lines/* endpoints)\n2025-10-21 16:38:54,296 - backend.core.app - INFO - SUCCESS: Hardened Arbitrage routes included (/api/arbitrage/* endpoints)\n2025-10-21 16:38:54,297 - backend.core.app - INFO - SUCCESS: Multiple Sportsbook routes included (/api/sportsbook/* endpoints)\n2025-10-21 16:38:54,298 - backend.core.app - INFO - Bootstrap validation scheduled on startup\n2025-10-21 16:38:54,298 - backend.core.app - INFO - Health endpoints normalized: /api/health, /health, /api/v2/health -> identical envelope format\n2025-10-21 16:38:54,298 - backend.core.app - INFO - FeatureRouters: PropFinder routers registered (primary=/api/propfinder/*, legacy=/api/props)\n2025-10-21 16:38:54,299 - backend.core.app - INFO - FeatureRouters: Betting routes registered (/api/betting-opportunities, /api/arbitrage-opportunities)\n2025-10-21 16:38:54,302 - backend.core.app - INFO - Compatibility shims router included (root-level aliases)\n2025-10-21 16:38:54,305 - backend.core.app - INFO - PrizePicks compatibility router included at /api/prizepicks/*\n2025-10-21 16:38:54,305 - backend.core.app - INFO - Health compatibility router included (legacy aliases)\n2025-10-21 16:38:54,305 - backend.core.app - INFO - A1Betting canonical app created successfully\n2025-10-21 16:38:54,305 - backend.main - INFO - \u2705 Using canonical app from backend.core.app.create_app()\n2025-10-21 16:38:54,310 - backend.main - INFO - \u26a0\ufe0f DEPRECATED: A1Betting Backend loaded via deprecated main.py\n2025-10-21 16:38:54,310 - backend.main - INFO - \U0001f504 Migrate to: from backend.core.app import app\n2025-10-21 16:38:54,338 - backend.middleware.rate_limit - INFO - Rate limiting disabled (no enforcement); headers will still be emitted\n2025-10-21 16:38:54,338 - backend.middleware.security_headers - INFO - SUCCESS: Security headers middleware enabled: CSP=report-only, HSTS=True, strict_mode=False\n2025-10-21 16:38:54,338 - backend.services.legacy_registry - INFO - Registered legacy endpoint: /api/health -> /api/v2/diagnostics/health\n2025-10-21 16:38:54,338 - backend.services.legacy_registry - INFO - Registered legacy endpoint: /health -> /api/v2/diagnostics/health\n2025-10-21 16:38:54,338 - backend.services.legacy_registry - INFO - Registered legacy endpoint: /api/metrics/summary -> /api/v2/meta/cache-stats\n2025-10-21 16:38:54,338 - backend.services.legacy_registry - INFO - Registered legacy endpoint: /metrics -> /api/v2/meta/cache-stats\n2025-10-21 16:38:54,338 - backend.services.legacy_registry - INFO - Registered legacy endpoint: /performance/stats -> /api/v2/diagnostics/system\n2025-10-21 16:38:54,338 - backend.services.legacy_registry - INFO - Registered legacy endpoint: /api/props -> /api/v2/ml/predictions\n2025-10-21 16:38:54,338 - backend.services.legacy_registry - INFO - Registered legacy endpoint: /api/predictions -> /api/v2/ml/predictions\n2025-10-21 16:38:54,338 - backend.services.legacy_registry - INFO - Registered legacy endpoint: /api/analytics -> /api/v2/ml/analytics\n2025-10-21 16:38:54,338 - backend.services.legacy_registry - INFO - Registered legacy endpoint: /api/enhanced-ml -> /api/v2/ml\n2025-10-21 16:38:54,338 - backend.services.legacy_registry - INFO - Registered legacy endpoint: /api/enhanced-ml/performance/metrics -> /api/enhanced-ml/performance/metrics\n2025-10-21 16:38:54,338 - backend.services.legacy_registry - INFO - Registered legacy endpoint: /api/enhanced-ml/performance/update-outcome -> /api/enhanced-ml/performance/update-outcome\n2025-10-21 16:38:54,338 - backend.services.legacy_registry - INFO - Registered legacy endpoint: /api/enhanced-ml/models/compare -> /api/enhanced-ml/models/compare\n2025-10-21 16:38:54,338 - backend.services.legacy_registry - INFO - Registered legacy endpoint: /api/enhanced-ml/models/list -> /api/enhanced-ml/models/list\n2025-10-21 16:38:54,338 - backend.services.legacy_registry - INFO - Registered legacy endpoint: /api/enhanced-ml/models/ -> /api/enhanced-ml/models/\n2025-10-21 16:38:54,338 - backend.services.legacy_registry - INFO - Registered legacy endpoint: /api/enhanced-ml/status -> /api/enhanced-ml/status\n2025-10-21 16:38:54,338 - backend.services.legacy_registry - INFO - Registered legacy endpoint: /dev/mode -> /api/v2/diagnostics/system\n2025-10-21 16:38:54,338 - backend.middleware.legacy_middleware - INFO - Registered known legacy endpoints with forwarding paths\n2025-10-21 16:38:54,338 - backend.middleware.legacy_middleware - INFO - Legacy middleware initialized\n2025-10-21 16:38:54,338 - backend.middleware.legacy_middleware - INFO - [LegacyMiddleware] dispatch start method=GET path=/api/propfinder/opportunities\n2025-10-21 16:38:54,338 - backend.services.legacy_registry - INFO - Registered legacy endpoint: /api/propfinder/opportunities -> None\n2025-10-21 16:38:54,339 - backend.middleware.legacy_middleware - INFO - Legacy endpoint accessed: GET /api/propfinder/opportunities (count: 1)\n2025-10-21 16:38:54,339 - backend.middleware.legacy_middleware - INFO - Legacy registry entry: path=/api/propfinder/opportunities, forward=None, entry=LegacyEndpointData(path='/api/propfinder/opportunities', count=1, forward=None, last_access_ts=1761082734.3390162, first_recorded_ts=1761082734.3389914)\n{"timestamp": "2025-10-21T21:38:54.339494+00:00", "level": "INFO", "logger": "a1betting", "message": "Request started", "module": "structured_logging_middleware", "function": "log_request_start", "line": 115, "request_id": "56644bba-9c89-4829-b5ea-71a0bef0f839", "taskName": "starlette.middleware.base.BaseHTTPMiddleware.__call__.<locals>.call_next.<locals>.coro", "event_type": "request_start", "method": "GET", "url": "http://testserver/api/propfinder/opportunities?include_clv=1", "path": "/api/propfinder/opportunities", "query_params": {"include_clv": "1"}, "client_ip": "testclient", "user_agent": "testclient", "content_type": null}\n2025-10-21 16:38:54,339 - backend.middleware.request_id_middleware - INFO - Request started: GET /api/propfinder/opportunities\n2025-10-21 16:38:54,342 - backend.middleware.request_id_middleware - INFO - Request completed: GET /api/propfinder/opportunities - 200\n2025-10-21 16:38:54,342 - backend.middleware.distributed_trace_middleware - INFO - Trace completed: 5b454bf6-cf4b-4dac-bc6c-85709f7c7c23\n{"timestamp": "2025-10-21T21:38:54.342622+00:00", "level": "INFO", "logger": "a1betting", "message": "Request completed", "module": "structured_logging_middleware", "function": "log_request_success", "line": 130, "request_id": "56644bba-9c89-4829-b5ea-71a0bef0f839", "taskName": "starlette.middleware.base.BaseHTTPMiddleware.__call__.<locals>.call_next.<locals>.coro", "event_type": "request_success", "method": "GET", "url": "http://testserver/api/propfinder/opportunities?include_clv=1", "path": "/api/propfinder/opportunities", "status_code": 200, "duration_ms": 3.16, "response_size": "299", "performance_category": "fast"}\n2025-10-21 16:38:54,343 - backend.middleware.legacy_middleware - INFO - Legacy response produced by handler=backend.routes.testing_compat_shims.shim_propfinder_opportunities for path=/api/propfinder/opportunities status_code=200
=========================== short test summary info ===========================
FAILED tests/backend/test_clv_metrics_failure_path.py::test_clv_metrics_failure_path - AssertionError: Expected 'record_failure' to have been called.
======================== 1 failed, 5 warnings in 5.30s ========================
