============================= test session starts =============================
platform win32 -- Python 3.12.0, pytest-8.4.1, pluggy-1.6.0
rootdir: C:\Users\bcmad\Downloads\A1Betting7-13.2
configfile: pytest.ini
plugins: anyio-4.9.0, asyncio-1.1.0
asyncio: mode=Mode.AUTO, asyncio_default_fixture_loop_scope=None, asyncio_default_test_loop_scope=function
collected 6 items

tests\backend\routes\test_propfinder_force_flat_baseline.py ..F.FF       [100%]

================================== FAILURES ===================================
_ TestPropFinderForceFlatBaseline.test_force_flat_baseline_creates_flat_movement _
tests\backend\routes\test_propfinder_force_flat_baseline.py:61: in test_force_flat_baseline_creates_flat_movement
    assert opp.get("movementDirection") == "flat", f"Opportunity {opp.get('id')} not flat: {opp.get('movementDirection')}"
E   AssertionError: Opportunity sample-1 not flat: up
E   assert 'up' == 'flat'
E     
E     - flat
E     + up
---------------------------- Captured stdout setup ----------------------------
{"asctime": "2025-10-19 06:16:41,072", "name": "app", "levelname": "INFO", "message": "Creating A1Betting canonical app...", "correlation_id": "no-correlation-id", "timestamp": "2025-10-19T11:16:41.072472Z", "app_name": "A1Betting Backend API", "app_version": "2.0.0", "environment": "development", "logger": "app", "level": "INFO", "file": "structured_logging.py", "line": 121, "function": "_log"}
{"asctime": "2025-10-19 06:16:41,073", "name": "app", "levelname": "INFO", "message": "Ingestion admin routes included (/api/ingestion)", "correlation_id": "no-correlation-id", "timestamp": "2025-10-19T11:16:41.073428Z", "app_name": "A1Betting Backend API", "app_version": "2.0.0", "environment": "development", "logger": "app", "level": "INFO", "file": "structured_logging.py", "line": 121, "function": "_log"}
{"asctime": "2025-10-19 06:16:41,073", "name": "app", "levelname": "INFO", "message": "Ingestion admin routes included (/api/ingestion/admin)", "correlation_id": "no-correlation-id", "timestamp": "2025-10-19T11:16:41.073428Z", "app_name": "A1Betting Backend API", "app_version": "2.0.0", "environment": "development", "logger": "app", "level": "INFO", "file": "structured_logging.py", "line": 121, "function": "_log"}
{"asctime": "2025-10-19 06:16:41,074", "name": "app", "levelname": "INFO", "message": "Testing compat shims included", "correlation_id": "no-correlation-id", "timestamp": "2025-10-19T11:16:41.074443Z", "app_name": "A1Betting Backend API", "app_version": "2.0.0", "environment": "development", "logger": "app", "level": "INFO", "file": "structured_logging.py", "line": 121, "function": "_log"}
{"asctime": "2025-10-19 06:16:41,074", "name": "app", "levelname": "INFO", "message": "Request ID correlation middleware added", "correlation_id": "no-correlation-id", "timestamp": "2025-10-19T11:16:41.074443Z", "app_name": "A1Betting Backend API", "app_version": "2.0.0", "environment": "development", "logger": "app", "level": "INFO", "file": "structured_logging.py", "line": 121, "function": "_log"}
{"asctime": "2025-10-19 06:16:41,074", "name": "app", "levelname": "INFO", "message": "Distributed trace correlation middleware added", "correlation_id": "no-correlation-id", "timestamp": "2025-10-19T11:16:41.074443Z", "app_name": "A1Betting Backend API", "app_version": "2.0.0", "environment": "development", "logger": "app", "level": "INFO", "file": "structured_logging.py", "line": 121, "function": "_log"}
{"asctime": "2025-10-19 06:16:41,074", "name": "app", "levelname": "INFO", "message": "Structured logging middleware added", "correlation_id": "no-correlation-id", "timestamp": "2025-10-19T11:16:41.074443Z", "app_name": "A1Betting Backend API", "app_version": "2.0.0", "environment": "development", "logger": "app", "level": "INFO", "file": "structured_logging.py", "line": 121, "function": "_log"}
{"asctime": "2025-10-19 06:16:41,074", "name": "app", "levelname": "INFO", "message": "Prometheus metrics middleware added", "correlation_id": "no-correlation-id", "timestamp": "2025-10-19T11:16:41.074443Z", "app_name": "A1Betting Backend API", "app_version": "2.0.0", "environment": "development", "logger": "app", "level": "INFO", "file": "structured_logging.py", "line": 121, "function": "_log"}
{"asctime": "2025-10-19 06:16:41,074", "name": "app", "levelname": "INFO", "message": "Payload guard middleware added: max_size=262144 bytes, enforce_json=True, enabled=True", "correlation_id": "no-correlation-id", "timestamp": "2025-10-19T11:16:41.074443Z", "app_name": "A1Betting Backend API", "app_version": "2.0.0", "environment": "development", "logger": "app", "level": "INFO", "file": "structured_logging.py", "line": 121, "function": "_log"}
{"asctime": "2025-10-19 06:16:41,074", "name": "app", "levelname": "INFO", "message": "Rate limiting middleware added: 100/min, burst=200, enabled=False", "correlation_id": "no-correlation-id", "timestamp": "2025-10-19T11:16:41.074443Z", "app_name": "A1Betting Backend API", "app_version": "2.0.0", "environment": "development", "logger": "app", "level": "INFO", "file": "structured_logging.py", "line": 121, "function": "_log"}
{"asctime": "2025-10-19 06:16:41,074", "name": "app", "levelname": "INFO", "message": "Security headers middleware added: [HSTS, CSP(report-only), COOP, COEP], x_frame_options=DENY", "correlation_id": "no-correlation-id", "timestamp": "2025-10-19T11:16:41.075443Z", "app_name": "A1Betting Backend API", "app_version": "2.0.0", "environment": "development", "logger": "app", "level": "INFO", "file": "structured_logging.py", "line": 121, "function": "_log"}
{"asctime": "2025-10-19 06:16:41,075", "name": "app", "levelname": "INFO", "message": "Legacy endpoint middleware added for usage telemetry and deprecation controls", "correlation_id": "no-correlation-id", "timestamp": "2025-10-19T11:16:41.075443Z", "app_name": "A1Betting Backend API", "app_version": "2.0.0", "environment": "development", "logger": "app", "level": "INFO", "file": "structured_logging.py", "line": 121, "function": "_log"}
{"asctime": "2025-10-19 06:16:41,075", "name": "app", "levelname": "INFO", "message": "\u2705 PayloadRejectionError handler registered", "correlation_id": "no-correlation-id", "timestamp": "2025-10-19T11:16:41.075443Z", "app_name": "A1Betting Backend API", "app_version": "2.0.0", "environment": "development", "logger": "app", "level": "INFO", "file": "structured_logging.py", "line": 121, "function": "_log"}
{"asctime": "2025-10-19 06:16:41,075", "name": "app", "levelname": "INFO", "message": "\u2705 All exception handlers registered with structured error taxonomy", "correlation_id": "no-correlation-id", "timestamp": "2025-10-19T11:16:41.075443Z", "app_name": "A1Betting Backend API", "app_version": "2.0.0", "environment": "development", "logger": "app", "level": "INFO", "file": "structured_logging.py", "line": 121, "function": "_log"}
{"asctime": "2025-10-19 06:16:41,075", "name": "app", "levelname": "INFO", "message": "Centralized exception handlers registered", "correlation_id": "no-correlation-id", "timestamp": "2025-10-19T11:16:41.075443Z", "app_name": "A1Betting Backend API", "app_version": "2.0.0", "environment": "development", "logger": "app", "level": "INFO", "file": "structured_logging.py", "line": 121, "function": "_log"}
{"asctime": "2025-10-19 06:16:41,075", "name": "app", "levelname": "INFO", "message": "Simple enhanced API fallback registered (v1 routes)", "correlation_id": "no-correlation-id", "timestamp": "2025-10-19T11:16:41.075443Z", "app_name": "A1Betting Backend API", "app_version": "2.0.0", "environment": "development", "logger": "app", "level": "INFO", "file": "structured_logging.py", "line": 121, "function": "_log"}
{"asctime": "2025-10-19 06:16:41,077", "name": "app", "levelname": "INFO", "message": "PR11 Enhanced WebSocket client route included (/ws/client)", "correlation_id": "no-correlation-id", "timestamp": "2025-10-19T11:16:41.077429Z", "app_name": "A1Betting Backend API", "app_version": "2.0.0", "environment": "development", "logger": "app", "level": "INFO", "file": "structured_logging.py", "line": 121, "function": "_log"}
{"asctime": "2025-10-19 06:16:41,078", "name": "app", "levelname": "INFO", "message": "SUCCESS: Core compatibility router mounted for legacy endpoints", "correlation_id": "no-correlation-id", "timestamp": "2025-10-19T11:16:41.079430Z", "app_name": "A1Betting Backend API", "app_version": "2.0.0", "environment": "development", "logger": "app", "level": "INFO", "file": "structured_logging.py", "line": 121, "function": "_log"}
{"asctime": "2025-10-19 06:16:41,080", "name": "app", "levelname": "INFO", "message": "MLB extras routes included in canonical app", "correlation_id": "no-correlation-id", "timestamp": "2025-10-19T11:16:41.080428Z", "app_name": "A1Betting Backend API", "app_version": "2.0.0", "environment": "development", "logger": "app", "level": "INFO", "file": "structured_logging.py", "line": 121, "function": "_log"}
{"asctime": "2025-10-19 06:16:41,081", "name": "app", "levelname": "INFO", "message": "SUCCESS: Odds refresh stub included at /api/odds", "correlation_id": "no-correlation-id", "timestamp": "2025-10-19T11:16:41.081444Z", "app_name": "A1Betting Backend API", "app_version": "2.0.0", "environment": "development", "logger": "app", "level": "INFO", "file": "structured_logging.py", "line": 121, "function": "_log"}
{"asctime": "2025-10-19 06:16:41,081", "name": "app", "levelname": "INFO", "message": "SUCCESS: Extended health/performance routes included (/api/health/extended, /performance/stats)", "correlation_id": "no-correlation-id", "timestamp": "2025-10-19T11:16:41.081444Z", "app_name": "A1Betting Backend API", "app_version": "2.0.0", "environment": "development", "logger": "app", "level": "INFO", "file": "structured_logging.py", "line": 121, "function": "_log"}
{"asctime": "2025-10-19 06:16:41,083", "name": "app", "levelname": "INFO", "message": "SUCCESS: Health routes included (/api/health/status)", "correlation_id": "no-correlation-id", "timestamp": "2025-10-19T11:16:41.083443Z", "app_name": "A1Betting Backend API", "app_version": "2.0.0", "environment": "development", "logger": "app", "level": "INFO", "file": "structured_logging.py", "line": 121, "function": "_log"}
{"asctime": "2025-10-19 06:16:41,083", "name": "app", "levelname": "INFO", "message": "SUCCESS: Sports activation extras included (OPTIONS/HEAD for /api/sports/activate/{sport})", "correlation_id": "no-correlation-id", "timestamp": "2025-10-19T11:16:41.083443Z", "app_name": "A1Betting Backend API", "app_version": "2.0.0", "environment": "development", "logger": "app", "level": "INFO", "file": "structured_logging.py", "line": 121, "function": "_log"}
{"asctime": "2025-10-19 06:16:41,084", "name": "app", "levelname": "INFO", "message": "Admin Feature Flags routes included (/api/admin/feature-flags)", "correlation_id": "no-correlation-id", "timestamp": "2025-10-19T11:16:41.084443Z", "app_name": "A1Betting Backend API", "app_version": "2.0.0", "environment": "development", "logger": "app", "level": "INFO", "file": "structured_logging.py", "line": 121, "function": "_log"}
{"asctime": "2025-10-19 06:16:41,084", "name": "app", "levelname": "WARNING", "message": "Could not import tools router: cannot import name 'router' from 'backend.routes.tools_routes' (C:\\Users\\bcmad\\Downloads\\A1Betting7-13.2\\backend\\routes\\tools_routes.py)", "correlation_id": "no-correlation-id", "timestamp": "2025-10-19T11:16:41.084443Z", "app_name": "A1Betting Backend API", "app_version": "2.0.0", "environment": "development", "logger": "app", "level": "WARNING", "file": "structured_logging.py", "line": 121, "function": "_log"}
{"asctime": "2025-10-19 06:16:41,088", "name": "app", "levelname": "INFO", "message": "SUCCESS: Auth routes also exposed at root (/auth/*) for compatibility", "correlation_id": "no-correlation-id", "timestamp": "2025-10-19T11:16:41.088970Z", "app_name": "A1Betting Backend API", "app_version": "2.0.0", "environment": "development", "logger": "app", "level": "INFO", "file": "structured_logging.py", "line": 121, "function": "_log"}
{"asctime": "2025-10-19 06:16:41,088", "name": "app", "levelname": "INFO", "message": "SUCCESS: Auth and users routes included (auth with /api prefix)", "correlation_id": "no-correlation-id", "timestamp": "2025-10-19T11:16:41.088970Z", "app_name": "A1Betting Backend API", "app_version": "2.0.0", "environment": "development", "logger": "app", "level": "INFO", "file": "structured_logging.py", "line": 121, "function": "_log"}
{"asctime": "2025-10-19 06:16:41,090", "name": "app", "levelname": "INFO", "message": "SUCCESS: Alert routes included (/api/alerts/*)", "correlation_id": "no-correlation-id", "timestamp": "2025-10-19T11:16:41.090998Z", "app_name": "A1Betting Backend API", "app_version": "2.0.0", "environment": "development", "logger": "app", "level": "INFO", "file": "structured_logging.py", "line": 121, "function": "_log"}
{"asctime": "2025-10-19 06:16:41,095", "name": "app", "levelname": "INFO", "message": "SUCCESS: Bankroll management routes included (/api/bankroll/*)", "correlation_id": "no-correlation-id", "timestamp": "2025-10-19T11:16:41.095998Z", "app_name": "A1Betting Backend API", "app_version": "2.0.0", "environment": "development", "logger": "app", "level": "INFO", "file": "structured_logging.py", "line": 121, "function": "_log"}
{"asctime": "2025-10-19 06:16:41,095", "name": "app", "levelname": "INFO", "message": "SUCCESS: Smart Signals routes included (/api/signals/*)", "correlation_id": "no-correlation-id", "timestamp": "2025-10-19T11:16:41.096998Z", "app_name": "A1Betting Backend API", "app_version": "2.0.0", "environment": "development", "logger": "app", "level": "INFO", "file": "structured_logging.py", "line": 121, "function": "_log"}
{"asctime": "2025-10-19 06:16:41,096", "name": "app", "levelname": "INFO", "message": "SUCCESS: Data validation routes included (/api/data/validation/summary)", "correlation_id": "no-correlation-id", "timestamp": "2025-10-19T11:16:41.096998Z", "app_name": "A1Betting Backend API", "app_version": "2.0.0", "environment": "development", "logger": "app", "level": "INFO", "file": "structured_logging.py", "line": 121, "function": "_log"}
{"asctime": "2025-10-19 06:16:41,096", "name": "app", "levelname": "INFO", "message": "SUCCESS: Diagnostics routes included (/api/v2/diagnostics/health, /api/v2/diagnostics/system)", "correlation_id": "no-correlation-id", "timestamp": "2025-10-19T11:16:41.096998Z", "app_name": "A1Betting Backend API", "app_version": "2.0.0", "environment": "development", "logger": "app", "level": "INFO", "file": "structured_logging.py", "line": 121, "function": "_log"}
{"asctime": "2025-10-19 06:16:41,098", "name": "app", "levelname": "ERROR", "message": "ERROR: Failed to register meta cache routes: invalid syntax. Perhaps you forgot a comma? (meta_cache.py, line 118)", "correlation_id": "no-correlation-id", "timestamp": "2025-10-19T11:16:41.098998Z", "app_name": "A1Betting Backend API", "app_version": "2.0.0", "environment": "development", "logger": "app", "level": "ERROR", "file": "structured_logging.py", "line": 121, "function": "_log"}
{"asctime": "2025-10-19 06:16:41,100", "name": "app", "levelname": "ERROR", "message": "ERROR: Failed to register legacy meta routes: invalid syntax (meta_legacy.py, line 106)", "correlation_id": "no-correlation-id", "timestamp": "2025-10-19T11:16:41.100313Z", "app_name": "A1Betting Backend API", "app_version": "2.0.0", "environment": "development", "logger": "app", "level": "ERROR", "file": "structured_logging.py", "line": 121, "function": "_log"}
{"asctime": "2025-10-19 06:16:41,101", "name": "app", "levelname": "INFO", "message": "SUCCESS: CSP report routes included (/csp/report + /api/security/csp-report alias)", "correlation_id": "no-correlation-id", "timestamp": "2025-10-19T11:16:41.101311Z", "app_name": "A1Betting Backend API", "app_version": "2.0.0", "environment": "development", "logger": "app", "level": "INFO", "file": "structured_logging.py", "line": 121, "function": "_log"}
{"asctime": "2025-10-19 06:16:41,102", "name": "app", "levelname": "ERROR", "message": "ERROR: Failed to register trace test routes: invalid syntax. Perhaps you forgot a comma? (trace_test_routes.py, line 91)", "correlation_id": "no-correlation-id", "timestamp": "2025-10-19T11:16:41.102312Z", "app_name": "A1Betting Backend API", "app_version": "2.0.0", "environment": "development", "logger": "app", "level": "ERROR", "file": "structured_logging.py", "line": 121, "function": "_log"}
{"asctime": "2025-10-19 06:16:41,103", "name": "app", "levelname": "ERROR", "message": "ERROR: Failed to register model inference routes: closing parenthesis ')' does not match opening parenthesis '{' on line 216 (models_inference.py, line 217)", "correlation_id": "no-correlation-id", "timestamp": "2025-10-19T11:16:41.103311Z", "app_name": "A1Betting Backend API", "app_version": "2.0.0", "environment": "development", "logger": "app", "level": "ERROR", "file": "structured_logging.py", "line": 121, "function": "_log"}
{"asctime": "2025-10-19 06:16:41,104", "name": "app", "levelname": "ERROR", "message": "ERROR: Failed to register observability events routes: invalid syntax (observability_events.py, line 82)", "correlation_id": "no-correlation-id", "timestamp": "2025-10-19T11:16:41.104326Z", "app_name": "A1Betting Backend API", "app_version": "2.0.0", "environment": "development", "logger": "app", "level": "ERROR", "file": "structured_logging.py", "line": 121, "function": "_log"}
{"asctime": "2025-10-19 06:16:41,106", "name": "app", "levelname": "INFO", "message": "SUCCESS: Admin control routes included (/api/v2/models/shadow/* and /api/v2/models/admin/* endpoints)", "correlation_id": "no-correlation-id", "timestamp": "2025-10-19T11:16:41.106311Z", "app_name": "A1Betting Backend API", "app_version": "2.0.0", "environment": "development", "logger": "app", "level": "INFO", "file": "structured_logging.py", "line": 121, "function": "_log"}
{"asctime": "2025-10-19 06:16:41,107", "name": "app", "levelname": "INFO", "message": "SUCCESS: Analytics routes included (/api/analytics/* endpoints)", "correlation_id": "no-correlation-id", "timestamp": "2025-10-19T11:16:41.108311Z", "app_name": "A1Betting Backend API", "app_version": "2.0.0", "environment": "development", "logger": "app", "level": "INFO", "file": "structured_logging.py", "line": 121, "function": "_log"}
{"asctime": "2025-10-19 06:16:41,108", "name": "app", "levelname": "INFO", "message": "SUCCESS: Unified API router included for legacy /api endpoints", "correlation_id": "no-correlation-id", "timestamp": "2025-10-19T11:16:41.108311Z", "app_name": "A1Betting Backend API", "app_version": "2.0.0", "environment": "development", "logger": "app", "level": "INFO", "file": "structured_logging.py", "line": 121, "function": "_log"}
{"asctime": "2025-10-19 06:16:41,111", "name": "app", "levelname": "INFO", "message": "SUCCESS: Enhanced WebSocket routes included (/ws/v2/* endpoints)", "correlation_id": "no-correlation-id", "timestamp": "2025-10-19T11:16:41.111316Z", "app_name": "A1Betting Backend API", "app_version": "2.0.0", "environment": "development", "logger": "app", "level": "INFO", "file": "structured_logging.py", "line": 121, "function": "_log"}
{"asctime": "2025-10-19 06:16:41,111", "name": "app", "levelname": "ERROR", "message": "ERROR: Failed to register WebSocket logging routes: closing parenthesis ')' does not match opening parenthesis '{' on line 52 (websocket_logging_routes.py, line 53)", "correlation_id": "no-correlation-id", "timestamp": "2025-10-19T11:16:41.111316Z", "app_name": "A1Betting Backend API", "app_version": "2.0.0", "environment": "development", "logger": "app", "level": "ERROR", "file": "structured_logging.py", "line": 121, "function": "_log"}
{"asctime": "2025-10-19 06:16:41,112", "name": "app", "levelname": "ERROR", "message": "ERROR: Failed to register version routes: closing parenthesis ')' does not match opening parenthesis '{' on line 59 (version_routes.py, line 60)", "correlation_id": "no-correlation-id", "timestamp": "2025-10-19T11:16:41.112316Z", "app_name": "A1Betting Backend API", "app_version": "2.0.0", "environment": "development", "logger": "app", "level": "ERROR", "file": "structured_logging.py", "line": 121, "function": "_log"}
{"asctime": "2025-10-19 06:16:41,112", "name": "app", "levelname": "INFO", "message": "SUCCESS: WebVitals pipeline routes included (/api/metrics/v1/* endpoints)", "correlation_id": "no-correlation-id", "timestamp": "2025-10-19T11:16:41.112316Z", "app_name": "A1Betting Backend API", "app_version": "2.0.0", "environment": "development", "logger": "app", "level": "INFO", "file": "structured_logging.py", "line": 121, "function": "_log"}
{"asctime": "2025-10-19 06:16:41,114", "name": "app", "levelname": "INFO", "message": "SUCCESS: Trends routes included (/api/trends/* endpoints)", "correlation_id": "no-correlation-id", "timestamp": "2025-10-19T11:16:41.114317Z", "app_name": "A1Betting Backend API", "app_version": "2.0.0", "environment": "development", "logger": "app", "level": "INFO", "file": "structured_logging.py", "line": 121, "function": "_log"}
{"asctime": "2025-10-19 06:16:41,115", "name": "app", "levelname": "INFO", "message": "SUCCESS: +EV Feed routes included (/api/ev/* endpoints)", "correlation_id": "no-correlation-id", "timestamp": "2025-10-19T11:16:41.115316Z", "app_name": "A1Betting Backend API", "app_version": "2.0.0", "environment": "development", "logger": "app", "level": "INFO", "file": "structured_logging.py", "line": 121, "function": "_log"}
{"asctime": "2025-10-19 06:16:41,116", "name": "app", "levelname": "INFO", "message": "SUCCESS: EV Feed debug routes included (/api/ev/feed/debug/* endpoints)", "correlation_id": "no-correlation-id", "timestamp": "2025-10-19T11:16:41.116837Z", "app_name": "A1Betting Backend API", "app_version": "2.0.0", "environment": "development", "logger": "app", "level": "INFO", "file": "structured_logging.py", "line": 121, "function": "_log"}
{"asctime": "2025-10-19 06:16:41,117", "name": "app", "levelname": "INFO", "message": "SUCCESS: Opportunities routes included (/api/opportunities/* endpoints)", "correlation_id": "no-correlation-id", "timestamp": "2025-10-19T11:16:41.117870Z", "app_name": "A1Betting Backend API", "app_version": "2.0.0", "environment": "development", "logger": "app", "level": "INFO", "file": "structured_logging.py", "line": 121, "function": "_log"}
{"asctime": "2025-10-19 06:16:41,117", "name": "app", "levelname": "INFO", "message": "SUCCESS: Enhanced ML routes included (/api/enhanced-ml/* endpoints)", "correlation_id": "no-correlation-id", "timestamp": "2025-10-19T11:16:41.117870Z", "app_name": "A1Betting Backend API", "app_version": "2.0.0", "environment": "development", "logger": "app", "level": "INFO", "file": "structured_logging.py", "line": 121, "function": "_log"}
{"asctime": "2025-10-19 06:16:41,117", "name": "app", "levelname": "INFO", "message": "SUCCESS: Fallback enhanced-ml compatibility router mounted at /api/enhanced-ml", "correlation_id": "no-correlation-id", "timestamp": "2025-10-19T11:16:41.117870Z", "app_name": "A1Betting Backend API", "app_version": "2.0.0", "environment": "development", "logger": "app", "level": "INFO", "file": "structured_logging.py", "line": 121, "function": "_log"}
{"asctime": "2025-10-19 06:16:41,122", "name": "app", "levelname": "INFO", "message": "SUCCESS: Supplementary Enhanced-ML compatibility endpoints mounted where missing", "correlation_id": "no-correlation-id", "timestamp": "2025-10-19T11:16:41.122436Z", "app_name": "A1Betting Backend API", "app_version": "2.0.0", "environment": "development", "logger": "app", "level": "INFO", "file": "structured_logging.py", "line": 121, "function": "_log"}
{"asctime": "2025-10-19 06:16:41,123", "name": "app", "levelname": "INFO", "message": "SUCCESS: Consolidated PrizePicks routes included (/api/v2/prizepicks/* endpoints)", "correlation_id": "no-correlation-id", "timestamp": "2025-10-19T11:16:41.123437Z", "app_name": "A1Betting Backend API", "app_version": "2.0.0", "environment": "development", "logger": "app", "level": "INFO", "file": "structured_logging.py", "line": 121, "function": "_log"}
{"asctime": "2025-10-19 06:16:41,124", "name": "app", "levelname": "INFO", "message": "SUCCESS: Consolidated ML routes included (/api/v2/ml/* endpoints)", "correlation_id": "no-correlation-id", "timestamp": "2025-10-19T11:16:41.124442Z", "app_name": "A1Betting Backend API", "app_version": "2.0.0", "environment": "development", "logger": "app", "level": "INFO", "file": "structured_logging.py", "line": 121, "function": "_log"}
{"asctime": "2025-10-19 06:16:41,125", "name": "app", "levelname": "ERROR", "message": "ERROR: Failed to register consolidated Admin routes: unexpected indent (consolidated_admin.py, line 35)", "correlation_id": "no-correlation-id", "timestamp": "2025-10-19T11:16:41.125435Z", "app_name": "A1Betting Backend API", "app_version": "2.0.0", "environment": "development", "logger": "app", "level": "ERROR", "file": "structured_logging.py", "line": 121, "function": "_log"}
{"asctime": "2025-10-19 06:16:41,127", "name": "app", "levelname": "INFO", "message": "SUCCESS: Odds & Line Movement routes included (/v1/odds/* endpoints)", "correlation_id": "no-correlation-id", "timestamp": "2025-10-19T11:16:41.127422Z", "app_name": "A1Betting Backend API", "app_version": "2.0.0", "environment": "development", "logger": "app", "level": "INFO", "file": "structured_logging.py", "line": 121, "function": "_log"}
{"asctime": "2025-10-19 06:16:41,129", "name": "app", "levelname": "INFO", "message": "SUCCESS: Odds alias routes included (/api/odds/* endpoints)", "correlation_id": "no-correlation-id", "timestamp": "2025-10-19T11:16:41.129436Z", "app_name": "A1Betting Backend API", "app_version": "2.0.0", "environment": "development", "logger": "app", "level": "INFO", "file": "structured_logging.py", "line": 121, "function": "_log"}
{"asctime": "2025-10-19 06:16:41,130", "name": "app", "levelname": "INFO", "message": "SUCCESS: Odds History routes included (/api/odds/* endpoints)", "correlation_id": "no-correlation-id", "timestamp": "2025-10-19T11:16:41.130442Z", "app_name": "A1Betting Backend API", "app_version": "2.0.0", "environment": "development", "logger": "app", "level": "INFO", "file": "structured_logging.py", "line": 121, "function": "_log"}
{"asctime": "2025-10-19 06:16:41,130", "name": "app", "levelname": "INFO", "message": "ENABLE_ODDS_SNAPSHOTS=false: snapshot persistence disabled", "correlation_id": "no-correlation-id", "timestamp": "2025-10-19T11:16:41.130442Z", "app_name": "A1Betting Backend API", "app_version": "2.0.0", "environment": "development", "logger": "app", "level": "INFO", "file": "structured_logging.py", "line": 121, "function": "_log"}
{"asctime": "2025-10-19 06:16:41,132", "name": "app", "levelname": "INFO", "message": "SUCCESS: Advanced-Kelly compatibility router mounted at /api/advanced-kelly", "correlation_id": "no-correlation-id", "timestamp": "2025-10-19T11:16:41.132434Z", "app_name": "A1Betting Backend API", "app_version": "2.0.0", "environment": "development", "logger": "app", "level": "INFO", "file": "structured_logging.py", "line": 121, "function": "_log"}
{"asctime": "2025-10-19 06:16:41,134", "name": "app", "levelname": "ERROR", "message": "ERROR: Failed to register Risk Management & Personalization routes: closing parenthesis ')' does not match opening parenthesis '{' on line 188 (risk_personalization.py, line 189)", "correlation_id": "no-correlation-id", "timestamp": "2025-10-19T11:16:41.134421Z", "app_name": "A1Betting Backend API", "app_version": "2.0.0", "environment": "development", "logger": "app", "level": "ERROR", "file": "structured_logging.py", "line": 121, "function": "_log"}
{"asctime": "2025-10-19 06:16:41,135", "name": "app", "levelname": "ERROR", "message": "ERROR: Failed to register Dependencies Health routes: closing parenthesis '}' does not match opening parenthesis '(' on line 39 (dependencies.py, line 40)", "correlation_id": "no-correlation-id", "timestamp": "2025-10-19T11:16:41.135418Z", "app_name": "A1Betting Backend API", "app_version": "2.0.0", "environment": "development", "logger": "app", "level": "ERROR", "file": "structured_logging.py", "line": 121, "function": "_log"}
{"asctime": "2025-10-19 06:16:41,136", "name": "app", "levelname": "ERROR", "message": "ERROR: Failed to register Provider Resilience routes: invalid syntax (provider_resilience_routes.py, line 60)", "correlation_id": "no-correlation-id", "timestamp": "2025-10-19T11:16:41.136436Z", "app_name": "A1Betting Backend API", "app_version": "2.0.0", "environment": "development", "logger": "app", "level": "ERROR", "file": "structured_logging.py", "line": 121, "function": "_log"}
{"asctime": "2025-10-19 06:16:41,136", "name": "app", "levelname": "ERROR", "message": "ERROR: Failed to register system capabilities routes: closing parenthesis '}' does not match opening parenthesis '(' on line 108 (system_capabilities.py, line 110)", "correlation_id": "no-correlation-id", "timestamp": "2025-10-19T11:16:41.136436Z", "app_name": "A1Betting Backend API", "app_version": "2.0.0", "environment": "development", "logger": "app", "level": "ERROR", "file": "structured_logging.py", "line": 121, "function": "_log"}
{"asctime": "2025-10-19 06:16:41,136", "name": "app", "levelname": "INFO", "message": "SUCCESS: Real-time market streaming routes included (/streaming/* endpoints)", "correlation_id": "no-correlation-id", "timestamp": "2025-10-19T11:16:41.136436Z", "app_name": "A1Betting Backend API", "app_version": "2.0.0", "environment": "development", "logger": "app", "level": "INFO", "file": "structured_logging.py", "line": 121, "function": "_log"}
{"asctime": "2025-10-19 06:16:41,138", "name": "app", "levelname": "INFO", "message": "SUCCESS: Unified sports routes included (/sports/* endpoints)", "correlation_id": "no-correlation-id", "timestamp": "2025-10-19T11:16:41.138434Z", "app_name": "A1Betting Backend API", "app_version": "2.0.0", "environment": "development", "logger": "app", "level": "INFO", "file": "structured_logging.py", "line": 121, "function": "_log"}
{"asctime": "2025-10-19 06:16:41,138", "name": "app", "levelname": "INFO", "message": "SUCCESS: Lazy sports routes included (/api/sports/* endpoints)", "correlation_id": "no-correlation-id", "timestamp": "2025-10-19T11:16:41.138434Z", "app_name": "A1Betting Backend API", "app_version": "2.0.0", "environment": "development", "logger": "app", "level": "INFO", "file": "structured_logging.py", "line": 121, "function": "_log"}
{"asctime": "2025-10-19 06:16:41,139", "name": "app", "levelname": "INFO", "message": "SUCCESS: Sports activation routes included (/api/v2/sports/* endpoints)", "correlation_id": "no-correlation-id", "timestamp": "2025-10-19T11:16:41.139436Z", "app_name": "A1Betting Backend API", "app_version": "2.0.0", "environment": "development", "logger": "app", "level": "INFO", "file": "structured_logging.py", "line": 121, "function": "_log"}
{"asctime": "2025-10-19 06:16:41,139", "name": "app", "levelname": "ERROR", "message": "ERROR: Failed to register security HEAD endpoints: unterminated string literal (detected at line 62) (security_head_endpoints.py, line 62)", "correlation_id": "no-correlation-id", "timestamp": "2025-10-19T11:16:41.140421Z", "app_name": "A1Betting Backend API", "app_version": "2.0.0", "environment": "development", "logger": "app", "level": "ERROR", "file": "structured_logging.py", "line": 121, "function": "_log"}
{"asctime": "2025-10-19 06:16:41,140", "name": "app", "levelname": "ERROR", "message": "ERROR: Failed to register ML Model Registry routes: f-string: expecting '}' (model_registry_simple.py, line 76)", "correlation_id": "no-correlation-id", "timestamp": "2025-10-19T11:16:41.140421Z", "app_name": "A1Betting Backend API", "app_version": "2.0.0", "environment": "development", "logger": "app", "level": "ERROR", "file": "structured_logging.py", "line": 121, "function": "_log"}
{"asctime": "2025-10-19 06:16:41,142", "name": "app", "levelname": "INFO", "message": "SUCCESS: Data ingestion routes included (/api/v1/ingestion/* endpoints)", "correlation_id": "no-correlation-id", "timestamp": "2025-10-19T11:16:41.142419Z", "app_name": "A1Betting Backend API", "app_version": "2.0.0", "environment": "development", "logger": "app", "level": "INFO", "file": "structured_logging.py", "line": 121, "function": "_log"}
{"asctime": "2025-10-19 06:16:41,142", "name": "app", "levelname": "INFO", "message": "SUCCESS: Metrics routes included (/metrics)", "correlation_id": "no-correlation-id", "timestamp": "2025-10-19T11:16:41.142419Z", "app_name": "A1Betting Backend API", "app_version": "2.0.0", "environment": "development", "logger": "app", "level": "INFO", "file": "structured_logging.py", "line": 121, "function": "_log"}
{"asctime": "2025-10-19 06:16:41,143", "name": "app", "levelname": "INFO", "message": "SUCCESS: Metrics summary routes included (/api/metrics/* endpoints)", "correlation_id": "no-correlation-id", "timestamp": "2025-10-19T11:16:41.143439Z", "app_name": "A1Betting Backend API", "app_version": "2.0.0", "environment": "development", "logger": "app", "level": "INFO", "file": "structured_logging.py", "line": 121, "function": "_log"}
{"asctime": "2025-10-19 06:16:41,144", "name": "app", "levelname": "ERROR", "message": "Failed to register enterprise model registry routes: invalid syntax (enterprise_model_registry_routes.py, line 200)", "correlation_id": "no-correlation-id", "timestamp": "2025-10-19T11:16:41.144435Z", "app_name": "A1Betting Backend API", "app_version": "2.0.0", "environment": "development", "logger": "app", "level": "ERROR", "file": "structured_logging.py", "line": 121, "function": "_log"}
{"asctime": "2025-10-19 06:16:41,145", "name": "app", "levelname": "INFO", "message": "SUCCESS: Alert engine routes included (/api/alert-engine/* endpoints)", "correlation_id": "no-correlation-id", "timestamp": "2025-10-19T11:16:41.145435Z", "app_name": "A1Betting Backend API", "app_version": "2.0.0", "environment": "development", "logger": "app", "level": "INFO", "file": "structured_logging.py", "line": 121, "function": "_log"}
{"asctime": "2025-10-19 06:16:41,145", "name": "app", "levelname": "ERROR", "message": "ERROR: Failed to register Player Performance routes: f-string: single '}' is not allowed (player_performance_routes.py, line 42)", "correlation_id": "no-correlation-id", "timestamp": "2025-10-19T11:16:41.145435Z", "app_name": "A1Betting Backend API", "app_version": "2.0.0", "environment": "development", "logger": "app", "level": "ERROR", "file": "structured_logging.py", "line": 121, "function": "_log"}
{"asctime": "2025-10-19 06:16:41,147", "name": "app", "levelname": "INFO", "message": "SUCCESS: EV Calculation routes included (/api/ev/* endpoints)", "correlation_id": "no-correlation-id", "timestamp": "2025-10-19T11:16:41.147438Z", "app_name": "A1Betting Backend API", "app_version": "2.0.0", "environment": "development", "logger": "app", "level": "INFO", "file": "structured_logging.py", "line": 121, "function": "_log"}
{"asctime": "2025-10-19 06:16:41,148", "name": "app", "levelname": "ERROR", "message": "ERROR: Failed to register Enhanced EV routes: invalid syntax (enhanced_ev_routes.py, line 81)", "correlation_id": "no-correlation-id", "timestamp": "2025-10-19T11:16:41.148423Z", "app_name": "A1Betting Backend API", "app_version": "2.0.0", "environment": "development", "logger": "app", "level": "ERROR", "file": "structured_logging.py", "line": 121, "function": "_log"}
{"asctime": "2025-10-19 06:16:41,150", "name": "app", "levelname": "ERROR", "message": "ERROR: Failed to register CLV Trends routes: invalid syntax. Perhaps you forgot a comma? (clv_trends_routes.py, line 168)", "correlation_id": "no-correlation-id", "timestamp": "2025-10-19T11:16:41.150446Z", "app_name": "A1Betting Backend API", "app_version": "2.0.0", "environment": "development", "logger": "app", "level": "ERROR", "file": "structured_logging.py", "line": 121, "function": "_log"}
{"asctime": "2025-10-19 06:16:41,151", "name": "app", "levelname": "ERROR", "message": "ERROR: Failed to register Parlay Analytics routes: invalid syntax (parlay_routes.py, line 64)", "correlation_id": "no-correlation-id", "timestamp": "2025-10-19T11:16:41.151436Z", "app_name": "A1Betting Backend API", "app_version": "2.0.0", "environment": "development", "logger": "app", "level": "ERROR", "file": "structured_logging.py", "line": 121, "function": "_log"}
{"asctime": "2025-10-19 06:16:41,153", "name": "app", "levelname": "INFO", "message": "SUCCESS: Line Movement routes included (/api/line-movement/* endpoints)", "correlation_id": "no-correlation-id", "timestamp": "2025-10-19T11:16:41.153434Z", "app_name": "A1Betting Backend API", "app_version": "2.0.0", "environment": "development", "logger": "app", "level": "INFO", "file": "structured_logging.py", "line": 121, "function": "_log"}
{"asctime": "2025-10-19 06:16:41,157", "name": "app", "levelname": "INFO", "message": "SUCCESS: Legacy Line Movement routes included (/api/lines/* endpoints)", "correlation_id": "no-correlation-id", "timestamp": "2025-10-19T11:16:41.157419Z", "app_name": "A1Betting Backend API", "app_version": "2.0.0", "environment": "development", "logger": "app", "level": "INFO", "file": "structured_logging.py", "line": 121, "function": "_log"}
{"asctime": "2025-10-19 06:16:41,159", "name": "app", "levelname": "ERROR", "message": "ERROR: Failed to register Hardened Arbitrage routes: invalid syntax (hardened_arbitrage_routes.py, line 146)", "correlation_id": "no-correlation-id", "timestamp": "2025-10-19T11:16:41.159042Z", "app_name": "A1Betting Backend API", "app_version": "2.0.0", "environment": "development", "logger": "app", "level": "ERROR", "file": "structured_logging.py", "line": 121, "function": "_log"}
{"asctime": "2025-10-19 06:16:41,159", "name": "app", "levelname": "INFO", "message": "SUCCESS: Multiple Sportsbook routes included (/api/sportsbook/* endpoints)", "correlation_id": "no-correlation-id", "timestamp": "2025-10-19T11:16:41.159042Z", "app_name": "A1Betting Backend API", "app_version": "2.0.0", "environment": "development", "logger": "app", "level": "INFO", "file": "structured_logging.py", "line": 121, "function": "_log"}
{"asctime": "2025-10-19 06:16:41,159", "name": "app", "levelname": "INFO", "message": "Bootstrap validation scheduled on startup", "correlation_id": "no-correlation-id", "timestamp": "2025-10-19T11:16:41.159042Z", "app_name": "A1Betting Backend API", "app_version": "2.0.0", "environment": "development", "logger": "app", "level": "INFO", "file": "structured_logging.py", "line": 121, "function": "_log"}
{"asctime": "2025-10-19 06:16:41,159", "name": "app", "levelname": "INFO", "message": "Health endpoints normalized: /api/health, /health, /api/v2/health -> identical envelope format", "correlation_id": "no-correlation-id", "timestamp": "2025-10-19T11:16:41.159042Z", "app_name": "A1Betting Backend API", "app_version": "2.0.0", "environment": "development", "logger": "app", "level": "INFO", "file": "structured_logging.py", "line": 121, "function": "_log"}
{"asctime": "2025-10-19 06:16:41,160", "name": "app", "levelname": "WARNING", "message": "FeatureRouters: error during PropFinder registration: unexpected indent (propfinder_routes.py, line 8)", "correlation_id": "no-correlation-id", "timestamp": "2025-10-19T11:16:41.160565Z", "app_name": "A1Betting Backend API", "app_version": "2.0.0", "environment": "development", "logger": "app", "level": "WARNING", "file": "structured_logging.py", "line": 121, "function": "_log"}
{"asctime": "2025-10-19 06:16:41,161", "name": "app", "levelname": "INFO", "message": "FeatureRouters: Betting routes registered (/api/betting-opportunities, /api/arbitrage-opportunities)", "correlation_id": "no-correlation-id", "timestamp": "2025-10-19T11:16:41.161577Z", "app_name": "A1Betting Backend API", "app_version": "2.0.0", "environment": "development", "logger": "app", "level": "INFO", "file": "structured_logging.py", "line": 121, "function": "_log"}
{"asctime": "2025-10-19 06:16:41,163", "name": "app", "levelname": "INFO", "message": "Compatibility shims router included (root-level aliases)", "correlation_id": "no-correlation-id", "timestamp": "2025-10-19T11:16:41.163578Z", "app_name": "A1Betting Backend API", "app_version": "2.0.0", "environment": "development", "logger": "app", "level": "INFO", "file": "structured_logging.py", "line": 121, "function": "_log"}
{"asctime": "2025-10-19 06:16:41,166", "name": "app", "levelname": "INFO", "message": "PrizePicks compatibility router included at /api/prizepicks/*", "correlation_id": "no-correlation-id", "timestamp": "2025-10-19T11:16:41.166592Z", "app_name": "A1Betting Backend API", "app_version": "2.0.0", "environment": "development", "logger": "app", "level": "INFO", "file": "structured_logging.py", "line": 121, "function": "_log"}
{"asctime": "2025-10-19 06:16:41,166", "name": "app", "levelname": "INFO", "message": "Health compatibility router included (legacy aliases)", "correlation_id": "no-correlation-id", "timestamp": "2025-10-19T11:16:41.166592Z", "app_name": "A1Betting Backend API", "app_version": "2.0.0", "environment": "development", "logger": "app", "level": "INFO", "file": "structured_logging.py", "line": 121, "function": "_log"}
{"asctime": "2025-10-19 06:16:41,167", "name": "app", "levelname": "INFO", "message": "PropFinder-Compat router mounted at /api/propfinder/* (tests) - fallback engaged", "correlation_id": "no-correlation-id", "timestamp": "2025-10-19T11:16:41.167592Z", "app_name": "A1Betting Backend API", "app_version": "2.0.0", "environment": "development", "logger": "app", "level": "INFO", "file": "structured_logging.py", "line": 121, "function": "_log"}
{"asctime": "2025-10-19 06:16:41,169", "name": "app", "levelname": "INFO", "message": "A1Betting canonical app created successfully", "correlation_id": "no-correlation-id", "timestamp": "2025-10-19T11:16:41.169098Z", "app_name": "A1Betting Backend API", "app_version": "2.0.0", "environment": "development", "logger": "app", "level": "INFO", "file": "structured_logging.py", "line": 121, "function": "_log"}
---------------------------- Captured stderr call -----------------------------
{"timestamp": "2025-10-19T11:16:41.172103+00:00", "level": "INFO", "logger": "a1betting", "message": "Request started", "module": "structured_logging_middleware", "function": "log_request_start", "line": 115, "request_id": "e9692b52-4f35-4d88-907b-3216caf6c924", "taskName": "starlette.middleware.base.BaseHTTPMiddleware.__call__.<locals>.call_next.<locals>.coro", "event_type": "request_start", "method": "GET", "url": "http://testserver/api/propfinder/opportunities?limit=3&force_flat_baseline=true", "path": "/api/propfinder/opportunities", "query_params": {"limit": "3", "force_flat_baseline": "true"}, "client_ip": "testclient", "user_agent": "testclient", "content_type": null}
{"timestamp": "2025-10-19T11:16:41.175103+00:00", "level": "INFO", "logger": "a1betting", "message": "Request completed", "module": "structured_logging_middleware", "function": "log_request_success", "line": 130, "request_id": "e9692b52-4f35-4d88-907b-3216caf6c924", "taskName": "starlette.middleware.base.BaseHTTPMiddleware.__call__.<locals>.call_next.<locals>.coro", "event_type": "request_success", "method": "GET", "url": "http://testserver/api/propfinder/opportunities?limit=3&force_flat_baseline=true", "path": "/api/propfinder/opportunities", "status_code": 200, "duration_ms": 3.0, "response_size": "2853", "performance_category": "fast"}
_ TestPropFinderForceFlatBaseline.test_force_flat_baseline_contract_validation _
tests\backend\routes\test_propfinder_force_flat_baseline.py:95: in test_force_flat_baseline_contract_validation
    assert opp_data.get("movementDirection") == "flat"
E   AssertionError: assert 'up' == 'flat'
E     
E     - flat
E     + up
---------------------------- Captured stdout setup ----------------------------
{"asctime": "2025-10-19 06:16:41,789", "name": "app", "levelname": "INFO", "message": "Creating A1Betting canonical app...", "correlation_id": "no-correlation-id", "timestamp": "2025-10-19T11:16:41.790321Z", "app_name": "A1Betting Backend API", "app_version": "2.0.0", "environment": "development", "logger": "app", "level": "INFO", "file": "structured_logging.py", "line": 121, "function": "_log"}
{"asctime": "2025-10-19 06:16:41,790", "name": "app", "levelname": "INFO", "message": "Ingestion admin routes included (/api/ingestion)", "correlation_id": "no-correlation-id", "timestamp": "2025-10-19T11:16:41.790321Z", "app_name": "A1Betting Backend API", "app_version": "2.0.0", "environment": "development", "logger": "app", "level": "INFO", "file": "structured_logging.py", "line": 121, "function": "_log"}
{"asctime": "2025-10-19 06:16:41,791", "name": "app", "levelname": "INFO", "message": "Ingestion admin routes included (/api/ingestion/admin)", "correlation_id": "no-correlation-id", "timestamp": "2025-10-19T11:16:41.791321Z", "app_name": "A1Betting Backend API", "app_version": "2.0.0", "environment": "development", "logger": "app", "level": "INFO", "file": "structured_logging.py", "line": 121, "function": "_log"}
{"asctime": "2025-10-19 06:16:41,791", "name": "app", "levelname": "INFO", "message": "Testing compat shims included", "correlation_id": "no-correlation-id", "timestamp": "2025-10-19T11:16:41.791321Z", "app_name": "A1Betting Backend API", "app_version": "2.0.0", "environment": "development", "logger": "app", "level": "INFO", "file": "structured_logging.py", "line": 121, "function": "_log"}
{"asctime": "2025-10-19 06:16:41,791", "name": "app", "levelname": "INFO", "message": "Request ID correlation middleware added", "correlation_id": "no-correlation-id", "timestamp": "2025-10-19T11:16:41.791321Z", "app_name": "A1Betting Backend API", "app_version": "2.0.0", "environment": "development", "logger": "app", "level": "INFO", "file": "structured_logging.py", "line": 121, "function": "_log"}
{"asctime": "2025-10-19 06:16:41,791", "name": "app", "levelname": "INFO", "message": "Distributed trace correlation middleware added", "correlation_id": "no-correlation-id", "timestamp": "2025-10-19T11:16:41.791321Z", "app_name": "A1Betting Backend API", "app_version": "2.0.0", "environment": "development", "logger": "app", "level": "INFO", "file": "structured_logging.py", "line": 121, "function": "_log"}
{"asctime": "2025-10-19 06:16:41,791", "name": "app", "levelname": "INFO", "message": "Structured logging middleware added", "correlation_id": "no-correlation-id", "timestamp": "2025-10-19T11:16:41.791321Z", "app_name": "A1Betting Backend API", "app_version": "2.0.0", "environment": "development", "logger": "app", "level": "INFO", "file": "structured_logging.py", "line": 121, "function": "_log"}
{"asctime": "2025-10-19 06:16:41,792", "name": "app", "levelname": "INFO", "message": "Prometheus metrics middleware added", "correlation_id": "no-correlation-id", "timestamp": "2025-10-19T11:16:41.792396Z", "app_name": "A1Betting Backend API", "app_version": "2.0.0", "environment": "development", "logger": "app", "level": "INFO", "file": "structured_logging.py", "line": 121, "function": "_log"}
{"asctime": "2025-10-19 06:16:41,792", "name": "app", "levelname": "INFO", "message": "Payload guard middleware added: max_size=262144 bytes, enforce_json=True, enabled=True", "correlation_id": "no-correlation-id", "timestamp": "2025-10-19T11:16:41.792396Z", "app_name": "A1Betting Backend API", "app_version": "2.0.0", "environment": "development", "logger": "app", "level": "INFO", "file": "structured_logging.py", "line": 121, "function": "_log"}
{"asctime": "2025-10-19 06:16:41,792", "name": "app", "levelname": "INFO", "message": "Rate limiting middleware added: 100/min, burst=200, enabled=False", "correlation_id": "no-correlation-id", "timestamp": "2025-10-19T11:16:41.792396Z", "app_name": "A1Betting Backend API", "app_version": "2.0.0", "environment": "development", "logger": "app", "level": "INFO", "file": "structured_logging.py", "line": 121, "function": "_log"}
{"asctime": "2025-10-19 06:16:41,792", "name": "app", "levelname": "INFO", "message": "Security headers middleware added: [HSTS, CSP(report-only), COOP, COEP], x_frame_options=DENY", "correlation_id": "no-correlation-id", "timestamp": "2025-10-19T11:16:41.792396Z", "app_name": "A1Betting Backend API", "app_version": "2.0.0", "environment": "development", "logger": "app", "level": "INFO", "file": "structured_logging.py", "line": 121, "function": "_log"}
{"asctime": "2025-10-19 06:16:41,792", "name": "app", "levelname": "INFO", "message": "Legacy endpoint middleware added for usage telemetry and deprecation controls", "correlation_id": "no-correlation-id", "timestamp": "2025-10-19T11:16:41.792396Z", "app_name": "A1Betting Backend API", "app_version": "2.0.0", "environment": "development", "logger": "app", "level": "INFO", "file": "structured_logging.py", "line": 121, "function": "_log"}
{"asctime": "2025-10-19 06:16:41,792", "name": "app", "levelname": "INFO", "message": "\u2705 PayloadRejectionError handler registered", "correlation_id": "no-correlation-id", "timestamp": "2025-10-19T11:16:41.792396Z", "app_name": "A1Betting Backend API", "app_version": "2.0.0", "environment": "development", "logger": "app", "level": "INFO", "file": "structured_logging.py", "line": 121, "function": "_log"}
{"asctime": "2025-10-19 06:16:41,792", "name": "app", "levelname": "INFO", "message": "\u2705 All exception handlers registered with structured error taxonomy", "correlation_id": "no-correlation-id", "timestamp": "2025-10-19T11:16:41.792396Z", "app_name": "A1Betting Backend API", "app_version": "2.0.0", "environment": "development", "logger": "app", "level": "INFO", "file": "structured_logging.py", "line": 121, "function": "_log"}
{"asctime": "2025-10-19 06:16:41,792", "name": "app", "levelname": "INFO", "message": "Centralized exception handlers registered", "correlation_id": "no-correlation-id", "timestamp": "2025-10-19T11:16:41.792396Z", "app_name": "A1Betting Backend API", "app_version": "2.0.0", "environment": "development", "logger": "app", "level": "INFO", "file": "structured_logging.py", "line": 121, "function": "_log"}
{"asctime": "2025-10-19 06:16:41,792", "name": "app", "levelname": "INFO", "message": "Simple enhanced API fallback registered (v1 routes)", "correlation_id": "no-correlation-id", "timestamp": "2025-10-19T11:16:41.792396Z", "app_name": "A1Betting Backend API", "app_version": "2.0.0", "environment": "development", "logger": "app", "level": "INFO", "file": "structured_logging.py", "line": 121, "function": "_log"}
{"asctime": "2025-10-19 06:16:41,795", "name": "app", "levelname": "INFO", "message": "PR11 Enhanced WebSocket client route included (/ws/client)", "correlation_id": "no-correlation-id", "timestamp": "2025-10-19T11:16:41.795418Z", "app_name": "A1Betting Backend API", "app_version": "2.0.0", "environment": "development", "logger": "app", "level": "INFO", "file": "structured_logging.py", "line": 121, "function": "_log"}
{"asctime": "2025-10-19 06:16:41,795", "name": "app", "levelname": "INFO", "message": "SUCCESS: Core compatibility router mounted for legacy endpoints", "correlation_id": "no-correlation-id", "timestamp": "2025-10-19T11:16:41.796411Z", "app_name": "A1Betting Backend API", "app_version": "2.0.0", "environment": "development", "logger": "app", "level": "INFO", "file": "structured_logging.py", "line": 121, "function": "_log"}
{"asctime": "2025-10-19 06:16:41,797", "name": "app", "levelname": "INFO", "message": "MLB extras routes included in canonical app", "correlation_id": "no-correlation-id", "timestamp": "2025-10-19T11:16:41.797412Z", "app_name": "A1Betting Backend API", "app_version": "2.0.0", "environment": "development", "logger": "app", "level": "INFO", "file": "structured_logging.py", "line": 121, "function": "_log"}
{"asctime": "2025-10-19 06:16:41,798", "name": "app", "levelname": "INFO", "message": "SUCCESS: Odds refresh stub included at /api/odds", "correlation_id": "no-correlation-id", "timestamp": "2025-10-19T11:16:41.798396Z", "app_name": "A1Betting Backend API", "app_version": "2.0.0", "environment": "development", "logger": "app", "level": "INFO", "file": "structured_logging.py", "line": 121, "function": "_log"}
{"asctime": "2025-10-19 06:16:41,798", "name": "app", "levelname": "INFO", "message": "SUCCESS: Extended health/performance routes included (/api/health/extended, /performance/stats)", "correlation_id": "no-correlation-id", "timestamp": "2025-10-19T11:16:41.799396Z", "app_name": "A1Betting Backend API", "app_version": "2.0.0", "environment": "development", "logger": "app", "level": "INFO", "file": "structured_logging.py", "line": 121, "function": "_log"}
{"asctime": "2025-10-19 06:16:41,800", "name": "app", "levelname": "INFO", "message": "SUCCESS: Health routes included (/api/health/status)", "correlation_id": "no-correlation-id", "timestamp": "2025-10-19T11:16:41.800410Z", "app_name": "A1Betting Backend API", "app_version": "2.0.0", "environment": "development", "logger": "app", "level": "INFO", "file": "structured_logging.py", "line": 121, "function": "_log"}
{"asctime": "2025-10-19 06:16:41,801", "name": "app", "levelname": "INFO", "message": "SUCCESS: Sports activation extras included (OPTIONS/HEAD for /api/sports/activate/{sport})", "correlation_id": "no-correlation-id", "timestamp": "2025-10-19T11:16:41.801397Z", "app_name": "A1Betting Backend API", "app_version": "2.0.0", "environment": "development", "logger": "app", "level": "INFO", "file": "structured_logging.py", "line": 121, "function": "_log"}
{"asctime": "2025-10-19 06:16:41,801", "name": "app", "levelname": "INFO", "message": "Admin Feature Flags routes included (/api/admin/feature-flags)", "correlation_id": "no-correlation-id", "timestamp": "2025-10-19T11:16:41.801397Z", "app_name": "A1Betting Backend API", "app_version": "2.0.0", "environment": "development", "logger": "app", "level": "INFO", "file": "structured_logging.py", "line": 121, "function": "_log"}
{"asctime": "2025-10-19 06:16:41,801", "name": "app", "levelname": "WARNING", "message": "Could not import tools router: cannot import name 'router' from 'backend.routes.tools_routes' (C:\\Users\\bcmad\\Downloads\\A1Betting7-13.2\\backend\\routes\\tools_routes.py)", "correlation_id": "no-correlation-id", "timestamp": "2025-10-19T11:16:41.801397Z", "app_name": "A1Betting Backend API", "app_version": "2.0.0", "environment": "development", "logger": "app", "level": "WARNING", "file": "structured_logging.py", "line": 121, "function": "_log"}
{"asctime": "2025-10-19 06:16:41,805", "name": "app", "levelname": "INFO", "message": "SUCCESS: Auth routes also exposed at root (/auth/*) for compatibility", "correlation_id": "no-correlation-id", "timestamp": "2025-10-19T11:16:41.805395Z", "app_name": "A1Betting Backend API", "app_version": "2.0.0", "environment": "development", "logger": "app", "level": "INFO", "file": "structured_logging.py", "line": 121, "function": "_log"}
{"asctime": "2025-10-19 06:16:41,806", "name": "app", "levelname": "INFO", "message": "SUCCESS: Auth and users routes included (auth with /api prefix)", "correlation_id": "no-correlation-id", "timestamp": "2025-10-19T11:16:41.806395Z", "app_name": "A1Betting Backend API", "app_version": "2.0.0", "environment": "development", "logger": "app", "level": "INFO", "file": "structured_logging.py", "line": 121, "function": "_log"}
{"asctime": "2025-10-19 06:16:41,807", "name": "app", "levelname": "INFO", "message": "SUCCESS: Alert routes included (/api/alerts/*)", "correlation_id": "no-correlation-id", "timestamp": "2025-10-19T11:16:41.807394Z", "app_name": "A1Betting Backend API", "app_version": "2.0.0", "environment": "development", "logger": "app", "level": "INFO", "file": "structured_logging.py", "line": 121, "function": "_log"}
{"asctime": "2025-10-19 06:16:41,811", "name": "app", "levelname": "INFO", "message": "SUCCESS: Bankroll management routes included (/api/bankroll/*)", "correlation_id": "no-correlation-id", "timestamp": "2025-10-19T11:16:41.811411Z", "app_name": "A1Betting Backend API", "app_version": "2.0.0", "environment": "development", "logger": "app", "level": "INFO", "file": "structured_logging.py", "line": 121, "function": "_log"}
{"asctime": "2025-10-19 06:16:41,812", "name": "app", "levelname": "INFO", "message": "SUCCESS: Smart Signals routes included (/api/signals/*)", "correlation_id": "no-correlation-id", "timestamp": "2025-10-19T11:16:41.812395Z", "app_name": "A1Betting Backend API", "app_version": "2.0.0", "environment": "development", "logger": "app", "level": "INFO", "file": "structured_logging.py", "line": 121, "function": "_log"}
{"asctime": "2025-10-19 06:16:41,813", "name": "app", "levelname": "INFO", "message": "SUCCESS: Data validation routes included (/api/data/validation/summary)", "correlation_id": "no-correlation-id", "timestamp": "2025-10-19T11:16:41.813395Z", "app_name": "A1Betting Backend API", "app_version": "2.0.0", "environment": "development", "logger": "app", "level": "INFO", "file": "structured_logging.py", "line": 121, "function": "_log"}
{"asctime": "2025-10-19 06:16:41,813", "name": "app", "levelname": "INFO", "message": "SUCCESS: Diagnostics routes included (/api/v2/diagnostics/health, /api/v2/diagnostics/system)", "correlation_id": "no-correlation-id", "timestamp": "2025-10-19T11:16:41.813395Z", "app_name": "A1Betting Backend API", "app_version": "2.0.0", "environment": "development", "logger": "app", "level": "INFO", "file": "structured_logging.py", "line": 121, "function": "_log"}
{"asctime": "2025-10-19 06:16:41,814", "name": "app", "levelname": "ERROR", "message": "ERROR: Failed to register meta cache routes: invalid syntax. Perhaps you forgot a comma? (meta_cache.py, line 118)", "correlation_id": "no-correlation-id", "timestamp": "2025-10-19T11:16:41.814411Z", "app_name": "A1Betting Backend API", "app_version": "2.0.0", "environment": "development", "logger": "app", "level": "ERROR", "file": "structured_logging.py", "line": 121, "function": "_log"}
{"asctime": "2025-10-19 06:16:41,816", "name": "app", "levelname": "ERROR", "message": "ERROR: Failed to register legacy meta routes: invalid syntax (meta_legacy.py, line 106)", "correlation_id": "no-correlation-id", "timestamp": "2025-10-19T11:16:41.816402Z", "app_name": "A1Betting Backend API", "app_version": "2.0.0", "environment": "development", "logger": "app", "level": "ERROR", "file": "structured_logging.py", "line": 121, "function": "_log"}
{"asctime": "2025-10-19 06:16:41,816", "name": "app", "levelname": "INFO", "message": "SUCCESS: CSP report routes included (/csp/report + /api/security/csp-report alias)", "correlation_id": "no-correlation-id", "timestamp": "2025-10-19T11:16:41.816402Z", "app_name": "A1Betting Backend API", "app_version": "2.0.0", "environment": "development", "logger": "app", "level": "INFO", "file": "structured_logging.py", "line": 121, "function": "_log"}
{"asctime": "2025-10-19 06:16:41,817", "name": "app", "levelname": "ERROR", "message": "ERROR: Failed to register trace test routes: invalid syntax. Perhaps you forgot a comma? (trace_test_routes.py, line 91)", "correlation_id": "no-correlation-id", "timestamp": "2025-10-19T11:16:41.817911Z", "app_name": "A1Betting Backend API", "app_version": "2.0.0", "environment": "development", "logger": "app", "level": "ERROR", "file": "structured_logging.py", "line": 121, "function": "_log"}
{"asctime": "2025-10-19 06:16:41,817", "name": "app", "levelname": "ERROR", "message": "ERROR: Failed to register model inference routes: closing parenthesis ')' does not match opening parenthesis '{' on line 216 (models_inference.py, line 217)", "correlation_id": "no-correlation-id", "timestamp": "2025-10-19T11:16:41.819418Z", "app_name": "A1Betting Backend API", "app_version": "2.0.0", "environment": "development", "logger": "app", "level": "ERROR", "file": "structured_logging.py", "line": 121, "function": "_log"}
{"asctime": "2025-10-19 06:16:41,820", "name": "app", "levelname": "ERROR", "message": "ERROR: Failed to register observability events routes: invalid syntax (observability_events.py, line 82)", "correlation_id": "no-correlation-id", "timestamp": "2025-10-19T11:16:41.820426Z", "app_name": "A1Betting Backend API", "app_version": "2.0.0", "environment": "development", "logger": "app", "level": "ERROR", "file": "structured_logging.py", "line": 121, "function": "_log"}
{"asctime": "2025-10-19 06:16:41,822", "name": "app", "levelname": "INFO", "message": "SUCCESS: Admin control routes included (/api/v2/models/shadow/* and /api/v2/models/admin/* endpoints)", "correlation_id": "no-correlation-id", "timestamp": "2025-10-19T11:16:41.822427Z", "app_name": "A1Betting Backend API", "app_version": "2.0.0", "environment": "development", "logger": "app", "level": "INFO", "file": "structured_logging.py", "line": 121, "function": "_log"}
{"asctime": "2025-10-19 06:16:41,823", "name": "app", "levelname": "INFO", "message": "SUCCESS: Analytics routes included (/api/analytics/* endpoints)", "correlation_id": "no-correlation-id", "timestamp": "2025-10-19T11:16:41.823427Z", "app_name": "A1Betting Backend API", "app_version": "2.0.0", "environment": "development", "logger": "app", "level": "INFO", "file": "structured_logging.py", "line": 121, "function": "_log"}
{"asctime": "2025-10-19 06:16:41,985", "name": "app", "levelname": "INFO", "message": "SUCCESS: Unified API router included for legacy /api endpoints", "correlation_id": "no-correlation-id", "timestamp": "2025-10-19T11:16:41.985260Z", "app_name": "A1Betting Backend API", "app_version": "2.0.0", "environment": "development", "logger": "app", "level": "INFO", "file": "structured_logging.py", "line": 121, "function": "_log"}
{"asctime": "2025-10-19 06:16:41,988", "name": "app", "levelname": "INFO", "message": "SUCCESS: Enhanced WebSocket routes included (/ws/v2/* endpoints)", "correlation_id": "no-correlation-id", "timestamp": "2025-10-19T11:16:41.988261Z", "app_name": "A1Betting Backend API", "app_version": "2.0.0", "environment": "development", "logger": "app", "level": "INFO", "file": "structured_logging.py", "line": 121, "function": "_log"}
{"asctime": "2025-10-19 06:16:41,988", "name": "app", "levelname": "ERROR", "message": "ERROR: Failed to register WebSocket logging routes: closing parenthesis ')' does not match opening parenthesis '{' on line 52 (websocket_logging_routes.py, line 53)", "correlation_id": "no-correlation-id", "timestamp": "2025-10-19T11:16:41.989262Z", "app_name": "A1Betting Backend API", "app_version": "2.0.0", "environment": "development", "logger": "app", "level": "ERROR", "file": "structured_logging.py", "line": 121, "function": "_log"}
{"asctime": "2025-10-19 06:16:41,989", "name": "app", "levelname": "ERROR", "message": "ERROR: Failed to register version routes: closing parenthesis ')' does not match opening parenthesis '{' on line 59 (version_routes.py, line 60)", "correlation_id": "no-correlation-id", "timestamp": "2025-10-19T11:16:41.989262Z", "app_name": "A1Betting Backend API", "app_version": "2.0.0", "environment": "development", "logger": "app", "level": "ERROR", "file": "structured_logging.py", "line": 121, "function": "_log"}
{"asctime": "2025-10-19 06:16:41,989", "name": "app", "levelname": "INFO", "message": "SUCCESS: WebVitals pipeline routes included (/api/metrics/v1/* endpoints)", "correlation_id": "no-correlation-id", "timestamp": "2025-10-19T11:16:41.989262Z", "app_name": "A1Betting Backend API", "app_version": "2.0.0", "environment": "development", "logger": "app", "level": "INFO", "file": "structured_logging.py", "line": 121, "function": "_log"}
{"asctime": "2025-10-19 06:16:41,991", "name": "app", "levelname": "INFO", "message": "SUCCESS: Trends routes included (/api/trends/* endpoints)", "correlation_id": "no-correlation-id", "timestamp": "2025-10-19T11:16:41.991991Z", "app_name": "A1Betting Backend API", "app_version": "2.0.0", "environment": "development", "logger": "app", "level": "INFO", "file": "structured_logging.py", "line": 121, "function": "_log"}
{"asctime": "2025-10-19 06:16:41,993", "name": "app", "levelname": "INFO", "message": "SUCCESS: +EV Feed routes included (/api/ev/* endpoints)", "correlation_id": "no-correlation-id", "timestamp": "2025-10-19T11:16:41.993896Z", "app_name": "A1Betting Backend API", "app_version": "2.0.0", "environment": "development", "logger": "app", "level": "INFO", "file": "structured_logging.py", "line": 121, "function": "_log"}
{"asctime": "2025-10-19 06:16:41,993", "name": "app", "levelname": "INFO", "message": "SUCCESS: EV Feed debug routes included (/api/ev/feed/debug/* endpoints)", "correlation_id": "no-correlation-id", "timestamp": "2025-10-19T11:16:41.993896Z", "app_name": "A1Betting Backend API", "app_version": "2.0.0", "environment": "development", "logger": "app", "level": "INFO", "file": "structured_logging.py", "line": 121, "function": "_log"}
{"asctime": "2025-10-19 06:16:41,994", "name": "app", "levelname": "INFO", "message": "SUCCESS: Opportunities routes included (/api/opportunities/* endpoints)", "correlation_id": "no-correlation-id", "timestamp": "2025-10-19T11:16:41.994878Z", "app_name": "A1Betting Backend API", "app_version": "2.0.0", "environment": "development", "logger": "app", "level": "INFO", "file": "structured_logging.py", "line": 121, "function": "_log"}
{"asctime": "2025-10-19 06:16:41,995", "name": "app", "levelname": "INFO", "message": "SUCCESS: Enhanced ML routes included (/api/enhanced-ml/* endpoints)", "correlation_id": "no-correlation-id", "timestamp": "2025-10-19T11:16:41.995902Z", "app_name": "A1Betting Backend API", "app_version": "2.0.0", "environment": "development", "logger": "app", "level": "INFO", "file": "structured_logging.py", "line": 121, "function": "_log"}
{"asctime": "2025-10-19 06:16:41,995", "name": "app", "levelname": "INFO", "message": "SUCCESS: Fallback enhanced-ml compatibility router mounted at /api/enhanced-ml", "correlation_id": "no-correlation-id", "timestamp": "2025-10-19T11:16:41.995902Z", "app_name": "A1Betting Backend API", "app_version": "2.0.0", "environment": "development", "logger": "app", "level": "INFO", "file": "structured_logging.py", "line": 121, "function": "_log"}
{"asctime": "2025-10-19 06:16:42,000", "name": "app", "levelname": "INFO", "message": "SUCCESS: Supplementary Enhanced-ML compatibility endpoints mounted where missing", "correlation_id": "no-correlation-id", "timestamp": "2025-10-19T11:16:42.000405Z", "app_name": "A1Betting Backend API", "app_version": "2.0.0", "environment": "development", "logger": "app", "level": "INFO", "file": "structured_logging.py", "line": 121, "function": "_log"}
{"asctime": "2025-10-19 06:16:42,002", "name": "app", "levelname": "INFO", "message": "SUCCESS: Consolidated PrizePicks routes included (/api/v2/prizepicks/* endpoints)", "correlation_id": "no-correlation-id", "timestamp": "2025-10-19T11:16:42.002405Z", "app_name": "A1Betting Backend API", "app_version": "2.0.0", "environment": "development", "logger": "app", "level": "INFO", "file": "structured_logging.py", "line": 121, "function": "_log"}
{"asctime": "2025-10-19 06:16:42,002", "name": "app", "levelname": "INFO", "message": "SUCCESS: Consolidated ML routes included (/api/v2/ml/* endpoints)", "correlation_id": "no-correlation-id", "timestamp": "2025-10-19T11:16:42.002405Z", "app_name": "A1Betting Backend API", "app_version": "2.0.0", "environment": "development", "logger": "app", "level": "INFO", "file": "structured_logging.py", "line": 121, "function": "_log"}
{"asctime": "2025-10-19 06:16:42,003", "name": "app", "levelname": "ERROR", "message": "ERROR: Failed to register consolidated Admin routes: unexpected indent (consolidated_admin.py, line 35)", "correlation_id": "no-correlation-id", "timestamp": "2025-10-19T11:16:42.003404Z", "app_name": "A1Betting Backend API", "app_version": "2.0.0", "environment": "development", "logger": "app", "level": "ERROR", "file": "structured_logging.py", "line": 121, "function": "_log"}
{"asctime": "2025-10-19 06:16:42,005", "name": "app", "levelname": "INFO", "message": "SUCCESS: Odds & Line Movement routes included (/v1/odds/* endpoints)", "correlation_id": "no-correlation-id", "timestamp": "2025-10-19T11:16:42.005404Z", "app_name": "A1Betting Backend API", "app_version": "2.0.0", "environment": "development", "logger": "app", "level": "INFO", "file": "structured_logging.py", "line": 121, "function": "_log"}
{"asctime": "2025-10-19 06:16:42,007", "name": "app", "levelname": "INFO", "message": "SUCCESS: Odds alias routes included (/api/odds/* endpoints)", "correlation_id": "no-correlation-id", "timestamp": "2025-10-19T11:16:42.007432Z", "app_name": "A1Betting Backend API", "app_version": "2.0.0", "environment": "development", "logger": "app", "level": "INFO", "file": "structured_logging.py", "line": 121, "function": "_log"}
{"asctime": "2025-10-19 06:16:42,008", "name": "app", "levelname": "INFO", "message": "SUCCESS: Odds History routes included (/api/odds/* endpoints)", "correlation_id": "no-correlation-id", "timestamp": "2025-10-19T11:16:42.008406Z", "app_name": "A1Betting Backend API", "app_version": "2.0.0", "environment": "development", "logger": "app", "level": "INFO", "file": "structured_logging.py", "line": 121, "function": "_log"}
{"asctime": "2025-10-19 06:16:42,008", "name": "app", "levelname": "INFO", "message": "ENABLE_ODDS_SNAPSHOTS=false: snapshot persistence disabled", "correlation_id": "no-correlation-id", "timestamp": "2025-10-19T11:16:42.008406Z", "app_name": "A1Betting Backend API", "app_version": "2.0.0", "environment": "development", "logger": "app", "level": "INFO", "file": "structured_logging.py", "line": 121, "function": "_log"}
{"asctime": "2025-10-19 06:16:42,010", "name": "app", "levelname": "INFO", "message": "SUCCESS: Advanced-Kelly compatibility router mounted at /api/advanced-kelly", "correlation_id": "no-correlation-id", "timestamp": "2025-10-19T11:16:42.010403Z", "app_name": "A1Betting Backend API", "app_version": "2.0.0", "environment": "development", "logger": "app", "level": "INFO", "file": "structured_logging.py", "line": 121, "function": "_log"}
{"asctime": "2025-10-19 06:16:42,011", "name": "app", "levelname": "ERROR", "message": "ERROR: Failed to register Risk Management & Personalization routes: closing parenthesis ')' does not match opening parenthesis '{' on line 188 (risk_personalization.py, line 189)", "correlation_id": "no-correlation-id", "timestamp": "2025-10-19T11:16:42.011403Z", "app_name": "A1Betting Backend API", "app_version": "2.0.0", "environment": "development", "logger": "app", "level": "ERROR", "file": "structured_logging.py", "line": 121, "function": "_log"}
{"asctime": "2025-10-19 06:16:42,012", "name": "app", "levelname": "ERROR", "message": "ERROR: Failed to register Dependencies Health routes: closing parenthesis '}' does not match opening parenthesis '(' on line 39 (dependencies.py, line 40)", "correlation_id": "no-correlation-id", "timestamp": "2025-10-19T11:16:42.012403Z", "app_name": "A1Betting Backend API", "app_version": "2.0.0", "environment": "development", "logger": "app", "level": "ERROR", "file": "structured_logging.py", "line": 121, "function": "_log"}
{"asctime": "2025-10-19 06:16:42,013", "name": "app", "levelname": "ERROR", "message": "ERROR: Failed to register Provider Resilience routes: invalid syntax (provider_resilience_routes.py, line 60)", "correlation_id": "no-correlation-id", "timestamp": "2025-10-19T11:16:42.013406Z", "app_name": "A1Betting Backend API", "app_version": "2.0.0", "environment": "development", "logger": "app", "level": "ERROR", "file": "structured_logging.py", "line": 121, "function": "_log"}
{"asctime": "2025-10-19 06:16:42,014", "name": "app", "levelname": "ERROR", "message": "ERROR: Failed to register system capabilities routes: closing parenthesis '}' does not match opening parenthesis '(' on line 108 (system_capabilities.py, line 110)", "correlation_id": "no-correlation-id", "timestamp": "2025-10-19T11:16:42.014406Z", "app_name": "A1Betting Backend API", "app_version": "2.0.0", "environment": "development", "logger": "app", "level": "ERROR", "file": "structured_logging.py", "line": 121, "function": "_log"}
{"asctime": "2025-10-19 06:16:42,014", "name": "app", "levelname": "INFO", "message": "SUCCESS: Real-time market streaming routes included (/streaming/* endpoints)", "correlation_id": "no-correlation-id", "timestamp": "2025-10-19T11:16:42.014406Z", "app_name": "A1Betting Backend API", "app_version": "2.0.0", "environment": "development", "logger": "app", "level": "INFO", "file": "structured_logging.py", "line": 121, "function": "_log"}
{"asctime": "2025-10-19 06:16:42,015", "name": "app", "levelname": "INFO", "message": "SUCCESS: Unified sports routes included (/sports/* endpoints)", "correlation_id": "no-correlation-id", "timestamp": "2025-10-19T11:16:42.016406Z", "app_name": "A1Betting Backend API", "app_version": "2.0.0", "environment": "development", "logger": "app", "level": "INFO", "file": "structured_logging.py", "line": 121, "function": "_log"}
{"asctime": "2025-10-19 06:16:42,016", "name": "app", "levelname": "INFO", "message": "SUCCESS: Lazy sports routes included (/api/sports/* endpoints)", "correlation_id": "no-correlation-id", "timestamp": "2025-10-19T11:16:42.016406Z", "app_name": "A1Betting Backend API", "app_version": "2.0.0", "environment": "development", "logger": "app", "level": "INFO", "file": "structured_logging.py", "line": 121, "function": "_log"}
{"asctime": "2025-10-19 06:16:42,016", "name": "app", "levelname": "INFO", "message": "SUCCESS: Sports activation routes included (/api/v2/sports/* endpoints)", "correlation_id": "no-correlation-id", "timestamp": "2025-10-19T11:16:42.016406Z", "app_name": "A1Betting Backend API", "app_version": "2.0.0", "environment": "development", "logger": "app", "level": "INFO", "file": "structured_logging.py", "line": 121, "function": "_log"}
{"asctime": "2025-10-19 06:16:42,017", "name": "app", "levelname": "ERROR", "message": "ERROR: Failed to register security HEAD endpoints: unterminated string literal (detected at line 62) (security_head_endpoints.py, line 62)", "correlation_id": "no-correlation-id", "timestamp": "2025-10-19T11:16:42.017406Z", "app_name": "A1Betting Backend API", "app_version": "2.0.0", "environment": "development", "logger": "app", "level": "ERROR", "file": "structured_logging.py", "line": 121, "function": "_log"}
{"asctime": "2025-10-19 06:16:42,017", "name": "app", "levelname": "ERROR", "message": "ERROR: Failed to register ML Model Registry routes: f-string: expecting '}' (model_registry_simple.py, line 76)", "correlation_id": "no-correlation-id", "timestamp": "2025-10-19T11:16:42.017911Z", "app_name": "A1Betting Backend API", "app_version": "2.0.0", "environment": "development", "logger": "app", "level": "ERROR", "file": "structured_logging.py", "line": 121, "function": "_log"}
{"asctime": "2025-10-19 06:16:42,019", "name": "app", "levelname": "INFO", "message": "SUCCESS: Data ingestion routes included (/api/v1/ingestion/* endpoints)", "correlation_id": "no-correlation-id", "timestamp": "2025-10-19T11:16:42.019416Z", "app_name": "A1Betting Backend API", "app_version": "2.0.0", "environment": "development", "logger": "app", "level": "INFO", "file": "structured_logging.py", "line": 121, "function": "_log"}
{"asctime": "2025-10-19 06:16:42,020", "name": "app", "levelname": "INFO", "message": "SUCCESS: Metrics routes included (/metrics)", "correlation_id": "no-correlation-id", "timestamp": "2025-10-19T11:16:42.020423Z", "app_name": "A1Betting Backend API", "app_version": "2.0.0", "environment": "development", "logger": "app", "level": "INFO", "file": "structured_logging.py", "line": 121, "function": "_log"}
{"asctime": "2025-10-19 06:16:42,020", "name": "app", "levelname": "INFO", "message": "SUCCESS: Metrics summary routes included (/api/metrics/* endpoints)", "correlation_id": "no-correlation-id", "timestamp": "2025-10-19T11:16:42.020423Z", "app_name": "A1Betting Backend API", "app_version": "2.0.0", "environment": "development", "logger": "app", "level": "INFO", "file": "structured_logging.py", "line": 121, "function": "_log"}
{"asctime": "2025-10-19 06:16:42,022", "name": "app", "levelname": "ERROR", "message": "Failed to register enterprise model registry routes: invalid syntax (enterprise_model_registry_routes.py, line 200)", "correlation_id": "no-correlation-id", "timestamp": "2025-10-19T11:16:42.022440Z", "app_name": "A1Betting Backend API", "app_version": "2.0.0", "environment": "development", "logger": "app", "level": "ERROR", "file": "structured_logging.py", "line": 121, "function": "_log"}
{"asctime": "2025-10-19 06:16:42,022", "name": "app", "levelname": "INFO", "message": "SUCCESS: Alert engine routes included (/api/alert-engine/* endpoints)", "correlation_id": "no-correlation-id", "timestamp": "2025-10-19T11:16:42.023441Z", "app_name": "A1Betting Backend API", "app_version": "2.0.0", "environment": "development", "logger": "app", "level": "INFO", "file": "structured_logging.py", "line": 121, "function": "_log"}
{"asctime": "2025-10-19 06:16:42,023", "name": "app", "levelname": "ERROR", "message": "ERROR: Failed to register Player Performance routes: f-string: single '}' is not allowed (player_performance_routes.py, line 42)", "correlation_id": "no-correlation-id", "timestamp": "2025-10-19T11:16:42.023441Z", "app_name": "A1Betting Backend API", "app_version": "2.0.0", "environment": "development", "logger": "app", "level": "ERROR", "file": "structured_logging.py", "line": 121, "function": "_log"}
{"asctime": "2025-10-19 06:16:42,025", "name": "app", "levelname": "INFO", "message": "SUCCESS: EV Calculation routes included (/api/ev/* endpoints)", "correlation_id": "no-correlation-id", "timestamp": "2025-10-19T11:16:42.025439Z", "app_name": "A1Betting Backend API", "app_version": "2.0.0", "environment": "development", "logger": "app", "level": "INFO", "file": "structured_logging.py", "line": 121, "function": "_log"}
{"asctime": "2025-10-19 06:16:42,026", "name": "app", "levelname": "ERROR", "message": "ERROR: Failed to register Enhanced EV routes: invalid syntax (enhanced_ev_routes.py, line 81)", "correlation_id": "no-correlation-id", "timestamp": "2025-10-19T11:16:42.026438Z", "app_name": "A1Betting Backend API", "app_version": "2.0.0", "environment": "development", "logger": "app", "level": "ERROR", "file": "structured_logging.py", "line": 121, "function": "_log"}
{"asctime": "2025-10-19 06:16:42,028", "name": "app", "levelname": "ERROR", "message": "ERROR: Failed to register CLV Trends routes: invalid syntax. Perhaps you forgot a comma? (clv_trends_routes.py, line 168)", "correlation_id": "no-correlation-id", "timestamp": "2025-10-19T11:16:42.028424Z", "app_name": "A1Betting Backend API", "app_version": "2.0.0", "environment": "development", "logger": "app", "level": "ERROR", "file": "structured_logging.py", "line": 121, "function": "_log"}
{"asctime": "2025-10-19 06:16:42,029", "name": "app", "levelname": "ERROR", "message": "ERROR: Failed to register Parlay Analytics routes: invalid syntax (parlay_routes.py, line 64)", "correlation_id": "no-correlation-id", "timestamp": "2025-10-19T11:16:42.029424Z", "app_name": "A1Betting Backend API", "app_version": "2.0.0", "environment": "development", "logger": "app", "level": "ERROR", "file": "structured_logging.py", "line": 121, "function": "_log"}
[...]
{"asctime": "2025-10-19 06:16:42,111", "name": "app", "levelname": "ERROR", "message": "ERROR: Failed to register consolidated Admin routes: unexpected indent (consolidated_admin.py, line 35)", "correlation_id": "no-correlation-id", "timestamp": "2025-10-19T11:16:42.111240Z", "app_name": "A1Betting Backend API", "app_version": "2.0.0", "environment": "development", "logger": "app", "level": "ERROR", "file": "structured_logging.py", "line": 121, "function": "_log"}
{"asctime": "2025-10-19 06:16:42,112", "name": "app", "levelname": "INFO", "message": "SUCCESS: Odds & Line Movement routes included (/v1/odds/* endpoints)", "correlation_id": "no-correlation-id", "timestamp": "2025-10-19T11:16:42.112258Z", "app_name": "A1Betting Backend API", "app_version": "2.0.0", "environment": "development", "logger": "app", "level": "INFO", "file": "structured_logging.py", "line": 121, "function": "_log"}
{"asctime": "2025-10-19 06:16:42,114", "name": "app", "levelname": "INFO", "message": "SUCCESS: Odds alias routes included (/api/odds/* endpoints)", "correlation_id": "no-correlation-id", "timestamp": "2025-10-19T11:16:42.114253Z", "app_name": "A1Betting Backend API", "app_version": "2.0.0", "environment": "development", "logger": "app", "level": "INFO", "file": "structured_logging.py", "line": 121, "function": "_log"}
{"asctime": "2025-10-19 06:16:42,115", "name": "app", "levelname": "INFO", "message": "SUCCESS: Odds History routes included (/api/odds/* endpoints)", "correlation_id": "no-correlation-id", "timestamp": "2025-10-19T11:16:42.115239Z", "app_name": "A1Betting Backend API", "app_version": "2.0.0", "environment": "development", "logger": "app", "level": "INFO", "file": "structured_logging.py", "line": 121, "function": "_log"}
{"asctime": "2025-10-19 06:16:42,115", "name": "app", "levelname": "INFO", "message": "ENABLE_ODDS_SNAPSHOTS=false: snapshot persistence disabled", "correlation_id": "no-correlation-id", "timestamp": "2025-10-19T11:16:42.115239Z", "app_name": "A1Betting Backend API", "app_version": "2.0.0", "environment": "development", "logger": "app", "level": "INFO", "file": "structured_logging.py", "line": 121, "function": "_log"}
{"asctime": "2025-10-19 06:16:42,117", "name": "app", "levelname": "INFO", "message": "SUCCESS: Advanced-Kelly compatibility router mounted at /api/advanced-kelly", "correlation_id": "no-correlation-id", "timestamp": "2025-10-19T11:16:42.117239Z", "app_name": "A1Betting Backend API", "app_version": "2.0.0", "environment": "development", "logger": "app", "level": "INFO", "file": "structured_logging.py", "line": 121, "function": "_log"}
{"asctime": "2025-10-19 06:16:42,118", "name": "app", "levelname": "ERROR", "message": "ERROR: Failed to register Risk Management & Personalization routes: closing parenthesis ')' does not match opening parenthesis '{' on line 188 (risk_personalization.py, line 189)", "correlation_id": "no-correlation-id", "timestamp": "2025-10-19T11:16:42.118391Z", "app_name": "A1Betting Backend API", "app_version": "2.0.0", "environment": "development", "logger": "app", "level": "ERROR", "file": "structured_logging.py", "line": 121, "function": "_log"}
{"asctime": "2025-10-19 06:16:42,119", "name": "app", "levelname": "ERROR", "message": "ERROR: Failed to register Dependencies Health routes: closing parenthesis '}' does not match opening parenthesis '(' on line 39 (dependencies.py, line 40)", "correlation_id": "no-correlation-id", "timestamp": "2025-10-19T11:16:42.119396Z", "app_name": "A1Betting Backend API", "app_version": "2.0.0", "environment": "development", "logger": "app", "level": "ERROR", "file": "structured_logging.py", "line": 121, "function": "_log"}
{"asctime": "2025-10-19 06:16:42,120", "name": "app", "levelname": "ERROR", "message": "ERROR: Failed to register Provider Resilience routes: invalid syntax (provider_resilience_routes.py, line 60)", "correlation_id": "no-correlation-id", "timestamp": "2025-10-19T11:16:42.120396Z", "app_name": "A1Betting Backend API", "app_version": "2.0.0", "environment": "development", "logger": "app", "level": "ERROR", "file": "structured_logging.py", "line": 121, "function": "_log"}
{"asctime": "2025-10-19 06:16:42,120", "name": "app", "levelname": "ERROR", "message": "ERROR: Failed to register system capabilities routes: closing parenthesis '}' does not match opening parenthesis '(' on line 108 (system_capabilities.py, line 110)", "correlation_id": "no-correlation-id", "timestamp": "2025-10-19T11:16:42.120396Z", "app_name": "A1Betting Backend API", "app_version": "2.0.0", "environment": "development", "logger": "app", "level": "ERROR", "file": "structured_logging.py", "line": 121, "function": "_log"}
{"asctime": "2025-10-19 06:16:42,121", "name": "app", "levelname": "INFO", "message": "SUCCESS: Real-time market streaming routes included (/streaming/* endpoints)", "correlation_id": "no-correlation-id", "timestamp": "2025-10-19T11:16:42.121396Z", "app_name": "A1Betting Backend API", "app_version": "2.0.0", "environment": "development", "logger": "app", "level": "INFO", "file": "structured_logging.py", "line": 121, "function": "_log"}
{"asctime": "2025-10-19 06:16:42,122", "name": "app", "levelname": "INFO", "message": "SUCCESS: Unified sports routes included (/sports/* endpoints)", "correlation_id": "no-correlation-id", "timestamp": "2025-10-19T11:16:42.122394Z", "app_name": "A1Betting Backend API", "app_version": "2.0.0", "environment": "development", "logger": "app", "level": "INFO", "file": "structured_logging.py", "line": 121, "function": "_log"}
{"asctime": "2025-10-19 06:16:42,122", "name": "app", "levelname": "INFO", "message": "SUCCESS: Lazy sports routes included (/api/sports/* endpoints)", "correlation_id": "no-correlation-id", "timestamp": "2025-10-19T11:16:42.122394Z", "app_name": "A1Betting Backend API", "app_version": "2.0.0", "environment": "development", "logger": "app", "level": "INFO", "file": "structured_logging.py", "line": 121, "function": "_log"}
{"asctime": "2025-10-19 06:16:42,123", "name": "app", "levelname": "INFO", "message": "SUCCESS: Sports activation routes included (/api/v2/sports/* endpoints)", "correlation_id": "no-correlation-id", "timestamp": "2025-10-19T11:16:42.123409Z", "app_name": "A1Betting Backend API", "app_version": "2.0.0", "environment": "development", "logger": "app", "level": "INFO", "file": "structured_logging.py", "line": 121, "function": "_log"}
{"asctime": "2025-10-19 06:16:42,123", "name": "app", "levelname": "ERROR", "message": "ERROR: Failed to register security HEAD endpoints: unterminated string literal (detected at line 62) (security_head_endpoints.py, line 62)", "correlation_id": "no-correlation-id", "timestamp": "2025-10-19T11:16:42.123409Z", "app_name": "A1Betting Backend API", "app_version": "2.0.0", "environment": "development", "logger": "app", "level": "ERROR", "file": "structured_logging.py", "line": 121, "function": "_log"}
{"asctime": "2025-10-19 06:16:42,124", "name": "app", "levelname": "ERROR", "message": "ERROR: Failed to register ML Model Registry routes: f-string: expecting '}' (model_registry_simple.py, line 76)", "correlation_id": "no-correlation-id", "timestamp": "2025-10-19T11:16:42.124395Z", "app_name": "A1Betting Backend API", "app_version": "2.0.0", "environment": "development", "logger": "app", "level": "ERROR", "file": "structured_logging.py", "line": 121, "function": "_log"}
{"asctime": "2025-10-19 06:16:42,125", "name": "app", "levelname": "INFO", "message": "SUCCESS: Data ingestion routes included (/api/v1/ingestion/* endpoints)", "correlation_id": "no-correlation-id", "timestamp": "2025-10-19T11:16:42.126394Z", "app_name": "A1Betting Backend API", "app_version": "2.0.0", "environment": "development", "logger": "app", "level": "INFO", "file": "structured_logging.py", "line": 121, "function": "_log"}
{"asctime": "2025-10-19 06:16:42,126", "name": "app", "levelname": "INFO", "message": "SUCCESS: Metrics routes included (/metrics)", "correlation_id": "no-correlation-id", "timestamp": "2025-10-19T11:16:42.126394Z", "app_name": "A1Betting Backend API", "app_version": "2.0.0", "environment": "development", "logger": "app", "level": "INFO", "file": "structured_logging.py", "line": 121, "function": "_log"}
{"asctime": "2025-10-19 06:16:42,126", "name": "app", "levelname": "INFO", "message": "SUCCESS: Metrics summary routes included (/api/metrics/* endpoints)", "correlation_id": "no-correlation-id", "timestamp": "2025-10-19T11:16:42.126394Z", "app_name": "A1Betting Backend API", "app_version": "2.0.0", "environment": "development", "logger": "app", "level": "INFO", "file": "structured_logging.py", "line": 121, "function": "_log"}
{"asctime": "2025-10-19 06:16:42,128", "name": "app", "levelname": "ERROR", "message": "Failed to register enterprise model registry routes: invalid syntax (enterprise_model_registry_routes.py, line 200)", "correlation_id": "no-correlation-id", "timestamp": "2025-10-19T11:16:42.128396Z", "app_name": "A1Betting Backend API", "app_version": "2.0.0", "environment": "development", "logger": "app", "level": "ERROR", "file": "structured_logging.py", "line": 121, "function": "_log"}
{"asctime": "2025-10-19 06:16:42,129", "name": "app", "levelname": "INFO", "message": "SUCCESS: Alert engine routes included (/api/alert-engine/* endpoints)", "correlation_id": "no-correlation-id", "timestamp": "2025-10-19T11:16:42.129395Z", "app_name": "A1Betting Backend API", "app_version": "2.0.0", "environment": "development", "logger": "app", "level": "INFO", "file": "structured_logging.py", "line": 121, "function": "_log"}
{"asctime": "2025-10-19 06:16:42,129", "name": "app", "levelname": "ERROR", "message": "ERROR: Failed to register Player Performance routes: f-string: single '}' is not allowed (player_performance_routes.py, line 42)", "correlation_id": "no-correlation-id", "timestamp": "2025-10-19T11:16:42.129395Z", "app_name": "A1Betting Backend API", "app_version": "2.0.0", "environment": "development", "logger": "app", "level": "ERROR", "file": "structured_logging.py", "line": 121, "function": "_log"}
{"asctime": "2025-10-19 06:16:42,131", "name": "app", "levelname": "INFO", "message": "SUCCESS: EV Calculation routes included (/api/ev/* endpoints)", "correlation_id": "no-correlation-id", "timestamp": "2025-10-19T11:16:42.131396Z", "app_name": "A1Betting Backend API", "app_version": "2.0.0", "environment": "development", "logger": "app", "level": "INFO", "file": "structured_logging.py", "line": 121, "function": "_log"}
{"asctime": "2025-10-19 06:16:42,132", "name": "app", "levelname": "ERROR", "message": "ERROR: Failed to register Enhanced EV routes: invalid syntax (enhanced_ev_routes.py, line 81)", "correlation_id": "no-correlation-id", "timestamp": "2025-10-19T11:16:42.132395Z", "app_name": "A1Betting Backend API", "app_version": "2.0.0", "environment": "development", "logger": "app", "level": "ERROR", "file": "structured_logging.py", "line": 121, "function": "_log"}
{"asctime": "2025-10-19 06:16:42,133", "name": "app", "levelname": "ERROR", "message": "ERROR: Failed to register CLV Trends routes: invalid syntax. Perhaps you forgot a comma? (clv_trends_routes.py, line 168)", "correlation_id": "no-correlation-id", "timestamp": "2025-10-19T11:16:42.133395Z", "app_name": "A1Betting Backend API", "app_version": "2.0.0", "environment": "development", "logger": "app", "level": "ERROR", "file": "structured_logging.py", "line": 121, "function": "_log"}
{"asctime": "2025-10-19 06:16:42,134", "name": "app", "levelname": "ERROR", "message": "ERROR: Failed to register Parlay Analytics routes: invalid syntax (parlay_routes.py, line 64)", "correlation_id": "no-correlation-id", "timestamp": "2025-10-19T11:16:42.134395Z", "app_name": "A1Betting Backend API", "app_version": "2.0.0", "environment": "development", "logger": "app", "level": "ERROR", "file": "structured_logging.py", "line": 121, "function": "_log"}
{"asctime": "2025-10-19 06:16:42,137", "name": "app", "levelname": "INFO", "message": "SUCCESS: Line Movement routes included (/api/line-movement/* endpoints)", "correlation_id": "no-correlation-id", "timestamp": "2025-10-19T11:16:42.137395Z", "app_name": "A1Betting Backend API", "app_version": "2.0.0", "environment": "development", "logger": "app", "level": "INFO", "file": "structured_logging.py", "line": 121, "function": "_log"}
{"asctime": "2025-10-19 06:16:42,140", "name": "app", "levelname": "INFO", "message": "SUCCESS: Legacy Line Movement routes included (/api/lines/* endpoints)", "correlation_id": "no-correlation-id", "timestamp": "2025-10-19T11:16:42.140400Z", "app_name": "A1Betting Backend API", "app_version": "2.0.0", "environment": "development", "logger": "app", "level": "INFO", "file": "structured_logging.py", "line": 121, "function": "_log"}
{"asctime": "2025-10-19 06:16:42,142", "name": "app", "levelname": "ERROR", "message": "ERROR: Failed to register Hardened Arbitrage routes: invalid syntax (hardened_arbitrage_routes.py, line 146)", "correlation_id": "no-correlation-id", "timestamp": "2025-10-19T11:16:42.142400Z", "app_name": "A1Betting Backend API", "app_version": "2.0.0", "environment": "development", "logger": "app", "level": "ERROR", "file": "structured_logging.py", "line": 121, "function": "_log"}
{"asctime": "2025-10-19 06:16:42,142", "name": "app", "levelname": "INFO", "message": "SUCCESS: Multiple Sportsbook routes included (/api/sportsbook/* endpoints)", "correlation_id": "no-correlation-id", "timestamp": "2025-10-19T11:16:42.142400Z", "app_name": "A1Betting Backend API", "app_version": "2.0.0", "environment": "development", "logger": "app", "level": "INFO", "file": "structured_logging.py", "line": 121, "function": "_log"}
{"asctime": "2025-10-19 06:16:42,142", "name": "app", "levelname": "INFO", "message": "Bootstrap validation scheduled on startup", "correlation_id": "no-correlation-id", "timestamp": "2025-10-19T11:16:42.142400Z", "app_name": "A1Betting Backend API", "app_version": "2.0.0", "environment": "development", "logger": "app", "level": "INFO", "file": "structured_logging.py", "line": 121, "function": "_log"}
{"asctime": "2025-10-19 06:16:42,142", "name": "app", "levelname": "INFO", "message": "Health endpoints normalized: /api/health, /health, /api/v2/health -> identical envelope format", "correlation_id": "no-correlation-id", "timestamp": "2025-10-19T11:16:42.142400Z", "app_name": "A1Betting Backend API", "app_version": "2.0.0", "environment": "development", "logger": "app", "level": "INFO", "file": "structured_logging.py", "line": 121, "function": "_log"}
{"asctime": "2025-10-19 06:16:42,143", "name": "app", "levelname": "WARNING", "message": "FeatureRouters: error during PropFinder registration: unexpected indent (propfinder_routes.py, line 8)", "correlation_id": "no-correlation-id", "timestamp": "2025-10-19T11:16:42.143400Z", "app_name": "A1Betting Backend API", "app_version": "2.0.0", "environment": "development", "logger": "app", "level": "WARNING", "file": "structured_logging.py", "line": 121, "function": "_log"}
{"asctime": "2025-10-19 06:16:42,144", "name": "app", "levelname": "INFO", "message": "FeatureRouters: Betting routes registered (/api/betting-opportunities, /api/arbitrage-opportunities)", "correlation_id": "no-correlation-id", "timestamp": "2025-10-19T11:16:42.144400Z", "app_name": "A1Betting Backend API", "app_version": "2.0.0", "environment": "development", "logger": "app", "level": "INFO", "file": "structured_logging.py", "line": 121, "function": "_log"}
{"asctime": "2025-10-19 06:16:42,147", "name": "app", "levelname": "INFO", "message": "Compatibility shims router included (root-level aliases)", "correlation_id": "no-correlation-id", "timestamp": "2025-10-19T11:16:42.147404Z", "app_name": "A1Betting Backend API", "app_version": "2.0.0", "environment": "development", "logger": "app", "level": "INFO", "file": "structured_logging.py", "line": 121, "function": "_log"}
{"asctime": "2025-10-19 06:16:42,149", "name": "app", "levelname": "INFO", "message": "PrizePicks compatibility router included at /api/prizepicks/*", "correlation_id": "no-correlation-id", "timestamp": "2025-10-19T11:16:42.149403Z", "app_name": "A1Betting Backend API", "app_version": "2.0.0", "environment": "development", "logger": "app", "level": "INFO", "file": "structured_logging.py", "line": 121, "function": "_log"}
{"asctime": "2025-10-19 06:16:42,150", "name": "app", "levelname": "INFO", "message": "Health compatibility router included (legacy aliases)", "correlation_id": "no-correlation-id", "timestamp": "2025-10-19T11:16:42.150405Z", "app_name": "A1Betting Backend API", "app_version": "2.0.0", "environment": "development", "logger": "app", "level": "INFO", "file": "structured_logging.py", "line": 121, "function": "_log"}
{"asctime": "2025-10-19 06:16:42,151", "name": "app", "levelname": "INFO", "message": "PropFinder-Compat router mounted at /api/propfinder/* (tests) - fallback engaged", "correlation_id": "no-correlation-id", "timestamp": "2025-10-19T11:16:42.151915Z", "app_name": "A1Betting Backend API", "app_version": "2.0.0", "environment": "development", "logger": "app", "level": "INFO", "file": "structured_logging.py", "line": 121, "function": "_log"}
{"asctime": "2025-10-19 06:16:42,151", "name": "app", "levelname": "INFO", "message": "A1Betting canonical app created successfully", "correlation_id": "no-correlation-id", "timestamp": "2025-10-19T11:16:42.151915Z", "app_name": "A1Betting Backend API", "app_version": "2.0.0", "environment": "development", "logger": "app", "level": "INFO", "file": "structured_logging.py", "line": 121, "function": "_log"}
---------------------------- Captured stderr call -----------------------------
{"timestamp": "2025-10-19T11:16:42.156916+00:00", "level": "INFO", "logger": "a1betting", "message": "Request started", "module": "structured_logging_middleware", "function": "log_request_start", "line": 115, "request_id": "392b5961-adce-48a9-8cd5-0b4e9bc81136", "taskName": "starlette.middleware.base.BaseHTTPMiddleware.__call__.<locals>.call_next.<locals>.coro", "event_type": "request_start", "method": "GET", "url": "http://testserver/api/propfinder/opportunities?force_flat_baseline=true&limit=2&sports=NBA,MLB&confidence_min=70", "path": "/api/propfinder/opportunities", "query_params": {"force_flat_baseline": "true", "limit": "2", "sports": "NBA,MLB", "confidence_min": "70"}, "client_ip": "testclient", "user_agent": "testclient", "content_type": null}
{"timestamp": "2025-10-19T11:16:42.157915+00:00", "level": "INFO", "logger": "a1betting", "message": "Request completed", "module": "structured_logging_middleware", "function": "log_request_success", "line": 130, "request_id": "392b5961-adce-48a9-8cd5-0b4e9bc81136", "taskName": "starlette.middleware.base.BaseHTTPMiddleware.__call__.<locals>.call_next.<locals>.coro", "event_type": "request_success", "method": "GET", "url": "http://testserver/api/propfinder/opportunities?force_flat_baseline=true&limit=2&sports=NBA,MLB&confidence_min=70", "path": "/api/propfinder/opportunities", "status_code": 200, "duration_ms": 1.0, "response_size": "2019", "performance_category": "fast"}
=========================== short test summary info ===========================
FAILED tests/backend/routes/test_propfinder_force_flat_baseline.py::TestPropFinderForceFlatBaseline::test_force_flat_baseline_creates_flat_movement
FAILED tests/backend/routes/test_propfinder_force_flat_baseline.py::TestPropFinderForceFlatBaseline::test_force_flat_baseline_contract_validation
FAILED tests/backend/routes/test_propfinder_force_flat_baseline.py::TestPropFinderForceFlatBaseline::test_force_flat_baseline_with_other_parameters
================= 3 failed, 3 passed, 4659 warnings in 8.50s ==================
