============================= test session starts =============================
platform win32 -- Python 3.12.0, pytest-8.4.1, pluggy-1.6.0
rootdir: C:\Users\bcmad\Downloads\A1Betting7-13.2
configfile: pytest.ini
testpaths: tests
plugins: anyio-4.9.0, asyncio-1.1.0
asyncio: mode=Mode.AUTO, asyncio_default_fixture_loop_scope=None, asyncio_default_test_loop_scope=function
collected 1357 items

<Dir A1Betting7-13.2>
  <Package tests>
    <Package backend>
      <Dir bets>
        <Module test_clv_drift.py>
          <Function test_clv_non_zero_with_drift>
          <Function test_clv_idempotent_with_drift>
          <Function test_drift_bounds>
        <Module test_clv_idempotent.py>
          <Function test_clv_update_idempotent>
        <Module test_clv_update.py>
          <Function test_clv_update_flow>
        <Module test_filters.py>
          <Function test_filters_and_with_clv_only>
        <Module test_place_bet.py>
          <Function test_place_bet_success>
          <Function test_place_bet_validation>
      <Dir ev>
        <Module test_ev_calculator.py>
          <Function test_fair_american_from_prob_roundtrip>
          <Function test_compute_ev_positive_edge>
          <Function test_compute_ev_negative_edge>
        <Module test_ev_endpoint.py>
          <Function test_ev_opportunities_default>
          <Function test_ev_opportunities_min_edge_filter>
          <Function test_ev_opportunities_invalid_min_edge>
        <Module test_ev_endpoint_kelly.py>
          <Function test_ev_with_kelly_fields>
          <Function test_ev_without_kelly_when_bankroll_zero>
          <Function test_ev_invalid_bankroll>
        <Module test_ev_summary_endpoint.py>
          <Function test_ev_summary>
        <Module test_kelly_calc.py>
          <Function test_kelly_positive>
          <Function test_kelly_capped>
          <Function test_kelly_zero_when_no_edge>
        <Module test_odds_normalizer.py>
          <Function test_to_implied_prob_positive_odds>
          <Function test_to_implied_prob_negative_odds>
          <Function test_to_implied_prob_zero_error>
      <Dir ev_engine>
        <Module test_ev_details.py>
          <Function test_compute_ev_details_even_money_no_edge>
          <Function test_compute_ev_details_positive_edge>
          <Function test_compute_ev_details_negative_edge>
          <Function test_compute_ev_details_invalid_probability>
        <Module test_ev_engine.py>
          <Class TestOddsConversions>
            <Function test_american_to_decimal_positive>
            <Function test_american_to_decimal_negative>
            <Function test_american_to_decimal_edge_cases>
            <Function test_decimal_to_american_greater_than_2>
            <Function test_decimal_to_american_less_than_2>
            <Function test_decimal_to_american_edge_cases>
            <Function test_round_trip_conversions>
            <Function test_implied_probability_calculations>
            <Function test_implied_probability_edge_cases>
          <Class TestEVCalculations>
            <Function test_basic_positive_ev>
            <Function test_basic_negative_ev>
            <Function test_zero_ev>
            <Function test_high_probability_low_odds>
            <Function test_low_probability_high_odds>
            <Function test_ev_edge_cases>
            <Function test_american_odds_ev_calculation>
          <Class TestEVClassification>
            <Function test_ev_tier_classification>
            <Function test_ev_tier_enum_values>
            <Function test_ev_engine_classify_method>
          <Class TestEVAnalysis>
            <Function test_analyze_opportunity_decimal>
            <Function test_analyze_opportunity_american>
            <Function test_analyze_opportunity_with_error>
            <Function test_recommendation_messages>
          <Class TestBatchProcessing>
            <Function test_batch_analyze_with_valid_data>
            <Function test_batch_analyze_with_missing_data>
            <Function test_batch_analyze_with_errors>
          <Class TestErrorHandling>
            <Function test_ev_engine_initialization>
            <Function test_global_functions>
            <Function test_invalid_input_handling>
            <Function test_very_large_numbers>
            <Function test_precision_handling>
      <Dir odds>
        <Module test_arbitrage_endpoint.py>
          <Function test_arbitrage_endpoint_shape>
          <Function test_arbitrage_alias_parity>
        <Module test_arbitrage_summary.py>
          <Function test_arbitrage_real_two_way_and_summary>
          <Function test_arbitrage_determinism_within_window>
        <Module test_arbitrage_summary_basic.py>
          <Function test_arbitrage_summary_basic>
        <Module test_arbitrage_summary_flag.py>
          <Function test_arbitrage_summary_legacy_flag_includes_status>
        <Module test_arbitrage_summary_flag_env.py>
          <Coroutine test_arbitrage_summary_env_flag>
        <Module test_best_book_endpoint.py>
          <Function test_best_book_basic>
          <Function test_best_book_with_consensus>
        <Module test_consensus_alias_endpoint.py>
          <Function test_consensus_alias_parity>
          <Function test_snapshots_alias_parity>
        <Module test_consensus_endpoint.py>
          <Function test_consensus_flow>
        <Module test_ev_enrichment_optional.py>
          <Function test_consensus_without_ev>
          <Function test_consensus_with_ev>
        <Module test_ingestion_service.py>
          <Coroutine test_refresh_market_generates_snapshots>
        <Module test_odds_models.py>
          <Function test_implied_to_american_positive>
          <Function test_implied_to_american_negative>
          <Function test_implied_to_american_edge_cases>
      <Dir routes>
        <Module test_admin_feature_flags.py>
          <Function test_list_feature_flags_initial_state>
          <Function test_toggle_feature_flag_and_audit>
          <Function test_invalid_flag_returns_404>
        <Module test_admin_feature_flags_rbac.py>
          <Function test_rbac_disabled_allows_access_by_default>
          <Function test_rbac_enabled_blocks_without_token_and_allows_with_admin_token>
        <Module test_alert_routes.py>
          <Class TestAlertRoutesAPI>
            <Function test_create_alert_rule_success>
            <Function test_create_alert_rule_invalid_data>
            <Function test_get_alert_rules>
            <Function test_delete_alert_rule_success>
            <Function test_delete_alert_rule_not_found>
            <Function test_get_fired_alerts>
            <Function test_get_fired_alerts_with_limit>
            <Function test_get_alert_stats>
            <Function test_start_alert_evaluation>
            <Function test_stop_alert_evaluation>
            <Function test_trigger_manual_evaluation>
          <Class TestAlertTypesValidation>
            <Function test_ev_threshold_alert_creation>
            <Function test_arbitrage_alert_creation>
            <Function test_line_movement_alert_creation>
          <Class TestErrorHandling>
            <Function test_service_error_handling>
            <Function test_invalid_json_payload>
            <Function test_negative_trigger_value>
            <Function test_invalid_limit_parameter>
          <Class TestUserAuthenticationMock>
            <Function test_default_user_id>
          <Coroutine test_alert_integration_flow>
        <Module test_analytics_routes.py>
          <Class TestAnalyticsAPIEndpoints>
            <Function test_health_endpoint>
            <Function test_daily_ev_stats_endpoint>
            <Function test_daily_arbitrage_stats_endpoint>
            <Function test_summary_stats_endpoint>
            <Function test_prune_endpoint>
            <Function test_invalid_days_parameter>
            <Function test_service_error_handling>
        <Module test_api_contract_compliance.py>
          <Class TestStandardAPIResponseContract>
            <Function test_auth_routes_contract_compliance>
            <Function test_prediction_routes_contract_compliance>
            <Function test_portfolio_routes_contract_compliance>
            <Function test_mlb_routes_contract_compliance>
            <Function test_error_response_contract_compliance>
            <Function test_response_structure_consistency>
            <Function test_pagination_contract_compliance>
        <Module test_arbitrage_leg_ev_consistency.py>
          <Coroutine test_arbitrage_leg_ev_probability_and_edge_consistency>
        <Module test_arbitrage_leg_ev_details.py>
          <Coroutine test_arbitrage_leg_ev_details>
        <Module test_auth_routes.py>
          <Class TestAuthenticationRoutes>
            <Function test_register_endpoint_structure>
            <Function test_register_validation>
            <Function test_login_endpoint_structure>
            <Function test_login_validation>
            <Function test_refresh_token_endpoint_structure>
            <Function test_me_endpoint_structure>
            <Function test_change_password_endpoint_structure>
            <Function test_reset_password_endpoint_structure>
            <Function test_verify_email_endpoint_structure>
            <Function test_profile_update_endpoint_structure>
            <Function test_standard_api_response_compliance>
            <Function test_authentication_flow_integration>
        <Module test_enhanced_ml_compat.py>
          <Function test_enhanced_ml_predict_single_invalid_sport>
          <Function test_enhanced_ml_predict_single_422_and_200>
        <Module test_enhanced_ml_routes.py>
          <Class TestEnhancedMLRoutes>
            <Coroutine test_predict_single_success>
            <Coroutine test_predict_single_missing_fields>
            <Coroutine test_predict_single_invalid_priority>
            <Coroutine test_batch_predict_success>
            <Coroutine test_batch_predict_empty_requests>
            <Coroutine test_batch_predict_large_batch>
            <Coroutine test_register_model_success>
            <Coroutine test_list_models_success>
            <Coroutine test_get_model_info>
            <Coroutine test_get_performance_metrics>
            <Coroutine test_update_prediction_outcome>
            <Coroutine test_compare_models>
            <Coroutine test_health_check>
            <Coroutine test_get_system_status>
            <Coroutine test_predict_single_service_error>
            <Coroutine test_invalid_endpoint_404>
            <Coroutine test_predict_single_response_time>
        <Module test_enhanced_websocket_routes.py>
          <Class TestEnhancedWebSocketRoutes>
            <Function test_websocket_connect_without_token>
            <Function test_websocket_connect_with_token>
            <Function test_websocket_connect_subscription_flow>
            <Function test_websocket_connect_invalid_message>
            <Function test_websocket_odds_only>
            <Function test_websocket_arbitrage_only>
            <Coroutine test_websocket_service_startup>
            <Coroutine test_websocket_service_shutdown>
            <Function test_websocket_connection_error_handling>
            <Function test_websocket_invalid_token_handling>
            <Function test_websocket_message_types>
            <Function test_websocket_subscription_types>
            <Function test_websocket_sport_filters>
            <Function test_websocket_complex_filters>
            <Function test_websocket_multiple_connections>
            <Function test_websocket_rapid_messages>
            <Function test_websocket_full_lifecycle>
        <Module test_ev_feed_always_has_edge_tier.py>
          <Coroutine test_feed_entries_always_have_edge_tier>
          <Coroutine test_search_entries_always_have_edge_tier>
        <Module test_ev_feed_debug_route.py>
          <Coroutine test_debug_route_404_when_flag_off>
          <Coroutine test_debug_route_returns_entries_when_flag_on>
          <Coroutine test_debug_route_limit_capped>
        <Module test_ev_feed_disabled_flag.py>
          <Function test_ev_feed_disabled_flag_returns_503>
          <Function test_ev_feed_enabled_by_default>
        <Module test_ev_feed_meta_and_search.py>
          <Coroutine test_meta_endpoint_and_counters>
          <Coroutine test_meta_endpoint_disabled_flag>
          <Coroutine test_search_includes_edge_tier_field>
        <Module test_ev_feed_search_stats.py>
          <Coroutine test_ev_feed_stats_and_search>
          <Coroutine test_ev_feed_disabled>
        <Module test_ev_forecast.py>
          <Function test_ev_forecast_rising_sequence_produces_positive_prediction>
        <Module test_head_endpoints.py>
          <Function test_head_endpoints_ok[/api/health]>
          <Function test_head_endpoints_ok[/api/propfinder/opportunities]>
          <Function test_head_endpoints_ok[/api/props]>
          <Function test_head_endpoints_ok[/api/predictions]>
          <Function test_head_endpoints_ok[/api/analytics]>
        <Module test_mlb_extras.py>
          <Class TestMLBExtrasRoutes>
            <Coroutine test_mlb_test_props_endpoint>
            <Coroutine test_get_todays_games_success>
            <Coroutine test_get_todays_games_empty>
            <Coroutine test_get_todays_games_service_error>
            <Coroutine test_get_prizepicks_props_success>
            <Coroutine test_get_prizepicks_props_fallback_to_empty>
            <Coroutine test_get_comprehensive_props_success>
            <Coroutine test_get_comprehensive_props_without_optimization>
            <Coroutine test_get_comprehensive_props_service_error>
            <Coroutine test_get_live_game_stats_success>
            <Coroutine test_get_live_game_stats_not_found>
            <Coroutine test_get_live_game_stats_scheduled_game>
            <Coroutine test_get_play_by_play_success>
            <Coroutine test_get_play_by_play_empty_events>
            <Coroutine test_get_play_by_play_game_not_found>
            <Coroutine test_invalid_game_id_format>
            <Coroutine test_service_timeout_handling>
            <Coroutine test_mlb_data_flow_integration>
            <Coroutine test_comprehensive_props_performance>
            <Coroutine test_multiple_concurrent_requests>
        <Module test_multiple_sportsbook_routes.py>
          <Class TestMultipleSportsbookRoutes>
            <Coroutine test_get_player_props_success>
            <Coroutine test_get_player_props_with_filters>
            <Coroutine test_get_player_props_missing_sport>
            <Coroutine test_get_player_props_service_error>
            <Coroutine test_get_best_odds_success>
            <Coroutine test_get_best_odds_with_filters>
            <Coroutine test_get_arbitrage_opportunities>
            <Coroutine test_get_arbitrage_with_minimum_profit>
            <Coroutine test_get_performance_metrics>
            <Coroutine test_get_available_sports>
            <Coroutine test_search_player_props>
            <Coroutine test_search_player_props_missing_params>
            <Function test_websocket_connection>
            <Function test_websocket_multiple_subscriptions>
            <Function test_websocket_disconnect_handling>
            <Coroutine test_rate_limiting_applied>
            <Coroutine test_response_caching>
            <Coroutine test_invalid_sport_parameter>
            <Coroutine test_service_timeout_handling>
            <Coroutine test_full_arbitrage_workflow>
        <Module test_odds_aggregation_metrics.py>
          <Class TestOddsAggregationMetrics>
            <Function test_metrics_initialization_with_prometheus>
            <Function test_metrics_initialization_without_prometheus>
            <Function test_metrics_disabled_by_configuration>
            <Function test_provider_confidence_metrics>
            <Function test_circuit_breaker_metrics>
            <Function test_fallback_execution_metrics>
            <Function test_provider_performance_metrics>
            <Function test_schema_validation_metrics>
            <Function test_system_performance_metrics>
            <Function test_request_time_measurement>
            <Function test_mock_metrics_when_prometheus_unavailable>
            <Function test_health_summary>
            <Function test_global_metrics_instance>
          <Class TestMetricsRoutes>
            <Function test_prometheus_endpoint_with_metrics_enabled>
            <Function test_prometheus_endpoint_with_metrics_disabled>
            <Function test_prometheus_endpoint_with_error>
            <Function test_legacy_metrics_endpoint>
            <Function test_legacy_metrics_endpoint_with_disabled_metrics>
            <Function test_metrics_health_endpoint>
            <Function test_metrics_health_endpoint_with_error>
            <Function test_metrics_status_endpoint>
            <Function test_metrics_status_endpoint_with_disabled_metrics>
          <Class TestMetricsIntegration>
            <Function test_smart_fallback_metrics_integration>
            <Function test_provider_confidence_metrics_integration>
            <Function test_schema_validation_metrics_integration>
        <Module test_odds_history_route.py>
          <Function test_odds_history_sorted_and_enveloped>
        <Module test_odds_history_route_db_enabled.py>
          <Function test_odds_history_uses_db_when_enabled>
        <Module test_opportunities_positive_ev.py>
          <Function test_positive_ev_alias_returns_data>
        <Module test_portfolio_optimization_routes.py>
          <Class TestPortfolioOptimizationRoutes>
            <Function test_single_kelly_calculation_endpoint>
            <Function test_kelly_calculation_validation>
            <Function test_portfolio_optimization_endpoint_structure>
            <Function test_portfolio_optimization_validation>
            <Function test_portfolio_metrics_endpoint>
            <Function test_batch_kelly_calculation_endpoint>
            <Function test_optimization_variants>
            <Function test_risk_management_endpoint>
            <Function test_historical_performance_endpoint>
            <Function test_kelly_optimization_flow_integration>
            <Function test_error_handling_consistency>
            <Function test_numerical_edge_cases>
        <Module test_prediction_engine_routes.py>
          <Class TestPredictionEngineRoutes>
            <Function test_single_prediction_endpoint_structure>
            <Function test_single_prediction_validation>
            <Function test_batch_prediction_endpoint_structure>
            <Function test_batch_prediction_validation>
            <Function test_model_registration_endpoint_structure>
            <Function test_registered_models_endpoint>
            <Function test_performance_query_endpoint_structure>
            <Function test_health_endpoint>
            <Function test_performance_alerts_endpoint>
            <Function test_batch_stats_endpoint>
            <Function test_shap_stats_endpoint>
            <Function test_outcome_update_endpoint_structure>
            <Function test_initialize_endpoint>
            <Function test_shutdown_endpoint>
            <Function test_prediction_flow_integration>
            <Function test_error_handling_consistency>
            <Function test_standard_api_response_compliance>
        <Module test_propfinder_ev_fields.py>
          <Function test_propfinder_ev_fields_present>
        <Module test_propfinder_force_flat_baseline.py>
          <Class TestPropFinderForceFlatBaseline>
            <Function test_force_flat_baseline_route_parameter_accepted>
            <Function test_force_flat_baseline_ensures_movement_fields_non_null>
            <Function test_force_flat_baseline_creates_flat_movement>
            <Function test_force_flat_baseline_false_preserves_normal_behavior>
            <Function test_force_flat_baseline_contract_validation>
            <Function test_force_flat_baseline_with_other_parameters>
        <Module test_propfinder_line_movement_fields.py>
          <Function test_line_movement_fields_present>
          <Function test_movement_direction_values>
          <Function test_line_change_calculation>
          <Function test_odds_change_calculation>
          <Function test_field_types>
          <Function test_movement_direction_consistency>
          <Function test_null_value_handling>
          <Function test_api_backwards_compatibility>
          <Function test_multiple_opportunities_consistency>
          <Function test_filter_compatibility>
          <Function test_response_schema_completeness>
        <Module test_propfinder_route_presence_temp.py>
          <Coroutine test_propfinder_route_exists>
        <Module test_smart_fallback_routes.py>
          <Class TestSmartFallbackAPIRoutes>
            <Function test_health_check_success>
            <Function test_health_check_failure>
            <Function test_get_provider_priorities_success>
            <Function test_get_provider_priorities_force_refresh>
            <Function test_get_provider_priorities_no_providers>
            <Function test_get_provider_priorities_service_error>
            <Function test_set_primary_provider_success>
            <Function test_set_primary_provider_service_error>
            <Function test_select_optimal_provider_success>
            <Function test_select_optimal_provider_no_fallback>
            <Function test_get_fallback_analytics_success>
            <Function test_get_fallback_configuration_success>
            <Function test_get_active_contexts_success>
            <Function test_clear_priority_cache_specific_context>
            <Function test_clear_priority_cache_all>
            <Function test_cleanup_old_data_success>
            <Function test_cleanup_old_data_invalid_age>
            <Function test_get_system_status_success>
            <Function test_invalid_endpoint>
            <Function test_missing_required_parameters>
            <Coroutine test_concurrent_requests>
            <Function test_request_validation>
            <Function test_response_model_validation>
        <Module test_tools_fair_odds_get.py>
          <Function test_fair_odds_get_basic>
          <Function test_fair_odds_get_with_book_and_kelly>
        <Module test_trends_routes.py>
          <Class TestTrendsModels>
            <Function test_trend_leaderboard_entry_creation>
            <Function test_trend_leaderboard_filters_defaults>
            <Function test_trend_leaderboard_filters_validation>
            <Function test_trend_leaderboard_response_structure>
          <Class TestTrendsService>
            <Coroutine test_get_trends_leaderboard_basic>
            <Coroutine test_get_trends_leaderboard_all_metrics>
            <Coroutine test_cache_functionality>
            <Coroutine test_cache_invalidation>
            <Coroutine test_get_trends_summary>
            <Function test_get_cache_status>
            <Coroutine test_clear_cache>
          <Class TestTrendsRoutes>
            <Function test_get_trends_leaderboard_endpoint>
            <Function test_get_trends_leaderboard_with_filters>
            <Function test_get_trends_leaderboard_invalid_params>
            <Function test_get_trends_summary_endpoint>
            <Function test_get_cache_status_endpoint>
            <Function test_clear_cache_endpoint>
            <Function test_get_available_metrics_endpoint>
          <Class TestTrendsIntegration>
            <Coroutine test_end_to_end_trends_flow>
            <Coroutine test_concurrent_requests>
            <Coroutine test_performance_under_load>
      <Package services>
        <Module test_alert_service.py>
          <Class TestAlertRuleManagement>
            <Coroutine test_create_alert_rule>
            <Coroutine test_get_user_alert_rules>
            <Coroutine test_delete_alert_rule>
            <Coroutine test_delete_nonexistent_rule>
          <Class TestAlertEvaluation>
            <Coroutine test_ev_threshold_evaluation_triggered>
            <Coroutine test_ev_threshold_evaluation_not_triggered>
            <Coroutine test_arbitrage_evaluation_triggered>
            <Coroutine test_line_movement_evaluation_triggered>
            <Coroutine test_alert_filtering_by_sport>
          <Class TestAlertEvaluationLoop>
            <Coroutine test_start_stop_evaluation_loop>
            <Coroutine test_manual_evaluation_all_alerts>
            <Coroutine test_evaluation_loop_interval>
          <Class TestAlertStats>
            <Coroutine test_alert_stats_calculation>
          <Class TestTimeMocking>
            <Coroutine test_fired_alerts_today_with_mocked_time>
          <Coroutine test_alert_service_singleton>
          <Coroutine test_fired_alerts_limit>
        <Module test_analytics_persistence.py>
          <Class TestEVOpportunityPersistence>
            <Coroutine test_persist_ev_opportunity_above_threshold>
            <Coroutine test_persist_ev_opportunity_below_threshold>
            <Coroutine test_ev_opportunity_deduplication>
            <Function test_ev_tier_classification>
            <Function test_ev_hash_calculation>
          <Class TestArbitrageOpportunityPersistence>
            <Coroutine test_persist_arbitrage_opportunity_above_threshold>
            <Coroutine test_persist_arbitrage_opportunity_below_threshold>
            <Function test_arbitrage_hash_calculation>
            <Function test_arbitrage_bookmakers_property>
          <Class TestDailyAggregation>
            <Coroutine test_daily_ev_stats_with_data>
            <Coroutine test_daily_arbitrage_stats_with_data>
          <Class TestDataRetention>
            <Coroutine test_prune_old_records>
          <Class TestSummaryStats>
            <Coroutine test_summary_stats_calculation>
          <Class TestBackgroundScheduler>
            <Coroutine test_scheduler_lifecycle>
            <Coroutine test_manual_maintenance_trigger>
          <Class TestHelperFunctions>
            <Coroutine test_persist_ev_opportunity_helper_above_threshold>
            <Coroutine test_persist_arbitrage_opportunity_helper_above_threshold>
          <Function test_configuration_constants>
        <Module test_analytics_simplified.py>
          <Class TestDataValidation>
            <Function test_ev_threshold_filtering>
            <Function test_arbitrage_threshold_filtering>
            <Function test_ev_tier_classification>
            <Function test_ev_hash_calculation>
            <Function test_arbitrage_hash_calculation>
          <Class TestServiceLogic>
            <Coroutine test_persist_ev_opportunity_above_threshold>
            <Coroutine test_persist_arbitrage_opportunity_above_threshold>
          <Class TestSchedulerHelpers>
            <Coroutine test_persist_ev_opportunity_helper_above_threshold>
            <Coroutine test_persist_ev_opportunity_helper_below_threshold>
            <Coroutine test_persist_arbitrage_opportunity_helper_above_threshold>
            <Coroutine test_persist_arbitrage_opportunity_helper_below_threshold>
          <Class TestSchedulerLifecycle>
            <Coroutine test_scheduler_start_stop>
            <Coroutine test_manual_maintenance_trigger>
          <Class TestArbitrageBookmakersProperty>
            <Function test_bookmakers_property_getter_setter>
          <Function test_configuration_constants>
        <Module test_comprehensive_prizepicks_service_real.py>
          <Coroutine test_get_current_props_uses_real_mlb_payload>
        <Module test_enhanced_api_service_real_mlb.py>
          <Coroutine test_generate_mlb_games_data_uses_real_client>
          <Coroutine test_generate_game_props_data_maps_real_props>
          <Coroutine test_generate_prediction_data_prefers_real_props>
        <Module test_enhanced_provider_statistics.py>
          <Class TestTimeWindowStats>
            <Function test_success_rate_calculation>
            <Function test_latency_percentiles>
            <Function test_window_cleanup>
            <Function test_request_rate_calculation>
          <Class TestEnhancedProviderMetrics>
            <Function test_confidence_score_calculation>
            <Function test_trend_analysis>
            <Function test_data_freshness_score>
            <Function test_multi_timeframe_statistics>
          <Class TestEnhancedProviderStatisticsManager>
            <Coroutine test_provider_request_recording>
            <Coroutine test_confidence_score_retrieval>
            <Coroutine test_performance_degradation_detection>
            <Coroutine test_system_health_summary>
          <Class TestProviderStatisticsIntegration>
            <Coroutine test_unified_request_recording>
            <Coroutine test_unified_provider_health>
            <Coroutine test_provider_priority_calculation>
            <Coroutine test_issue_detection>
          <Class TestProviderStatusAPI>
            <Coroutine test_api_endpoint_integration>
        <Module test_enhanced_schema_validation.py>
          <Class TestEnhancedSchemaValidator>
            <Function test_validation_warning_creation>
            <Function test_validation_result_properties>
            <Function test_valid_sportradar_data_validation>
            <Function test_valid_theodds_data_validation>
            <Function test_valid_internal_data_validation>
            <Function test_invalid_data_type_validation>
            <Function test_missing_required_fields_validation>
            <Function test_extreme_odds_validation>
            <Function test_negative_line_validation>
            <Function test_invalid_confidence_validation>
            <Function test_temporal_validation_future_timestamp>
            <Function test_business_logic_validation_with_context>
            <Function test_provider_statistics_tracking>
            <Function test_validation_history_tracking>
            <Function test_get_provider_statistics_single_provider>
            <Function test_get_provider_statistics_all_providers>
            <Function test_get_validation_trends_no_data>
            <Function test_get_validation_trends_with_data>
            <Function test_data_sanitization>
            <Function test_exception_handling>
          <Class TestProviderValidationStats>
            <Function test_stats_initialization>
            <Function test_stats_update_successful_validation>
            <Function test_stats_update_with_warnings>
            <Function test_stats_update_with_critical_errors>
            <Function test_running_average_calculation>
          <Class TestSchemaValidationAPIRoutes>
            <Function test_validation_health_endpoint>
            <Function test_get_validation_rules_endpoint>
            <Function test_get_monitored_providers_endpoint>
            <Function test_validation_statistics_endpoint>
            <Function test_validation_trends_endpoint>
            <Function test_integration_status_endpoint>
            <Function test_test_validation_endpoint>
            <Function test_validate_raw_data_endpoint>
            <Function test_provider_statistics_specific_endpoint>
            <Function test_trends_with_invalid_hours_back>
        <Module test_ev_feed_dedupe_replace.py>
          <Coroutine test_dedupe_and_replace_logic>
          <Coroutine test_edge_tier_classification_all_buckets>
          <Coroutine test_meta_counters_basic>
          <Coroutine test_concurrency_add_storm>
        <Module test_ev_feed_service_real_mlb.py>
          <Coroutine test_fetch_mlb_props_normalizes_real_data>
          <Coroutine test_process_sport_props_generates_ev_from_mlb>
        <Module test_ev_service.py>
          <Function test_ev_service_computation_and_tags>
        <Module test_ev_valuation_service.py>
          <Function test_implied_prob_positive>
          <Function test_implied_prob_negative>
          <Function test_compute_ev_positive_expected>
          <Function test_compute_ev_invalid_prob>
          <Function test_compute_ev_symmetric>
        <Module test_hardened_arbitrage_service.py>
          <Class TestArbitrageConfig>
            <Function test_default_config>
            <Function test_custom_config>
          <Class TestHardenedArbitrageValidator>
            <Coroutine test_implied_probability_validation_valid_arbitrage>
            <Coroutine test_implied_probability_validation_no_arbitrage>
            <Coroutine test_suspicious_profit_detection>
            <Coroutine test_triangle_consistency_validation>
            <Coroutine test_stale_odds_detection>
            <Coroutine test_odds_outlier_detection>
          <Class TestHardenedArbitrageService>
            <Coroutine test_parse_odds_data>
            <Function test_group_odds_by_market>
            <Coroutine test_detect_arbitrage_opportunities>
            <Function test_generate_odds_hash>
            <Coroutine test_configuration_management>
            <Coroutine test_alerting_threshold_check>
            <Coroutine test_metrics_tracking>
            <Coroutine test_health_check>
          <Class TestArbitrageRoutes>
            <Function test_get_config_endpoint>
            <Function test_update_config_endpoint>
            <Function test_invalid_config_update>
            <Function test_detect_opportunities_endpoint>
            <Function test_validate_opportunity_endpoint>
            <Function test_metrics_endpoint>
            <Function test_health_endpoint>
          <Class TestArbitrageThresholdScenarios>
            <Coroutine test_minimum_profit_threshold_filtering>
            <Coroutine test_configuration_persistence>
            <Coroutine test_edge_case_single_outcome>
            <Coroutine test_edge_case_identical_odds>
          <Coroutine test_full_integration_scenario>
        <Module test_intelligent_cache_service.py>
          <Coroutine test_get_switches_to_memory_on_redis_error>
          <Coroutine test_set_falls_back_to_memory_and_persists>
          <Coroutine test_schedule_reconnect_avoids_duplicate_tasks>
        <Module test_line_movement_alert_candidates.py>
          <Coroutine test_movement_alert_candidates_basic>
          <Coroutine test_movement_alert_candidates_filters>
          <Coroutine test_movement_alert_candidates_threshold_and_hours>
        <Module test_line_movement_clv.py>
          <Class TestLineMovementCLV>
            <Function test_clv_calculation_positive_movement>
            <Function test_clv_calculation_negative_movement>
            <Function test_clv_calculation_no_movement>
            <Function test_clv_edge_case_zero_opening_line>
            <Function test_clv_edge_case_none_opening_line>
            <Function test_clv_edge_case_none_closing_line>
            <Function test_clv_with_force_flat_baseline_integration>
            <Function test_clv_calculation_precision>
            <Function test_clv_with_diagnostics_enabled>
            <Function test_clv_error_handling>
            <Function test_clv_large_movement_scenarios>
            <Function test_clv_fields_in_dict_opportunity>
        <Module test_line_movement_service.py>
          <Function test_line_movement_basic>
          <Function test_line_movement_with_changes>
          <Function test_movement_direction_detection>
          <Function test_opportunity_id_generation>
          <Function test_enum_handling>
          <Function test_throttling_behavior>
          <Function test_missing_data_handling>
          <Function test_history_retrieval>
          <Function test_service_initialization>
          <Function test_fallback_mode_handling>
          <Function test_rounding_precision>
        <Module test_mlb_real_sources.py>
          <Function test_build_mlb_opportunity_uses_enriched_payload>
          <Function test_build_prop_payload_derives_probabilities>
        <Module test_odds_snapshot_flag_flow.py>
          <Coroutine test_odds_snapshot_flag_enable_disable>
        <Module test_odds_snapshot_service.py>
          <Coroutine test_store_and_get_history_deduped>
        <Module test_propfinder_data_service.py>
          <Coroutine test_fetch_mlb_stats_props_builds_real_mlb_opportunities>
          <Coroutine test_fetch_baseball_savant_props_generates_opportunities>
        <Module test_provider_confidence_integration.py>
          <Class TestProviderConfidenceIntegration>
            <Function test_confidence_level_classification>
            <Function test_selection_priority_calculation>
            <Coroutine test_get_provider_confidence_score_with_mocks>
            <Coroutine test_confidence_score_with_circuit_breaker_penalty>
            <Coroutine test_select_optimal_provider_success>
            <Coroutine test_select_optimal_provider_no_good_options>
            <Coroutine test_should_trigger_circuit_breaker_enhanced>
            <Coroutine test_should_trigger_circuit_breaker_high_confidence>
            <Coroutine test_get_provider_rankings>
            <Coroutine test_update_provider_confidence_on_request>
            <Function test_confidence_score_caching>
            <Function test_integration_status>
          <Class TestProviderConfidenceAPIRoutes>
            <Function test_health_endpoint>
            <Function test_thresholds_endpoint>
            <Function test_integration_status_endpoint>
            <Function test_get_provider_confidence_score_endpoint>
            <Function test_select_provider_endpoint>
        <Module test_real_time_analysis_engine_business_rules.py>
          <Function test_business_rules_filtering>
        <Module test_real_time_analysis_engine_rules_load.py>
          <Function test_load_business_rules_missing_file>
          <Function test_load_business_rules_invalid_yaml>
        <Module test_smart_fallback_integration.py>
          <Class TestSmartFallbackIntegration>
            <Coroutine test_primary_provider_healthy_scenario>
            <Coroutine test_primary_provider_stale_fallback>
            <Coroutine test_primary_provider_circuit_breaker_open>
            <Coroutine test_low_confidence_fallback>
            <Coroutine test_cascading_failures_scenario>
            <Coroutine test_fallback_with_retry_mechanism>
            <Coroutine test_performance_degradation_fallback>
            <Coroutine test_manual_provider_ordering>
            <Coroutine test_round_robin_strategy>
            <Coroutine test_analytics_and_performance_tracking>
            <Coroutine test_cleanup_functionality>
            <Coroutine test_concurrent_operations>
            <Coroutine test_integration_with_real_dependencies>
        <Module test_smart_fallback_priority_service.py>
          <Class TestSmartFallbackPriorityService>
            <Function test_set_primary_provider>
            <Function test_calculate_priority_score>
            <Coroutine test_get_provider_priorities>
            <Coroutine test_select_optimal_provider_best_available>
            <Coroutine test_should_trigger_fallback>
            <Coroutine test_execute_with_fallback_success>
            <Coroutine test_execute_with_fallback_failure_and_retry>
            <Coroutine test_execute_with_fallback_timeout>
            <Function test_fallback_analytics>
            <Coroutine test_cleanup_old_data>
          <Class TestFallbackConfiguration>
            <Function test_default_configuration>
            <Function test_custom_configuration>
        <Module test_smart_signals.py>
          <Class TestSmartSignalsService>
            <Function test_service_initialization>
            <Function test_feature_flag_disabled>
            <Function test_empty_opportunity_handling>
            <Function test_high_ev_low_vig_scenario>
            <Function test_arbitrage_opportunity_scenario>
            <Function test_poor_opportunity_scenario>
            <Function test_missing_data_graceful_handling>
            <Function test_signal_factor_calculations>
            <Function test_american_odds_conversion>
            <Function test_signal_response_structure>
          <Class TestSmartSignalsAPI>
            <Function test_smart_signals_health_endpoint>
            <Function test_smart_signals_disabled_returns_503>
            <Function test_smart_signals_endpoint_with_data>
            <Function test_smart_signals_endpoint_parameters>
          <Class TestSmartSignalsIntegration>
            <Function test_propfinder_integration>
          <Function test_global_service_instance>
          <Class TestSmartSignalsEdgeCases>
            <Function test_extremely_high_values>
            <Function test_malformed_data_types>
      <Module test_clv_diag_parameter.py>
        <Function test_clv_diag_parameter>
        <Function test_clv_diag_with_include_clv>
      <Module test_clv_metrics_disabled_flag.py>
        <Function test_clv_metrics_disabled_flag>
        <Function test_clv_opportunities_ignore_clv_when_disabled>
      <Module test_clv_metrics_enabled_basic.py>
        <Function test_clv_metrics_enabled_basic>
        <Function test_clv_opportunities_include_clv_metrics>
      <Module test_clv_metrics_failure_path.py>
        <Function test_clv_metrics_failure_path>
        <Function test_clv_metrics_service_failure_graceful>
      <Module test_clv_metrics_failure_path_fixed.py>
        <Function test_clv_metrics_failure_path>
        <Function test_clv_metrics_service_failure_graceful>
      <Module test_clv_response_consistency.py>
        <Class TestCLVResponseConsistency>
          <Function test_clv_disabled_response_schema_consistency>
          <Function test_clv_enabled_success_response_schema_consistency>
          <Function test_clv_enabled_failure_response_schema_consistency>
          <Function test_response_envelope_structure_consistency>
      <Module test_clv_status_endpoint.py>
        <Function test_clv_status_initial>
        <Function test_clv_status_after_request>
        <Function test_clv_status_after_clv_enabled_request>
        <Function test_clv_status_does_not_trigger_enrichment>
        <Function test_clv_status_error_handling>
      <Module test_data_validation.py>
        <Class TestDataValidator>
          <Coroutine test_odds_completeness_validation>
          <Coroutine test_odds_format_validation>
          <Coroutine test_ev_inputs_validation>
          <Coroutine test_arbitrage_integrity_validation>
          <Coroutine test_numerical_bounds_validation>
          <Coroutine test_valid_opportunity_no_warnings>
          <Coroutine test_validation_warning_serialization>
        <Class TestValidationMetrics>
          <Coroutine test_metrics_warning_recording>
          <Coroutine test_metrics_summary_generation>
          <Coroutine test_summary_serialization>
        <Class TestValidationIntegration>
          <Coroutine test_multiple_validation_types>
          <Coroutine test_validation_does_not_fail_processing>
          <Coroutine test_global_metrics_collection>
          <Coroutine test_american_odds_probability_conversion>
          <Coroutine test_realistic_arbitrage_scenario>
        <Coroutine test_specific_warning_types[mock_data0]>
        <Coroutine test_specific_warning_types[mock_data1]>
        <Coroutine test_specific_warning_types[mock_data2]>
        <Coroutine test_specific_warning_types[mock_data3]>
        <Coroutine test_specific_warning_types[mock_data4]>
        <Coroutine test_specific_warning_types[mock_data5]>
        <Coroutine test_specific_warning_types[mock_data6]>
      <Module test_enhanced_ev_engine.py>
        <Class TestEnhancedEVEngine>
          <Coroutine test_basic_ev_calculation>
          <Coroutine test_caching_functionality>
          <Coroutine test_cache_ttl_expiration>
          <Coroutine test_feature_flag_management>
          <Coroutine test_advanced_validation>
          <Coroutine test_metrics_collection>
          <Coroutine test_batch_processing>
          <Coroutine test_batch_optimization_flag>
          <Coroutine test_cache_eviction>
          <Coroutine test_precision_mode>
          <Function test_cache_entry_functionality>
          <Coroutine test_distribution_analysis>
          <Coroutine test_error_handling_and_metrics>
          <Function test_cache_invalidation>
          <Function test_metrics_reset>
        <Class TestEVMetrics>
          <Function test_metrics_initialization>
        <Class TestFeatureFlags>
          <Function test_feature_flag_enum>
          <Function test_feature_flag_management>
        <Class TestPerformance>
          <Coroutine test_calculation_performance>
          <Coroutine test_batch_performance>
        <Class TestEdgeCases>
          <Coroutine test_extreme_values>
          <Coroutine test_empty_batch>
          <Coroutine test_malformed_opportunities>
          <Function test_distribution_analysis_insufficient_data>
          <Function test_metrics_with_disabled_features>
          <Function test_distribution_with_disabled_feature>
        <Class TestIntegration>
          <Coroutine test_full_workflow>
      <Module test_enhanced_ev_routes.py>
        <Class TestEnhancedEVAPI>
          <Function test_enhanced_calculate_success>
          <Function test_enhanced_calculate_validation_error>
          <Function test_enhanced_calculate_cache_behavior>
          <Function test_batch_calculate_success>
          <Function test_batch_calculate_empty_request>
          <Function test_batch_optimization_flag>
        <Class TestMetricsAPI>
          <Function test_get_metrics_success>
          <Function test_metrics_after_calculations>
          <Function test_reset_metrics>
        <Class TestDistributionAPI>
          <Function test_distribution_insufficient_data>
          <Function test_distribution_with_data>
        <Class TestFeatureFlagAPI>
          <Function test_get_feature_flags>
          <Function test_set_feature_flag_success>
          <Function test_set_invalid_feature_flag>
          <Function test_feature_flag_impact_on_behavior>
        <Class TestCacheAPI>
          <Function test_cache_invalidation_all>
          <Function test_cache_invalidation_pattern>
        <Class TestHealthAPI>
          <Function test_health_check_success>
          <Function test_health_status_assessment>
        <Class TestErrorHandling>
          <Function test_malformed_json>
          <Function test_missing_required_fields>
          <Function test_invalid_field_types>
          <Function test_internal_server_error>
        <Class TestConcurrency>
          <Function test_concurrent_calculations>
          <Function test_concurrent_feature_flag_changes>
        <Class TestRollingMetricsAPI>
          <Function test_rolling_metrics_endpoint>
          <Function test_rolling_metrics_with_data>
        <Class TestImprovedCaching>
          <Function test_normalized_cache_keys>
          <Function test_batch_cache_functionality>
          <Function test_malformed_data_handling>
      <Module test_ev_enrichment.py>
        <Function test_prediction_response_includes_ev>
      <Module test_ev_helpers.py>
        <Function test_extract_decimal_from_data_decimal>
        <Function test_extract_decimal_from_data_american>
        <Function test_maybe_add_ev_sets_fields>
      <Module test_ev_route_integration.py>
        <Function test_ev_calc_route_decimal>
        <Function test_ev_calc_route_american>
      <Module test_ev_service.py>
        <Function test_american_to_decimal_positive>
        <Function test_american_to_decimal_negative>
        <Function test_parse_decimal_odds>
        <Function test_compute_ev_positive>
        <Function test_compute_ev_invalid_probability>
      <Module test_ev_service_functions.py>
        <Function test_american_to_decimal_positive>
        <Function test_american_to_decimal_negative>
        <Function test_parse_decimal_odds>
        <Function test_compute_ev_positive>
        <Function test_compute_ev_invalid_probability>
      <Module test_health_endpoints.py>
        <Class TestHealthService>
          <Function test_uptime_calculation>
          <Coroutine test_websocket_health_check>
          <Coroutine test_cache_health_check>
          <Coroutine test_model_inference_health_check>
          <Coroutine test_get_component_statuses>
          <Coroutine test_component_status_caching>
          <Function test_determine_overall_status>
          <Function test_get_build_info>
          <Coroutine test_compute_health_full_response>
          <Coroutine test_compute_health_with_timeout>
          <Coroutine test_get_health_status_convenience_function>
        <Class TestHealthEndpoints>
          <Function test_legacy_health_endpoint_deprecated>
          <Function test_legacy_health_endpoint_head>
          <Function test_new_structured_health_endpoint>
          <Function test_health_endpoint_component_structure>
          <Function test_health_endpoint_build_info>
          <Function test_health_endpoints_performance>
          <Coroutine test_concurrent_health_checks>
          <Function test_health_endpoint_error_handling>
          <Function test_system_diagnostics_endpoint>
        <Class TestHealthServiceIntegration>
          <Coroutine test_health_service_with_mock_websocket>
          <Coroutine test_health_service_resilience>
          <Function test_health_service_startup_time_tracking>
      <Module test_instrumentation_service.py>
        <Class TestInstrumentationService>
          <Coroutine test_observability_snapshot_baseline_keys>
          <Coroutine test_trace_operation_success>
          <Coroutine test_trace_operation_failure>
          <Coroutine test_error_hashing_groups_similar_errors>
          <Coroutine test_ev_enrichment_tracing>
          <Coroutine test_arbitrage_detection_tracing>
          <Coroutine test_odds_normalization_tracing>
          <Coroutine test_line_movement_snapshot_tracing>
          <Coroutine test_operation_metrics_percentiles>
          <Coroutine test_feature_flag_updates>
          <Coroutine test_tracing_disabled_fallback>
          <Coroutine test_span_sampling>
          <Coroutine test_instrumentation_health>
          <Function test_decorator_instrumentation>
          <Coroutine test_error_stack_normalization>
          <Coroutine test_timing_aggregates_update>
          <Coroutine test_clear_metrics_functionality>
        <Class TestConvenienceFunctions>
          <Coroutine test_trace_ev_enrichment_convenience>
          <Coroutine test_trace_arbitrage_detection_convenience>
          <Coroutine test_trace_odds_normalization_convenience>
          <Coroutine test_trace_line_movement_snapshot_convenience>
        <Class TestInstrumentationIntegration>
          <Coroutine test_concurrent_operations>
          <Coroutine test_nested_operations>
      <Module test_observability_routes.py>
        <Class TestObservabilityRoutes>
          <Function test_observability_snapshot_baseline_structure>
          <Function test_observability_snapshot_with_error>
          <Function test_observability_snapshot_with_real_data>
          <Function test_instrumentation_health_endpoint>
          <Function test_health_endpoint_with_error>
          <Function test_operation_metrics_endpoint>
          <Function test_error_summary_endpoint>
          <Function test_feature_flags_get_endpoint>
          <Function test_feature_flags_update_success>
          <Function test_feature_flags_update_not_found>
          <Function test_clear_metrics_endpoint>
          <Function test_timings_endpoint>
          <Function test_timings_endpoint_with_error>
          <Function test_observability_status_endpoint>
          <Function test_observability_status_with_unhealthy_service>
          <Function test_observability_status_with_error>
        <Class TestObservabilityEndpointIntegration>
          <Function test_complete_observability_workflow>
          <Function test_all_endpoints_return_json>
          <Function test_baseline_keys_consistency_across_endpoints>
      <Module test_validation_api.py>
        <Class TestValidationAPIEndpoints>
          <Function test_validation_summary_endpoint>
          <Function test_validation_summary_with_custom_time_window>
          <Function test_validation_summary_invalid_time_window>
          <Function test_validation_health_endpoint>
          <Function test_validation_summary_structure>
          <Function test_validation_warning_counts_structure>
          <Function test_validation_endpoints_cors_headers>
          <Function test_validation_endpoints_with_options_request>
        <Class TestValidationEndpointIntegration>
          <Coroutine test_propfinder_opportunities_have_validation_warnings>
          <Function test_validation_summary_reflects_recent_activity>
          <Function test_multiple_summary_requests_consistency>
          <Function test_health_endpoint_error_handling>
        <Class TestValidationMetricsAPI>
          <Function test_validation_metrics_accumulation>
          <Function test_validation_summary_time_window_accuracy>
          <Function test_validation_warning_types_coverage>
    <Dir errors>
      <Module test_error_taxonomy.py>
        <Function test_validation_error_response>
        <Function test_not_found_error_response>
        <Function test_dependency_error_simulation>
        <Function test_internal_error_simulation>
        <Function test_error_response_structure_consistency>
        <Function test_success_response_structure>
        <Function test_request_id_generation>
        <Function test_error_metrics_integration>
    <Dir ingestion>
      <Module test_ingestion_endpoints.py>
        <Class TestIngestionEndpoints>
          <Function test_run_nba_ingestion_endpoint_exists>
          <Function test_run_nba_ingestion_success>
          <Function test_run_nba_ingestion_partial_success>
          <Function test_run_nba_ingestion_pipeline_exception>
          <Function test_run_nba_ingestion_with_force_parameter>
          <Function test_run_nba_ingestion_method_not_allowed>
          <Function test_ingestion_health_check_endpoint>
          <Function test_run_nba_ingestion_response_serialization>
          <Function test_run_nba_ingestion_concurrent_requests>
          <Function test_ingestion_endpoint_authentication>
          <Function test_run_nba_ingestion_logs_execution>
      <Module test_nba_ingestion_pipeline.py>
        <Class TestNBAIngestionPipeline>
          <Coroutine test_successful_run_with_small_dataset>
          <Coroutine test_idempotency_no_duplicate_quotes>
          <Coroutine test_line_change_detection>
          <Coroutine test_taxonomy_failure_path>
          <Coroutine test_player_upsert_matching_by_external_id>
          <Coroutine test_ingest_run_persisted_with_correct_status>
        <Class TestIntegrationWithDatabase>
          <Coroutine test_end_to_end_with_real_database>
          <Coroutine test_concurrent_ingestion_runs>
      <Module test_pipeline_integration.py>
        <Coroutine test_nba_pipeline_basic_run>
        <Function test_ingest_result_creation>
      <Module test_prop_mapper.py>
        <Class TestPropMapper>
          <Function test_map_raw_to_normalized_success>
          <Function test_map_raw_to_normalized_team_normalization>
          <Function test_map_raw_to_normalized_prop_category_normalization>
          <Function test_map_raw_to_normalized_taxonomy_error_propagation>
          <Function test_compute_line_hash_deterministic>
          <Function test_compute_line_hash_with_different_payouts>
          <Function test_compute_line_hash_with_none_odds>
          <Function test_derive_prop_type_success>
          <Function test_derive_prop_type_unknown_category>
          <Function test_validate_normalized_prop_valid>
          <Function test_validate_normalized_prop_invalid_cases>
          <Function test_mapping_preserves_decimal_precision>
          <Function test_batch_mapping_consistency>
      <Module test_taxonomy_service.py>
        <Class TestTaxonomyService>
          <Function test_normalize_prop_category_mapped_values>
          <Function test_normalize_prop_category_case_insensitive>
          <Function test_normalize_prop_category_partial_matches>
          <Function test_normalize_prop_category_unknown_raises_error>
          <Function test_normalize_team_code_standard_abbreviations>
          <Function test_normalize_team_code_variations>
          <Function test_normalize_team_code_case_insensitive>
          <Function test_normalize_team_code_unknown_raises_error>
          <Function test_caching_behavior>
          <Function test_reload_updates_timestamp>
          <Function test_add_prop_mapping>
          <Function test_add_team_mapping>
          <Function test_get_supported_types>
          <Function test_validation_methods>
          <Function test_thread_safety>
          <Function test_comprehensive_nba_teams_coverage>
        <Class TestTaxonomySingleton>
          <Function test_singleton_instance>
    <Dir rate_limit>
      <Module test_rate_limit_basic.py>
        <Function test_rate_limit_headers_present>
        <Function test_rate_limit_consumption>
        <Function test_rate_limit_exceeded_response>
        <Function test_rate_limit_per_client_isolation>
        <Function test_token_bucket_refill>
        <Function test_rate_limit_retry_after_calculation>
        <Function test_rate_limit_cleanup>
        <Function test_rate_limit_disabled>
        <Coroutine test_rate_limit_middleware_dispatch>
    <Dir security>
      <Module test_payload_guard.py>
        <Function test_accept_small_json_payload>
        <Function test_reject_oversized_payload>
        <Function test_reject_unsupported_content_type>
        <Function test_allow_custom_content_type_with_decorator>
        <Function test_get_request_bypasses_guard>
        <Function test_payload_guard_disabled>
        <Function test_json_content_type_variants>
        <Function test_content_length_header_validation>
        <Coroutine test_payload_rejection_error_class>
        <Coroutine test_payload_rejection_error_content_type>
        <Function test_metrics_integration>
        <Function test_extra_content_types_setting>
      <Module test_security_headers.py>
        <Class TestBasicSecurityHeaders>
          <Function test_hsts_header_enabled>
          <Function test_hsts_header_disabled>
          <Function test_x_frame_options_deny>
          <Function test_x_frame_options_sameorigin>
          <Function test_x_content_type_options>
          <Function test_all_basic_headers_disabled>
        <Class TestCSPFunctionality>
          <Function test_csp_basic_policy>
          <Function test_csp_with_extra_connect_src>
          <Function test_csp_upgrade_insecure_requests>
          <Function test_csp_report_uri>
          <Function test_csp_enforce_mode>
          <Function test_csp_report_only_mode>
          <Function test_csp_disabled>
        <Class TestCrossOriginPolicies>
          <Function test_coop_same_origin_allow_popups>
          <Function test_coop_disabled>
          <Function test_coep_require_corp>
          <Function test_coep_disabled>
          <Function test_corp_same_site>
          <Function test_corp_disabled>
        <Class TestPermissionsPolicy>
          <Function test_permissions_policy_basic>
          <Function test_permissions_policy_with_append>
        <Class TestMetricsIntegration>
          <Function test_metrics_tracking_enabled>
          <Function test_metrics_tracking_disabled>
          <Function test_header_type_mapping>
        <Class TestConfiguration>
          <Function test_security_strict_mode_override>
          <Function test_x_frame_options_validation>
          <Function test_csp_extra_connect_src_list>
          <Function test_csp_extra_connect_src_empty>
        <Class TestMiddlewareIntegration>
          <Function test_full_middleware_integration>
          <Function test_existing_headers_not_overridden>
        <Class TestPerformanceAndOrdering>
          <Function test_static_header_caching>
          <Function test_debug_logging_sampling>
      <Module test_security_headers_basic.py>
        <Class TestCSPHeaderGeneration>
          <Function test_basic_csp_generation>
          <Function test_csp_with_extra_connect_src>
          <Function test_csp_disabled>
        <Class TestSecuritySettings>
          <Function test_x_frame_options_valid_values>
          <Function test_x_frame_options_invalid_value>
          <Function test_security_strict_mode_override>
          <Function test_default_settings>
        <Class TestSecurityHeadersMiddleware>
          <Function test_middleware_initialization>
          <Function test_middleware_disabled>
          <Function test_csp_header_names>
        <Class TestMiddlewareFactory>
          <Function test_factory_creates_middleware>
        <Class TestIntegrationWithFastAPI>
          <Function test_headers_applied_to_response>
          <Function test_headers_not_overridden>
          <Function test_disabled_middleware>
      <Module test_security_headers_core.py>
        <Class TestBasicSecurityHeaders>
          <Function test_hsts_header_enabled>
          <Function test_hsts_header_disabled>
          <Function test_x_frame_options_deny>
          <Function test_x_frame_options_sameorigin>
          <Function test_x_content_type_options>
          <Function test_all_basic_headers_disabled>
        <Class TestCSPFunctionality>
          <Function test_csp_basic_policy>
          <Function test_csp_with_extra_connect_src>
          <Function test_csp_upgrade_insecure_requests>
          <Function test_csp_report_uri>
          <Function test_csp_enforce_mode>
          <Function test_csp_report_only_mode>
          <Function test_csp_disabled>
        <Class TestCrossOriginPolicies>
          <Function test_coop_same_origin_allow_popups>
          <Function test_coop_disabled>
          <Function test_coep_require_corp>
          <Function test_coep_disabled>
          <Function test_corp_same_site>
          <Function test_corp_disabled>
        <Class TestPermissionsPolicy>
          <Function test_permissions_policy_basic>
          <Function test_permissions_policy_with_append>
    <Dir stabilization>
      <Module test_backend_lean_mode.py>
        <Function test_dev_mode_endpoint_returns_lean_false_by_default>
        <Function test_dev_mode_endpoint_returns_lean_true_when_enabled>
        <Function test_dev_mode_endpoint_supports_head_method>
        <Function test_lean_mode_environment_variable_integration>
        <Function test_lean_mode_reduces_middleware_in_app_creation>
        <Function test_lean_mode_disabled_by_default>
        <Function test_rate_limiting_configuration_in_lean_mode>
        <Function test_dev_mode_endpoint_json_schema>
        <Class TestLeanModeBackgroundTasks>
          <Function test_lean_mode_skips_background_task_registration>
      <Module test_health_aliases.py>
        <Class TestHealthAliases>
          <Function test_canonical_health_get>
          <Function test_canonical_health_head>
          <Function test_health_alias_get>
          <Function test_health_alias_head>
          <Function test_v2_health_alias_get>
          <Function test_v2_health_alias_head>
          <Function test_all_health_endpoints_identical_schema>
          <Function test_sports_activate_options_preflight>
      <Module test_stabilization_matrix.py>
        <Class TestHealthAliasMatrix>
          <Function test_health_alias_matrix>
          <Function test_health_head_methods>
        <Class TestOptionsPreflight>
          <Function test_options_preflight_activate>
          <Function test_preflight_cors_headers>
        <Class TestWebSocketUrlDerivation>
          <Function test_ws_url_derivation>
          <Function test_ws_client_id_path_derivation>
        <Class TestLeanModeDisablesMonitors>
          <Coroutine test_lean_mode_disables_monitors>
          <Function test_lean_mode_middleware_conditional_loading>
        <Class TestStabilizationIntegration>
          <Function test_dev_mode_endpoint_integration>
          <Function test_stabilization_feature_matrix_complete>
    <Package statistical>
      <Module test_drift_injection.py>
        <Class TestIntentionalDriftInjection>
          <Function test_inject_ks_critical_divergence>
          <Function test_inject_correlation_matrix_drift>
          <Function test_inject_eigenvalue_degradation>
          <Function test_inject_ci_width_explosion>
          <Function test_inject_monte_carlo_convergence_failure>
          <Function test_inject_multiple_simultaneous_drifts>
        <Class TestAlertSystemValidation>
          <Function test_consecutive_failure_alert_trigger>
          <Function test_critical_divergence_alert_trigger>
          <Function test_regression_alert_trigger>
        <Function test_comprehensive_drift_injection_suite>
      <Module test_statistical_verification_suite.py>
        <Class TestDeterministicMonteCarlo>
          <Function test_seed_reproducibility>
          <Function test_deterministic_seed_generation>
          <Function test_monte_carlo_convergence>
        <Class TestKSTestRunner>
          <Function test_ks_normal_distribution>
          <Function test_ks_distribution_mismatch_detection>
          <Function test_ks_critical_divergence_threshold>
        <Class TestCorrelationPSDMonitor>
          <Function test_valid_correlation_matrix_validation>
          <Function test_invalid_correlation_matrix_detection>
          <Function test_correlation_drift_detection>
          <Function test_eigenvalue_threshold_monitoring>
        <Class TestCIWidthGuard>
          <Function test_baseline_ci_establishment>
          <Function test_ci_width_regression_detection>
          <Function test_ci_width_stable_distribution>
        <Class TestFullStatisticalSuite>
          <Function test_complete_suite_execution>
          <Function test_suite_deterministic_behavior>
          <Function test_build_failure_mechanism>
          <Function test_alert_trigger_conditions>
          <Coroutine test_ci_cd_integration_ready>
        <Class TestIntentionalDriftInjection>
          <Function test_intentional_ks_divergence_injection>
          <Function test_intentional_correlation_drift_injection>
          <Function test_intentional_ci_regression_injection>
        <Function test_statistical_verification_ci_critical>
    <Dir synthetic>
      <Module test_end_to_end_signal_flow.py>
        <Coroutine test_end_to_end_smart_signal_flow>
      <Module test_end_to_end_signal_flow_variants.py>
        <Coroutine test_nba_high_value_signal>
        <Coroutine test_mlb_poor_value_filtered>
    <Module test_cache_metrics_hook.py>
      <Class TestCacheMetricsHook>
        <Function test_cache_metrics_hook_initialization>
        <Function test_wrap_sync_cache_get_hit>
        <Function test_wrap_sync_cache_get_miss>
        <Coroutine test_wrap_async_cache_get_hit>
        <Function test_wrap_sync_cache_set>
        <Coroutine test_wrap_async_cache_set>
        <Function test_wrap_sync_cache_delete>
        <Coroutine test_wrap_async_cache_delete>
        <Function test_cache_hit_rate_calculation>
        <Function test_hook_cache_service_sync>
        <Coroutine test_hook_cache_service_async>
        <Function test_cache_operation_exception_handling>
        <Function test_auto_hook_unified_cache_success>
        <Function test_auto_hook_unified_cache_not_available>
        <Function test_auto_hook_intelligent_cache_success>
        <Function test_auto_hook_intelligent_cache_not_available>
        <Function test_initialize_cache_metrics_hooks>
        <Function test_get_cache_hook_singleton>
        <Function test_cache_hook_unhook_all>
        <Coroutine test_mixed_sync_async_cache_operations>
        <Function test_cache_hook_performance_overhead>
        <Function test_cache_service_with_no_hookable_methods>
        <Function test_cache_service_partial_hook_success>
    <Module test_cache_pr6.py>
      <Class TestCacheInstrumentation>
        <Function test_initialization>
        <Function test_record_hit>
        <Function test_record_miss>
        <Function test_record_set_and_delete>
        <Function test_basic_metrics_tracking>
        <Function test_namespace_statistics>
        <Coroutine test_stampede_protection_lock>
        <Coroutine test_concurrent_stampede_protection>
        <Function test_stats_snapshot>
      <Class TestCacheKeyBuilder>
        <Function test_initialization>
        <Function test_basic_key_building>
        <Function test_key_building_with_hash>
        <Function test_key_building_with_namespace>
        <Function test_stable_hashing>
        <Function test_key_parsing>
        <Function test_invalid_key_parsing>
        <Function test_key_building_functionality>
        <Function test_cache_version_consistency>
        <Function test_tier_and_entity_enums>
        <Function test_version_bump_invalidates_keys>
      <Class TestCacheServiceExt>
        <Coroutine test_basic_get_operation>
        <Coroutine test_cache_miss>
        <Coroutine test_get_or_build_cache_hit>
        <Coroutine test_get_or_build_cache_miss>
        <Coroutine test_get_or_build_with_stampede_protection>
        <Coroutine test_set_operation>
        <Coroutine test_delete_operation>
        <Coroutine test_invalidate_pattern>
        <Coroutine test_health_check>
        <Coroutine test_health_check_failure>
        <Coroutine test_error_handling_in_get_or_build>
      <Class TestCacheIntegration>
        <Coroutine test_end_to_end_cache_flow>
      <Class TestCachePerformance>
        <Coroutine test_concurrent_get_or_build_performance>
    <Module test_clv_calculation.py>
      <Class TestCLVCalculation>
        <Function test_clv_calculation_with_force_flat_baseline>
        <Function test_clv_calculation_positive_movement>
        <Function test_clv_calculation_negative_movement>
        <Function test_clv_calculation_zero_opening_line>
        <Function test_clv_calculation_none_values>
        <Function test_clv_large_movement>
        <Function test_clv_precision_rounding>
    <Module test_clv_edge_cases.py>
      <Class TestCLVEdgeCases>
        <Function test_clv_with_zero_limit>
        <Function test_clv_with_negative_limit>
        <Function test_clv_with_very_large_limit>
        <Function test_clv_with_invalid_include_clv_values>
        <Function test_clv_with_missing_parameters>
        <Function test_clv_with_multiple_clv_parameters>
        <Function test_clv_with_special_characters_in_params>
        <Function test_clv_response_structure_validation>
        <Function test_clv_with_empty_database>
        <Function test_clv_malformed_request_handling>
      <Class TestCLVBoundaryValues>
        <Function test_clv_extreme_numeric_values>
        <Function test_clv_null_and_none_handling>
        <Function test_clv_unicode_and_encoding>
      <Class TestCLVStressConditions>
        <Function test_clv_rapid_sequential_requests>
        <Function test_clv_parameter_combinations>
    <Module test_clv_integration.py>
      <Class TestCLVIntegration>
        <Function test_clv_parameter_exists>
        <Function test_clv_fields_absent_when_disabled>
        <Function test_clv_fields_present_when_enabled>
        <Function test_clv_cache_consistency>
        <Function test_graceful_failure_handling>
      <Class TestCLVServiceUnit>
        <Coroutine test_attach_clv_data_basic_functionality>
        <Coroutine test_attach_clv_data_idempotency>
        <Coroutine test_attach_clv_data_error_resilience>
      <Class TestCLVEndToEnd>
        <Function test_complete_clv_flow>
        <Function test_clv_leaderboard_integration>
    <Module test_clv_metrics.py>
      <Class TestCLVMetricsInstrumentation>
        <Function test_clv_metrics_initialization>
        <Function test_clv_metrics_timing_context>
        <Function test_clv_metrics_failure_recording>
        <Function test_clv_cache_metrics>
        <Function test_clv_opportunities_enriched_counter>
        <Function test_clv_alert_thresholds>
        <Function test_clv_diagnostics_data>
      <Class TestCLVDiagnosticsEndpoint>
        <Function test_clv_diagnostics_basic_endpoint>
        <Function test_clv_diagnostics_detailed_endpoint>
        <Function test_clv_diagnostics_with_propfinder_activity>
        <Function test_clv_diagnostics_alert_detection>
      <Class TestCLVMetricsIntegration>
        <Function test_clv_metrics_with_propfinder_api>
        <Function test_clv_metrics_cache_simulation>
        <Function test_clv_metrics_failure_simulation>
      <Class TestCLVMetricsPerformance>
        <Function test_clv_metrics_low_overhead>
        <Function test_clv_metrics_concurrent_requests>
      <Class TestCLVMetricsReliability>
        <Function test_clv_metrics_prometheus_unavailable>
        <Function test_clv_metrics_invalid_operations>
        <Function test_clv_diagnostics_endpoint_errors>
    <Module test_clv_metrics_service.py>
      <Class TestCLVMetricsFeatureFlag>
        <Function test_clv_metrics_disabled_flag>
        <Function test_clv_metrics_enabled_flag>
        <Function test_metrics_summary_endpoint_disabled>
        <Function test_include_clv_param_with_disabled_flag>
      <Class TestCLVMetricsEnabled>
        <Function test_clv_metrics_basic_recording>
        <Function test_clv_timing_context_success>
        <Function test_clv_timing_context_failure>
      <Class TestCLVMetricsFailurePath>
        <Function test_clv_metrics_without_prometheus>
        <Function test_clv_metrics_graceful_failure>
        <Function test_clv_diagnostics_with_error>
      <Class TestCLVDiagnosticParameter>
        <Function test_clv_diag_parameter_enabled>
        <Function test_clv_diag_parameter_disabled>
        <Function test_clv_diag_with_metrics_summary>
      <Class TestCLVMetricsIntegration>
        <Function test_propfinder_with_clv_metrics>
        <Function test_propfinder_metrics_summary_endpoint>
    <Module test_clv_performance.py>
      <Class TestCLVPerformance>
        <Function test_clv_response_time_acceptable>
        <Function test_clv_caching_behavior>
        <Function test_clv_high_volume_handling>
        <Coroutine test_concurrent_clv_requests>
      <Class TestCLVMemoryEfficiency>
        <Function test_clv_memory_efficient_processing>
        <Function test_clv_service_resource_cleanup>
      <Class TestCLVErrorRecovery>
        <Function test_clv_partial_failure_recovery>
        <Function test_clv_timeout_handling>
        <Function test_clv_invalid_data_handling>
    <Module test_clv_system.py>
      <Class TestCLVUtilities>
        <Function test_american_to_probability_positive_odds>
        <Function test_american_to_probability_negative_odds>
        <Function test_american_to_probability_edge_cases>
        <Function test_calculate_clv_percent>
        <Function test_get_clv_tier>
        <Function test_get_clv_performance_score>
        <Function test_get_achievement_badges>
        <Function test_calculate_roi_percent>
        <Function test_calculate_win_rate>
      <Class TestCLVModels>
        <Function test_clv_bet_tracking_creation>
        <Function test_clv_computation_status_enum>
        <Function test_bet_result_enum>
        <Function test_clv_analytics_summary_creation>
        <Function test_clv_leaderboard_creation>
      <Class TestCLVComputationTask>
        <Coroutine test_task_initialization>
        <Coroutine test_get_pending_bets>
        <Coroutine test_fetch_closing_odds_success>
        <Coroutine test_compute_clv_for_bet>
        <Coroutine test_process_bets_batch>
        <Coroutine test_manual_trigger>
        <Function test_get_computation_status>
      <Class TestCLVAPI>
        <Function test_track_bet_endpoint>
        <Function test_get_user_clv_analytics_unauthorized>
        <Function test_get_user_clv_summary_endpoint>
        <Function test_clv_leaderboard_endpoint>
        <Function test_manual_clv_computation_endpoint>
      <Class TestCLVEdgeCases>
        <Function test_clv_calculation_extreme_odds>
        <Function test_clv_calculation_invalid_odds>
        <Function test_empty_bet_list_analytics>
        <Function test_achievement_badges_edge_cases>
        <Coroutine test_clv_task_error_handling>
      <Class TestCLVPerformance>
        <Coroutine test_batch_processing_performance>
        <Function test_clv_calculation_performance>
        <Function test_memory_usage_batch_processing>
    <Module test_health_endpoint.py>
      <Function test_health_models_validation>
      <Function test_unified_metrics_collector>
      <Function test_map_statuses_to_overall>
      <Coroutine test_health_collector_basic_functionality>
      <Function test_health_endpoint_response_structure>
      <Function test_health_endpoint_status_validation>
      <Function test_health_endpoint_concurrent_requests>
    <Module test_inference_pr10.py>
      <Class TestDriftMonitor>
        <Function test_initialization>
        <Function test_drift_status_classification_normal>
        <Function test_drift_status_classification_watch>
        <Function test_drift_status_classification_drifting>
        <Function test_rolling_windows_calculation>
        <Function test_large_diff_percentage_calculation>
        <Function test_readiness_score_high_performance>
        <Function test_readiness_score_latency_penalty>
        <Function test_readiness_score_hold_recommendation>
        <Function test_outcome_recording_and_calibration>
        <Function test_alert_status_tracking>
      <Class TestInferenceAuditService>
        <Function test_schema_versioning_new_entries>
        <Function test_schema_versioning_backward_compatibility>
        <Function test_outcome_recording_delegation>
        <Function test_drift_status_retrieval>
        <Function test_drift_monitor_unavailable_graceful_handling>
      <Class TestDriftMonitoringAPIEndpoints>
        <Coroutine test_outcome_recording_endpoint>
        <Coroutine test_drift_status_endpoint>
        <Coroutine test_enhanced_audit_summary_endpoint>
      <Class TestEnvironmentConfiguration>
        <Function test_default_drift_thresholds>
        <Function test_custom_drift_thresholds>
        <Function test_invalid_drift_threshold_fallback>
    <Module test_inference_pr9.py>
      <Class TestModelRegistry>
        <Function test_get_active_model_version_default>
        <Function test_get_active_model_version_from_env>
        <Function test_shadow_mode_disabled_by_default>
        <Function test_shadow_mode_enabled_with_different_version>
        <Function test_shadow_mode_disabled_with_same_version>
        <Function test_list_available_versions>
        <Function test_load_model_success>
        <Function test_load_model_invalid_version>
        <Function test_get_model_metadata>
      <Class TestInferenceAuditService>
        <Function test_audit_service_initialization>
        <Function test_record_inference>
        <Function test_audit_buffer_ring_behavior>
        <Function test_get_audit_summary_empty>
        <Function test_get_audit_summary_with_data>
        <Function test_confidence_histogram>
        <Function test_shadow_mode_metrics>
      <Class TestInferenceService>
        <Function test_feature_hash_determinism>
        <Function test_feature_hash_format>
        <Coroutine test_primary_inference_returns_prediction>
        <Coroutine test_shadow_inference_included_when_configured>
        <Coroutine test_shadow_inference_failure_does_not_fail_primary>
        <Coroutine test_audit_recording>
      <Class TestFeatureHashDeterminism>
        <Function test_same_features_same_hash>
        <Function test_order_insensitive_hashing>
        <Function test_different_values_different_hash>
        <Function test_large_feature_set_hashing>
    <Module test_instrumentation.py>
      <Class TestInstrumentationUtilities>
        <Coroutine test_record_http_request_context_manager>
        <Coroutine test_record_http_request_with_error>
        <Coroutine test_instrument_route_decorator_async>
        <Function test_instrument_route_decorator_sync>
        <Coroutine test_instrument_route_error_classification>
        <Function test_instrumented_websocket_wrapper>
        <Coroutine test_websocket_message_recording>
        <Coroutine test_send_json_instrumented>
        <Function test_instrumentation_without_fastapi>
        <Coroutine test_request_context_manager_timing_accuracy>
        <Coroutine test_multiple_concurrent_requests>
        <Function test_decorator_preserves_function_metadata>
        <Coroutine test_status_code_extraction_from_result>
        <Function test_metrics_integration_with_health_collector>
        <Coroutine test_instrumentation_under_high_load>
    <Module test_line_movement.py>
      <Class TestLineMovementModels>
        <Function test_line_snapshot_creation>
        <Function test_movement_event_creation>
        <Function test_movement_direction_detection>
        <Function test_calculate_movement_stats>
        <Function test_volatility_calculation>
      <Class TestLineMovementService>
        <Coroutine test_service_initialization>
        <Coroutine test_record_snapshot_with_redis>
        <Coroutine test_record_snapshot_fallback_mode>
        <Coroutine test_get_snapshots_with_redis>
        <Coroutine test_get_movement_analysis>
        <Coroutine test_cleanup_expired_snapshots>
      <Class TestLineMovementAPI>
        <Function test_get_line_movement_endpoint>
        <Function test_record_snapshot_endpoint>
        <Function test_get_recent_movements_endpoint>
        <Function test_get_movement_metrics_endpoint>
        <Function test_health_check_endpoint>
      <Class TestLineMovementMetrics>
        <Function test_record_snapshot_metric>
        <Function test_record_volatility_metrics>
        <Function test_record_magnitude_metrics>
        <Function test_metrics_collection>
      <Class TestLineMovementIntegration>
        <Coroutine test_full_workflow>
        <Coroutine test_multiple_snapshots_workflow>
    <Module test_metrics_collector.py>
      <Class TestUnifiedMetricsCollector>
        <Function test_singleton_pattern>
        <Function test_record_request_basic>
        <Function test_latency_percentiles>
        <Function test_histogram_buckets>
        <Function test_error_rate_calculation>
        <Function test_websocket_metrics>
        <Function test_cache_metrics>
        <Function test_cache_hit_rate_edge_cases>
        <Coroutine test_event_loop_monitoring>
        <Function test_prune_old_samples>
        <Function test_reservoir_sampling_performance>
        <Function test_reset_metrics>
        <Function test_thread_safety>
        <Function test_config_override>
        <Function test_snapshot_structure>
        <Function test_percentile_edge_cases>
    <Module test_metrics_integration.py>
      <Class TestMetricsSystemIntegration>
        <Coroutine test_end_to_end_http_request_flow>
        <Coroutine test_end_to_end_cache_integration_flow>
        <Function test_prometheus_export_integration>
        <Function test_health_collector_integration>
        <Function test_event_loop_monitoring_integration>
        <Function test_metrics_thread_safety_under_load>
        <Function test_metrics_configuration_integration>
        <Coroutine test_full_application_flow_simulation>
        <Function test_metrics_system_cleanup>
        <Function test_metrics_system_error_resilience>
    <Module test_phase2_performance_optimization.py>
      <Class TestEnhancedCaching>
        <Coroutine test_cache_service_initialization>
        <Coroutine test_cache_get_set_operations>
        <Coroutine test_cache_serialization>
        <Coroutine test_cache_pattern_deletion>
        <Coroutine test_cache_health_check>
        <Coroutine test_cache_stats_collection>
        <Coroutine test_cached_function_decorator>
      <Class TestProductionIntegrationWithCache>
        <Coroutine test_production_app_with_cache_endpoints>
        <Coroutine test_cache_endpoints_functionality>
        <Coroutine test_metrics_include_cache_data>
      <Class TestPerformanceOptimizations>
        <Function test_cache_convenience_functions>
        <Coroutine test_cache_error_handling>
        <Function test_cache_service_cleanup>
      <Class TestFullPhase2Integration>
        <Coroutine test_complete_performance_stack>
        <Function test_phase2_checklist_completion>
    <Module test_reliability_endpoint.py>
      <Class TestReliabilityEndpoint>
        <Function test_reliability_endpoint_basic_response>
        <Function test_reliability_endpoint_with_traces>
        <Function test_reliability_endpoint_without_traces>
        <Function test_reliability_response_headers>
        <Function test_reliability_endpoint_error_handling>
      <Class TestReliabilityOrchestrator>
        <Coroutine test_orchestrator_generate_basic_report>
        <Coroutine test_orchestrator_generate_report_with_traces>
        <Function test_orchestrator_with_high_cpu_anomaly>
        <Function test_orchestrator_with_critical_no_active_edges_anomaly>
        <Function test_orchestrator_with_high_p95_latency_anomaly>
      <Class TestAnomalyAnalyzer>
        <Function test_high_cpu_anomaly_detection>
        <Function test_low_cache_hit_rate_anomaly_detection>
        <Function test_slow_ingestion_anomaly_detection>
        <Function test_no_anomalies_with_normal_metrics>
        <Function test_multiple_anomalies_detection>
    <Module test_streaming_integration.py>
      <Class TestProviderEndpoints>
        <Function test_list_providers>
        <Function test_get_specific_provider>
        <Function test_get_nonexistent_provider>
      <Class TestStreamingControlEndpoints>
        <Function test_start_streaming>
        <Function test_stop_streaming>
        <Function test_invalid_action>
      <Class TestSystemStatusEndpoints>
        <Function test_get_system_status>
        <Function test_health_check>
      <Class TestRationaleEndpoints>
        <Function test_generate_rationale>
        <Function test_generate_rationale_invalid_type>
      <Class TestStreamingWorkflow>
        <Function test_provider_lifecycle_workflow>
        <Function test_streaming_control_workflow>
        <Function test_rationale_generation_workflow>
      <Class TestErrorHandling>
        <Function test_provider_registry_error>
        <Function test_streaming_service_error>
        <Function test_rationale_service_error>
    <Module test_streaming_performance.py>
      <Class TestAPIPerformance>
        <Function test_provider_list_performance>
        <Function test_concurrent_status_requests>
        <Function test_health_check_performance>
      <Class TestStreamingControlPerformance>
        <Function test_rapid_start_stop_cycles>
      <Class TestResourceUsage>
        <Function test_memory_usage_with_many_mock_providers>
        <Function test_concurrent_provider_operations>
      <Class TestAsyncPerformance>
        <Coroutine test_rationale_service_load>
        <Coroutine test_concurrent_health_checks>
      <Class TestStressScenarios>
        <Function test_large_response_payload>
        <Function test_rapid_fire_requests>
    <Module test_streaming_system.py>
      <Class TestMarketStreamer>
        <Function test_streamer_initialization>
        <Coroutine test_start_streaming>
        <Coroutine test_stop_streaming>
        <Function test_get_status>
      <Class TestEventBus>
        <Function test_event_bus_initialization>
        <Function test_subscribe_to_events>
        <Function test_unsubscribe_from_events>
        <Coroutine test_publish_events>
      <Class TestProviderRegistry>
        <Function test_registry_initialization>
        <Function test_register_provider>
        <Function test_unregister_provider>
        <Function test_get_all_providers>
        <Coroutine test_health_check_provider>
      <Class TestPortfolioRationaleService>
        <Function test_service_initialization>
        <Coroutine test_generate_rationale>
        <Function test_get_status>
        <Function test_health_check>
      <Class TestMockProviderState>
        <Function test_mock_state_initialization>
        <Function test_to_dict_conversion>
      <Class TestStreamingIntegration>
        <Coroutine test_provider_to_streamer_integration>
        <Coroutine test_event_bus_integration>
        <Coroutine test_full_streaming_workflow>
      <Class TestStreamingPerformance>
        <Coroutine test_high_volume_event_processing>
        <Coroutine test_concurrent_provider_processing>
        <Coroutine test_rationale_service_performance>
        <Function test_memory_usage_under_load>

======================== 1357 tests collected in 8.93s ========================
