<?xml version="1.0" encoding="UTF-8"?>
<testsuites name="jest tests" tests="5" failures="0" errors="0" time="1.589">
  <testsuite name="PropOllamaUnified" errors="0" failures="0" skipped="3" timestamp="2025-07-26T07:02:51" time="0.969" tests="5">
    <testcase classname="PropOllamaUnified" name="loads and sorts best bets by confidence" time="0">
      <skipped/>
    </testcase>
    <testcase classname="PropOllamaUnified" name="shows confidence badge and bar" time="0">
      <skipped/>
    </testcase>
    <testcase classname="PropOllamaUnified" name="expand/collapse explanation" time="0">
      <skipped/>
    </testcase>
    <testcase classname="PropOllamaUnified" name="handles empty state" time="0.066">
    </testcase>
    <testcase classname="PropOllamaUnified" name="is accessible (banner, buttons)" time="0.011">
    </testcase>
  </testsuite>
</testsuites>