<?xml version="1.0" encoding="UTF-8"?>
<testsuites name="jest tests" tests="122" failures="9" errors="0" time="5.822">
  <testsuite name="safeNumber utils" errors="0" failures="0" skipped="0" timestamp="2025-07-25T06:49:02" time="1.888" tests="13">
    <testcase classname="safeNumber utils safeNumber should format a number correctly" name="safeNumber utils safeNumber should format a number correctly" time="0.006">
    </testcase>
    <testcase classname="safeNumber utils safeNumber should handle string input" name="safeNumber utils safeNumber should handle string input" time="0.001">
    </testcase>
    <testcase classname="safeNumber utils safeNumber should handle invalid input with fallback" name="safeNumber utils safeNumber should handle invalid input with fallback" time="0.001">
    </testcase>
    <testcase classname="safeNumber utils safePercentage should format a percentage correctly" name="safeNumber utils safePercentage should format a percentage correctly" time="0.001">
    </testcase>
    <testcase classname="safeNumber utils safePercentage should handle invalid input with default fallback" name="safeNumber utils safePercentage should handle invalid input with default fallback" time="0.001">
    </testcase>
    <testcase classname="safeNumber utils safeCurrency should format currency correctly" name="safeNumber utils safeCurrency should format currency correctly" time="0.001">
    </testcase>
    <testcase classname="safeNumber utils safeCurrency should handle invalid input with default fallback" name="safeNumber utils safeCurrency should handle invalid input with default fallback" time="0.001">
    </testcase>
    <testcase classname="safeNumber utils safeCompactNumber should format large numbers with suffixes" name="safeNumber utils safeCompactNumber should format large numbers with suffixes" time="0.001">
    </testcase>
    <testcase classname="safeNumber utils safeCompactNumber should handle invalid input with default fallback" name="safeNumber utils safeCompactNumber should handle invalid input with default fallback" time="0.001">
    </testcase>
    <testcase classname="safeNumber utils safeDivision should perform division correctly" name="safeNumber utils safeDivision should perform division correctly" time="0.001">
    </testcase>
    <testcase classname="safeNumber utils safeDivision should handle invalid input with fallback" name="safeNumber utils safeDivision should handle invalid input with fallback" time="0.001">
    </testcase>
    <testcase classname="safeNumber utils safePercentageChange should calculate percentage change correctly" name="safeNumber utils safePercentageChange should calculate percentage change correctly" time="0.001">
    </testcase>
    <testcase classname="safeNumber utils safePercentageChange should handle invalid input with default fallback" name="safeNumber utils safePercentageChange should handle invalid input with default fallback" time="0">
    </testcase>
  </testsuite>
  <testsuite name="AdminDashboard" errors="0" failures="6" skipped="0" timestamp="2025-07-25T06:49:02" time="2.115" tests="6">
    <testcase classname="AdminDashboard renders authentication required for non-authenticated users" name="AdminDashboard renders authentication required for non-authenticated users" time="0.124">
      <failure>TypeError: Cannot read properties of undefined (reading &apos;mockClear&apos;)
    at Object.mockClear (C:\Users\bcmad\Downloads\A1Betting7-13.2\frontend\src\components\__tests__\AdminDashboard.test.js:15:18)
    at Promise.finally.completed (C:\Users\bcmad\Downloads\A1Betting7-13.2\node_modules\jest-circus\build\jestAdapterInit.js:1559:28)
    at new Promise (&lt;anonymous&gt;)
    at callAsyncCircusFn (C:\Users\bcmad\Downloads\A1Betting7-13.2\node_modules\jest-circus\build\jestAdapterInit.js:1499:10)
    at _callCircusHook (C:\Users\bcmad\Downloads\A1Betting7-13.2\node_modules\jest-circus\build\jestAdapterInit.js:978:40)
    at processTicksAndRejections (node:internal/process/task_queues:105:5)
    at _runTest (C:\Users\bcmad\Downloads\A1Betting7-13.2\node_modules\jest-circus\build\jestAdapterInit.js:943:5)
    at _runTestsForDescribeBlock (C:\Users\bcmad\Downloads\A1Betting7-13.2\node_modules\jest-circus\build\jestAdapterInit.js:839:13)
    at _runTestsForDescribeBlock (C:\Users\bcmad\Downloads\A1Betting7-13.2\node_modules\jest-circus\build\jestAdapterInit.js:829:11)
    at run (C:\Users\bcmad\Downloads\A1Betting7-13.2\node_modules\jest-circus\build\jestAdapterInit.js:757:3)
    at runAndTransformResultsToJestFormat (C:\Users\bcmad\Downloads\A1Betting7-13.2\node_modules\jest-circus\build\jestAdapterInit.js:1920:21)
    at jestAdapter (C:\Users\bcmad\Downloads\A1Betting7-13.2\node_modules\jest-circus\build\runner.js:101:19)
    at runTestInternal (C:\Users\bcmad\Downloads\A1Betting7-13.2\node_modules\jest-runner\build\testWorker.js:275:16)
    at runTest (C:\Users\bcmad\Downloads\A1Betting7-13.2\node_modules\jest-runner\build\testWorker.js:343:7)
    at Object.worker (C:\Users\bcmad\Downloads\A1Betting7-13.2\node_modules\jest-runner\build\testWorker.js:497:12)</failure>
    </testcase>
    <testcase classname="AdminDashboard renders loading state initially for admin users" name="AdminDashboard renders loading state initially for admin users" time="0.002">
      <failure>TypeError: Cannot read properties of undefined (reading &apos;mockClear&apos;)
    at Object.mockClear (C:\Users\bcmad\Downloads\A1Betting7-13.2\frontend\src\components\__tests__\AdminDashboard.test.js:15:18)
    at Promise.finally.completed (C:\Users\bcmad\Downloads\A1Betting7-13.2\node_modules\jest-circus\build\jestAdapterInit.js:1559:28)
    at new Promise (&lt;anonymous&gt;)
    at callAsyncCircusFn (C:\Users\bcmad\Downloads\A1Betting7-13.2\node_modules\jest-circus\build\jestAdapterInit.js:1499:10)
    at _callCircusHook (C:\Users\bcmad\Downloads\A1Betting7-13.2\node_modules\jest-circus\build\jestAdapterInit.js:978:40)
    at processTicksAndRejections (node:internal/process/task_queues:105:5)
    at _runTest (C:\Users\bcmad\Downloads\A1Betting7-13.2\node_modules\jest-circus\build\jestAdapterInit.js:943:5)
    at _runTestsForDescribeBlock (C:\Users\bcmad\Downloads\A1Betting7-13.2\node_modules\jest-circus\build\jestAdapterInit.js:839:13)
    at _runTestsForDescribeBlock (C:\Users\bcmad\Downloads\A1Betting7-13.2\node_modules\jest-circus\build\jestAdapterInit.js:829:11)
    at run (C:\Users\bcmad\Downloads\A1Betting7-13.2\node_modules\jest-circus\build\jestAdapterInit.js:757:3)
    at runAndTransformResultsToJestFormat (C:\Users\bcmad\Downloads\A1Betting7-13.2\node_modules\jest-circus\build\jestAdapterInit.js:1920:21)
    at jestAdapter (C:\Users\bcmad\Downloads\A1Betting7-13.2\node_modules\jest-circus\build\runner.js:101:19)
    at runTestInternal (C:\Users\bcmad\Downloads\A1Betting7-13.2\node_modules\jest-runner\build\testWorker.js:275:16)
    at runTest (C:\Users\bcmad\Downloads\A1Betting7-13.2\node_modules\jest-runner\build\testWorker.js:343:7)
    at Object.worker (C:\Users\bcmad\Downloads\A1Betting7-13.2\node_modules\jest-runner\build\testWorker.js:497:12)</failure>
    </testcase>
    <testcase classname="AdminDashboard renders admin dashboard for admin users after loading" name="AdminDashboard renders admin dashboard for admin users after loading" time="0.001">
      <failure>TypeError: Cannot read properties of undefined (reading &apos;mockClear&apos;)
    at Object.mockClear (C:\Users\bcmad\Downloads\A1Betting7-13.2\frontend\src\components\__tests__\AdminDashboard.test.js:15:18)
    at Promise.finally.completed (C:\Users\bcmad\Downloads\A1Betting7-13.2\node_modules\jest-circus\build\jestAdapterInit.js:1559:28)
    at new Promise (&lt;anonymous&gt;)
    at callAsyncCircusFn (C:\Users\bcmad\Downloads\A1Betting7-13.2\node_modules\jest-circus\build\jestAdapterInit.js:1499:10)
    at _callCircusHook (C:\Users\bcmad\Downloads\A1Betting7-13.2\node_modules\jest-circus\build\jestAdapterInit.js:978:40)
    at processTicksAndRejections (node:internal/process/task_queues:105:5)
    at _runTest (C:\Users\bcmad\Downloads\A1Betting7-13.2\node_modules\jest-circus\build\jestAdapterInit.js:943:5)
    at _runTestsForDescribeBlock (C:\Users\bcmad\Downloads\A1Betting7-13.2\node_modules\jest-circus\build\jestAdapterInit.js:839:13)
    at _runTestsForDescribeBlock (C:\Users\bcmad\Downloads\A1Betting7-13.2\node_modules\jest-circus\build\jestAdapterInit.js:829:11)
    at run (C:\Users\bcmad\Downloads\A1Betting7-13.2\node_modules\jest-circus\build\jestAdapterInit.js:757:3)
    at runAndTransformResultsToJestFormat (C:\Users\bcmad\Downloads\A1Betting7-13.2\node_modules\jest-circus\build\jestAdapterInit.js:1920:21)
    at jestAdapter (C:\Users\bcmad\Downloads\A1Betting7-13.2\node_modules\jest-circus\build\runner.js:101:19)
    at runTestInternal (C:\Users\bcmad\Downloads\A1Betting7-13.2\node_modules\jest-runner\build\testWorker.js:275:16)
    at runTest (C:\Users\bcmad\Downloads\A1Betting7-13.2\node_modules\jest-runner\build\testWorker.js:343:7)
    at Object.worker (C:\Users\bcmad\Downloads\A1Betting7-13.2\node_modules\jest-runner\build\testWorker.js:497:12)</failure>
    </testcase>
    <testcase classname="AdminDashboard handles exit admin mode button click" name="AdminDashboard handles exit admin mode button click" time="0.001">
      <failure>TypeError: Cannot read properties of undefined (reading &apos;mockClear&apos;)
    at Object.mockClear (C:\Users\bcmad\Downloads\A1Betting7-13.2\frontend\src\components\__tests__\AdminDashboard.test.js:15:18)
    at Promise.finally.completed (C:\Users\bcmad\Downloads\A1Betting7-13.2\node_modules\jest-circus\build\jestAdapterInit.js:1559:28)
    at new Promise (&lt;anonymous&gt;)
    at callAsyncCircusFn (C:\Users\bcmad\Downloads\A1Betting7-13.2\node_modules\jest-circus\build\jestAdapterInit.js:1499:10)
    at _callCircusHook (C:\Users\bcmad\Downloads\A1Betting7-13.2\node_modules\jest-circus\build\jestAdapterInit.js:978:40)
    at processTicksAndRejections (node:internal/process/task_queues:105:5)
    at _runTest (C:\Users\bcmad\Downloads\A1Betting7-13.2\node_modules\jest-circus\build\jestAdapterInit.js:943:5)
    at _runTestsForDescribeBlock (C:\Users\bcmad\Downloads\A1Betting7-13.2\node_modules\jest-circus\build\jestAdapterInit.js:839:13)
    at _runTestsForDescribeBlock (C:\Users\bcmad\Downloads\A1Betting7-13.2\node_modules\jest-circus\build\jestAdapterInit.js:829:11)
    at run (C:\Users\bcmad\Downloads\A1Betting7-13.2\node_modules\jest-circus\build\jestAdapterInit.js:757:3)
    at runAndTransformResultsToJestFormat (C:\Users\bcmad\Downloads\A1Betting7-13.2\node_modules\jest-circus\build\jestAdapterInit.js:1920:21)
    at jestAdapter (C:\Users\bcmad\Downloads\A1Betting7-13.2\node_modules\jest-circus\build\runner.js:101:19)
    at runTestInternal (C:\Users\bcmad\Downloads\A1Betting7-13.2\node_modules\jest-runner\build\testWorker.js:275:16)
    at runTest (C:\Users\bcmad\Downloads\A1Betting7-13.2\node_modules\jest-runner\build\testWorker.js:343:7)
    at Object.worker (C:\Users\bcmad\Downloads\A1Betting7-13.2\node_modules\jest-runner\build\testWorker.js:497:12)</failure>
    </testcase>
    <testcase classname="AdminDashboard handles back to dashboard button in access denied state" name="AdminDashboard handles back to dashboard button in access denied state" time="0">
      <failure>TypeError: Cannot read properties of undefined (reading &apos;mockClear&apos;)
    at Object.mockClear (C:\Users\bcmad\Downloads\A1Betting7-13.2\frontend\src\components\__tests__\AdminDashboard.test.js:15:18)
    at Promise.finally.completed (C:\Users\bcmad\Downloads\A1Betting7-13.2\node_modules\jest-circus\build\jestAdapterInit.js:1559:28)
    at new Promise (&lt;anonymous&gt;)
    at callAsyncCircusFn (C:\Users\bcmad\Downloads\A1Betting7-13.2\node_modules\jest-circus\build\jestAdapterInit.js:1499:10)
    at _callCircusHook (C:\Users\bcmad\Downloads\A1Betting7-13.2\node_modules\jest-circus\build\jestAdapterInit.js:978:40)
    at processTicksAndRejections (node:internal/process/task_queues:105:5)
    at _runTest (C:\Users\bcmad\Downloads\A1Betting7-13.2\node_modules\jest-circus\build\jestAdapterInit.js:943:5)
    at _runTestsForDescribeBlock (C:\Users\bcmad\Downloads\A1Betting7-13.2\node_modules\jest-circus\build\jestAdapterInit.js:839:13)
    at _runTestsForDescribeBlock (C:\Users\bcmad\Downloads\A1Betting7-13.2\node_modules\jest-circus\build\jestAdapterInit.js:829:11)
    at run (C:\Users\bcmad\Downloads\A1Betting7-13.2\node_modules\jest-circus\build\jestAdapterInit.js:757:3)
    at runAndTransformResultsToJestFormat (C:\Users\bcmad\Downloads\A1Betting7-13.2\node_modules\jest-circus\build\jestAdapterInit.js:1920:21)
    at jestAdapter (C:\Users\bcmad\Downloads\A1Betting7-13.2\node_modules\jest-circus\build\runner.js:101:19)
    at runTestInternal (C:\Users\bcmad\Downloads\A1Betting7-13.2\node_modules\jest-runner\build\testWorker.js:275:16)
    at runTest (C:\Users\bcmad\Downloads\A1Betting7-13.2\node_modules\jest-runner\build\testWorker.js:343:7)
    at Object.worker (C:\Users\bcmad\Downloads\A1Betting7-13.2\node_modules\jest-runner\build\testWorker.js:497:12)</failure>
    </testcase>
    <testcase classname=" displays correct user email in header for admin users" name=" displays correct user email in header for admin users" time="0">
      <failure>ReferenceError: _mockUseAuth is not defined
    at Object._mockUseAuth (C:\Users\bcmad\Downloads\A1Betting7-13.2\frontend\src\components\__tests__\AdminDashboard.test.js:287:3)
    at Promise.finally.completed (C:\Users\bcmad\Downloads\A1Betting7-13.2\node_modules\jest-circus\build\jestAdapterInit.js:1559:28)
    at new Promise (&lt;anonymous&gt;)
    at callAsyncCircusFn (C:\Users\bcmad\Downloads\A1Betting7-13.2\node_modules\jest-circus\build\jestAdapterInit.js:1499:10)
    at _callCircusTest (C:\Users\bcmad\Downloads\A1Betting7-13.2\node_modules\jest-circus\build\jestAdapterInit.js:1009:40)
    at processTicksAndRejections (node:internal/process/task_queues:105:5)
    at _runTest (C:\Users\bcmad\Downloads\A1Betting7-13.2\node_modules\jest-circus\build\jestAdapterInit.js:949:3)
    at _runTestsForDescribeBlock (C:\Users\bcmad\Downloads\A1Betting7-13.2\node_modules\jest-circus\build\jestAdapterInit.js:839:13)
    at run (C:\Users\bcmad\Downloads\A1Betting7-13.2\node_modules\jest-circus\build\jestAdapterInit.js:757:3)
    at runAndTransformResultsToJestFormat (C:\Users\bcmad\Downloads\A1Betting7-13.2\node_modules\jest-circus\build\jestAdapterInit.js:1920:21)
    at jestAdapter (C:\Users\bcmad\Downloads\A1Betting7-13.2\node_modules\jest-circus\build\runner.js:101:19)
    at runTestInternal (C:\Users\bcmad\Downloads\A1Betting7-13.2\node_modules\jest-runner\build\testWorker.js:275:16)
    at runTest (C:\Users\bcmad\Downloads\A1Betting7-13.2\node_modules\jest-runner\build\testWorker.js:343:7)
    at Object.worker (C:\Users\bcmad\Downloads\A1Betting7-13.2\node_modules\jest-runner\build\testWorker.js:497:12)</failure>
    </testcase>
  </testsuite>
  <testsuite name="AppContext" errors="0" failures="0" skipped="0" timestamp="2025-07-25T06:49:02" time="2.342" tests="1">
    <testcase classname="AppContext provides default values" name="AppContext provides default values" time="0.04">
    </testcase>
  </testsuite>
  <testsuite name="ThemeContext" errors="0" failures="0" skipped="0" timestamp="2025-07-25T06:49:02" time="2.369" tests="1">
    <testcase classname="ThemeContext provides default values" name="ThemeContext provides default values" time="0.027">
    </testcase>
  </testsuite>
  <testsuite name="Analytics Logging" errors="0" failures="0" skipped="0" timestamp="2025-07-25T06:49:04" time="0.25" tests="1">
    <testcase classname="Analytics Logging logs data without throwing" name="Analytics Logging logs data without throwing" time="0.016">
    </testcase>
  </testsuite>
  <testsuite name="LiveStream component" errors="0" failures="0" skipped="0" timestamp="2025-07-25T06:49:02" time="2.469" tests="3">
    <testcase classname="LiveStream component renders the onboarding banner and safety tips" name="LiveStream component renders the onboarding banner and safety tips" time="0.049">
    </testcase>
    <testcase classname="LiveStream component renders the header with the correct title and external link" name="LiveStream component renders the header with the correct title and external link" time="0.074">
    </testcase>
    <testcase classname="LiveStream component renders the button to open the live stream site" name="LiveStream component renders the button to open the live stream site" time="0.011">
    </testcase>
  </testsuite>
  <testsuite name="AuthContext Admin Functionality" errors="0" failures="0" skipped="0" timestamp="2025-07-25T06:49:02" time="2.457" tests="5">
    <testcase classname="AuthContext Admin Functionality should detect admin user with admin email" name="AuthContext Admin Functionality should detect admin user with admin email" time="0.051">
    </testcase>
    <testcase classname="AuthContext Admin Functionality should detect admin user with cole email" name="AuthContext Admin Functionality should detect admin user with cole email" time="0.007">
    </testcase>
    <testcase classname="AuthContext Admin Functionality should not detect admin for regular user" name="AuthContext Admin Functionality should not detect admin for regular user" time="0.004">
    </testcase>
    <testcase classname="AuthContext Admin Functionality should return false for isAdmin when no user" name="AuthContext Admin Functionality should return false for isAdmin when no user" time="0.003">
    </testcase>
    <testcase classname="AuthContext Admin Functionality should clear admin status on logout" name="AuthContext Admin Functionality should clear admin status on logout" time="0.007">
    </testcase>
  </testsuite>
  <testsuite name="SocialSentimentAdapter" errors="0" failures="0" skipped="0" timestamp="2025-07-25T06:49:04" time="0.306" tests="3">
    <testcase classname="SocialSentimentAdapter should be available" name="SocialSentimentAdapter should be available" time="0.006">
    </testcase>
    <testcase classname="SocialSentimentAdapter should fetch sentiment data and cache it" name="SocialSentimentAdapter should fetch sentiment data and cache it" time="0.002">
    </testcase>
    <testcase classname="SocialSentimentAdapter should clear cache" name="SocialSentimentAdapter should clear cache" time="0.002">
    </testcase>
  </testsuite>
  <testsuite name="PredictionGenerator" errors="0" failures="0" skipped="0" timestamp="2025-07-25T06:49:05" time="0.287" tests="1">
    <testcase classname="PredictionGenerator should have at least one test" name="PredictionGenerator should have at least one test" time="0.001">
    </testcase>
  </testsuite>
  <testsuite name="RefereeService" errors="0" failures="0" skipped="0" timestamp="2025-07-25T06:49:04" time="0.438" tests="8">
    <testcase classname="RefereeService fetches referee stats" name="RefereeService fetches referee stats" time="0.006">
    </testcase>
    <testcase classname="RefereeService throws on referee stats fetch failure" name="RefereeService throws on referee stats fetch failure" time="0.009">
    </testcase>
    <testcase classname="RefereeService fetches batch referee stats" name="RefereeService fetches batch referee stats" time="0.003">
    </testcase>
    <testcase classname="RefereeService throws on batch referee stats fetch failure" name="RefereeService throws on batch referee stats fetch failure" time="0.001">
    </testcase>
    <testcase classname="RefereeService searches referees" name="RefereeService searches referees" time="0.001">
    </testcase>
    <testcase classname="RefereeService throws on search referees failure" name="RefereeService throws on search referees failure" time="0.001">
    </testcase>
    <testcase classname="RefereeService fetches referee modeling" name="RefereeService fetches referee modeling" time="0">
    </testcase>
    <testcase classname="RefereeService throws on referee modeling fetch failure" name="RefereeService throws on referee modeling fetch failure" time="0">
    </testcase>
  </testsuite>
  <testsuite name="PropOllamaUnified" errors="0" failures="0" skipped="3" timestamp="2025-07-25T06:49:02" time="2.815" tests="6">
    <testcase classname="PropOllamaUnified renders onboarding banner" name="PropOllamaUnified renders onboarding banner" time="0.134">
    </testcase>
    <testcase classname="PropOllamaUnified loads and sorts best bets by confidence" name="PropOllamaUnified loads and sorts best bets by confidence" time="0">
      <skipped/>
    </testcase>
    <testcase classname="PropOllamaUnified shows confidence badge and bar" name="PropOllamaUnified shows confidence badge and bar" time="0">
      <skipped/>
    </testcase>
    <testcase classname="PropOllamaUnified expand/collapse explanation" name="PropOllamaUnified expand/collapse explanation" time="0">
      <skipped/>
    </testcase>
    <testcase classname="PropOllamaUnified handles empty state" name="PropOllamaUnified handles empty state" time="0.041">
    </testcase>
    <testcase classname="PropOllamaUnified is accessible (banner, buttons)" name="PropOllamaUnified is accessible (banner, buttons)" time="0.068">
    </testcase>
  </testsuite>
  <testsuite name="UserPersonalizationService" errors="0" failures="0" skipped="0" timestamp="2025-07-25T06:49:04" time="0.414" tests="2">
    <testcase classname="UserPersonalizationService should return a singleton instance" name="UserPersonalizationService should return a singleton instance" time="0.001">
    </testcase>
    <testcase classname="UserPersonalizationService should initialize with empty userProfiles and clusters" name="UserPersonalizationService should initialize with empty userProfiles and clusters" time="0">
    </testcase>
  </testsuite>
  <testsuite name="PatternRecognitionService" errors="0" failures="0" skipped="0" timestamp="2025-07-25T06:49:05" time="0.334" tests="1">
    <testcase classname="PatternRecognitionService detects pattern structure" name="PatternRecognitionService detects pattern structure" time="0.004">
    </testcase>
  </testsuite>
  <testsuite name="MetricsContext" errors="0" failures="0" skipped="0" timestamp="2025-07-25T06:49:04" time="0.878" tests="1">
    <testcase classname="MetricsContext provides default values and track function" name="MetricsContext provides default values and track function" time="0.02">
    </testcase>
  </testsuite>
  <testsuite name="RiskAssessmentService" errors="0" failures="0" skipped="0" timestamp="2025-07-25T06:49:05" time="0.418" tests="1">
    <testcase classname="RiskAssessmentService classifies risk correctly" name="RiskAssessmentService classifies risk correctly" time="0.001">
    </testcase>
  </testsuite>
  <testsuite name="UserFriendlyApp" errors="0" failures="0" skipped="0" timestamp="2025-07-25T06:49:05" time="0.325" tests="1">
    <testcase classname="UserFriendlyApp should run a placeholder test" name="UserFriendlyApp should run a placeholder test" time="0.001">
    </testcase>
  </testsuite>
  <testsuite name="advancedPredictionService" errors="0" failures="0" skipped="0" timestamp="2025-07-25T06:49:05" time="0.335" tests="1">
    <testcase classname="advancedPredictionService should run a placeholder test" name="advancedPredictionService should run a placeholder test" time="0.001">
    </testcase>
  </testsuite>
  <testsuite name="ConfidenceBandChart" errors="0" failures="0" skipped="0" timestamp="2025-07-25T06:49:05" time="0.294" tests="1">
    <testcase classname="ConfidenceBandChart should run a placeholder test" name="ConfidenceBandChart should run a placeholder test" time="0.001">
    </testcase>
  </testsuite>
  <testsuite name="undefined" errors="0" failures="0" skipped="0" timestamp="2025-07-25T06:49:05" time="0.355" tests="1">
    <testcase classname=" dummy test" name=" dummy test" time="0">
    </testcase>
  </testsuite>
  <testsuite name="ComprehensiveAdminDashboard" errors="0" failures="1" skipped="0" timestamp="2025-07-25T06:49:02" time="3.227" tests="3">
    <testcase classname="ComprehensiveAdminDashboard renders dashboard data and panels when loaded" name="ComprehensiveAdminDashboard renders dashboard data and panels when loaded" time="0.142">
      <failure>TypeError: Cannot read properties of undefined (reading &apos;isLoading&apos;)
    at isLoading (C:\Users\bcmad\Downloads\A1Betting7-13.2\frontend\src\components\comprehensive\ComprehensiveAdminDashboard.tsx:29:24)
    at renderWithHooks (C:\Users\bcmad\Downloads\A1Betting7-13.2\frontend\node_modules\react-dom\cjs\react-dom.development.js:15486:18)
    at mountIndeterminateComponent (C:\Users\bcmad\Downloads\A1Betting7-13.2\frontend\node_modules\react-dom\cjs\react-dom.development.js:20103:13)
    at beginWork (C:\Users\bcmad\Downloads\A1Betting7-13.2\frontend\node_modules\react-dom\cjs\react-dom.development.js:21626:16)
    at beginWork$1 (C:\Users\bcmad\Downloads\A1Betting7-13.2\frontend\node_modules\react-dom\cjs\react-dom.development.js:27465:14)
    at performUnitOfWork (C:\Users\bcmad\Downloads\A1Betting7-13.2\frontend\node_modules\react-dom\cjs\react-dom.development.js:26599:12)
    at workLoopSync (C:\Users\bcmad\Downloads\A1Betting7-13.2\frontend\node_modules\react-dom\cjs\react-dom.development.js:26505:5)
    at renderRootSync (C:\Users\bcmad\Downloads\A1Betting7-13.2\frontend\node_modules\react-dom\cjs\react-dom.development.js:26473:7)
    at recoverFromConcurrentError (C:\Users\bcmad\Downloads\A1Betting7-13.2\frontend\node_modules\react-dom\cjs\react-dom.development.js:25889:20)
    at performConcurrentWorkOnRoot (C:\Users\bcmad\Downloads\A1Betting7-13.2\frontend\node_modules\react-dom\cjs\react-dom.development.js:25789:22)
    at flushActQueue (C:\Users\bcmad\Downloads\A1Betting7-13.2\frontend\node_modules\react\cjs\react.development.js:2667:24)
    at act (C:\Users\bcmad\Downloads\A1Betting7-13.2\frontend\node_modules\react\cjs\react.development.js:2582:11)
    at C:\Users\bcmad\Downloads\A1Betting7-13.2\frontend\node_modules\@testing-library\react\dist\act-compat.js:47:25
    at renderRoot (C:\Users\bcmad\Downloads\A1Betting7-13.2\frontend\node_modules\@testing-library\react\dist\pure.js:180:26)
    at render (C:\Users\bcmad\Downloads\A1Betting7-13.2\frontend\node_modules\@testing-library\react\dist\pure.js:271:10)
    at Object.&lt;anonymous&gt; (C:\Users\bcmad\Downloads\A1Betting7-13.2\frontend\src\components\comprehensive\__tests__\ComprehensiveAdminDashboard.test.tsx:134:11)
    at Promise.finally.completed (C:\Users\bcmad\Downloads\A1Betting7-13.2\node_modules\jest-circus\build\jestAdapterInit.js:1559:28)
    at new Promise (&lt;anonymous&gt;)
    at callAsyncCircusFn (C:\Users\bcmad\Downloads\A1Betting7-13.2\node_modules\jest-circus\build\jestAdapterInit.js:1499:10)
    at _callCircusTest (C:\Users\bcmad\Downloads\A1Betting7-13.2\node_modules\jest-circus\build\jestAdapterInit.js:1009:40)
    at processTicksAndRejections (node:internal/process/task_queues:105:5)
    at _runTest (C:\Users\bcmad\Downloads\A1Betting7-13.2\node_modules\jest-circus\build\jestAdapterInit.js:949:3)
    at _runTestsForDescribeBlock (C:\Users\bcmad\Downloads\A1Betting7-13.2\node_modules\jest-circus\build\jestAdapterInit.js:839:13)
    at _runTestsForDescribeBlock (C:\Users\bcmad\Downloads\A1Betting7-13.2\node_modules\jest-circus\build\jestAdapterInit.js:829:11)
    at run (C:\Users\bcmad\Downloads\A1Betting7-13.2\node_modules\jest-circus\build\jestAdapterInit.js:757:3)
    at runAndTransformResultsToJestFormat (C:\Users\bcmad\Downloads\A1Betting7-13.2\node_modules\jest-circus\build\jestAdapterInit.js:1920:21)
    at jestAdapter (C:\Users\bcmad\Downloads\A1Betting7-13.2\node_modules\jest-circus\build\runner.js:101:19)
    at runTestInternal (C:\Users\bcmad\Downloads\A1Betting7-13.2\node_modules\jest-runner\build\testWorker.js:275:16)
    at runTest (C:\Users\bcmad\Downloads\A1Betting7-13.2\node_modules\jest-runner\build\testWorker.js:343:7)
    at Object.worker (C:\Users\bcmad\Downloads\A1Betting7-13.2\node_modules\jest-runner\build\testWorker.js:497:12)</failure>
    </testcase>
    <testcase classname="ComprehensiveAdminDashboard shows loading state" name="ComprehensiveAdminDashboard shows loading state" time="0.035">
    </testcase>
    <testcase classname="ComprehensiveAdminDashboard shows error state" name="ComprehensiveAdminDashboard shows error state" time="0.01">
    </testcase>
  </testsuite>
  <testsuite name="PlayerFormModel" errors="0" failures="0" skipped="0" timestamp="2025-07-25T06:49:05" time="0.334" tests="1">
    <testcase classname="PlayerFormModel should run a basic test" name="PlayerFormModel should run a basic test" time="0.001">
    </testcase>
  </testsuite>
  <testsuite name="userSettings utils" errors="0" failures="0" skipped="0" timestamp="2025-07-25T06:49:05" time="0.388" tests="15">
    <testcase classname="userSettings utils getUserSettings should return default settings if nothing in localStorage" name="userSettings utils getUserSettings should return default settings if nothing in localStorage" time="0.003">
    </testcase>
    <testcase classname="userSettings utils getUserSettings should return parsed settings from localStorage" name="userSettings utils getUserSettings should return parsed settings from localStorage" time="0.002">
    </testcase>
    <testcase classname="userSettings utils getUserSettings should merge saved settings with defaults" name="userSettings utils getUserSettings should merge saved settings with defaults" time="0.002">
    </testcase>
    <testcase classname="userSettings utils applySettings should apply dark mode class and background color" name="userSettings utils applySettings should apply dark mode class and background color" time="0.004">
    </testcase>
    <testcase classname="userSettings utils applySettings should set font size" name="userSettings utils applySettings should set font size" time="0.001">
    </testcase>
    <testcase classname="userSettings utils saveUserSettings should save settings to localStorage and apply them" name="userSettings utils saveUserSettings should save settings to localStorage and apply them" time="0.004">
    </testcase>
    <testcase classname="userSettings utils getUserDisplayName should return name from localStorage if available" name="userSettings utils getUserDisplayName should return name from localStorage if available" time="0.001">
    </testcase>
    <testcase classname="userSettings utils getUserDisplayName should return name from settings if not in localStorage" name="userSettings utils getUserDisplayName should return name from settings if not in localStorage" time="0.002">
    </testcase>
    <testcase classname="userSettings utils getUserDisplayName should return default if no name found" name="userSettings utils getUserDisplayName should return default if no name found" time="0.002">
    </testcase>
    <testcase classname="userSettings utils getUserEmail should return email from localStorage if available" name="userSettings utils getUserEmail should return email from localStorage if available" time="0.001">
    </testcase>
    <testcase classname="userSettings utils getUserEmail should return email from settings if not in localStorage" name="userSettings utils getUserEmail should return email from settings if not in localStorage" time="0">
    </testcase>
    <testcase classname="userSettings utils getUserEmail should return default if no email found" name="userSettings utils getUserEmail should return default if no email found" time="0.001">
    </testcase>
    <testcase classname="userSettings utils isDarkMode should return dark mode setting" name="userSettings utils isDarkMode should return dark mode setting" time="0.001">
    </testcase>
    <testcase classname="userSettings utils isDarkMode should return default if settings not found" name="userSettings utils isDarkMode should return default if settings not found" time="0">
    </testcase>
    <testcase classname="userSettings utils initializeSettings should get and apply settings" name="userSettings utils initializeSettings should get and apply settings" time="0.001">
    </testcase>
  </testsuite>
  <testsuite name="location utils" errors="0" failures="0" skipped="0" timestamp="2025-07-25T06:49:05" time="0.451" tests="4">
    <testcase classname="location utils getLocation should return window.location" name="location utils getLocation should return window.location" time="0.001">
    </testcase>
    <testcase classname="location utils getQueryParams should parse query parameters correctly" name="location utils getQueryParams should parse query parameters correctly" time="0.003">
    </testcase>
    <testcase classname="location utils navigateTo should be callable" name="location utils navigateTo should be callable" time="0.032">
    </testcase>
    <testcase classname="location utils reloadPage should be callable" name="location utils reloadPage should be callable" time="0.004">
    </testcase>
  </testsuite>
  <testsuite name="App E2E Error State" errors="0" failures="1" skipped="0" timestamp="2025-07-25T06:49:02" time="3.332" tests="1">
    <testcase classname="App E2E Error State shows error state if API returns error" name="App E2E Error State shows error state if API returns error" time="0.904">
      <failure>Jest encountered an unexpected token

Jest failed to parse a file. This happens e.g. when your code or its dependencies use non-standard JavaScript syntax, or when Jest is not configured to support such syntax.

Out of the box Jest supports Babel, which will be used to transform your files into valid JS based on your Babel configuration.

By default &quot;node_modules&quot; folder is ignored by transformers.

Here&apos;s what you can do:
 â€¢ If you are trying to use ECMAScript Modules, see https://jestjs.io/docs/ecmascript-modules for how to enable it.
 â€¢ If you are trying to use TypeScript, see https://jestjs.io/docs/getting-started#using-typescript
 â€¢ To have some of your &quot;node_modules&quot; files transformed, you can specify a custom &quot;transformIgnorePatterns&quot; in your config.
 â€¢ If you need a custom transformation, specify a &quot;transform&quot; option in your config.
 â€¢ If you simply want to mock your non-JS modules (e.g. binary assets) you can stub them out with the &quot;moduleNameMapper&quot; config option.

You&apos;ll find more details and examples of these config options in the docs:
https://jestjs.io/docs/configuration
For information about custom transformations, see:
https://jestjs.io/docs/code-transformation

Details:

C:\Users\bcmad\Downloads\A1Betting7-13.2\frontend\src\utils\getBackendUrl.ts:192
  (cov_16051q4qac().b[1][0]++, typeof import.meta.env !== &apos;undefined&apos;) &amp;&amp;
                                             ^^^^

SyntaxError: Cannot use &apos;import.meta&apos; outside a module
    at internalCompileFunction (node:internal/vm:137:18)
    at compileFunction (node:vm:365:10)
    at Runtime.createScriptFromCode (C:\Users\bcmad\Downloads\A1Betting7-13.2\node_modules\jest-runtime\build\index.js:1316:40)
    at Runtime._execModule (C:\Users\bcmad\Downloads\A1Betting7-13.2\node_modules\jest-runtime\build\index.js:1242:35)
    at Runtime._loadModule (C:\Users\bcmad\Downloads\A1Betting7-13.2\node_modules\jest-runtime\build\index.js:942:12)
    at Runtime.requireModule (C:\Users\bcmad\Downloads\A1Betting7-13.2\node_modules\jest-runtime\build\index.js:830:12)
    at Runtime.requireModuleOrMock (C:\Users\bcmad\Downloads\A1Betting7-13.2\node_modules\jest-runtime\build\index.js:962:21)
    at Object.require (C:\Users\bcmad\Downloads\A1Betting7-13.2\frontend\src\components\auth\AuthPage.tsx:5:1)
    at Runtime._execModule (C:\Users\bcmad\Downloads\A1Betting7-13.2\node_modules\jest-runtime\build\index.js:1266:24)
    at Runtime._loadModule (C:\Users\bcmad\Downloads\A1Betting7-13.2\node_modules\jest-runtime\build\index.js:942:12)
    at Runtime.requireModule (C:\Users\bcmad\Downloads\A1Betting7-13.2\node_modules\jest-runtime\build\index.js:830:12)
    at Runtime.requireModuleOrMock (C:\Users\bcmad\Downloads\A1Betting7-13.2\node_modules\jest-runtime\build\index.js:962:21)
    at Object.require (C:\Users\bcmad\Downloads\A1Betting7-13.2\frontend\src\App.tsx:6:1)
    at Runtime._execModule (C:\Users\bcmad\Downloads\A1Betting7-13.2\node_modules\jest-runtime\build\index.js:1266:24)
    at Runtime._loadModule (C:\Users\bcmad\Downloads\A1Betting7-13.2\node_modules\jest-runtime\build\index.js:942:12)
    at Runtime.requireModule (C:\Users\bcmad\Downloads\A1Betting7-13.2\node_modules\jest-runtime\build\index.js:830:12)
    at Runtime.requireModuleOrMock (C:\Users\bcmad\Downloads\A1Betting7-13.2\node_modules\jest-runtime\build\index.js:962:21)
    at require (C:\Users\bcmad\Downloads\A1Betting7-13.2\frontend\src\__tests__\App.e2e.error.test.tsx:16:18)
    at processTicksAndRejections (node:internal/process/task_queues:105:5)
    at Object.&lt;anonymous&gt; (C:\Users\bcmad\Downloads\A1Betting7-13.2\frontend\src\__tests__\App.e2e.error.test.tsx:16:18)</failure>
    </testcase>
  </testsuite>
  <testsuite name="bettingOpportunityService" errors="0" failures="0" skipped="0" timestamp="2025-07-25T06:49:05" time="0.26" tests="1">
    <testcase classname="bettingOpportunityService should run a placeholder test" name="bettingOpportunityService should run a placeholder test" time="0.001">
    </testcase>
  </testsuite>
  <testsuite name="UnifiedPredictionService" errors="0" failures="0" skipped="0" timestamp="2025-07-25T06:49:05" time="0.321" tests="1">
    <testcase classname="UnifiedPredictionService should run a placeholder test" name="UnifiedPredictionService should run a placeholder test" time="0.023">
    </testcase>
  </testsuite>
  <testsuite name="predictionService" errors="0" failures="0" skipped="0" timestamp="2025-07-25T06:49:05" time="0.297" tests="1">
    <testcase classname="predictionService should run a placeholder test" name="predictionService should run a placeholder test" time="0.007">
    </testcase>
  </testsuite>
  <testsuite name="ShapExplanation" errors="0" failures="0" skipped="0" timestamp="2025-07-25T06:49:05" time="0.411" tests="1">
    <testcase classname="ShapExplanation should run a placeholder test" name="ShapExplanation should run a placeholder test" time="0.001">
    </testcase>
  </testsuite>
  <testsuite name="BankrollTracker" errors="0" failures="0" skipped="0" timestamp="2025-07-25T06:49:05" time="0.282" tests="1">
    <testcase classname="BankrollTracker should run a placeholder test" name="BankrollTracker should run a placeholder test" time="0.001">
    </testcase>
  </testsuite>
  <testsuite name="ModelPerformanceTracker" errors="0" failures="0" skipped="0" timestamp="2025-07-25T06:49:05" time="0.349" tests="1">
    <testcase classname="ModelPerformanceTracker should run a placeholder test" name="ModelPerformanceTracker should run a placeholder test" time="0.006">
    </testcase>
  </testsuite>
  <testsuite name="PredictionExplanationModal" errors="0" failures="0" skipped="0" timestamp="2025-07-25T06:49:05" time="0.292" tests="1">
    <testcase classname="PredictionExplanationModal should run a placeholder test" name="PredictionExplanationModal should run a placeholder test" time="0.001">
    </testcase>
  </testsuite>
  <testsuite name="FantasyPredictionEnhancer" errors="0" failures="0" skipped="0" timestamp="2025-07-25T06:49:05" time="0.261" tests="1">
    <testcase classname="FantasyPredictionEnhancer should run a placeholder test" name="FantasyPredictionEnhancer should run a placeholder test" time="0.001">
    </testcase>
  </testsuite>
  <testsuite name="marketAnalysisService" errors="0" failures="0" skipped="0" timestamp="2025-07-25T06:49:05" time="0.261" tests="1">
    <testcase classname="marketAnalysisService should run a placeholder test" name="marketAnalysisService should run a placeholder test" time="0.001">
    </testcase>
  </testsuite>
  <testsuite name="BestBetSelector" errors="0" failures="0" skipped="0" timestamp="2025-07-25T06:49:05" time="0.308" tests="1">
    <testcase classname="BestBetSelector should run a placeholder test" name="BestBetSelector should run a placeholder test" time="0.001">
    </testcase>
  </testsuite>
  <testsuite name="confidenceSlice" errors="0" failures="0" skipped="0" timestamp="2025-07-25T06:49:05" time="0.328" tests="1">
    <testcase classname="confidenceSlice should run a placeholder test" name="confidenceSlice should run a placeholder test" time="0.001">
    </testcase>
  </testsuite>
  <testsuite name="VenueEffectModel" errors="0" failures="0" skipped="0" timestamp="2025-07-25T06:49:05" time="0.297" tests="1">
    <testcase classname="VenueEffectModel should run a basic test" name="VenueEffectModel should run a basic test" time="0.001">
    </testcase>
  </testsuite>
  <testsuite name="FinalPredictionEngine" errors="0" failures="0" skipped="0" timestamp="2025-07-25T06:49:05" time="0.273" tests="1">
    <testcase classname="FinalPredictionEngine should run a placeholder test" name="FinalPredictionEngine should run a placeholder test" time="0.002">
    </testcase>
  </testsuite>
  <testsuite name="BetRecommendationCard" errors="0" failures="0" skipped="0" timestamp="2025-07-25T06:49:05" time="0.286" tests="1">
    <testcase classname="BetRecommendationCard should run a placeholder test" name="BetRecommendationCard should run a placeholder test" time="0.001">
    </testcase>
  </testsuite>
  <testsuite name="PvPMatchupModel" errors="0" failures="0" skipped="0" timestamp="2025-07-25T06:49:05" time="0.297" tests="1">
    <testcase classname="PvPMatchupModel should run a basic test" name="PvPMatchupModel should run a basic test" time="0.001">
    </testcase>
  </testsuite>
  <testsuite name="DailyFantasyIntegration" errors="0" failures="0" skipped="0" timestamp="2025-07-25T06:49:05" time="0.269" tests="1">
    <testcase classname="DailyFantasyIntegration should run a placeholder test" name="DailyFantasyIntegration should run a placeholder test" time="0.001">
    </testcase>
  </testsuite>
  <testsuite name="RefereeImpactModel" errors="0" failures="0" skipped="0" timestamp="2025-07-25T06:49:05" time="0.305" tests="1">
    <testcase classname="RefereeImpactModel should run a basic test" name="RefereeImpactModel should run a basic test" time="0.001">
    </testcase>
  </testsuite>
  <testsuite name="cacheUtils" errors="0" failures="0" skipped="0" timestamp="2025-07-25T06:49:06" time="0.29" tests="1">
    <testcase classname="cacheUtils should run a placeholder test" name="cacheUtils should run a placeholder test" time="0">
    </testcase>
  </testsuite>
  <testsuite name="BetRecommendationList" errors="0" failures="0" skipped="0" timestamp="2025-07-25T06:49:06" time="0.36" tests="1">
    <testcase classname="BetRecommendationList should run a placeholder test" name="BetRecommendationList should run a placeholder test" time="0">
    </testcase>
  </testsuite>
  <testsuite name="ShapExplanation" errors="0" failures="0" skipped="0" timestamp="2025-07-25T06:49:06" time="0.314" tests="1">
    <testcase classname="ShapExplanation should run a placeholder test" name="ShapExplanation should run a placeholder test" time="0.001">
    </testcase>
  </testsuite>
  <testsuite name="AffiliateService" errors="0" failures="0" skipped="0" timestamp="2025-07-25T06:49:06" time="0.441" tests="6">
    <testcase classname="AffiliateService fetches affiliate links" name="AffiliateService fetches affiliate links" time="0.006">
    </testcase>
    <testcase classname="AffiliateService throws on affiliate links fetch failure" name="AffiliateService throws on affiliate links fetch failure" time="0.004">
    </testcase>
    <testcase classname="AffiliateService tracks affiliate click" name="AffiliateService tracks affiliate click" time="0.001">
    </testcase>
    <testcase classname="AffiliateService throws on affiliate click track failure" name="AffiliateService throws on affiliate click track failure" time="0">
    </testcase>
    <testcase classname="AffiliateService fetches affiliate offers" name="AffiliateService fetches affiliate offers" time="0.001">
    </testcase>
    <testcase classname="AffiliateService throws on affiliate offers fetch failure" name="AffiliateService throws on affiliate offers fetch failure" time="0.002">
    </testcase>
  </testsuite>
  <testsuite name="Dashboard" errors="0" failures="0" skipped="0" timestamp="2025-07-25T06:49:06" time="0.323" tests="1">
    <testcase classname="Dashboard should run a placeholder test" name="Dashboard should run a placeholder test" time="0.001">
    </testcase>
  </testsuite>
  <testsuite name="SocialSentimentService" errors="0" failures="0" skipped="0" timestamp="2025-07-25T06:49:06" time="0.401" tests="3">
    <testcase classname="SocialSentimentService is a singleton" name="SocialSentimentService is a singleton" time="0.001">
    </testcase>
    <testcase classname="SocialSentimentService throws if feature is disabled" name="SocialSentimentService throws if feature is disabled" time="0.004">
    </testcase>
    <testcase classname="SocialSentimentService throws not implemented if enabled" name="SocialSentimentService throws not implemented if enabled" time="0.001">
    </testcase>
  </testsuite>
  <testsuite name="LineupSynergyModel" errors="0" failures="0" skipped="0" timestamp="2025-07-25T06:49:06" time="0.312" tests="1">
    <testcase classname="LineupSynergyModel should run a basic test" name="LineupSynergyModel should run a basic test" time="0.001">
    </testcase>
  </testsuite>
  <testsuite name="A1Betting App Flows" errors="0" failures="0" skipped="0" timestamp="2025-07-25T06:49:02" time="3.987" tests="3">
    <testcase classname="A1Betting App Flows Registration form validation and submission" name="A1Betting App Flows Registration form validation and submission" time="0.363">
    </testcase>
    <testcase classname="A1Betting App Flows Login form validation and submission" name="A1Betting App Flows Login form validation and submission" time="0.087">
    </testcase>
    <testcase classname="A1Betting App Flows BetSlip validation and submission" name="A1Betting App Flows BetSlip validation and submission" time="0.883">
    </testcase>
  </testsuite>
  <testsuite name="RiskAssessmentMatrix" errors="0" failures="0" skipped="0" timestamp="2025-07-25T06:49:06" time="0.373" tests="1">
    <testcase classname="RiskAssessmentMatrix should run a placeholder test" name="RiskAssessmentMatrix should run a placeholder test" time="0.001">
    </testcase>
  </testsuite>
  <testsuite name="prizePicksService" errors="0" failures="0" skipped="0" timestamp="2025-07-25T06:49:06" time="0.381" tests="1">
    <testcase classname="prizePicksService should run a placeholder test" name="prizePicksService should run a placeholder test" time="0.001">
    </testcase>
  </testsuite>
  <testsuite name="undefined" errors="0" failures="0" skipped="0" timestamp="2025-07-25T06:49:06" time="0.315" tests="1">
    <testcase classname=" adds 1 + 2 to equal 3" name=" adds 1 + 2 to equal 3" time="0.002">
    </testcase>
  </testsuite>
  <testsuite name="UnifiedBettingAnalytics" errors="0" failures="0" skipped="0" timestamp="2025-07-25T06:49:06" time="0.419" tests="1">
    <testcase classname="UnifiedBettingAnalytics should have at least one test" name="UnifiedBettingAnalytics should have at least one test" time="0.001">
    </testcase>
  </testsuite>
  <testsuite name="undefined" errors="0" failures="1" skipped="0" timestamp="2025-07-25T06:49:02" time="4.11" tests="3">
    <testcase classname=" displays health check status" name=" displays health check status" time="0.354">
    </testcase>
    <testcase classname=" displays backend error message" name=" displays backend error message" time="1.135">
      <failure>Error: expect(element).toHaveTextContent()

Expected element to have text content:
  /simulated error/i
Received:
  Error: Failed to fetch models: Failed to fetch available models

Ignored nodes: comments, script, style
&lt;html&gt;
  &lt;head /&gt;
  &lt;body&gt;
    &lt;div&gt;
      &lt;div
        aria-label=&quot;PropOllama chat interface&quot;
        class=&quot;w-full h-screen flex flex-col rounded-lg border transition-all duration-200 border-cyan-400/30 bg-gray-900 text-cyan-100 &quot;
        role=&quot;main&quot;
      &gt;
        &lt;div
          class=&quot;p-6 border-b border-cyan-400/30&quot;
        &gt;
          &lt;div
            class=&quot;flex items-center justify-between&quot;
          &gt;
            &lt;div
              class=&quot;flex items-center space-x-4&quot;
            &gt;
              &lt;div
                class=&quot;text-2xl text-cyan-400&quot;
              &gt;
                ðŸ¤–
              &lt;/div&gt;
              &lt;div&gt;
                &lt;h1
                  class=&quot;text-2xl font-bold text-cyan-300&quot;
                &gt;
                  PropOllama AI
                &lt;/h1&gt;
                &lt;p
                  class=&quot;text-sm text-cyan-400/70&quot;
                &gt;
                  Powered by 96.4% Accuracy ML Ensemble
                &lt;/p&gt;
                &lt;button
                  aria-label=&quot;Check PropOllama API health&quot;
                  class=&quot;mt-2 px-3 py-1 rounded text-xs font-medium border bg-cyan-900/30 text-cyan-300 border-cyan-400/30 hover:bg-cyan-800/50&quot;
                  type=&quot;button&quot;
                &gt;
                  Check API Health
                &lt;/button&gt;
                &lt;div
                  class=&quot;mt-2 flex items-center gap-2&quot;
                &gt;
                  &lt;label
                    class=&quot;font-semibold&quot;
                    for=&quot;model-select&quot;
                  &gt;
                    Model:
                  &lt;/label&gt;
                  &lt;select
                    class=&quot;bg-gray-800 text-cyan-100 border border-cyan-400 rounded px-2 py-1&quot;
                    id=&quot;model-select&quot;
                  /&gt;
                &lt;/div&gt;
              &lt;/div&gt;
            &lt;/div&gt;
            &lt;div
              class=&quot;flex space-x-2&quot;
            &gt;
              &lt;div
                class=&quot;px-3 py-1 rounded-full text-xs font-medium bg-green-400/10 text-green-400 border border-green-400/30&quot;
              &gt;
                ðŸŽ¯ 96.4% Accuracy
              &lt;/div&gt;
              &lt;div
                class=&quot;px-3 py-1 rounded-full text-xs font-medium bg-purple-400/10 text-purple-400 border border-purple-400/30&quot;
              &gt;
                ðŸ§  SHAP AI
              &lt;/div&gt;
            &lt;/div&gt;
          &lt;/div&gt;
        &lt;/div&gt;
        &lt;div
          aria-label=&quot;Chat message history&quot;
          aria-live=&quot;polite&quot;
          class=&quot;flex-1 overflow-y-auto p-6 space-y-4&quot;
        &gt;
          &lt;div
            role=&quot;listitem&quot;
            style=&quot;opacity: 1; transform: none;&quot;
          &gt;
            &lt;div
              aria-label=&quot;User message&quot;
              class=&quot;flex justify-end&quot;
              role=&quot;listitem&quot;
            &gt;
              &lt;div
                class=&quot;max-w-4xl rounded-lg p-4 bg-cyan-400/10 border border-cyan-400/30&quot;
              &gt;
                &lt;div
                  class=&quot;flex items-start space-x-3&quot;
                &gt;
                  &lt;div
                    class=&quot;text-lg text-cyan-400&quot;
                  &gt;
                    ðŸ‘¤
                  &lt;/div&gt;
                  &lt;div
                    class=&quot;flex-1&quot;
                  &gt;
                    &lt;div
                      class=&quot;prose prose-sm max-w-none prose-invert&quot;
                    &gt;
                      &lt;div
                        class=&quot;whitespace-pre-wrap&quot;
                      &gt;
                        error
                      &lt;/div&gt;
                    &lt;/div&gt;
                    &lt;div
                      class=&quot;text-xs mt-2 text-gray-500&quot;
                    &gt;
                      1:49:05 AM
                    &lt;/div&gt;
                  &lt;/div&gt;
                &lt;/div&gt;
              &lt;/div&gt;
            &lt;/div&gt;
          &lt;/div&gt;
          &lt;div /&gt;
        &lt;/div&gt;
        &lt;div
          aria-live=&quot;assertive&quot;
          class=&quot;mt-2 text-red-500 text-sm p-6&quot;
          role=&quot;alert&quot;
        &gt;
           
          &lt;strong&gt;
            Error:
          &lt;/strong&gt;
           
          Failed to fetch models: Failed to fetch available models
        &lt;/div&gt;
        &lt;div
          class=&quot;p-6 border-t border-cyan-400/30&quot;
        &gt;
          &lt;form
            aria-label=&quot;Send message form&quot;
            class=&quot;flex space-x-4&quot;
          &gt;
            &lt;input
              aria-describedby=&quot;propollama-input-desc&quot;
              aria-label=&quot;Type your message&quot;
              autocomplete=&quot;off&quot;
              class=&quot;flex-1 px-4 py-3 rounded-lg border focus:outline-none focus:ring-2 transition-all bg-gray-900/50 border-cyan-400/30 text-cyan-300 placeholder-cyan-400/50 focus:ring-cyan-400/50&quot;
              id=&quot;propollama-input&quot;
              placeholder=&quot;Ask me about props, spreads, strategy, or anything betting related...&quot;
              required=&quot;&quot;
              type=&quot;text&quot;
              value=&quot;&quot;
            /&gt;
            &lt;span
              class=&quot;sr-only&quot;
              id=&quot;propollama-input-desc&quot;
            &gt;
              Enter your message and press Send or Enter to chat with PropOllama AI.
            &lt;/span&gt;
            &lt;button
              aria-label=&quot;Send message&quot;
              class=&quot;px-6 py-3 rounded-lg font-medium transition-all hover:scale-105 disabled:opacity-50 disabled:cursor-not-allowed bg-gradient-to-r from-cyan-400 to-blue-500 text-black hover:from-cyan-300 hover:to-blue-400&quot;
              disabled=&quot;&quot;
              type=&quot;submit&quot;
            &gt;
              Send
            &lt;/button&gt;
          &lt;/form&gt;
        &lt;/div&gt;
      &lt;/div&gt;
    &lt;/div&gt;
  &lt;/body&gt;
&lt;/html&gt;
    at toHaveTextContent (C:\Users\bcmad\Downloads\A1Betting7-13.2\frontend\src\components\user-friendly\__tests__\PropOllama.test.tsx:122:19)
    at runWithExpensiveErrorDiagnosticsDisabled (C:\Users\bcmad\Downloads\A1Betting7-13.2\frontend\node_modules\@testing-library\react\node_modules\@testing-library\dom\dist\config.js:47:12)
    at checkCallback (C:\Users\bcmad\Downloads\A1Betting7-13.2\frontend\node_modules\@testing-library\react\node_modules\@testing-library\dom\dist\wait-for.js:124:77)
    at checkRealTimersCallback (C:\Users\bcmad\Downloads\A1Betting7-13.2\frontend\node_modules\@testing-library\react\node_modules\@testing-library\dom\dist\wait-for.js:118:16)
    at Timeout.task [as _onTimeout] (C:\Users\bcmad\Downloads\A1Betting7-13.2\node_modules\jsdom\lib\jsdom\browser\Window.js:579:19)
    at listOnTimeout (node:internal/timers:608:17)
    at processTimers (node:internal/timers:543:7)</failure>
    </testcase>
    <testcase classname=" displays AI response for valid message" name=" displays AI response for valid message" time="0.018">
    </testcase>
  </testsuite>
</testsuites>