<?xml version="1.0" encoding="UTF-8"?>
<testsuites name="jest tests" tests="4" failures="0" errors="0" time="1.342">
  <testsuite name="UnifiedErrorService" errors="0" failures="0" skipped="0" timestamp="2025-08-07T08:58:59" time="0.728" tests="4">
    <testcase classname="UnifiedErrorService" name="should return a singleton instance" time="0.001">
    </testcase>
    <testcase classname="UnifiedErrorService" name="should report errors and generate errorId" time="0.017">
    </testcase>
    <testcase classname="UnifiedErrorService" name="should resolve errors" time="0.004">
    </testcase>
    <testcase classname="UnifiedErrorService" name="should provide error stats and clear errors" time="0.005">
    </testcase>
  </testsuite>
</testsuites>